RUN	Runner.TDG_UKAF_demo	tdg-ukaf-demo	1707132526215	 	3.7.4
USER	ServiceTest	START	1707132526921
USER	ServiceTest	START	1707132526582
USER	ServiceTest	START	1707132526342
USER	ServiceTest	START	1707132526820
USER	ServiceTest	START	1707132526633
USER	ServiceTest	START	1707132527035
USER	ServiceTest	START	1707132526721
USER	ServiceTest	START	1707132527830
USER	ServiceTest	START	1707132527813
USER	ServiceTest	START	1707132527813
USER	ServiceTest	START	1707132526453
USER	ServiceTest	START	1707132527820
USER	ServiceTest	START	1707132527841
USER	ServiceTest	START	1707132527814
USER	ServiceTest	START	1707132527819
USER	ServiceTest	START	1707132527847
USER	ServiceTest	START	1707132527935
USER	ServiceTest	START	1707132528028
USER	ServiceTest	START	1707132528146
USER	ServiceTest	START	1707132528226
USER	ServiceTest	START	1707132528327
USER	ServiceTest	START	1707132528415
USER	ServiceTest	START	1707132528509
USER	ServiceTest	START	1707132528618
USER	ServiceTest	START	1707132528712
USER	ServiceTest	START	1707132528806
USER	ServiceTest	START	1707132528914
USER	ServiceTest	START	1707132529010
USER	ServiceTest	START	1707132529273
USER	ServiceTest	START	1707132529273
USER	ServiceTest	START	1707132529326
USER	ServiceTest	START	1707132529405
USER	ServiceTest	START	1707132529531
USER	ServiceTest	START	1707132529608
USER	ServiceTest	START	1707132529710
USER	ServiceTest	START	1707132529828
USER	ServiceTest	START	1707132529921
USER	ServiceTest	START	1707132530007
USER	ServiceTest	START	1707132530255
USER	ServiceTest	START	1707132530257
USER	ServiceTest	START	1707132530493
USER	ServiceTest	START	1707132530508
USER	ServiceTest	START	1707132530553
USER	ServiceTest	START	1707132530608
USER	ServiceTest	START	1707132530708
USER	ServiceTest	START	1707132530813
USER	ServiceTest	START	1707132530909
USER	ServiceTest	START	1707132531012
USER	ServiceTest	START	1707132531172
USER	ServiceTest	START	1707132531212
USER	ServiceTest	START	1707132531312
USER	ServiceTest	START	1707132531526
USER	ServiceTest	START	1707132531462
USER	ServiceTest	START	1707132531625
USER	ServiceTest	START	1707132531721
USER	ServiceTest	START	1707132531809
USER	ServiceTest	START	1707132531907
USER	ServiceTest	START	1707132532007
USER	ServiceTest	START	1707132532107
USER	ServiceTest	START	1707132532210
USER	ServiceTest	START	1707132532309
USER	ServiceTest	START	1707132532411
USER	ServiceTest	START	1707132532519
USER	ServiceTest	START	1707132532611
USER	ServiceTest	START	1707132532719
USER	ServiceTest	START	1707132532813
USER	ServiceTest	START	1707132532921
USER	ServiceTest	START	1707132533011
USER	ServiceTest	START	1707132533124
USER	ServiceTest	START	1707132533219
USER	ServiceTest	START	1707132533312
USER	ServiceTest	START	1707132533419
USER	ServiceTest	START	1707132533512
USER	ServiceTest	START	1707132533621
USER	ServiceTest	START	1707132533715
USER	ServiceTest	START	1707132533809
USER	ServiceTest	START	1707132533917
USER	ServiceTest	START	1707132534011
USER	ServiceTest	START	1707132534121
USER	ServiceTest	START	1707132534215
USER	ServiceTest	START	1707132534307
USER	ServiceTest	START	1707132534416
USER	ServiceTest	START	1707132534509
USER	ServiceTest	START	1707132534606
USER	ServiceTest	START	1707132534710
USER	ServiceTest	START	1707132534821
USER	ServiceTest	START	1707132534914
USER	ServiceTest	START	1707132535006
USER	ServiceTest	START	1707132535116
USER	ServiceTest	START	1707132535211
USER	ServiceTest	START	1707132535319
USER	ServiceTest	START	1707132535413
USER	ServiceTest	START	1707132535519
USER	ServiceTest	START	1707132535613
USER	ServiceTest	START	1707132535705
USER	ServiceTest	START	1707132535814
USER	ServiceTest	START	1707132535909
USER	ServiceTest	START	1707132536017
USER	ServiceTest	START	1707132536110
USER	ServiceTest	START	1707132536218
REQUEST		POST /auth/getToken	1707132531188	1707132537630	KO	Features/TDG_UKAF_Chainning.feature:22 method POST
USER	ServiceTest	END	1707132537642
REQUEST		POST /auth/getToken	1707132531234	1707132537659	KO	Features/TDG_UKAF_Chainning.feature:22 method POST
REQUEST		POST /auth/getToken	1707132531188	1707132537661	KO	Features/TDG_UKAF_Chainning.feature:22 method POST
REQUEST		POST /auth/getToken	1707132531188	1707132537661	KO	Features/TDG_UKAF_Chainning.feature:22 method POST
USER	ServiceTest	END	1707132537662
USER	ServiceTest	END	1707132537662
USER	ServiceTest	END	1707132537663
REQUEST		POST /auth/getToken	1707132531646	1707132537663	KO	Features/TDG_UKAF_Chainning.feature:22 method POST
USER	ServiceTest	END	1707132537664
REQUEST		POST /auth/getToken	1707132531188	1707132537674	KO	Features/TDG_UKAF_Chainning.feature:22 method POST
REQUEST		POST /auth/getToken	1707132531188	1707132537674	KO	Features/TDG_UKAF_Chainning.feature:22 method POST
REQUEST		POST /auth/getToken	1707132531667	1707132537676	KO	Features/TDG_UKAF_Chainning.feature:22 method POST
REQUEST		POST /auth/getToken	1707132531188	1707132537674	KO	Features/TDG_UKAF_Chainning.feature:22 method POST
USER	ServiceTest	END	1707132537676
USER	ServiceTest	END	1707132537676
USER	ServiceTest	END	1707132537676
USER	ServiceTest	END	1707132537677
REQUEST		POST /auth/getToken	1707132531187	1707132537690	KO	Features/TDG_UKAF_Chainning.feature:22 method POST
REQUEST		POST /auth/getToken	1707132531374	1707132537691	KO	Features/TDG_UKAF_Chainning.feature:22 method POST
REQUEST		POST /auth/getToken	1707132531188	1707132537691	KO	Features/TDG_UKAF_Chainning.feature:22 method POST
REQUEST		POST /auth/getToken	1707132531187	1707132537690	KO	Features/TDG_UKAF_Chainning.feature:22 method POST
USER	ServiceTest	END	1707132537691
USER	ServiceTest	END	1707132537691
REQUEST		POST /auth/getToken	1707132531188	1707132537690	KO	Features/TDG_UKAF_Chainning.feature:22 method POST
USER	ServiceTest	END	1707132537692
USER	ServiceTest	END	1707132537692
USER	ServiceTest	END	1707132537692
REQUEST		POST /auth/getToken	1707132531188	1707132537706	KO	Features/TDG_UKAF_Chainning.feature:22 method POST
REQUEST		POST /auth/getToken	1707132531188	1707132537707	KO	Features/TDG_UKAF_Chainning.feature:22 method POST
REQUEST		POST /auth/getToken	1707132531271	1707132537707	KO	Features/TDG_UKAF_Chainning.feature:22 method POST
USER	ServiceTest	END	1707132537707
USER	ServiceTest	END	1707132537707
USER	ServiceTest	END	1707132537707
REQUEST		POST /auth/getToken	1707132531188	1707132537708	KO	Features/TDG_UKAF_Chainning.feature:22 method POST
USER	ServiceTest	END	1707132537708
REQUEST		POST /auth/getToken	1707132531706	1707132537722	KO	Features/TDG_UKAF_Chainning.feature:22 method POST
USER	ServiceTest	END	1707132537722
REQUEST		POST /auth/getToken	1707132531188	1707132537738	KO	Features/TDG_UKAF_Chainning.feature:22 method POST
REQUEST		POST /auth/getToken	1707132531188	1707132537738	KO	Features/TDG_UKAF_Chainning.feature:22 method POST
REQUEST		POST /auth/getToken	1707132531188	1707132537738	KO	Features/TDG_UKAF_Chainning.feature:22 method POST
USER	ServiceTest	END	1707132537738
USER	ServiceTest	END	1707132537738
USER	ServiceTest	END	1707132537738
REQUEST		POST /auth/getToken	1707132531188	1707132537754	KO	Features/TDG_UKAF_Chainning.feature:22 method POST
REQUEST		POST /auth/getToken	1707132531188	1707132537754	KO	Features/TDG_UKAF_Chainning.feature:22 method POST
REQUEST		POST /auth/getToken	1707132531188	1707132537754	KO	Features/TDG_UKAF_Chainning.feature:22 method POST
USER	ServiceTest	END	1707132537754
USER	ServiceTest	END	1707132537754
USER	ServiceTest	END	1707132537754
REQUEST		POST /auth/getToken	1707132531188	1707132537769	KO	Features/TDG_UKAF_Chainning.feature:22 method POST
REQUEST		POST /auth/getToken	1707132531188	1707132537769	KO	Features/TDG_UKAF_Chainning.feature:22 method POST
USER	ServiceTest	END	1707132537770
USER	ServiceTest	END	1707132537770
REQUEST		POST /auth/getToken	1707132531773	1707132537784	KO	Features/TDG_UKAF_Chainning.feature:22 method POST
REQUEST		POST /auth/getToken	1707132531188	1707132537784	KO	Features/TDG_UKAF_Chainning.feature:22 method POST
REQUEST		POST /auth/getToken	1707132531187	1707132537785	KO	Features/TDG_UKAF_Chainning.feature:22 method POST
USER	ServiceTest	END	1707132537786
USER	ServiceTest	END	1707132537786
USER	ServiceTest	END	1707132537787
REQUEST		POST /auth/getToken	1707132531188	1707132537800	KO	Features/TDG_UKAF_Chainning.feature:22 method POST
REQUEST		POST /auth/getToken	1707132531187	1707132537801	KO	Features/TDG_UKAF_Chainning.feature:22 method POST
REQUEST		POST /auth/getToken	1707132531188	1707132537801	KO	Features/TDG_UKAF_Chainning.feature:22 method POST
REQUEST		POST /auth/getToken	1707132531188	1707132537801	KO	Features/TDG_UKAF_Chainning.feature:22 method POST
REQUEST		POST /auth/getToken	1707132531188	1707132537800	KO	Features/TDG_UKAF_Chainning.feature:22 method POST
USER	ServiceTest	END	1707132537801
USER	ServiceTest	END	1707132537801
USER	ServiceTest	END	1707132537801
USER	ServiceTest	END	1707132537802
USER	ServiceTest	END	1707132537802
REQUEST		POST /auth/getToken	1707132531188	1707132537815	KO	Features/TDG_UKAF_Chainning.feature:22 method POST
REQUEST		POST /auth/getToken	1707132531189	1707132537816	KO	Features/TDG_UKAF_Chainning.feature:22 method POST
REQUEST		POST /auth/getToken	1707132531187	1707132537816	KO	Features/TDG_UKAF_Chainning.feature:22 method POST
USER	ServiceTest	END	1707132537817
REQUEST		POST /auth/getToken	1707132531188	1707132537815	KO	Features/TDG_UKAF_Chainning.feature:22 method POST
REQUEST		POST /auth/getToken	1707132531188	1707132537815	KO	Features/TDG_UKAF_Chainning.feature:22 method POST
REQUEST		POST /auth/getToken	1707132531187	1707132537815	KO	Features/TDG_UKAF_Chainning.feature:22 method POST
USER	ServiceTest	END	1707132537817
USER	ServiceTest	END	1707132537817
REQUEST		POST /auth/getToken	1707132531187	1707132537816	KO	Features/TDG_UKAF_Chainning.feature:22 method POST
USER	ServiceTest	END	1707132537818
REQUEST		POST /auth/getToken	1707132531189	1707132537816	KO	Features/TDG_UKAF_Chainning.feature:22 method POST
USER	ServiceTest	END	1707132537818
USER	ServiceTest	END	1707132537819
USER	ServiceTest	END	1707132537819
USER	ServiceTest	END	1707132537819
REQUEST		POST /auth/getToken	1707132531188	1707132537831	KO	Features/TDG_UKAF_Chainning.feature:22 method POST
REQUEST		POST /auth/getToken	1707132531188	1707132537831	KO	Features/TDG_UKAF_Chainning.feature:22 method POST
REQUEST		POST /auth/getToken	1707132531188	1707132537833	KO	Features/TDG_UKAF_Chainning.feature:22 method POST
REQUEST		POST /auth/getToken	1707132531189	1707132537831	KO	Features/TDG_UKAF_Chainning.feature:22 method POST
USER	ServiceTest	END	1707132537833
USER	ServiceTest	END	1707132537833
USER	ServiceTest	END	1707132537834
REQUEST		POST /auth/getToken	1707132531187	1707132537831	KO	Features/TDG_UKAF_Chainning.feature:22 method POST
REQUEST		POST /auth/getToken	1707132531187	1707132537848	KO	Features/TDG_UKAF_Chainning.feature:22 method POST
REQUEST		POST /auth/getToken	1707132531188	1707132537848	KO	Features/TDG_UKAF_Chainning.feature:22 method POST
USER	ServiceTest	END	1707132537836
USER	ServiceTest	END	1707132537837
REQUEST		POST /auth/getToken	1707132531187	1707132537847	KO	Features/TDG_UKAF_Chainning.feature:22 method POST
USER	ServiceTest	END	1707132537850
USER	ServiceTest	END	1707132537850
USER	ServiceTest	END	1707132537851
REQUEST		POST /auth/getToken	1707132531312	1707132537863	KO	Features/TDG_UKAF_Chainning.feature:22 method POST
REQUEST		POST /auth/getToken	1707132531849	1707132537864	KO	Features/TDG_UKAF_Chainning.feature:22 method POST
REQUEST		POST /auth/getToken	1707132531188	1707132537863	KO	Features/TDG_UKAF_Chainning.feature:22 method POST
USER	ServiceTest	END	1707132537866
USER	ServiceTest	END	1707132537866
USER	ServiceTest	END	1707132537866
REQUEST		POST /auth/getToken	1707132531188	1707132537876	KO	Features/TDG_UKAF_Chainning.feature:22 method POST
REQUEST		POST /auth/getToken	1707132531188	1707132537876	KO	Features/TDG_UKAF_Chainning.feature:22 method POST
USER	ServiceTest	END	1707132537877
USER	ServiceTest	END	1707132537877
REQUEST		POST /auth/getToken	1707132531954	1707132537984	KO	Features/TDG_UKAF_Chainning.feature:22 method POST
USER	ServiceTest	END	1707132537985
REQUEST		POST /auth/getToken	1707132532038	1707132538061	KO	Features/TDG_UKAF_Chainning.feature:22 method POST
USER	ServiceTest	END	1707132538062
REQUEST		POST /auth/getToken	1707132532127	1707132538139	KO	Features/TDG_UKAF_Chainning.feature:22 method POST
USER	ServiceTest	END	1707132538140
REQUEST		POST /auth/getToken	1707132532237	1707132538247	KO	Features/TDG_UKAF_Chainning.feature:22 method POST
USER	ServiceTest	END	1707132538247
REQUEST		POST /auth/getToken	1707132532333	1707132538356	KO	Features/TDG_UKAF_Chainning.feature:22 method POST
USER	ServiceTest	END	1707132538356
REQUEST		POST /auth/getToken	1707132532431	1707132538450	KO	Features/TDG_UKAF_Chainning.feature:22 method POST
USER	ServiceTest	END	1707132538450
REQUEST		POST /auth/getToken	1707132532545	1707132538558	KO	Features/TDG_UKAF_Chainning.feature:22 method POST
USER	ServiceTest	END	1707132538559
REQUEST		POST /auth/getToken	1707132532635	1707132538651	KO	Features/TDG_UKAF_Chainning.feature:22 method POST
USER	ServiceTest	END	1707132538651
REQUEST		POST /auth/getToken	1707132532748	1707132538761	KO	Features/TDG_UKAF_Chainning.feature:22 method POST
USER	ServiceTest	END	1707132538762
REQUEST		POST /auth/getToken	1707132532837	1707132538853	KO	Features/TDG_UKAF_Chainning.feature:22 method POST
USER	ServiceTest	END	1707132538853
REQUEST		POST /auth/getToken	1707132532934	1707132538946	KO	Features/TDG_UKAF_Chainning.feature:22 method POST
USER	ServiceTest	END	1707132538947
REQUEST		POST /auth/getToken	1707132533035	1707132539054	KO	Features/TDG_UKAF_Chainning.feature:22 method POST
USER	ServiceTest	END	1707132539054
REQUEST		POST /auth/getToken	1707132533138	1707132539147	KO	Features/TDG_UKAF_Chainning.feature:22 method POST
USER	ServiceTest	END	1707132539148
REQUEST		POST /auth/getToken	1707132533253	1707132539270	KO	Features/TDG_UKAF_Chainning.feature:22 method POST
USER	ServiceTest	END	1707132539270
REQUEST		POST /auth/getToken	1707132533326	1707132539349	KO	Features/TDG_UKAF_Chainning.feature:22 method POST
USER	ServiceTest	END	1707132539349
REQUEST		POST /auth/getToken	1707132533443	1707132539458	KO	Features/TDG_UKAF_Chainning.feature:22 method POST
USER	ServiceTest	END	1707132539458
REQUEST		POST /auth/getToken	1707132533536	1707132539551	KO	Features/TDG_UKAF_Chainning.feature:22 method POST
USER	ServiceTest	END	1707132539551
REQUEST		POST /auth/getToken	1707132533644	1707132539661	KO	Features/TDG_UKAF_Chainning.feature:22 method POST
USER	ServiceTest	END	1707132539661
REQUEST		POST /auth/getToken	1707132533734	1707132539754	KO	Features/TDG_UKAF_Chainning.feature:22 method POST
USER	ServiceTest	END	1707132539754
REQUEST		POST /auth/getToken	1707132533828	1707132539848	KO	Features/TDG_UKAF_Chainning.feature:22 method POST
USER	ServiceTest	END	1707132539848
REQUEST		POST /auth/getToken	1707132533936	1707132539956	KO	Features/TDG_UKAF_Chainning.feature:22 method POST
USER	ServiceTest	END	1707132539957
REQUEST		POST /auth/getToken	1707132534025	1707132540034	KO	Features/TDG_UKAF_Chainning.feature:22 method POST
USER	ServiceTest	END	1707132540034
REQUEST		POST /auth/getToken	1707132534157	1707132540176	KO	Features/TDG_UKAF_Chainning.feature:22 method POST
USER	ServiceTest	END	1707132540176
REQUEST		POST /auth/getToken	1707132534234	1707132540254	KO	Features/TDG_UKAF_Chainning.feature:22 method POST
USER	ServiceTest	END	1707132540254
REQUEST		POST /auth/getToken	1707132534330	1707132540348	KO	Features/TDG_UKAF_Chainning.feature:22 method POST
USER	ServiceTest	END	1707132540348
REQUEST		POST /auth/getToken	1707132534435	1707132540441	KO	Features/TDG_UKAF_Chainning.feature:22 method POST
USER	ServiceTest	END	1707132540441
REQUEST		POST /auth/getToken	1707132534524	1707132540534	KO	Features/TDG_UKAF_Chainning.feature:22 method POST
USER	ServiceTest	END	1707132540534
REQUEST		POST /auth/getToken	1707132534625	1707132540644	KO	Features/TDG_UKAF_Chainning.feature:22 method POST
USER	ServiceTest	END	1707132540644
REQUEST		POST /auth/getToken	1707132534724	1707132540738	KO	Features/TDG_UKAF_Chainning.feature:22 method POST
USER	ServiceTest	END	1707132540738
REQUEST		POST /auth/getToken	1707132534866	1707132540877	KO	Features/TDG_UKAF_Chainning.feature:22 method POST
USER	ServiceTest	END	1707132540879
REQUEST		POST /auth/getToken	1707132534925	1707132540940	KO	Features/TDG_UKAF_Chainning.feature:22 method POST
USER	ServiceTest	END	1707132540940
REQUEST		POST /auth/getToken	1707132535020	1707132541033	KO	Features/TDG_UKAF_Chainning.feature:22 method POST
USER	ServiceTest	END	1707132541033
REQUEST		POST /auth/getToken	1707132535139	1707132541158	KO	Features/TDG_UKAF_Chainning.feature:22 method POST
USER	ServiceTest	END	1707132541159
REQUEST		POST /auth/getToken	1707132535260	1707132541283	KO	Features/TDG_UKAF_Chainning.feature:22 method POST
USER	ServiceTest	END	1707132541283
REQUEST		POST /auth/getToken	1707132535343	1707132541361	KO	Features/TDG_UKAF_Chainning.feature:22 method POST
USER	ServiceTest	END	1707132541361
REQUEST		POST /auth/getToken	1707132535430	1707132541438	KO	Features/TDG_UKAF_Chainning.feature:22 method POST
USER	ServiceTest	END	1707132541438
REQUEST		POST /auth/getToken	1707132535536	1707132541546	KO	Features/TDG_UKAF_Chainning.feature:22 method POST
USER	ServiceTest	END	1707132541546
REQUEST		POST /auth/getToken	1707132535627	1707132541640	KO	Features/TDG_UKAF_Chainning.feature:22 method POST
USER	ServiceTest	END	1707132541640
REQUEST		POST /auth/getToken	1707132535727	1707132541750	KO	Features/TDG_UKAF_Chainning.feature:22 method POST
USER	ServiceTest	END	1707132541751
REQUEST		POST /auth/getToken	1707132535833	1707132541845	KO	Features/TDG_UKAF_Chainning.feature:22 method POST
USER	ServiceTest	END	1707132541845
REQUEST		POST /auth/getToken	1707132535933	1707132541953	KO	Features/TDG_UKAF_Chainning.feature:22 method POST
USER	ServiceTest	END	1707132541953
REQUEST		POST /auth/getToken	1707132536047	1707132542063	KO	Features/TDG_UKAF_Chainning.feature:22 method POST
USER	ServiceTest	END	1707132542063
REQUEST		POST /auth/getToken	1707132536124	1707132542139	KO	Features/TDG_UKAF_Chainning.feature:22 method POST
USER	ServiceTest	END	1707132542139
REQUEST		POST /auth/getToken	1707132536233	1707132542248	KO	Features/TDG_UKAF_Chainning.feature:22 method POST
USER	ServiceTest	END	1707132542248
Failed due to the 'ko' value exceeded the threshold: 100
