RUN	Runner.TDG_UKAF_Feeder	tdg-ukaf-feeder	1709892200049	 	3.7.4
USER	Feeder	START	1709892200200
USER	Feeder	START	1709892200200
USER	Feeder	START	1709892200200
USER	Feeder	START	1709892200200
USER	Feeder	START	1709892200200
REQUEST		POST /auth/getToken	1709892202959	1709892203036	OK	 
REQUEST		POST /auth/getToken	1709892202959	1709892203024	OK	 
REQUEST		POST /auth/getToken	1709892202959	1709892203021	OK	 
REQUEST		POST /auth/getToken	1709892202959	1709892203022	OK	 
REQUEST		POST /auth/getToken	1709892202959	1709892203021	OK	 
REQUEST		POST /elasticsearch/insertDoc	1709892203090	1709892203149	OK	 
REQUEST		POST /elasticsearch/insertDoc	1709892203080	1709892203137	OK	 
REQUEST		POST /elasticsearch/insertDoc	1709892203082	1709892203157	OK	 
REQUEST		POST /elasticsearch/insertDoc	1709892203090	1709892203144	OK	 
REQUEST		POST /elasticsearch/insertDoc	1709892203081	1709892203136	OK	 
REQUEST		PATCH /elasticsearch/update	1709892203160	1709892203207	OK	 
REQUEST		PATCH /elasticsearch/update	1709892203165	1709892203213	OK	 
REQUEST		PATCH /elasticsearch/workbook/delete	1709892203218	1709892204312	OK	 
REQUEST		PATCH /elasticsearch/update	1709892203176	1709892203225	OK	 
REQUEST		PATCH /elasticsearch/workbook/delete	1709892203212	1709892204312	OK	 
REQUEST		PATCH /elasticsearch/workbook/delete	1709892203236	1709892204316	OK	 
USER	Feeder	END	1709892204320
USER	Feeder	END	1709892204320
USER	Feeder	END	1709892204320
REQUEST		PATCH /elasticsearch/update	1709892203174	1709892203216	OK	 
REQUEST		PATCH /elasticsearch/update	1709892203170	1709892203216	OK	 
REQUEST		PATCH /elasticsearch/workbook/delete	1709892203221	1709892204320	OK	 
REQUEST		PATCH /elasticsearch/workbook/delete	1709892203222	1709892204320	OK	 
USER	Feeder	END	1709892204324
USER	Feeder	END	1709892204325
