RUN	Runner.TDG_UKAF_demo	tdg-ukaf-demo	1707226057778	 	3.7.4
USER	ServiceTest	START	1707226057984
USER	ServiceTest	START	1707226058249
USER	ServiceTest	START	1707226058666
USER	ServiceTest	START	1707226058557
USER	ServiceTest	START	1707226058076
USER	ServiceTest	START	1707226058357
USER	ServiceTest	START	1707226058172
USER	ServiceTest	START	1707226058449
USER	ServiceTest	START	1707226059963
USER	ServiceTest	START	1707226059963
USER	ServiceTest	START	1707226059963
USER	ServiceTest	START	1707226059964
USER	ServiceTest	START	1707226059966
USER	ServiceTest	START	1707226059965
USER	ServiceTest	START	1707226059989
USER	ServiceTest	START	1707226059990
USER	ServiceTest	START	1707226060017
USER	ServiceTest	START	1707226060022
USER	ServiceTest	START	1707226060021
USER	ServiceTest	START	1707226060019
USER	ServiceTest	START	1707226060017
USER	ServiceTest	START	1707226060189
USER	ServiceTest	START	1707226060189
USER	ServiceTest	START	1707226060223
USER	ServiceTest	START	1707226060336
USER	ServiceTest	START	1707226060492
USER	ServiceTest	START	1707226060546
USER	ServiceTest	START	1707226060634
USER	ServiceTest	START	1707226060740
USER	ServiceTest	START	1707226060836
USER	ServiceTest	START	1707226060940
USER	ServiceTest	START	1707226061047
USER	ServiceTest	START	1707226061137
USER	ServiceTest	START	1707226061222
USER	ServiceTest	START	1707226061320
USER	ServiceTest	START	1707226061422
USER	ServiceTest	START	1707226061520
USER	ServiceTest	START	1707226061621
USER	ServiceTest	START	1707226061721
USER	ServiceTest	START	1707226061901
USER	ServiceTest	START	1707226062034
USER	ServiceTest	START	1707226062012
USER	ServiceTest	START	1707226062146
USER	ServiceTest	START	1707226062225
USER	ServiceTest	START	1707226062335
USER	ServiceTest	START	1707226062428
USER	ServiceTest	START	1707226062529
USER	ServiceTest	START	1707226062641
USER	ServiceTest	START	1707226062901
USER	ServiceTest	START	1707226062975
USER	ServiceTest	START	1707226063021
USER	ServiceTest	START	1707226062899
USER	ServiceTest	START	1707226063125
USER	ServiceTest	START	1707226063276
USER	ServiceTest	START	1707226063320
USER	ServiceTest	START	1707226063422
USER	ServiceTest	START	1707226063627
USER	ServiceTest	START	1707226063671
USER	ServiceTest	START	1707226063747
USER	ServiceTest	START	1707226063829
USER	ServiceTest	START	1707226063929
USER	ServiceTest	START	1707226064020
USER	ServiceTest	START	1707226064381
USER	ServiceTest	START	1707226064245
USER	ServiceTest	START	1707226064440
USER	ServiceTest	START	1707226064596
USER	ServiceTest	START	1707226064630
USER	ServiceTest	START	1707226065038
USER	ServiceTest	START	1707226065134
USER	ServiceTest	START	1707226065237
USER	ServiceTest	START	1707226065321
USER	ServiceTest	START	1707226064242
USER	ServiceTest	START	1707226065426
USER	ServiceTest	START	1707226065360
USER	ServiceTest	START	1707226065529
USER	ServiceTest	START	1707226065531
USER	ServiceTest	START	1707226065559
USER	ServiceTest	START	1707226065913
USER	ServiceTest	START	1707226065913
USER	ServiceTest	START	1707226065996
USER	ServiceTest	START	1707226066032
USER	ServiceTest	START	1707226066046
USER	ServiceTest	START	1707226066135
USER	ServiceTest	START	1707226066246
USER	ServiceTest	START	1707226066332
USER	ServiceTest	START	1707226066422
USER	ServiceTest	START	1707226066528
USER	ServiceTest	START	1707226066674
USER	ServiceTest	START	1707226067254
USER	ServiceTest	START	1707226067322
USER	ServiceTest	START	1707226067377
USER	ServiceTest	START	1707226067375
USER	ServiceTest	START	1707226067374
USER	ServiceTest	START	1707226067421
USER	ServiceTest	START	1707226067254
USER	ServiceTest	START	1707226067378
USER	ServiceTest	START	1707226067627
USER	ServiceTest	START	1707226067828
USER	ServiceTest	START	1707226067836
USER	ServiceTest	START	1707226067933
REQUEST		POST /auth/getToken	1707226067388	1707226073973	KO	Features/TDG_UKAF_Chainning.feature:22 method POST
REQUEST		POST /auth/getToken	1707226067169	1707226073979	KO	Features/TDG_UKAF_Chainning.feature:22 method POST
REQUEST		POST /auth/getToken	1707226067171	1707226073964	KO	Features/TDG_UKAF_Chainning.feature:22 method POST
REQUEST		POST /auth/getToken	1707226067556	1707226073965	KO	Features/TDG_UKAF_Chainning.feature:22 method POST
REQUEST		POST /auth/getToken	1707226067172	1707226073977	KO	Features/TDG_UKAF_Chainning.feature:22 method POST
USER	ServiceTest	END	1707226074026
USER	ServiceTest	END	1707226074026
USER	ServiceTest	END	1707226074026
USER	ServiceTest	END	1707226074026
USER	ServiceTest	END	1707226074026
REQUEST		POST /auth/getToken	1707226067840	1707226073985	KO	Features/TDG_UKAF_Chainning.feature:22 method POST
USER	ServiceTest	END	1707226074031
REQUEST		POST /auth/getToken	1707226067169	1707226073987	KO	Features/TDG_UKAF_Chainning.feature:22 method POST
REQUEST		POST /auth/getToken	1707226067169	1707226073987	KO	Features/TDG_UKAF_Chainning.feature:22 method POST
USER	ServiceTest	END	1707226074032
USER	ServiceTest	END	1707226074033
REQUEST		POST /auth/getToken	1707226067169	1707226073994	KO	Features/TDG_UKAF_Chainning.feature:22 method POST
USER	ServiceTest	END	1707226074039
REQUEST		POST /auth/getToken	1707226067172	1707226073996	KO	Features/TDG_UKAF_Chainning.feature:22 method POST
USER	ServiceTest	END	1707226074041
REQUEST		POST /auth/getToken	1707226067165	1707226074004	KO	Features/TDG_UKAF_Chainning.feature:22 method POST
USER	ServiceTest	END	1707226074048
REQUEST		POST /auth/getToken	1707226067350	1707226074011	KO	Features/TDG_UKAF_Chainning.feature:22 method POST
USER	ServiceTest	END	1707226074055
REQUEST		POST /auth/getToken	1707226067168	1707226074013	KO	Features/TDG_UKAF_Chainning.feature:22 method POST
USER	ServiceTest	END	1707226074057
REQUEST		POST /auth/getToken	1707226067170	1707226074018	KO	Features/TDG_UKAF_Chainning.feature:22 method POST
USER	ServiceTest	END	1707226074062
REQUEST		POST /auth/getToken	1707226067139	1707226074019	KO	Features/TDG_UKAF_Chainning.feature:22 method POST
USER	ServiceTest	END	1707226074063
REQUEST		POST /auth/getToken	1707226067170	1707226074027	KO	Features/TDG_UKAF_Chainning.feature:22 method POST
REQUEST		POST /auth/getToken	1707226067172	1707226074027	KO	Features/TDG_UKAF_Chainning.feature:22 method POST
USER	ServiceTest	END	1707226074071
USER	ServiceTest	END	1707226074072
REQUEST		POST /auth/getToken	1707226067166	1707226074029	KO	Features/TDG_UKAF_Chainning.feature:22 method POST
USER	ServiceTest	END	1707226074074
REQUEST		POST /auth/getToken	1707226067169	1707226074033	KO	Features/TDG_UKAF_Chainning.feature:22 method POST
USER	ServiceTest	END	1707226074078
REQUEST		POST /auth/getToken	1707226067172	1707226074035	KO	Features/TDG_UKAF_Chainning.feature:22 method POST
USER	ServiceTest	END	1707226074079
REQUEST		POST /auth/getToken	1707226067171	1707226074036	KO	Features/TDG_UKAF_Chainning.feature:22 method POST
USER	ServiceTest	END	1707226074081
REQUEST		POST /auth/getToken	1707226067164	1707226074049	KO	Features/TDG_UKAF_Chainning.feature:22 method POST
REQUEST		POST /auth/getToken	1707226067169	1707226074049	KO	Features/TDG_UKAF_Chainning.feature:22 method POST
REQUEST		POST /auth/getToken	1707226067172	1707226074049	KO	Features/TDG_UKAF_Chainning.feature:22 method POST
USER	ServiceTest	END	1707226074094
USER	ServiceTest	END	1707226074094
USER	ServiceTest	END	1707226074094
REQUEST		POST /auth/getToken	1707226067170	1707226074057	KO	Features/TDG_UKAF_Chainning.feature:22 method POST
USER	ServiceTest	END	1707226074101
REQUEST		POST /auth/getToken	1707226067167	1707226074061	KO	Features/TDG_UKAF_Chainning.feature:22 method POST
USER	ServiceTest	END	1707226074105
REQUEST		POST /auth/getToken	1707226067171	1707226074064	KO	Features/TDG_UKAF_Chainning.feature:22 method POST
REQUEST		POST /auth/getToken	1707226067171	1707226074064	KO	Features/TDG_UKAF_Chainning.feature:22 method POST
REQUEST		POST /auth/getToken	1707226067171	1707226074064	KO	Features/TDG_UKAF_Chainning.feature:22 method POST
REQUEST		POST /auth/getToken	1707226067169	1707226074064	KO	Features/TDG_UKAF_Chainning.feature:22 method POST
USER	ServiceTest	END	1707226074109
USER	ServiceTest	END	1707226074109
USER	ServiceTest	END	1707226074109
USER	ServiceTest	END	1707226074110
REQUEST		POST /auth/getToken	1707226067169	1707226074066	KO	Features/TDG_UKAF_Chainning.feature:22 method POST
REQUEST		POST /auth/getToken	1707226067171	1707226074067	KO	Features/TDG_UKAF_Chainning.feature:22 method POST
USER	ServiceTest	END	1707226074113
USER	ServiceTest	END	1707226074113
REQUEST		POST /auth/getToken	1707226067166	1707226074069	KO	Features/TDG_UKAF_Chainning.feature:22 method POST
USER	ServiceTest	END	1707226074114
REQUEST		POST /auth/getToken	1707226067171	1707226074072	KO	Features/TDG_UKAF_Chainning.feature:22 method POST
USER	ServiceTest	END	1707226074117
REQUEST		POST /auth/getToken	1707226067172	1707226074074	KO	Features/TDG_UKAF_Chainning.feature:22 method POST
USER	ServiceTest	END	1707226074118
REQUEST		POST /auth/getToken	1707226067169	1707226074076	KO	Features/TDG_UKAF_Chainning.feature:22 method POST
USER	ServiceTest	END	1707226074121
REQUEST		POST /auth/getToken	1707226067146	1707226074076	KO	Features/TDG_UKAF_Chainning.feature:22 method POST
USER	ServiceTest	END	1707226074121
REQUEST		POST /auth/getToken	1707226067169	1707226074080	KO	Features/TDG_UKAF_Chainning.feature:22 method POST
REQUEST		POST /auth/getToken	1707226067171	1707226074080	KO	Features/TDG_UKAF_Chainning.feature:22 method POST
USER	ServiceTest	END	1707226074126
USER	ServiceTest	END	1707226074126
REQUEST		POST /auth/getToken	1707226067150	1707226074083	KO	Features/TDG_UKAF_Chainning.feature:22 method POST
REQUEST		POST /auth/getToken	1707226067169	1707226074083	KO	Features/TDG_UKAF_Chainning.feature:22 method POST
USER	ServiceTest	END	1707226074128
USER	ServiceTest	END	1707226074129
REQUEST		POST /auth/getToken	1707226067169	1707226074089	KO	Features/TDG_UKAF_Chainning.feature:22 method POST
USER	ServiceTest	END	1707226074134
REQUEST		POST /auth/getToken	1707226067169	1707226074095	KO	Features/TDG_UKAF_Chainning.feature:22 method POST
USER	ServiceTest	END	1707226074139
REQUEST		POST /auth/getToken	1707226067170	1707226074095	KO	Features/TDG_UKAF_Chainning.feature:22 method POST
USER	ServiceTest	END	1707226074140
REQUEST		POST /auth/getToken	1707226067172	1707226074098	KO	Features/TDG_UKAF_Chainning.feature:22 method POST
USER	ServiceTest	END	1707226074142
REQUEST		POST /auth/getToken	1707226067164	1707226074099	KO	Features/TDG_UKAF_Chainning.feature:22 method POST
USER	ServiceTest	END	1707226074144
REQUEST		POST /auth/getToken	1707226067169	1707226074107	KO	Features/TDG_UKAF_Chainning.feature:22 method POST
REQUEST		POST /auth/getToken	1707226067166	1707226074108	KO	Features/TDG_UKAF_Chainning.feature:22 method POST
REQUEST		POST /auth/getToken	1707226067169	1707226074113	KO	Features/TDG_UKAF_Chainning.feature:22 method POST
USER	ServiceTest	END	1707226074157
USER	ServiceTest	END	1707226074157
USER	ServiceTest	END	1707226074158
REQUEST		POST /auth/getToken	1707226067770	1707226074120	KO	Features/TDG_UKAF_Chainning.feature:22 method POST
REQUEST		POST /auth/getToken	1707226067169	1707226074120	KO	Features/TDG_UKAF_Chainning.feature:22 method POST
USER	ServiceTest	END	1707226074165
USER	ServiceTest	END	1707226074165
REQUEST		POST /auth/getToken	1707226067169	1707226074129	KO	Features/TDG_UKAF_Chainning.feature:22 method POST
REQUEST		POST /auth/getToken	1707226067849	1707226074128	KO	Features/TDG_UKAF_Chainning.feature:22 method POST
USER	ServiceTest	END	1707226074174
USER	ServiceTest	END	1707226074174
REQUEST		POST /auth/getToken	1707226067955	1707226074136	KO	Features/TDG_UKAF_Chainning.feature:22 method POST
USER	ServiceTest	END	1707226074181
REQUEST		POST /auth/getToken	1707226067171	1707226074140	KO	Features/TDG_UKAF_Chainning.feature:22 method POST
REQUEST		POST /auth/getToken	1707226067172	1707226074140	KO	Features/TDG_UKAF_Chainning.feature:22 method POST
REQUEST		POST /auth/getToken	1707226067171	1707226074140	KO	Features/TDG_UKAF_Chainning.feature:22 method POST
USER	ServiceTest	END	1707226074185
USER	ServiceTest	END	1707226074185
USER	ServiceTest	END	1707226074185
REQUEST		POST /auth/getToken	1707226067169	1707226074152	KO	Features/TDG_UKAF_Chainning.feature:22 method POST
REQUEST		POST /auth/getToken	1707226067167	1707226074152	KO	Features/TDG_UKAF_Chainning.feature:22 method POST
USER	ServiceTest	END	1707226074197
USER	ServiceTest	END	1707226074197
REQUEST		POST /auth/getToken	1707226067168	1707226074155	KO	Features/TDG_UKAF_Chainning.feature:22 method POST
REQUEST		POST /auth/getToken	1707226067169	1707226074155	KO	Features/TDG_UKAF_Chainning.feature:22 method POST
REQUEST		POST /auth/getToken	1707226067172	1707226074155	KO	Features/TDG_UKAF_Chainning.feature:22 method POST
REQUEST		POST /auth/getToken	1707226067166	1707226074155	KO	Features/TDG_UKAF_Chainning.feature:22 method POST
USER	ServiceTest	END	1707226074200
USER	ServiceTest	END	1707226074200
USER	ServiceTest	END	1707226074200
USER	ServiceTest	END	1707226074200
REQUEST		POST /auth/getToken	1707226067172	1707226074157	KO	Features/TDG_UKAF_Chainning.feature:22 method POST
USER	ServiceTest	END	1707226074202
REQUEST		POST /auth/getToken	1707226067170	1707226074160	KO	Features/TDG_UKAF_Chainning.feature:22 method POST
USER	ServiceTest	END	1707226074204
REQUEST		POST /auth/getToken	1707226067170	1707226074162	KO	Features/TDG_UKAF_Chainning.feature:22 method POST
USER	ServiceTest	END	1707226074207
REQUEST		POST /auth/getToken	1707226067169	1707226074167	KO	Features/TDG_UKAF_Chainning.feature:22 method POST
REQUEST		POST /auth/getToken	1707226067170	1707226074167	KO	Features/TDG_UKAF_Chainning.feature:22 method POST
REQUEST		POST /auth/getToken	1707226067169	1707226074172	KO	Features/TDG_UKAF_Chainning.feature:22 method POST
REQUEST		POST /auth/getToken	1707226067171	1707226074178	KO	Features/TDG_UKAF_Chainning.feature:22 method POST
REQUEST		POST /auth/getToken	1707226067352	1707226074180	KO	Features/TDG_UKAF_Chainning.feature:22 method POST
USER	ServiceTest	END	1707226074220
USER	ServiceTest	END	1707226074221
REQUEST		POST /auth/getToken	1707226067428	1707226074188	KO	Features/TDG_UKAF_Chainning.feature:22 method POST
USER	ServiceTest	END	1707226074227
REQUEST		POST /auth/getToken	1707226067170	1707226074189	KO	Features/TDG_UKAF_Chainning.feature:22 method POST
REQUEST		POST /auth/getToken	1707226067166	1707226074204	KO	Features/TDG_UKAF_Chainning.feature:22 method POST
USER	ServiceTest	END	1707226074247
USER	ServiceTest	END	1707226074247
REQUEST		POST /auth/getToken	1707226067172	1707226074215	KO	Features/TDG_UKAF_Chainning.feature:22 method POST
REQUEST		POST /auth/getToken	1707226067172	1707226074221	KO	Features/TDG_UKAF_Chainning.feature:22 method POST
USER	ServiceTest	END	1707226074266
USER	ServiceTest	END	1707226074266
USER	ServiceTest	END	1707226074266
REQUEST		POST /auth/getToken	1707226067171	1707226074224	KO	Features/TDG_UKAF_Chainning.feature:22 method POST
REQUEST		POST /auth/getToken	1707226067391	1707226074230	KO	Features/TDG_UKAF_Chainning.feature:22 method POST
REQUEST		POST /auth/getToken	1707226067171	1707226074234	KO	Features/TDG_UKAF_Chainning.feature:22 method POST
REQUEST		POST /auth/getToken	1707226067171	1707226074241	KO	Features/TDG_UKAF_Chainning.feature:22 method POST
REQUEST		POST /auth/getToken	1707226067150	1707226074243	KO	Features/TDG_UKAF_Chainning.feature:22 method POST
REQUEST		POST /auth/getToken	1707226067169	1707226074250	KO	Features/TDG_UKAF_Chainning.feature:22 method POST
REQUEST		POST /auth/getToken	1707226067169	1707226074253	KO	Features/TDG_UKAF_Chainning.feature:22 method POST
REQUEST		POST /auth/getToken	1707226067332	1707226074257	KO	Features/TDG_UKAF_Chainning.feature:22 method POST
REQUEST		POST /auth/getToken	1707226067171	1707226074189	KO	Features/TDG_UKAF_Chainning.feature:22 method POST
REQUEST		POST /auth/getToken	1707226067172	1707226074260	KO	Features/TDG_UKAF_Chainning.feature:22 method POST
USER	ServiceTest	END	1707226074305
REQUEST		POST /auth/getToken	1707226067160	1707226074264	KO	Features/TDG_UKAF_Chainning.feature:22 method POST
USER	ServiceTest	END	1707226074305
REQUEST		POST /auth/getToken	1707226067170	1707226074268	KO	Features/TDG_UKAF_Chainning.feature:22 method POST
USER	ServiceTest	END	1707226074313
USER	ServiceTest	END	1707226074313
REQUEST		POST /auth/getToken	1707226067169	1707226074269	KO	Features/TDG_UKAF_Chainning.feature:22 method POST
REQUEST		POST /auth/getToken	1707226067171	1707226074269	KO	Features/TDG_UKAF_Chainning.feature:22 method POST
REQUEST		POST /auth/getToken	1707226067170	1707226074269	KO	Features/TDG_UKAF_Chainning.feature:22 method POST
REQUEST		POST /auth/getToken	1707226067171	1707226074270	KO	Features/TDG_UKAF_Chainning.feature:22 method POST
REQUEST		POST /auth/getToken	1707226067258	1707226074270	KO	Features/TDG_UKAF_Chainning.feature:22 method POST
REQUEST		POST /auth/getToken	1707226067171	1707226074271	KO	Features/TDG_UKAF_Chainning.feature:22 method POST
REQUEST		POST /auth/getToken	1707226067168	1707226074271	KO	Features/TDG_UKAF_Chainning.feature:22 method POST
USER	ServiceTest	END	1707226074316
USER	ServiceTest	END	1707226074316
USER	ServiceTest	END	1707226074316
USER	ServiceTest	END	1707226074317
USER	ServiceTest	END	1707226074317
USER	ServiceTest	END	1707226074317
USER	ServiceTest	END	1707226074317
REQUEST		POST /auth/getToken	1707226067140	1707226074273	KO	Features/TDG_UKAF_Chainning.feature:22 method POST
USER	ServiceTest	END	1707226074318
USER	ServiceTest	END	1707226074318
USER	ServiceTest	END	1707226074318
USER	ServiceTest	END	1707226074319
USER	ServiceTest	END	1707226074319
USER	ServiceTest	END	1707226074319
USER	ServiceTest	END	1707226074319
USER	ServiceTest	END	1707226074319
USER	ServiceTest	END	1707226074319
USER	ServiceTest	END	1707226074319
USER	ServiceTest	END	1707226074319
REQUEST		POST /auth/getToken	1707226067165	1707226074271	KO	Features/TDG_UKAF_Chainning.feature:22 method POST
REQUEST		POST /auth/getToken	1707226067699	1707226074268	KO	Features/TDG_UKAF_Chainning.feature:22 method POST
USER	ServiceTest	END	1707226074331
REQUEST		POST /auth/getToken	1707226067402	1707226074215	KO	Features/TDG_UKAF_Chainning.feature:22 method POST
USER	ServiceTest	END	1707226074333
USER	ServiceTest	END	1707226074334
REQUEST		POST /auth/getToken	1707226067146	1707226074260	KO	Features/TDG_UKAF_Chainning.feature:22 method POST
USER	ServiceTest	END	1707226074336
Failed due to the 'ko' value exceeded the threshold: 100
