RUN	Runner.TDG_UKAF_demo	tdg-ukaf-demo	1707212136695	 	3.7.4
USER	ServiceTest	START	1707212137162
USER	ServiceTest	START	1707212137001
USER	ServiceTest	START	1707212137350
USER	ServiceTest	START	1707212138819
USER	ServiceTest	START	1707212138841
USER	ServiceTest	START	1707212137005
USER	ServiceTest	START	1707212138861
USER	ServiceTest	START	1707212137255
USER	ServiceTest	START	1707212137449
USER	ServiceTest	START	1707212137051
USER	ServiceTest	START	1707212138802
USER	ServiceTest	START	1707212137565
USER	ServiceTest	START	1707212138834
USER	ServiceTest	START	1707212138883
USER	ServiceTest	START	1707212138867
USER	ServiceTest	START	1707212138893
USER	ServiceTest	START	1707212138896
USER	ServiceTest	START	1707212138898
USER	ServiceTest	START	1707212138898
USER	ServiceTest	START	1707212138899
USER	ServiceTest	START	1707212138957
USER	ServiceTest	START	1707212138968
USER	ServiceTest	START	1707212139041
USER	ServiceTest	START	1707212139145
USER	ServiceTest	START	1707212139294
USER	ServiceTest	START	1707212139342
USER	ServiceTest	START	1707212139443
USER	ServiceTest	START	1707212139546
USER	ServiceTest	START	1707212139643
USER	ServiceTest	START	1707212139781
USER	ServiceTest	START	1707212139889
USER	ServiceTest	START	1707212139984
USER	ServiceTest	START	1707212140042
USER	ServiceTest	START	1707212140141
USER	ServiceTest	START	1707212140242
USER	ServiceTest	START	1707212140343
USER	ServiceTest	START	1707212140443
USER	ServiceTest	START	1707212140574
USER	ServiceTest	START	1707212140768
USER	ServiceTest	START	1707212140900
USER	ServiceTest	START	1707212141044
USER	ServiceTest	START	1707212141012
USER	ServiceTest	START	1707212141059
USER	ServiceTest	START	1707212141143
USER	ServiceTest	START	1707212141243
USER	ServiceTest	START	1707212141344
USER	ServiceTest	START	1707212141446
USER	ServiceTest	START	1707212141547
USER	ServiceTest	START	1707212141712
USER	ServiceTest	START	1707212141776
USER	ServiceTest	START	1707212141998
USER	ServiceTest	START	1707212142098
USER	ServiceTest	START	1707212142048
USER	ServiceTest	START	1707212142146
USER	ServiceTest	START	1707212142242
USER	ServiceTest	START	1707212142341
USER	ServiceTest	START	1707212142442
USER	ServiceTest	START	1707212142809
USER	ServiceTest	START	1707212142814
USER	ServiceTest	START	1707212142882
USER	ServiceTest	START	1707212142971
USER	ServiceTest	START	1707212142975
USER	ServiceTest	START	1707212143058
USER	ServiceTest	START	1707212143150
USER	ServiceTest	START	1707212143266
USER	ServiceTest	START	1707212143355
USER	ServiceTest	START	1707212143447
USER	ServiceTest	START	1707212143557
USER	ServiceTest	START	1707212143809
USER	ServiceTest	START	1707212144834
USER	ServiceTest	START	1707212144833
USER	ServiceTest	START	1707212144833
USER	ServiceTest	START	1707212144837
USER	ServiceTest	START	1707212144841
USER	ServiceTest	START	1707212144853
USER	ServiceTest	START	1707212144957
USER	ServiceTest	START	1707212145062
USER	ServiceTest	START	1707212145154
USER	ServiceTest	START	1707212145147
USER	ServiceTest	START	1707212145167
USER	ServiceTest	START	1707212145167
USER	ServiceTest	START	1707212145303
USER	ServiceTest	START	1707212145270
USER	ServiceTest	START	1707212145366
USER	ServiceTest	START	1707212145168
USER	ServiceTest	START	1707212145377
USER	ServiceTest	START	1707212145634
USER	ServiceTest	START	1707212145638
USER	ServiceTest	START	1707212145662
USER	ServiceTest	START	1707212145824
USER	ServiceTest	START	1707212145874
USER	ServiceTest	START	1707212145944
USER	ServiceTest	START	1707212146051
USER	ServiceTest	START	1707212146155
USER	ServiceTest	START	1707212146247
USER	ServiceTest	START	1707212146354
USER	ServiceTest	START	1707212146447
USER	ServiceTest	START	1707212146551
USER	ServiceTest	START	1707212146673
USER	ServiceTest	START	1707212146748
REQUEST		POST /auth/getToken	1707212143516	1707212144171	OK	 
REQUEST		POST /auth/getToken	1707212143517	1707212144202	OK	 
REQUEST		POST /auth/getToken	1707212143518	1707212143743	OK	 
REQUEST		POST /auth/getToken	1707212143517	1707212143754	OK	 
REQUEST		POST /auth/getToken	1707212143512	1707212143784	OK	 
REQUEST		POST /auth/getToken	1707212143517	1707212143737	OK	 
REQUEST		POST /auth/getToken	1707212143519	1707212143769	OK	 
REQUEST		POST /auth/getToken	1707212143516	1707212143811	OK	 
REQUEST		POST /auth/getToken	1707212143626	1707212143790	OK	 
REQUEST		POST /auth/getToken	1707212143512	1707212144148	OK	 
REQUEST		POST /auth/getToken	1707212143882	1707212144077	OK	 
REQUEST		POST /auth/getToken	1707212143518	1707212144148	OK	 
REQUEST		POST /auth/getToken	1707212143516	1707212144075	OK	 
REQUEST		POST /auth/getToken	1707212143516	1707212143740	OK	 
REQUEST		POST /auth/getToken	1707212143516	1707212143780	OK	 
REQUEST		POST /auth/getToken	1707212143516	1707212144171	OK	 
REQUEST		POST /auth/getToken	1707212143517	1707212144145	OK	 
REQUEST		POST /auth/getToken	1707212143516	1707212144131	OK	 
REQUEST		POST /elasticsearch/workbook	1707212144367	1707212147136	OK	 
REQUEST		POST /elasticsearch/workbook	1707212144345	1707212147101	OK	 
REQUEST		POST /elasticsearch/workbook	1707212144444	1707212147972	OK	 
REQUEST		POST /elasticsearch/workbook	1707212144381	1707212147832	OK	 
REQUEST		POST /elasticsearch/workbook	1707212144394	1707212147818	OK	 
REQUEST		POST /elasticsearch/workbook	1707212144359	1707212147834	OK	 
REQUEST		POST /elasticsearch/workbook	1707212144271	1707212147820	OK	 
REQUEST		POST /elasticsearch/workbook	1707212144443	1707212147760	OK	 
REQUEST		POST /elasticsearch/workbook	1707212144183	1707212146976	OK	 
REQUEST		POST /auth/getToken	1707212143515	1707212144072	OK	 
REQUEST		POST /elasticsearch/workbook	1707212144207	1707212147053	OK	 
REQUEST		POST /auth/getToken	1707212143518	1707212144171	OK	 
REQUEST		POST /elasticsearch/workbook	1707212144443	1707212147706	OK	 
REQUEST		POST /elasticsearch/workbook	1707212144499	1707212147574	OK	 
REQUEST		POST /elasticsearch/workbook	1707212144394	1707212147435	OK	 
REQUEST		POST /elasticsearch/workbook	1707212144349	1707212147492	OK	 
REQUEST		POST /auth/getToken	1707212143516	1707212143900	OK	 
REQUEST		POST /auth/getToken	1707212143517	1707212144034	OK	 
REQUEST		POST /elasticsearch/workbook	1707212144469	1707212147876	OK	 
REQUEST		POST /auth/getToken	1707212143515	1707212143790	OK	 
REQUEST		POST /elasticsearch/insertDoc	1707212147959	1707212148200	OK	 
REQUEST		POST /elasticsearch/insertDoc	1707212147944	1707212148199	OK	 
REQUEST		POST /elasticsearch/insertDoc	1707212148003	1707212148199	OK	 
REQUEST		POST /auth/getToken	1707212143511	1707212143716	OK	 
REQUEST		POST /auth/getToken	1707212143517	1707212143709	OK	 
REQUEST		POST /elasticsearch/workbook	1707212144451	1707212148332	OK	 
REQUEST		POST /elasticsearch/insertDoc	1707212147099	1707212148346	OK	 
REQUEST		POST /elasticsearch/insertDoc	1707212147038	1707212148308	OK	 
REQUEST		POST /elasticsearch/insertDoc	1707212148016	1707212148200	OK	 
REQUEST		POST /elasticsearch/insertDoc	1707212147975	1707212148200	OK	 
REQUEST		POST /elasticsearch/insertDoc	1707212147745	1707212148471	OK	 
REQUEST		POST /auth/getToken	1707212143516	1707212143860	OK	 
REQUEST		POST /elasticsearch/insertDoc	1707212147729	1707212148476	OK	 
REQUEST		POST /elasticsearch/insertDoc	1707212147912	1707212148200	OK	 
REQUEST		POST /auth/getToken	1707212143517	1707212144134	OK	 
REQUEST		POST /elasticsearch/insertDoc	1707212147475	1707212148509	OK	 
REQUEST		POST /elasticsearch/workbook	1707212144244	1707212148512	OK	 
REQUEST		POST /auth/getToken	1707212145889	1707212145930	OK	 
REQUEST		POST /auth/getToken	1707212143517	1707212143795	OK	 
REQUEST		POST /elasticsearch/insertDoc	1707212147191	1707212148058	OK	 
REQUEST		POST /auth/getToken	1707212143512	1707212144157	OK	 
REQUEST		POST /elasticsearch/workbook	1707212144270	1707212147574	OK	 
REQUEST		POST /elasticsearch/insertDoc	1707212147241	1707212148058	OK	 
REQUEST		POST /auth/getToken	1707212145311	1707212145383	OK	 
REQUEST		POST /auth/getToken	1707212145418	1707212145491	OK	 
REQUEST		POST /auth/getToken	1707212143515	1707212143780	OK	 
REQUEST		POST /elasticsearch/workbook	1707212144427	1707212148742	OK	 
REQUEST		POST /elasticsearch/workbook	1707212144290	1707212148851	OK	 
REQUEST		POST /elasticsearch/workbook	1707212144340	1707212148458	OK	 
REQUEST		POST /auth/getToken	1707212145662	1707212145732	OK	 
REQUEST		POST /auth/getToken	1707212143517	1707212143962	OK	 
REQUEST		POST /elasticsearch/workbook	1707212144380	1707212148911	OK	 
REQUEST		POST /elasticsearch/workbook	1707212144413	1707212147747	OK	 
REQUEST		POST /elasticsearch/insertDoc	1707212147606	1707212148511	OK	 
REQUEST		POST /elasticsearch/insertDoc	1707212148391	1707212148964	OK	 
REQUEST		POST /auth/getToken	1707212143517	1707212143904	OK	 
REQUEST		POST /elasticsearch/workbook	1707212144553	1707212149119	OK	 
REQUEST		POST /auth/getToken	1707212143518	1707212143813	OK	 
REQUEST		POST /elasticsearch/workbook	1707212144504	1707212148624	OK	 
REQUEST		POST /auth/getToken	1707212146687	1707212146714	OK	 
REQUEST		POST /elasticsearch/workbook	1707212144473	1707212149167	OK	 
REQUEST		POST /elasticsearch/insertDoc	1707212148116	1707212148739	OK	 
REQUEST		POST /auth/getToken	1707212143517	1707212144023	OK	 
REQUEST		POST /auth/getToken	1707212146472	1707212146517	OK	 
REQUEST		POST /auth/getToken	1707212143516	1707212143977	OK	 
REQUEST		POST /auth/getToken	1707212146761	1707212146789	OK	 
REQUEST		POST /elasticsearch/workbook	1707212144388	1707212147492	OK	 
REQUEST		POST /auth/getToken	1707212143516	1707212143704	OK	 
REQUEST		POST /auth/getToken	1707212143515	1707212144130	OK	 
REQUEST		POST /elasticsearch/insertDoc	1707212148550	1707212149184	OK	 
REQUEST		POST /elasticsearch/workbook	1707212144558	1707212149314	OK	 
REQUEST		POST /elasticsearch/workbook	1707212145933	1707212149185	OK	 
REQUEST		POST /elasticsearch/workbook	1707212144315	1707212149333	OK	 
REQUEST		POST /elasticsearch/insertDoc	1707212147665	1707212149337	OK	 
REQUEST		POST /auth/getToken	1707212143516	1707212143870	OK	 
REQUEST		POST /auth/getToken	1707212143517	1707212143976	OK	 
REQUEST		POST /auth/getToken	1707212145446	1707212145523	OK	 
REQUEST		POST /elasticsearch/workbook	1707212145391	1707212149373	OK	 
REQUEST		POST /auth/getToken	1707212146563	1707212146627	OK	 
REQUEST		POST /elasticsearch/workbook	1707212144518	1707212149385	OK	 
REQUEST		POST /elasticsearch/workbook	1707212145494	1707212149377	OK	 
REQUEST		POST /elasticsearch/workbook	1707212144582	1707212149465	OK	 
REQUEST		POST /elasticsearch/insertDoc	1707212147880	1707212149535	OK	 
REQUEST		POST /auth/getToken	1707212143515	1707212143945	OK	 
REQUEST		POST /auth/getToken	1707212146182	1707212146277	OK	 
REQUEST		POST /elasticsearch/workbook	1707212145746	1707212149425	OK	 
REQUEST		POST /auth/getToken	1707212146269	1707212146339	OK	 
REQUEST		POST /auth/getToken	1707212143517	1707212143904	OK	 
REQUEST		POST /auth/getToken	1707212143515	1707212144148	OK	 
REQUEST		POST /auth/getToken	1707212143516	1707212143855	OK	 
REQUEST		POST /elasticsearch/workbook	1707212144682	1707212149553	OK	 
REQUEST		POST /elasticsearch/workbook	1707212144595	1707212149576	OK	 
REQUEST		POST /elasticsearch/insertDoc	1707212148668	1707212149600	OK	 
REQUEST		POST /elasticsearch/insertDoc	1707212149171	1707212149577	OK	 
REQUEST		POST /elasticsearch/workbook	1707212146717	1707212149598	OK	 
REQUEST		POST /elasticsearch/insertDoc	1707212149219	1707212149620	OK	 
REQUEST		POST /elasticsearch/workbook	1707212144535	1707212149691	OK	 
REQUEST		POST /elasticsearch/workbook	1707212144517	1707212149676	OK	 
REQUEST		POST /elasticsearch/workbook	1707212146520	1707212149676	OK	 
REQUEST		POST /elasticsearch/workbook	1707212146791	1707212149700	OK	 
REQUEST		POST /elasticsearch/insertDoc	1707212148789	1707212149422	OK	 
REQUEST		POST /elasticsearch/workbook	1707212144238	1707212149760	OK	 
REQUEST		POST /auth/getToken	1707212143517	1707212144145	OK	 
REQUEST		POST /elasticsearch/insertDoc	1707212148990	1707212149479	OK	 
REQUEST		POST /elasticsearch/insertDoc	1707212148499	1707212149452	OK	 
REQUEST		POST /elasticsearch/insertDoc	1707212149368	1707212149839	OK	 
REQUEST		POST /elasticsearch/workbook	1707212144534	1707212149905	OK	 
REQUEST		PATCH /elasticsearch/update	1707212148236	1707212148761	OK	 
REQUEST		POST /auth/getToken	1707212143517	1707212143965	OK	 
REQUEST		POST /elasticsearch/insertDoc	1707212149251	1707212149838	OK	 
REQUEST		POST /elasticsearch/workbook	1707212144484	1707212149810	OK	 
REQUEST		POST /elasticsearch/workbook	1707212146280	1707212149995	OK	 
REQUEST		POST /elasticsearch/workbook	1707212144494	1707212149851	OK	 
REQUEST		POST /elasticsearch/insertDoc	1707212148891	1707212149424	OK	 
REQUEST		POST /elasticsearch/insertDoc	1707212149352	1707212149837	OK	 
REQUEST		POST /elasticsearch/insertDoc	1707212149531	1707212150048	OK	 
REQUEST		POST /elasticsearch/workbook	1707212146342	1707212150100	OK	 
REQUEST		PATCH /elasticsearch/update	1707212148247	1707212148759	OK	 
REQUEST		PATCH /elasticsearch/update	1707212148228	1707212148761	OK	 
REQUEST		POST /auth/getToken	1707212143518	1707212143947	OK	 
REQUEST		POST /auth/getToken	1707212143518	1707212144091	OK	 
REQUEST		PATCH /elasticsearch/update	1707212148428	1707212148970	OK	 
REQUEST		POST /elasticsearch/workbook	1707212145530	1707212149906	OK	 
REQUEST		POST /elasticsearch/workbook	1707212144586	1707212149966	OK	 
REQUEST		POST /elasticsearch/workbook	1707212146632	1707212149942	OK	 
REQUEST		POST /elasticsearch/insertDoc	1707212149706	1707212150206	OK	 
REQUEST		POST /elasticsearch/workbook	1707212144564	1707212150180	OK	 
REQUEST		PATCH /elasticsearch/update	1707212148253	1707212149049	OK	 
REQUEST		PATCH /elasticsearch/update	1707212148265	1707212149048	OK	 
REQUEST		PATCH /elasticsearch/update	1707212148431	1707212148968	OK	 
REQUEST		POST /auth/getToken	1707212143516	1707212143915	OK	 
REQUEST		PATCH /elasticsearch/update	1707212148519	1707212149166	OK	 
REQUEST		POST /elasticsearch/workbook	1707212144535	1707212150130	OK	 
REQUEST		PATCH /elasticsearch/update	1707212148270	1707212149166	OK	 
REQUEST		POST /elasticsearch/insertDoc	1707212149795	1707212150216	OK	 
REQUEST		POST /elasticsearch/workbook	1707212144424	1707212150179	OK	 
REQUEST		PATCH /elasticsearch/update	1707212148501	1707212149113	OK	 
REQUEST		PATCH /elasticsearch/update	1707212148481	1707212149326	OK	 
REQUEST		PATCH /elasticsearch/update	1707212148463	1707212149363	OK	 
REQUEST		PATCH /elasticsearch/update	1707212148555	1707212149537	OK	 
REQUEST		POST /auth/getToken	1707212145679	1707212145750	OK	 
REQUEST		POST /elasticsearch/insertDoc	1707212150184	1707212150820	OK	 
REQUEST		POST /elasticsearch/insertDoc	1707212150238	1707212150845	OK	 
REQUEST		PATCH /elasticsearch/update	1707212148534	1707212149182	OK	 
REQUEST		POST /auth/getToken	1707212143516	1707212144088	OK	 
REQUEST		POST /auth/getToken	1707212143516	1707212143919	OK	 
REQUEST		POST /auth/getToken	1707212144911	1707212144976	OK	 
REQUEST		PATCH /elasticsearch/update	1707212149036	1707212149546	OK	 
REQUEST		POST /auth/getToken	1707212146379	1707212146460	OK	 
REQUEST		PATCH /elasticsearch/update	1707212148776	1707212149673	OK	 
REQUEST		POST /auth/getToken	1707212144931	1707212145002	OK	 
REQUEST		POST /auth/getToken	1707212145441	1707212145504	OK	 
REQUEST		POST /auth/getToken	1707212145841	1707212145899	OK	 
REQUEST		POST /auth/getToken	1707212143518	1707212144114	OK	 
REQUEST		POST /auth/getToken	1707212145664	1707212145736	OK	 
REQUEST		POST /auth/getToken	1707212144932	1707212145002	OK	 
REQUEST		POST /auth/getToken	1707212143515	1707212144092	OK	 
REQUEST		POST /auth/getToken	1707212145466	1707212145564	OK	 
REQUEST		POST /auth/getToken	1707212143515	1707212144090	OK	 
REQUEST		POST /auth/getToken	1707212145039	1707212145133	OK	 
REQUEST		POST /elasticsearch/insertDoc	1707212149754	1707212150206	OK	 
REQUEST		POST /elasticsearch/insertDoc	1707212149630	1707212150204	OK	 
REQUEST		POST /elasticsearch/insertDoc	1707212149741	1707212150206	OK	 
REQUEST		POST /auth/getToken	1707212143517	1707212144039	OK	 
REQUEST		POST /auth/getToken	1707212143516	1707212144113	OK	 
REQUEST		POST /auth/getToken	1707212143512	1707212144139	OK	 
REQUEST		POST /auth/getToken	1707212143512	1707212143844	OK	 
REQUEST		POST /auth/getToken	1707212143515	1707212143826	OK	 
REQUEST		POST /auth/getToken	1707212144880	1707212144941	OK	 
REQUEST		POST /elasticsearch/insertDoc	1707212147757	1707212149725	OK	 
REQUEST		POST /elasticsearch/insertDoc	1707212149844	1707212150430	OK	 
REQUEST		POST /auth/getToken	1707212143516	1707212144117	OK	 
REQUEST		POST /elasticsearch/workbook	1707212145757	1707212150920	OK	 
REQUEST		POST /elasticsearch/workbook	1707212144553	1707212150356	OK	 
REQUEST		POST /auth/getToken	1707212145359	1707212145429	OK	 
REQUEST		POST /auth/getToken	1707212144901	1707212144976	OK	 
REQUEST		POST /elasticsearch/workbook	1707212144788	1707212150312	OK	 
REQUEST		POST /auth/getToken	1707212146067	1707212146113	OK	 
REQUEST		POST /elasticsearch/workbook	1707212144803	1707212150959	OK	 
REQUEST		POST /elasticsearch/insertDoc	1707212149769	1707212150205	OK	 
REQUEST		POST /elasticsearch/workbook	1707212144731	1707212150568	OK	 
REQUEST		POST /elasticsearch/insertDoc	1707212149483	1707212149955	OK	 
REQUEST		PATCH /elasticsearch/update	1707212149315	1707212149838	OK	 
REQUEST		PATCH /elasticsearch/update	1707212149367	1707212149839	OK	 
REQUEST		PATCH /elasticsearch/update	1707212149566	1707212149961	OK	 
REQUEST		POST /elasticsearch/insertDoc	1707212149892	1707212150433	OK	 
REQUEST		POST /elasticsearch/workbook	1707212145015	1707212151106	OK	 
REQUEST		POST /elasticsearch/workbook	1707212144638	1707212151039	OK	 
REQUEST		POST /elasticsearch/workbook	1707212146465	1707212151072	OK	 
REQUEST		POST /elasticsearch/workbook	1707212144989	1707212151042	OK	 
REQUEST		POST /elasticsearch/workbook	1707212145768	1707212151202	OK	 
REQUEST		POST /auth/getToken	1707212143517	1707212144127	OK	 
REQUEST		POST /elasticsearch/insertDoc	1707212150087	1707212150431	OK	 
REQUEST		POST /auth/getToken	1707212143516	1707212143699	OK	 
REQUEST		POST /auth/getToken	1707212143512	1707212144113	OK	 
REQUEST		POST /auth/getToken	1707212143518	1707212143919	OK	 
REQUEST		POST /elasticsearch/workbook	1707212144592	1707212150507	OK	 
REQUEST		POST /elasticsearch/insertDoc	1707212149937	1707212150354	OK	 
REQUEST		POST /elasticsearch/insertDoc	1707212149511	1707212149956	OK	 
REQUEST		POST /elasticsearch/workbook	1707212144738	1707212151261	OK	 
REQUEST		POST /elasticsearch/workbook	1707212144984	1707212151284	OK	 
REQUEST		POST /elasticsearch/workbook	1707212144964	1707212151255	OK	 
REQUEST		PATCH /elasticsearch/update	1707212149769	1707212150206	OK	 
REQUEST		POST /elasticsearch/workbook	1707212146116	1707212151303	OK	 
REQUEST		POST /elasticsearch/workbook	1707212144710	1707212151187	OK	 
REQUEST		POST /elasticsearch/workbook	1707212145902	1707212151161	OK	 
REQUEST		POST /elasticsearch/workbook	1707212145433	1707212151277	OK	 
REQUEST		POST /elasticsearch/workbook	1707212145508	1707212151163	OK	 
REQUEST		POST /elasticsearch/insertDoc	1707212150604	1707212151351	OK	 
REQUEST		POST /auth/getToken	1707212144832	1707212145088	OK	 
REQUEST		PATCH /elasticsearch/update	1707212149663	1707212150204	OK	 
REQUEST		POST /auth/getToken	1707212143517	1707212144142	OK	 
REQUEST		POST /auth/getToken	1707212143519	1707212144156	OK	 
REQUEST		POST /elasticsearch/insertDoc	1707212149416	1707212149944	OK	 
REQUEST		POST /elasticsearch/insertDoc	1707212150137	1707212150479	OK	 
REQUEST		POST /elasticsearch/workbook	1707212144617	1707212151239	OK	 
REQUEST		POST /elasticsearch/workbook	1707212144633	1707212151250	OK	 
REQUEST		POST /auth/getToken	1707212143516	1707212144094	OK	 
REQUEST		POST /auth/getToken	1707212145341	1707212145398	OK	 
REQUEST		POST /elasticsearch/insertDoc	1707212151276	1707212151625	OK	 
REQUEST		POST /elasticsearch/workbook	1707212144703	1707212151236	OK	 
REQUEST		POST /elasticsearch/workbook	1707212144513	1707212151228	OK	 
REQUEST		POST /elasticsearch/insertDoc	1707212150345	1707212151296	OK	 
REQUEST		POST /elasticsearch/insertDoc	1707212150987	1707212151270	OK	 
REQUEST		POST /elasticsearch/workbook	1707212145137	1707212151223	OK	 
REQUEST		POST /elasticsearch/insertDoc	1707212150392	1707212151273	OK	 
REQUEST		POST /elasticsearch/workbook	1707212144696	1707212151625	OK	 
REQUEST		POST /elasticsearch/insertDoc	1707212151019	1707212151314	OK	 
REQUEST		POST /elasticsearch/sheet/insertDoc	1707212149191	1707212150754	OK	 
REQUEST		POST /elasticsearch/workbook	1707212144747	1707212151218	OK	 
REQUEST		POST /elasticsearch/insertDoc	1707212149610	1707212150195	OK	 
REQUEST		POST /elasticsearch/insertDoc	1707212149593	1707212150194	OK	 
REQUEST		POST /elasticsearch/insertDoc	1707212150274	1707212150683	OK	 
REQUEST		POST /elasticsearch/insertDoc	1707212150165	1707212150677	OK	 
REQUEST		POST /elasticsearch/sheet/insertDoc	1707212149204	1707212150822	OK	 
REQUEST		POST /auth/getToken	1707212143518	1707212144085	OK	 
REQUEST		POST /elasticsearch/sheet/insertDoc	1707212149353	1707212150855	OK	 
REQUEST		POST /elasticsearch/sheet/insertDoc	1707212149139	1707212150854	OK	 
REQUEST		PATCH /elasticsearch/update	1707212150256	1707212150845	OK	 
REQUEST		POST /elasticsearch/sheet/insertDoc	1707212149560	1707212150873	OK	 
REQUEST		POST /elasticsearch/workbook	1707212144746	1707212151231	OK	 
REQUEST		POST /elasticsearch/sheet/insertDoc	1707212149395	1707212150869	OK	 
REQUEST		POST /auth/getToken	1707212144998	1707212145045	OK	 
REQUEST		POST /elasticsearch/workbook	1707212145006	1707212151204	OK	 
REQUEST		POST /elasticsearch/workbook	1707212144664	1707212150744	OK	 
REQUEST		POST /elasticsearch/insertDoc	1707212151450	1707212151894	OK	 
REQUEST		POST /auth/getToken	1707212145966	1707212146020	OK	 
REQUEST		POST /elasticsearch/workbook	1707212144676	1707212151817	OK	 
REQUEST		POST /elasticsearch/insertDoc	1707212150076	1707212150677	OK	 
REQUEST		POST /elasticsearch/workbook	1707212145574	1707212151215	OK	 
REQUEST		POST /elasticsearch/insertDoc	1707212149986	1707212150674	OK	 
REQUEST		POST /elasticsearch/insertDoc	1707212149458	1707212149955	OK	 
REQUEST		POST /elasticsearch/insertDoc	1707212151317	1707212151713	OK	 
REQUEST		POST /elasticsearch/workbook	1707212144690	1707212151215	OK	 
REQUEST		POST /elasticsearch/insertDoc	1707212151910	1707212152076	OK	 
REQUEST		POST /elasticsearch/workbook	1707212144623	1707212151693	OK	 
REQUEST		POST /elasticsearch/insertDoc	1707212151434	1707212151744	OK	 
REQUEST		POST /elasticsearch/workbook	1707212146026	1707212152093	OK	 
REQUEST		POST /elasticsearch/workbook	1707212145095	1707212151757	OK	 
REQUEST		POST /elasticsearch/workbook	1707212144772	1707212151783	OK	 
REQUEST		PATCH /elasticsearch/update	1707212149854	1707212150433	OK	 
REQUEST		POST /auth/getToken	1707212145409	1707212145458	OK	 
REQUEST		POST /elasticsearch/insertDoc	1707212152064	1707212152166	OK	 
REQUEST		POST /auth/getToken	1707212144887	1707212144941	OK	 
REQUEST		POST /elasticsearch/insertDoc	1707212151330	1707212151752	OK	 
REQUEST		POST /elasticsearch/insertDoc	1707212151770	1707212152165	OK	 
REQUEST		POST /elasticsearch/insertDoc	1707212150812	1707212152091	OK	 
REQUEST		POST /elasticsearch/insertDoc	1707212151680	1707212151968	OK	 
REQUEST		POST /elasticsearch/insertDoc	1707212151335	1707212151752	OK	 
REQUEST		POST /elasticsearch/insertDoc	1707212151351	1707212151753	OK	 
REQUEST		POST /elasticsearch/workbook	1707212144751	1707212151986	OK	 
REQUEST		PATCH /elasticsearch/update	1707212150087	1707212150434	OK	 
REQUEST		POST /auth/getToken	1707212145397	1707212145458	OK	 
REQUEST		POST /elasticsearch/workbook	1707212144749	1707212151649	OK	 
REQUEST		POST /elasticsearch/workbook	1707212144953	1707212152300	OK	 
REQUEST		POST /elasticsearch/workbook	1707212145053	1707212152037	OK	 
REQUEST		POST /elasticsearch/workbook	1707212144714	1707212151693	OK	 
REQUEST		POST /elasticsearch/insertDoc	1707212151841	1707212152196	OK	 
REQUEST		POST /auth/getToken	1707212145121	1707212145341	OK	 
REQUEST		POST /elasticsearch/workbook	1707212145409	1707212151924	OK	 
REQUEST		PATCH /elasticsearch/update	1707212150870	1707212150936	OK	 
REQUEST		POST /elasticsearch/sheet/insertDoc	1707212149554	1707212150959	OK	 
REQUEST		POST /elasticsearch/insertDoc	1707212150542	1707212151705	OK	 
REQUEST		POST /elasticsearch/insertDoc	1707212152156	1707212152410	OK	 
REQUEST		POST /elasticsearch/insertDoc	1707212151701	1707212151984	OK	 
REQUEST		POST /elasticsearch/sheet/insertDoc	1707212149621	1707212151047	OK	 
REQUEST		PATCH /elasticsearch/update	1707212149863	1707212150430	OK	 
REQUEST		POST /elasticsearch/sheet/insertDoc	1707212149714	1707212151082	OK	 
REQUEST		POST /elasticsearch/workbook	1707212145348	1707212152429	OK	 
REQUEST		POST /elasticsearch/workbook	1707212145466	1707212152408	OK	 
REQUEST		POST /elasticsearch/workbook	1707212144714	1707212151912	OK	 
REQUEST		POST /elasticsearch/insertDoc	1707212151597	1707212151958	OK	 
REQUEST		POST /elasticsearch/insertDoc	1707212151587	1707212151958	OK	 
REQUEST		PATCH /elasticsearch/update	1707212149802	1707212150328	OK	 
REQUEST		PATCH /elasticsearch/update	1707212149895	1707212150348	OK	 
REQUEST		POST /elasticsearch/sheet/insertDoc	1707212148785	1707212150357	OK	 
REQUEST		POST /elasticsearch/sheet/insertDoc	1707212148812	1707212150505	OK	 
REQUEST		POST /elasticsearch/sheet/insertDoc	1707212148798	1707212150505	OK	 
REQUEST		PATCH /elasticsearch/update	1707212149883	1707212150435	OK	 
REQUEST		POST /elasticsearch/workbook	1707212145462	1707212152285	OK	 
REQUEST		POST /elasticsearch/insertDoc	1707212152464	1707212152587	OK	 
REQUEST		PATCH /elasticsearch/update	1707212150860	1707212150931	OK	 
REQUEST		PATCH /elasticsearch/update	1707212150287	1707212151351	OK	 
REQUEST		POST /elasticsearch/insertDoc	1707212152546	1707212152587	OK	 
REQUEST		POST /elasticsearch/insertDoc	1707212152127	1707212152184	OK	 
REQUEST		POST /elasticsearch/insertDoc	1707212152496	1707212152597	OK	 
REQUEST		POST /elasticsearch/insertDoc	1707212152589	1707212152648	OK	 
REQUEST		PATCH /elasticsearch/update	1707212149802	1707212150342	OK	 
REQUEST		PATCH /elasticsearch/update	1707212149636	1707212150204	OK	 
REQUEST		PATCH /elasticsearch/update	1707212149640	1707212150204	OK	 
REQUEST		PATCH /elasticsearch/update	1707212150485	1707212151259	OK	 
REQUEST		PATCH /elasticsearch/update	1707212150352	1707212151259	OK	 
REQUEST		POST /elasticsearch/insertDoc	1707212151499	1707212151865	OK	 
REQUEST		POST /elasticsearch/insertDoc	1707212151365	1707212151755	OK	 
REQUEST		POST /elasticsearch/insertDoc	1707212151387	1707212151754	OK	 
REQUEST		POST /elasticsearch/insertDoc	1707212151293	1707212151712	OK	 
REQUEST		POST /elasticsearch/insertDoc	1707212151085	1707212151611	OK	 
REQUEST		POST /elasticsearch/insertDoc	1707212151072	1707212151516	OK	 
REQUEST		PATCH /elasticsearch/update	1707212150277	1707212150680	OK	 
REQUEST		POST /elasticsearch/insertDoc	1707212151103	1707212151567	OK	 
REQUEST		POST /elasticsearch/insertDoc	1707212151734	1707212152110	OK	 
REQUEST		POST /elasticsearch/insertDoc	1707212151194	1707212151514	OK	 
REQUEST		POST /elasticsearch/insertDoc	1707212151647	1707212152031	OK	 
REQUEST		POST /elasticsearch/sheet/insertDoc	1707212149091	1707212150684	OK	 
REQUEST		POST /elasticsearch/sheet/insertDoc	1707212149051	1707212150672	OK	 
REQUEST		POST /elasticsearch/sheet/insertDoc	1707212149033	1707212150743	OK	 
REQUEST		POST /elasticsearch/sheet/insertDoc	1707212149079	1707212150686	OK	 
REQUEST		POST /elasticsearch/insertDoc	1707212151626	1707212151960	OK	 
REQUEST		POST /elasticsearch/insertDoc	1707212152392	1707212152451	OK	 
REQUEST		POST /elasticsearch/insertDoc	1707212152195	1707212152425	OK	 
REQUEST		POST /elasticsearch/insertDoc	1707212152337	1707212152377	OK	 
REQUEST		POST /elasticsearch/insertDoc	1707212152359	1707212152423	OK	 
REQUEST		POST /elasticsearch/insertDoc	1707212151797	1707212152184	OK	 
REQUEST		POST /elasticsearch/insertDoc	1707212151972	1707212152106	OK	 
REQUEST		POST /elasticsearch/insertDoc	1707212152143	1707212152424	OK	 
REQUEST		POST /elasticsearch/sheet/insertDoc	1707212150252	1707212151744	OK	 
REQUEST		PATCH /elasticsearch/update	1707212151617	1707212151972	OK	 
REQUEST		POST /elasticsearch/sheet/insertDoc	1707212151254	1707212152527	OK	 
REQUEST		POST /elasticsearch/sheet/insertDoc	1707212150902	1707212152031	OK	 
REQUEST		POST /elasticsearch/sheet/insertDoc	1707212150732	1707212153089	OK	 
REQUEST		POST /elasticsearch/sheet/insertDoc	1707212150859	1707212151986	OK	 
REQUEST		POST /elasticsearch/sheet/insertDoc	1707212150722	1707212152998	OK	 
REQUEST		POST /elasticsearch/sheet/insertDoc	1707212151243	1707212152498	OK	 
REQUEST		POST /elasticsearch/sheet/insertDoc	1707212152078	1707212153160	OK	 
REQUEST		POST /elasticsearch/sheet/insertDoc	1707212150842	1707212151984	OK	 
REQUEST		POST /elasticsearch/sheet/insertDoc	1707212150544	1707212152604	OK	 
REQUEST		POST /elasticsearch/sheet/insertDoc	1707212150888	1707212152024	OK	 
REQUEST		POST /elasticsearch/sheet/insertDoc	1707212150822	1707212153059	OK	 
REQUEST		POST /elasticsearch/sheet/insertDoc	1707212150409	1707212152602	OK	 
REQUEST		POST /elasticsearch/sheet/insertDoc	1707212151060	1707212152453	OK	 
REQUEST		POST /elasticsearch/sheet/insertDoc	1707212150714	1707212152998	OK	 
REQUEST		POST /elasticsearch/sheet/insertDoc	1707212150570	1707212152603	OK	 
REQUEST		POST /elasticsearch/sheet/insertDoc	1707212150903	1707212152032	OK	 
REQUEST		POST /elasticsearch/sheet/insertDoc	1707212150892	1707212152024	OK	 
REQUEST		PATCH /elasticsearch/update	1707212152116	1707212152165	OK	 
REQUEST		PATCH /elasticsearch/update	1707212152077	1707212152166	OK	 
REQUEST		POST /elasticsearch/sheet/delete	1707212152607	1707212153252	OK	 
REQUEST		POST /elasticsearch/sheet/delete	1707212152252	1707212153229	OK	 
REQUEST		POST /elasticsearch/sheet/delete	1707212152585	1707212153229	OK	 
REQUEST		POST /elasticsearch/sheet/delete	1707212152606	1707212153263	OK	 
REQUEST		POST /elasticsearch/sheet/delete	1707212153001	1707212153266	OK	 
REQUEST		POST /elasticsearch/sheet/delete	1707212152605	1707212153272	OK	 
REQUEST		POST /elasticsearch/sheet/delete	1707212153092	1707212153237	OK	 
REQUEST		POST /elasticsearch/sheet/delete	1707212153001	1707212153242	OK	 
REQUEST		POST /elasticsearch/sheet/delete	1707212152305	1707212153242	OK	 
REQUEST		POST /elasticsearch/sheet/delete	1707212152263	1707212153253	OK	 
REQUEST		POST /elasticsearch/sheet/delete	1707212153062	1707212153253	OK	 
REQUEST		POST /elasticsearch/sheet/delete	1707212152501	1707212153252	OK	 
REQUEST		POST /elasticsearch/sheet/delete	1707212152239	1707212153274	OK	 
REQUEST		POST /elasticsearch/sheet/delete	1707212153162	1707212153252	OK	 
REQUEST		POST /elasticsearch/sheet/delete	1707212152516	1707212153263	OK	 
REQUEST		POST /elasticsearch/sheet/delete	1707212152358	1707212153252	OK	 
REQUEST		POST /elasticsearch/sheet/delete	1707212152258	1707212153278	OK	 
REQUEST		PATCH /elasticsearch/workbook/delete	1707212153234	1707212153338	OK	 
REQUEST		PATCH /elasticsearch/workbook/delete	1707212153234	1707212153337	OK	 
USER	ServiceTest	END	1707212153366
USER	ServiceTest	END	1707212153366
REQUEST		PATCH /elasticsearch/workbook/delete	1707212153258	1707212153329	OK	 
USER	ServiceTest	END	1707212153372
REQUEST		PATCH /elasticsearch/workbook/delete	1707212153303	1707212153354	OK	 
REQUEST		PATCH /elasticsearch/workbook/delete	1707212153296	1707212153354	OK	 
REQUEST		PATCH /elasticsearch/workbook/delete	1707212153276	1707212153352	OK	 
REQUEST		PATCH /elasticsearch/workbook/delete	1707212153255	1707212153350	OK	 
REQUEST		PATCH /elasticsearch/workbook/delete	1707212153292	1707212153350	OK	 
REQUEST		PATCH /elasticsearch/update	1707212151926	1707212152092	OK	 
REQUEST		PATCH /elasticsearch/update	1707212150712	1707212152121	OK	 
REQUEST		PATCH /elasticsearch/update	1707212150642	1707212152123	OK	 
USER	ServiceTest	END	1707212153379
USER	ServiceTest	END	1707212153379
USER	ServiceTest	END	1707212153379
USER	ServiceTest	END	1707212153379
USER	ServiceTest	END	1707212153379
REQUEST		PATCH /elasticsearch/update	1707212152056	1707212152151	OK	 
REQUEST		PATCH /elasticsearch/workbook/delete	1707212153255	1707212153342	OK	 
REQUEST		PATCH /elasticsearch/workbook/delete	1707212153244	1707212153341	OK	 
USER	ServiceTest	END	1707212153427
USER	ServiceTest	END	1707212153428
REQUEST		PATCH /elasticsearch/workbook/delete	1707212153244	1707212153342	OK	 
USER	ServiceTest	END	1707212153428
REQUEST		PATCH /elasticsearch/workbook/delete	1707212153239	1707212153341	OK	 
USER	ServiceTest	END	1707212153429
REQUEST		PATCH /elasticsearch/workbook/delete	1707212153275	1707212153341	OK	 
REQUEST		PATCH /elasticsearch/workbook/delete	1707212153267	1707212153340	OK	 
USER	ServiceTest	END	1707212153429
REQUEST		PATCH /elasticsearch/workbook/delete	1707212153269	1707212153340	OK	 
USER	ServiceTest	END	1707212153430
USER	ServiceTest	END	1707212153430
REQUEST		PATCH /elasticsearch/workbook/delete	1707212153292	1707212153359	OK	 
USER	ServiceTest	END	1707212153431
REQUEST		PATCH /elasticsearch/workbook/delete	1707212153280	1707212153359	OK	 
USER	ServiceTest	END	1707212153432
REQUEST		PATCH /elasticsearch/update	1707212151608	1707212151960	OK	 
REQUEST		PATCH /elasticsearch/update	1707212150724	1707212151985	OK	 
REQUEST		PATCH /elasticsearch/update	1707212150690	1707212151985	OK	 
REQUEST		PATCH /elasticsearch/update	1707212150701	1707212151984	OK	 
REQUEST		PATCH /elasticsearch/update	1707212151663	1707212151955	OK	 
REQUEST		POST /elasticsearch/sheet/insertDoc	1707212150474	1707212152391	OK	 
REQUEST		PATCH /elasticsearch/update	1707212151580	1707212151958	OK	 
REQUEST		PATCH /elasticsearch/update	1707212152394	1707212152481	OK	 
REQUEST		POST /elasticsearch/sheet/insertDoc	1707212150490	1707212152501	OK	 
REQUEST		PATCH /elasticsearch/update	1707212152439	1707212152497	OK	 
REQUEST		PATCH /elasticsearch/update	1707212152402	1707212152498	OK	 
REQUEST		POST /elasticsearch/sheet/insertDoc	1707212152506	1707212153586	OK	 
REQUEST		PATCH /elasticsearch/update	1707212150294	1707212151228	OK	 
REQUEST		POST /elasticsearch/sheet/insertDoc	1707212152533	1707212153605	OK	 
REQUEST		PATCH /elasticsearch/update	1707212152509	1707212152597	OK	 
REQUEST		POST /elasticsearch/sheet/insertDoc	1707212150485	1707212152277	OK	 
REQUEST		POST /elasticsearch/sheet/insertDoc	1707212150363	1707212152598	OK	 
REQUEST		POST /elasticsearch/sheet/insertDoc	1707212150375	1707212152599	OK	 
REQUEST		PATCH /elasticsearch/update	1707212152494	1707212152598	OK	 
REQUEST		POST /elasticsearch/sheet/insertDoc	1707212150466	1707212152618	OK	 
REQUEST		POST /elasticsearch/sheet/insertDoc	1707212151398	1707212152679	OK	 
REQUEST		POST /elasticsearch/sheet/insertDoc	1707212151318	1707212152679	OK	 
REQUEST		PATCH /elasticsearch/update	1707212150272	1707212151228	OK	 
REQUEST		PATCH /elasticsearch/update	1707212152622	1707212152680	OK	 
REQUEST		PATCH /elasticsearch/update	1707212152635	1707212152701	OK	 
REQUEST		PATCH /elasticsearch/update	1707212152637	1707212152678	OK	 
REQUEST		PATCH /elasticsearch/update	1707212150298	1707212151227	OK	 
REQUEST		PATCH /elasticsearch/update	1707212152659	1707212152710	OK	 
REQUEST		POST /elasticsearch/sheet/insertDoc	1707212152683	1707212153737	OK	 
REQUEST		PATCH /elasticsearch/update	1707212152685	1707212152729	OK	 
REQUEST		POST /elasticsearch/sheet/insertDoc	1707212152713	1707212153775	OK	 
REQUEST		PATCH /elasticsearch/update	1707212150504	1707212151865	OK	 
REQUEST		POST /elasticsearch/sheet/insertDoc	1707212150386	1707212152759	OK	 
REQUEST		POST /elasticsearch/sheet/insertDoc	1707212150284	1707212151781	OK	 
REQUEST		PATCH /elasticsearch/update	1707212151399	1707212151759	OK	 
REQUEST		PATCH /elasticsearch/update	1707212150511	1707212151865	OK	 
REQUEST		POST /elasticsearch/sheet/insertDoc	1707212152654	1707212153708	OK	 
REQUEST		POST /elasticsearch/sheet/insertDoc	1707212152657	1707212153707	OK	 
REQUEST		POST /elasticsearch/sheet/insertDoc	1707212152637	1707212153692	OK	 
REQUEST		POST /elasticsearch/sheet/delete	1707212153786	1707212153831	OK	 
REQUEST		POST /elasticsearch/sheet/delete	1707212153610	1707212153671	OK	 
REQUEST		POST /elasticsearch/sheet/insertDoc	1707212152785	1707212153847	OK	 
REQUEST		POST /elasticsearch/sheet/delete	1707212153591	1707212153631	OK	 
REQUEST		POST /elasticsearch/sheet/insertDoc	1707212152709	1707212153784	OK	 
REQUEST		POST /elasticsearch/sheet/delete	1707212153784	1707212153844	OK	 
REQUEST		POST /elasticsearch/sheet/insertDoc	1707212150293	1707212152765	OK	 
REQUEST		PATCH /elasticsearch/update	1707212150412	1707212151705	OK	 
REQUEST		POST /elasticsearch/sheet/insertDoc	1707212151490	1707212152817	OK	 
REQUEST		POST /elasticsearch/sheet/insertDoc	1707212150305	1707212152817	OK	 
REQUEST		PATCH /elasticsearch/update	1707212150587	1707212151706	OK	 
REQUEST		PATCH /elasticsearch/workbook/delete	1707212153852	1707212153926	OK	 
REQUEST		POST /elasticsearch/sheet/insertDoc	1707212152795	1707212153860	OK	 
REQUEST		PATCH /elasticsearch/update	1707212150707	1707212152108	OK	 
REQUEST		PATCH /elasticsearch/update	1707212150619	1707212151380	OK	 
REQUEST		PATCH /elasticsearch/update	1707212150494	1707212151651	OK	 
REQUEST		POST /elasticsearch/sheet/insertDoc	1707212150100	1707212151396	OK	 
REQUEST		POST /elasticsearch/sheet/insertDoc	1707212151474	1707212152829	OK	 
REQUEST		POST /elasticsearch/sheet/insertDoc	1707212149862	1707212151395	OK	 
REQUEST		PATCH /elasticsearch/workbook/delete	1707212153834	1707212153890	OK	 
USER	ServiceTest	END	1707212153952
USER	ServiceTest	END	1707212153962
REQUEST		POST /elasticsearch/sheet/insertDoc	1707212149872	1707212151395	OK	 
REQUEST		POST /elasticsearch/sheet/delete	1707212153812	1707212153890	OK	 
REQUEST		POST /elasticsearch/sheet/insertDoc	1707212150879	1707212152025	OK	 
REQUEST		PATCH /elasticsearch/update	1707212150477	1707212151456	OK	 
REQUEST		PATCH /elasticsearch/workbook/delete	1707212153840	1707212153919	OK	 
USER	ServiceTest	END	1707212153977
REQUEST		POST /elasticsearch/sheet/delete	1707212153796	1707212153882	OK	 
REQUEST		PATCH /elasticsearch/update	1707212152785	1707212152850	OK	 
REQUEST		PATCH /elasticsearch/update	1707212152768	1707212152846	OK	 
REQUEST		POST /elasticsearch/sheet/delete	1707212153797	1707212153890	OK	 
REQUEST		PATCH /elasticsearch/update	1707212152796	1707212152856	OK	 
REQUEST		PATCH /elasticsearch/workbook/delete	1707212153892	1707212153964	OK	 
USER	ServiceTest	END	1707212154000
REQUEST		PATCH /elasticsearch/workbook/delete	1707212153899	1707212153982	OK	 
REQUEST		POST /elasticsearch/sheet/delete	1707212153849	1707212153920	OK	 
REQUEST		PATCH /elasticsearch/update	1707212152807	1707212152876	OK	 
REQUEST		POST /elasticsearch/sheet/insertDoc	1707212152914	1707212153965	OK	 
USER	ServiceTest	END	1707212154012
REQUEST		POST /elasticsearch/sheet/insertDoc	1707212152864	1707212153951	OK	 
REQUEST		POST /elasticsearch/sheet/insertDoc	1707212152858	1707212153951	OK	 
REQUEST		POST /elasticsearch/sheet/insertDoc	1707212152855	1707212153964	OK	 
REQUEST		POST /elasticsearch/sheet/insertDoc	1707212150705	1707212152935	OK	 
REQUEST		PATCH /elasticsearch/update	1707212152823	1707212152933	OK	 
REQUEST		PATCH /elasticsearch/update	1707212152836	1707212152947	OK	 
REQUEST		PATCH /elasticsearch/update	1707212152835	1707212152947	OK	 
REQUEST		PATCH /elasticsearch/workbook/delete	1707212153924	1707212154014	OK	 
USER	ServiceTest	END	1707212154080
REQUEST		PATCH /elasticsearch/update	1707212152825	1707212152933	OK	 
REQUEST		PATCH /elasticsearch/update	1707212150704	1707212151985	OK	 
REQUEST		POST /elasticsearch/sheet/delete	1707212153873	1707212153950	OK	 
REQUEST		POST /elasticsearch/sheet/insertDoc	1707212152872	1707212153951	OK	 
REQUEST		POST /elasticsearch/sheet/delete	1707212153980	1707212154042	OK	 
REQUEST		PATCH /elasticsearch/update	1707212152935	1707212152986	OK	 
REQUEST		POST /elasticsearch/sheet/insertDoc	1707212152840	1707212153937	OK	 
REQUEST		PATCH /elasticsearch/update	1707212152103	1707212152330	OK	 
REQUEST		PATCH /elasticsearch/update	1707212152086	1707212152330	OK	 
REQUEST		POST /elasticsearch/sheet/insertDoc	1707212151054	1707212152451	OK	 
REQUEST		PATCH /elasticsearch/update	1707212152088	1707212152330	OK	 
REQUEST		PATCH /elasticsearch/update	1707212152080	1707212152329	OK	 
REQUEST		POST /elasticsearch/sheet/insertDoc	1707212152846	1707212153937	OK	 
REQUEST		PATCH /elasticsearch/update	1707212152127	1707212152330	OK	 
REQUEST		PATCH /elasticsearch/update	1707212152223	1707212152300	OK	 
REQUEST		PATCH /elasticsearch/update	1707212152254	1707212152427	OK	 
REQUEST		PATCH /elasticsearch/update	1707212152238	1707212152329	OK	 
REQUEST		PATCH /elasticsearch/update	1707212151600	1707212151958	OK	 
REQUEST		POST /elasticsearch/sheet/delete	1707212153989	1707212154054	OK	 
REQUEST		POST /elasticsearch/sheet/delete	1707212153993	1707212154100	OK	 
REQUEST		POST /elasticsearch/sheet/delete	1707212154064	1707212154115	OK	 
REQUEST		PATCH /elasticsearch/workbook/delete	1707212153998	1707212154099	OK	 
REQUEST		PATCH /elasticsearch/workbook/delete	1707212154045	1707212154101	OK	 
USER	ServiceTest	END	1707212154217
USER	ServiceTest	END	1707212154218
REQUEST		PATCH /elasticsearch/workbook/delete	1707212154106	1707212154197	OK	 
REQUEST		POST /elasticsearch/sheet/insertDoc	1707212153024	1707212154133	OK	 
REQUEST		PATCH /elasticsearch/workbook/delete	1707212154120	1707212154204	OK	 
REQUEST		PATCH /elasticsearch/update	1707212152885	1707212152980	OK	 
USER	ServiceTest	END	1707212154220
USER	ServiceTest	END	1707212154236
REQUEST		PATCH /elasticsearch/workbook/delete	1707212154120	1707212154203	OK	 
USER	ServiceTest	END	1707212154245
REQUEST		PATCH /elasticsearch/update	1707212153021	1707212153104	OK	 
REQUEST		PATCH /elasticsearch/update	1707212153046	1707212153120	OK	 
REQUEST		PATCH /elasticsearch/update	1707212153045	1707212153120	OK	 
REQUEST		PATCH /elasticsearch/update	1707212153029	1707212153115	OK	 
REQUEST		POST /elasticsearch/sheet/insertDoc	1707212152803	1707212153936	OK	 
REQUEST		PATCH /elasticsearch/update	1707212153090	1707212153130	OK	 
REQUEST		POST /elasticsearch/sheet/insertDoc	1707212152021	1707212153162	OK	 
REQUEST		PATCH /elasticsearch/update	1707212153046	1707212153130	OK	 
REQUEST		PATCH /elasticsearch/update	1707212153064	1707212153132	OK	 
REQUEST		PATCH /elasticsearch/update	1707212153092	1707212153130	OK	 
REQUEST		POST /elasticsearch/sheet/delete	1707212154135	1707212154265	OK	 
REQUEST		POST /elasticsearch/sheet/delete	1707212154138	1707212154221	OK	 
REQUEST		POST /elasticsearch/sheet/insertDoc	1707212153194	1707212154270	OK	 
REQUEST		POST /elasticsearch/sheet/insertDoc	1707212152967	1707212154069	OK	 
REQUEST		POST /elasticsearch/sheet/delete	1707212153986	1707212154056	OK	 
REQUEST		PATCH /elasticsearch/workbook/delete	1707212154268	1707212154328	OK	 
USER	ServiceTest	END	1707212154370
REQUEST		POST /elasticsearch/sheet/delete	1707212153989	1707212154054	OK	 
REQUEST		PATCH /elasticsearch/workbook/delete	1707212154288	1707212154359	OK	 
REQUEST		POST /elasticsearch/sheet/insertDoc	1707212152207	1707212153321	OK	 
REQUEST		POST /elasticsearch/sheet/delete	1707212153852	1707212153929	OK	 
USER	ServiceTest	END	1707212154387
REQUEST		POST /elasticsearch/sheet/insertDoc	1707212152227	1707212153322	OK	 
REQUEST		POST /elasticsearch/sheet/delete	1707212154064	1707212154144	OK	 
REQUEST		POST /elasticsearch/sheet/delete	1707212154272	1707212154343	OK	 
REQUEST		POST /elasticsearch/sheet/delete	1707212154285	1707212154356	OK	 
REQUEST		PATCH /elasticsearch/workbook/delete	1707212154286	1707212154371	OK	 
USER	ServiceTest	END	1707212154403
REQUEST		PATCH /elasticsearch/workbook/delete	1707212154319	1707212154386	OK	 
USER	ServiceTest	END	1707212154416
REQUEST		POST /elasticsearch/sheet/insertDoc	1707212153346	1707212154386	OK	 
REQUEST		POST /elasticsearch/sheet/insertDoc	1707212153346	1707212154393	OK	 
REQUEST		PATCH /elasticsearch/workbook/delete	1707212154338	1707212154401	OK	 
REQUEST		PATCH /elasticsearch/workbook/delete	1707212154345	1707212154401	OK	 
USER	ServiceTest	END	1707212154434
USER	ServiceTest	END	1707212154434
REQUEST		PATCH /elasticsearch/workbook/delete	1707212154360	1707212154402	OK	 
USER	ServiceTest	END	1707212154434
REQUEST		PATCH /elasticsearch/workbook/delete	1707212153872	1707212153935	OK	 
USER	ServiceTest	END	1707212154467
REQUEST		POST /elasticsearch/sheet/insertDoc	1707212152157	1707212153379	OK	 
REQUEST		POST /elasticsearch/sheet/insertDoc	1707212152130	1707212153377	OK	 
REQUEST		POST /elasticsearch/sheet/insertDoc	1707212152189	1707212153391	OK	 
REQUEST		POST /elasticsearch/sheet/delete	1707212154395	1707212154430	OK	 
REQUEST		POST /elasticsearch/sheet/insertDoc	1707212152158	1707212153377	OK	 
REQUEST		POST /elasticsearch/sheet/delete	1707212154388	1707212154430	OK	 
REQUEST		PATCH /elasticsearch/workbook/delete	1707212154433	1707212154469	OK	 
USER	ServiceTest	END	1707212154493
REQUEST		PATCH /elasticsearch/workbook/delete	1707212153887	1707212153979	OK	 
USER	ServiceTest	END	1707212154502
REQUEST		PATCH /elasticsearch/workbook/delete	1707212154432	1707212154479	OK	 
USER	ServiceTest	END	1707212154511
REQUEST		POST /elasticsearch/sheet/insertDoc	1707212153417	1707212154468	OK	 
REQUEST		POST /elasticsearch/sheet/insertDoc	1707212153435	1707212154469	OK	 
REQUEST		POST /elasticsearch/sheet/insertDoc	1707212153417	1707212154468	OK	 
REQUEST		POST /elasticsearch/sheet/insertDoc	1707212153412	1707212154469	OK	 
REQUEST		PATCH /elasticsearch/workbook/delete	1707212154263	1707212154328	OK	 
USER	ServiceTest	END	1707212154535
REQUEST		POST /elasticsearch/sheet/delete	1707212154472	1707212154515	OK	 
REQUEST		POST /elasticsearch/sheet/delete	1707212154471	1707212154515	OK	 
REQUEST		POST /elasticsearch/sheet/delete	1707212154471	1707212154515	OK	 
REQUEST		POST /elasticsearch/sheet/insertDoc	1707212152381	1707212153467	OK	 
REQUEST		PATCH /elasticsearch/workbook/delete	1707212154517	1707212154584	OK	 
REQUEST		PATCH /elasticsearch/workbook/delete	1707212154517	1707212154584	OK	 
REQUEST		PATCH /elasticsearch/workbook/delete	1707212154517	1707212154584	OK	 
REQUEST		POST /elasticsearch/sheet/delete	1707212154471	1707212154515	OK	 
USER	ServiceTest	END	1707212154612
USER	ServiceTest	END	1707212154612
USER	ServiceTest	END	1707212154612
REQUEST		POST /elasticsearch/sheet/insertDoc	1707212152405	1707212153545	OK	 
REQUEST		POST /elasticsearch/sheet/insertDoc	1707212152458	1707212153542	OK	 
REQUEST		POST /elasticsearch/sheet/insertDoc	1707212152468	1707212153542	OK	 
REQUEST		PATCH /elasticsearch/workbook/delete	1707212154517	1707212154612	OK	 
USER	ServiceTest	END	1707212154654
REQUEST		POST /elasticsearch/sheet/insertDoc	1707212153497	1707212154596	OK	 
REQUEST		POST /elasticsearch/sheet/insertDoc	1707212152476	1707212153586	OK	 
REQUEST		POST /elasticsearch/sheet/insertDoc	1707212152484	1707212153586	OK	 
REQUEST		POST /elasticsearch/sheet/insertDoc	1707212152512	1707212153600	OK	 
REQUEST		POST /elasticsearch/sheet/insertDoc	1707212153572	1707212154627	OK	 
REQUEST		POST /elasticsearch/sheet/insertDoc	1707212153572	1707212154627	OK	 
REQUEST		POST /elasticsearch/sheet/insertDoc	1707212152546	1707212153609	OK	 
REQUEST		POST /elasticsearch/sheet/insertDoc	1707212153572	1707212154627	OK	 
REQUEST		POST /elasticsearch/sheet/insertDoc	1707212152545	1707212153619	OK	 
REQUEST		POST /elasticsearch/sheet/insertDoc	1707212153622	1707212154668	OK	 
REQUEST		POST /elasticsearch/sheet/delete	1707212154599	1707212154643	OK	 
REQUEST		POST /elasticsearch/sheet/insertDoc	1707212153621	1707212154668	OK	 
REQUEST		POST /elasticsearch/sheet/insertDoc	1707212153637	1707212154685	OK	 
REQUEST		PATCH /elasticsearch/workbook/delete	1707212154657	1707212154716	OK	 
USER	ServiceTest	END	1707212154748
REQUEST		POST /elasticsearch/sheet/delete	1707212154644	1707212154698	OK	 
REQUEST		POST /elasticsearch/sheet/insertDoc	1707212153660	1707212154711	OK	 
REQUEST		POST /elasticsearch/sheet/delete	1707212154671	1707212154716	OK	 
REQUEST		POST /elasticsearch/sheet/delete	1707212154671	1707212154717	OK	 
REQUEST		POST /elasticsearch/sheet/delete	1707212154644	1707212154698	OK	 
REQUEST		POST /elasticsearch/sheet/insertDoc	1707212153640	1707212154698	OK	 
REQUEST		POST /elasticsearch/sheet/delete	1707212154647	1707212154698	OK	 
REQUEST		PATCH /elasticsearch/workbook/delete	1707212154718	1707212154764	OK	 
USER	ServiceTest	END	1707212154798
REQUEST		PATCH /elasticsearch/workbook/delete	1707212154718	1707212154764	OK	 
USER	ServiceTest	END	1707212154799
REQUEST		PATCH /elasticsearch/workbook/delete	1707212154699	1707212154762	OK	 
USER	ServiceTest	END	1707212154799
REQUEST		POST /elasticsearch/sheet/delete	1707212154688	1707212154741	OK	 
REQUEST		POST /elasticsearch/sheet/delete	1707212154713	1707212154762	OK	 
REQUEST		PATCH /elasticsearch/workbook/delete	1707212154699	1707212154778	OK	 
REQUEST		PATCH /elasticsearch/workbook/delete	1707212154699	1707212154777	OK	 
USER	ServiceTest	END	1707212154811
USER	ServiceTest	END	1707212154812
REQUEST		PATCH /elasticsearch/workbook/delete	1707212154744	1707212154807	OK	 
REQUEST		PATCH /elasticsearch/workbook/delete	1707212154765	1707212154809	OK	 
USER	ServiceTest	END	1707212154838
USER	ServiceTest	END	1707212154838
REQUEST		POST /elasticsearch/sheet/delete	1707212154699	1707212154777	OK	 
REQUEST		PATCH /elasticsearch/workbook/delete	1707212154779	1707212154853	OK	 
REQUEST		POST /elasticsearch/sheet/insertDoc	1707212152703	1707212153785	OK	 
USER	ServiceTest	END	1707212154884
REQUEST		POST /elasticsearch/sheet/insertDoc	1707212152727	1707212153802	OK	 
REQUEST		POST /elasticsearch/sheet/insertDoc	1707212152614	1707212153784	OK	 
REQUEST		POST /elasticsearch/sheet/insertDoc	1707212153810	1707212154883	OK	 
REQUEST		POST /elasticsearch/sheet/insertDoc	1707212152718	1707212153801	OK	 
REQUEST		POST /elasticsearch/sheet/insertDoc	1707212152742	1707212153829	OK	 
REQUEST		POST /elasticsearch/sheet/insertDoc	1707212152734	1707212153807	OK	 
REQUEST		POST /elasticsearch/sheet/insertDoc	1707212152796	1707212153879	OK	 
REQUEST		POST /elasticsearch/sheet/insertDoc	1707212153810	1707212154894	OK	 
REQUEST		POST /elasticsearch/sheet/insertDoc	1707212153826	1707212154888	OK	 
REQUEST		POST /elasticsearch/sheet/insertDoc	1707212153863	1707212154931	OK	 
REQUEST		POST /elasticsearch/sheet/insertDoc	1707212152756	1707212153833	OK	 
REQUEST		POST /elasticsearch/sheet/insertDoc	1707212153854	1707212154930	OK	 
REQUEST		POST /elasticsearch/sheet/insertDoc	1707212153862	1707212154937	OK	 
REQUEST		POST /elasticsearch/sheet/delete	1707212154885	1707212154930	OK	 
REQUEST		POST /elasticsearch/sheet/insertDoc	1707212153907	1707212154960	OK	 
REQUEST		POST /elasticsearch/sheet/delete	1707212154897	1707212154976	OK	 
REQUEST		PATCH /elasticsearch/workbook/delete	1707212154942	1707212155008	OK	 
USER	ServiceTest	END	1707212155030
REQUEST		POST /elasticsearch/sheet/delete	1707212154890	1707212154976	OK	 
REQUEST		POST /elasticsearch/sheet/insertDoc	1707212152763	1707212153844	OK	 
REQUEST		POST /elasticsearch/sheet/insertDoc	1707212152780	1707212153882	OK	 
REQUEST		POST /elasticsearch/sheet/delete	1707212154932	1707212154992	OK	 
REQUEST		POST /elasticsearch/sheet/insertDoc	1707212153916	1707212155005	OK	 
REQUEST		PATCH /elasticsearch/workbook/delete	1707212154979	1707212155027	OK	 
USER	ServiceTest	END	1707212155057
REQUEST		POST /elasticsearch/sheet/delete	1707212154939	1707212155007	OK	 
REQUEST		PATCH /elasticsearch/workbook/delete	1707212154982	1707212155037	OK	 
USER	ServiceTest	END	1707212155068
REQUEST		POST /elasticsearch/sheet/insertDoc	1707212152876	1707212153979	OK	 
REQUEST		POST /elasticsearch/sheet/insertDoc	1707212152855	1707212153950	OK	 
REQUEST		POST /elasticsearch/sheet/insertDoc	1707212152875	1707212153965	OK	 
REQUEST		POST /elasticsearch/sheet/delete	1707212154932	1707212155007	OK	 
REQUEST		POST /elasticsearch/sheet/insertDoc	1707212152924	1707212153994	OK	 
REQUEST		POST /elasticsearch/sheet/insertDoc	1707212152879	1707212153980	OK	 
REQUEST		POST /elasticsearch/sheet/delete	1707212154963	1707212155022	OK	 
REQUEST		POST /elasticsearch/sheet/insertDoc	1707212153952	1707212155039	OK	 
REQUEST		POST /elasticsearch/sheet/insertDoc	1707212153968	1707212155040	OK	 
REQUEST		POST /elasticsearch/sheet/delete	1707212155008	1707212155053	OK	 
REQUEST		PATCH /elasticsearch/workbook/delete	1707212155018	1707212155083	OK	 
REQUEST		PATCH /elasticsearch/workbook/delete	1707212155027	1707212155083	OK	 
USER	ServiceTest	END	1707212155117
USER	ServiceTest	END	1707212155118
REQUEST		PATCH /elasticsearch/workbook/delete	1707212155009	1707212155058	OK	 
USER	ServiceTest	END	1707212155120
REQUEST		PATCH /elasticsearch/workbook/delete	1707212154995	1707212155052	OK	 
USER	ServiceTest	END	1707212155120
REQUEST		PATCH /elasticsearch/workbook/delete	1707212155055	1707212155112	OK	 
REQUEST		POST /elasticsearch/sheet/insertDoc	1707212152839	1707212153950	OK	 
REQUEST		POST /elasticsearch/sheet/insertDoc	1707212152822	1707212153951	OK	 
USER	ServiceTest	END	1707212155149
REQUEST		POST /elasticsearch/sheet/insertDoc	1707212154023	1707212155082	OK	 
REQUEST		POST /elasticsearch/sheet/insertDoc	1707212154001	1707212155083	OK	 
REQUEST		POST /elasticsearch/sheet/insertDoc	1707212154027	1707212155083	OK	 
REQUEST		POST /elasticsearch/sheet/insertDoc	1707212154002	1707212155083	OK	 
REQUEST		POST /elasticsearch/sheet/insertDoc	1707212154006	1707212155081	OK	 
REQUEST		POST /elasticsearch/sheet/delete	1707212155042	1707212155105	OK	 
REQUEST		POST /elasticsearch/sheet/insertDoc	1707212152923	1707212154015	OK	 
REQUEST		POST /elasticsearch/sheet/delete	1707212155044	1707212155111	OK	 
REQUEST		POST /elasticsearch/sheet/insertDoc	1707212154082	1707212155142	OK	 
REQUEST		PATCH /elasticsearch/workbook/delete	1707212155109	1707212155176	OK	 
USER	ServiceTest	END	1707212155203
REQUEST		POST /elasticsearch/sheet/insertDoc	1707212154079	1707212155144	OK	 
REQUEST		POST /elasticsearch/sheet/delete	1707212155085	1707212155155	OK	 
REQUEST		POST /elasticsearch/sheet/delete	1707212155096	1707212155161	OK	 
REQUEST		PATCH /elasticsearch/workbook/delete	1707212155118	1707212155180	OK	 
USER	ServiceTest	END	1707212155217
REQUEST		POST /elasticsearch/sheet/delete	1707212155094	1707212155168	OK	 
REQUEST		POST /elasticsearch/sheet/delete	1707212155102	1707212155160	OK	 
REQUEST		POST /elasticsearch/sheet/delete	1707212155086	1707212155162	OK	 
REQUEST		POST /elasticsearch/sheet/delete	1707212155144	1707212155191	OK	 
REQUEST		POST /elasticsearch/sheet/insertDoc	1707212154095	1707212155177	OK	 
REQUEST		POST /elasticsearch/sheet/insertDoc	1707212153076	1707212154146	OK	 
REQUEST		POST /elasticsearch/sheet/insertDoc	1707212153065	1707212154148	OK	 
REQUEST		POST /elasticsearch/sheet/delete	1707212155148	1707212155206	OK	 
REQUEST		PATCH /elasticsearch/workbook/delete	1707212155158	1707212155214	OK	 
USER	ServiceTest	END	1707212155259
REQUEST		POST /elasticsearch/sheet/insertDoc	1707212153018	1707212154173	OK	 
REQUEST		PATCH /elasticsearch/workbook/delete	1707212155163	1707212155215	OK	 
REQUEST		PATCH /elasticsearch/workbook/delete	1707212155166	1707212155227	OK	 
USER	ServiceTest	END	1707212155267
USER	ServiceTest	END	1707212155267
REQUEST		PATCH /elasticsearch/workbook/delete	1707212155164	1707212155227	OK	 
USER	ServiceTest	END	1707212155268
REQUEST		PATCH /elasticsearch/workbook/delete	1707212155172	1707212155225	OK	 
USER	ServiceTest	END	1707212155268
REQUEST		POST /elasticsearch/sheet/insertDoc	1707212153091	1707212154149	OK	 
REQUEST		PATCH /elasticsearch/workbook/delete	1707212155194	1707212155247	OK	 
USER	ServiceTest	END	1707212155284
REQUEST		PATCH /elasticsearch/workbook/delete	1707212155209	1707212155247	OK	 
USER	ServiceTest	END	1707212155285
REQUEST		POST /elasticsearch/sheet/insertDoc	1707212153075	1707212154144	OK	 
REQUEST		POST /elasticsearch/sheet/insertDoc	1707212154185	1707212155247	OK	 
REQUEST		POST /elasticsearch/sheet/insertDoc	1707212153033	1707212154117	OK	 
REQUEST		POST /elasticsearch/sheet/insertDoc	1707212153012	1707212154115	OK	 
REQUEST		POST /elasticsearch/sheet/delete	1707212155180	1707212155247	OK	 
REQUEST		POST /elasticsearch/sheet/insertDoc	1707212154208	1707212155262	OK	 
REQUEST		POST /elasticsearch/sheet/insertDoc	1707212154195	1707212155247	OK	 
REQUEST		POST /elasticsearch/sheet/insertDoc	1707212154187	1707212155277	OK	 
REQUEST		PATCH /elasticsearch/workbook/delete	1707212155249	1707212155314	OK	 
USER	ServiceTest	END	1707212155342
REQUEST		POST /elasticsearch/sheet/insertDoc	1707212154228	1707212155293	OK	 
REQUEST		POST /elasticsearch/sheet/insertDoc	1707212153179	1707212154271	OK	 
REQUEST		POST /elasticsearch/sheet/insertDoc	1707212154196	1707212155292	OK	 
REQUEST		POST /elasticsearch/sheet/insertDoc	1707212154230	1707212155294	OK	 
REQUEST		POST /elasticsearch/sheet/delete	1707212155249	1707212155292	OK	 
REQUEST		POST /elasticsearch/sheet/delete	1707212155265	1707212155315	OK	 
REQUEST		POST /elasticsearch/sheet/delete	1707212155280	1707212155329	OK	 
REQUEST		POST /elasticsearch/sheet/delete	1707212155249	1707212155315	OK	 
REQUEST		POST /elasticsearch/sheet/insertDoc	1707212152966	1707212154070	OK	 
REQUEST		POST /elasticsearch/sheet/insertDoc	1707212153172	1707212154277	OK	 
REQUEST		POST /elasticsearch/sheet/insertDoc	1707212153168	1707212154274	OK	 
REQUEST		PATCH /elasticsearch/workbook/delete	1707212155310	1707212155369	OK	 
USER	ServiceTest	END	1707212155403
REQUEST		PATCH /elasticsearch/workbook/delete	1707212155319	1707212155384	OK	 
REQUEST		PATCH /elasticsearch/workbook/delete	1707212155332	1707212155383	OK	 
USER	ServiceTest	END	1707212155406
USER	ServiceTest	END	1707212155406
REQUEST		POST /elasticsearch/sheet/insertDoc	1707212153169	1707212154269	OK	 
REQUEST		PATCH /elasticsearch/workbook/delete	1707212155317	1707212155383	OK	 
USER	ServiceTest	END	1707212155417
REQUEST		POST /elasticsearch/sheet/insertDoc	1707212154317	1707212155385	OK	 
REQUEST		POST /elasticsearch/sheet/insertDoc	1707212154320	1707212155385	OK	 
REQUEST		POST /elasticsearch/sheet/insertDoc	1707212153158	1707212154254	OK	 
REQUEST		POST /elasticsearch/sheet/insertDoc	1707212154335	1707212155397	OK	 
REQUEST		POST /elasticsearch/sheet/insertDoc	1707212152665	1707212153722	OK	 
REQUEST		POST /elasticsearch/sheet/insertDoc	1707212154296	1707212155353	OK	 
REQUEST		POST /elasticsearch/sheet/delete	1707212155295	1707212155352	OK	 
REQUEST		POST /elasticsearch/sheet/delete	1707212155301	1707212155367	OK	 
REQUEST		POST /elasticsearch/sheet/delete	1707212155303	1707212155368	OK	 
REQUEST		POST /elasticsearch/sheet/delete	1707212155389	1707212155423	OK	 
REQUEST		POST /elasticsearch/sheet/delete	1707212155387	1707212155423	OK	 
REQUEST		POST /elasticsearch/sheet/insertDoc	1707212154301	1707212155410	OK	 
REQUEST		POST /elasticsearch/sheet/insertDoc	1707212154373	1707212155435	OK	 
REQUEST		POST /elasticsearch/sheet/delete	1707212155401	1707212155443	OK	 
REQUEST		PATCH /elasticsearch/workbook/delete	1707212155355	1707212155460	OK	 
REQUEST		POST /elasticsearch/sheet/insertDoc	1707212154410	1707212155458	OK	 
REQUEST		POST /elasticsearch/sheet/insertDoc	1707212152622	1707212153692	OK	 
REQUEST		PATCH /elasticsearch/workbook/delete	1707212155370	1707212155460	OK	 
USER	ServiceTest	END	1707212155497
USER	ServiceTest	END	1707212155497
REQUEST		POST /elasticsearch/sheet/insertDoc	1707212152585	1707212153649	OK	 
REQUEST		POST /elasticsearch/sheet/insertDoc	1707212152812	1707212153937	OK	 
REQUEST		PATCH /elasticsearch/workbook/delete	1707212155425	1707212155472	OK	 
USER	ServiceTest	END	1707212155510
REQUEST		PATCH /elasticsearch/workbook/delete	1707212155426	1707212155470	OK	 
USER	ServiceTest	END	1707212155512
REQUEST		PATCH /elasticsearch/workbook/delete	1707212155369	1707212155470	OK	 
USER	ServiceTest	END	1707212155517
REQUEST		POST /elasticsearch/sheet/delete	1707212155355	1707212155458	OK	 
REQUEST		PATCH /elasticsearch/workbook/delete	1707212155446	1707212155486	OK	 
USER	ServiceTest	END	1707212155525
REQUEST		POST /elasticsearch/sheet/delete	1707212155460	1707212155489	OK	 
REQUEST		POST /elasticsearch/sheet/delete	1707212155413	1707212155475	OK	 
REQUEST		POST /elasticsearch/sheet/insertDoc	1707212152811	1707212153936	OK	 
REQUEST		POST /elasticsearch/sheet/insertDoc	1707212152983	1707212154071	OK	 
REQUEST		PATCH /elasticsearch/workbook/delete	1707212155477	1707212155535	OK	 
REQUEST		PATCH /elasticsearch/workbook/delete	1707212155462	1707212155517	OK	 
USER	ServiceTest	END	1707212155560
USER	ServiceTest	END	1707212155560
REQUEST		POST /elasticsearch/sheet/delete	1707212155438	1707212155486	OK	 
REQUEST		POST /elasticsearch/sheet/insertDoc	1707212152956	1707212154085	OK	 
REQUEST		POST /elasticsearch/sheet/insertDoc	1707212152984	1707212154070	OK	 
REQUEST		POST /elasticsearch/sheet/insertDoc	1707212154444	1707212155493	OK	 
REQUEST		POST /elasticsearch/sheet/insertDoc	1707212154455	1707212155504	OK	 
REQUEST		POST /elasticsearch/sheet/insertDoc	1707212154451	1707212155504	OK	 
REQUEST		PATCH /elasticsearch/workbook/delete	1707212155492	1707212155535	OK	 
REQUEST		POST /elasticsearch/sheet/insertDoc	1707212152967	1707212154084	OK	 
USER	ServiceTest	END	1707212155581
REQUEST		POST /elasticsearch/sheet/insertDoc	1707212153078	1707212154146	OK	 
REQUEST		POST /elasticsearch/sheet/insertDoc	1707212154467	1707212155548	OK	 
REQUEST		PATCH /elasticsearch/workbook/delete	1707212155488	1707212155563	OK	 
USER	ServiceTest	END	1707212155601
REQUEST		POST /elasticsearch/sheet/insertDoc	1707212153037	1707212154132	OK	 
REQUEST		POST /elasticsearch/sheet/delete	1707212155507	1707212155565	OK	 
REQUEST		POST /elasticsearch/sheet/insertDoc	1707212154494	1707212155557	OK	 
REQUEST		POST /elasticsearch/sheet/insertDoc	1707212154493	1707212155564	OK	 
REQUEST		POST /elasticsearch/sheet/delete	1707212155496	1707212155565	OK	 
REQUEST		POST /elasticsearch/sheet/insertDoc	1707212153011	1707212154235	OK	 
REQUEST		POST /elasticsearch/sheet/insertDoc	1707212153132	1707212154251	OK	 
REQUEST		POST /elasticsearch/sheet/insertDoc	1707212153148	1707212154252	OK	 
REQUEST		PATCH /elasticsearch/workbook/delete	1707212155569	1707212155615	OK	 
REQUEST		POST /elasticsearch/sheet/insertDoc	1707212153150	1707212154253	OK	 
REQUEST		POST /elasticsearch/sheet/insertDoc	1707212153033	1707212154133	OK	 
REQUEST		POST /elasticsearch/sheet/insertDoc	1707212154484	1707212155564	OK	 
REQUEST		POST /elasticsearch/sheet/delete	1707212155506	1707212155565	OK	 
REQUEST		POST /elasticsearch/sheet/insertDoc	1707212154499	1707212155583	OK	 
REQUEST		PATCH /elasticsearch/workbook/delete	1707212155567	1707212155629	OK	 
USER	ServiceTest	END	1707212155660
REQUEST		POST /elasticsearch/sheet/insertDoc	1707212154503	1707212155595	OK	 
REQUEST		POST /elasticsearch/sheet/delete	1707212155551	1707212155597	OK	 
USER	ServiceTest	END	1707212155715
REQUEST		PATCH /elasticsearch/workbook/delete	1707212155568	1707212155656	OK	 
USER	ServiceTest	END	1707212155727
REQUEST		PATCH /elasticsearch/workbook/delete	1707212155599	1707212155710	OK	 
USER	ServiceTest	END	1707212155735
REQUEST		POST /elasticsearch/sheet/insertDoc	1707212154530	1707212155615	OK	 
REQUEST		POST /elasticsearch/sheet/insertDoc	1707212154503	1707212155631	OK	 
REQUEST		POST /elasticsearch/sheet/insertDoc	1707212154512	1707212155634	OK	 
REQUEST		POST /elasticsearch/sheet/delete	1707212155570	1707212155626	OK	 
REQUEST		POST /elasticsearch/sheet/delete	1707212155560	1707212155626	OK	 
REQUEST		POST /elasticsearch/sheet/insertDoc	1707212154513	1707212155633	OK	 
REQUEST		POST /elasticsearch/sheet/delete	1707212155580	1707212155654	OK	 
REQUEST		POST /elasticsearch/sheet/delete	1707212155586	1707212155658	OK	 
REQUEST		POST /elasticsearch/sheet/delete	1707212155598	1707212155701	OK	 
REQUEST		POST /elasticsearch/sheet/insertDoc	1707212154530	1707212155654	OK	 
REQUEST		POST /elasticsearch/sheet/insertDoc	1707212154532	1707212155654	OK	 
REQUEST		PATCH /elasticsearch/workbook/delete	1707212155628	1707212155748	OK	 
USER	ServiceTest	END	1707212155783
REQUEST		PATCH /elasticsearch/workbook/delete	1707212155637	1707212155748	OK	 
USER	ServiceTest	END	1707212155784
REQUEST		POST /elasticsearch/sheet/delete	1707212155635	1707212155748	OK	 
REQUEST		POST /elasticsearch/sheet/delete	1707212155636	1707212155748	OK	 
REQUEST		POST /elasticsearch/sheet/delete	1707212155617	1707212155744	OK	 
REQUEST		PATCH /elasticsearch/workbook/delete	1707212155703	1707212155758	OK	 
REQUEST		PATCH /elasticsearch/workbook/delete	1707212155710	1707212155758	OK	 
REQUEST		PATCH /elasticsearch/workbook/delete	1707212155656	1707212155758	OK	 
USER	ServiceTest	END	1707212155795
USER	ServiceTest	END	1707212155795
USER	ServiceTest	END	1707212155795
REQUEST		POST /elasticsearch/sheet/delete	1707212155647	1707212155758	OK	 
REQUEST		POST /elasticsearch/sheet/delete	1707212155715	1707212155770	OK	 
REQUEST		PATCH /elasticsearch/workbook/delete	1707212155749	1707212155792	OK	 
REQUEST		PATCH /elasticsearch/workbook/delete	1707212155750	1707212155787	OK	 
REQUEST		PATCH /elasticsearch/workbook/delete	1707212155747	1707212155793	OK	 
USER	ServiceTest	END	1707212155824
USER	ServiceTest	END	1707212155824
USER	ServiceTest	END	1707212155824
REQUEST		POST /elasticsearch/sheet/delete	1707212155715	1707212155770	OK	 
REQUEST		PATCH /elasticsearch/workbook/delete	1707212155771	1707212155812	OK	 
REQUEST		PATCH /elasticsearch/workbook/delete	1707212155760	1707212155812	OK	 
USER	ServiceTest	END	1707212155839
USER	ServiceTest	END	1707212155839
REQUEST		PATCH /elasticsearch/workbook/delete	1707212155771	1707212155834	OK	 
USER	ServiceTest	END	1707212155869
