RUN	Runner.TDG_UKAF_Feeder	tdg-ukaf-feeder	1709892348343	 	3.7.4
USER	Feeder	START	1709892348607
USER	Feeder	START	1709892348608
USER	Feeder	START	1709892348608
USER	Feeder	START	1709892348608
USER	Feeder	START	1709892348609
REQUEST		POST /auth/getToken	1709892351972	1709892352074	OK	 
REQUEST		POST /auth/getToken	1709892351972	1709892352074	OK	 
REQUEST		POST /auth/getToken	1709892351972	1709892352074	OK	 
REQUEST		POST /auth/getToken	1709892351971	1709892352087	OK	 
REQUEST		POST /auth/getToken	1709892351972	1709892352074	OK	 
REQUEST		POST /elasticsearch/insertDoc	1709892352121	1709892352162	OK	 
REQUEST		POST /elasticsearch/insertDoc	1709892352123	1709892352165	OK	 
REQUEST		POST /elasticsearch/insertDoc	1709892352121	1709892352182	OK	 
REQUEST		POST /elasticsearch/insertDoc	1709892352128	1709892352182	OK	 
REQUEST		POST /elasticsearch/insertDoc	1709892352131	1709892352199	OK	 
REQUEST		PATCH /elasticsearch/update	1709892352174	1709892352225	OK	 
REQUEST		PATCH /elasticsearch/workbook/delete	1709892352230	1709892353300	OK	 
REQUEST		PATCH /elasticsearch/update	1709892352174	1709892352219	OK	 
REQUEST		PATCH /elasticsearch/workbook/delete	1709892352231	1709892353302	OK	 
USER	Feeder	END	1709892353304
USER	Feeder	END	1709892353304
REQUEST		PATCH /elasticsearch/update	1709892352193	1709892352244	OK	 
REQUEST		PATCH /elasticsearch/workbook/delete	1709892352252	1709892353317	OK	 
USER	Feeder	END	1709892353319
REQUEST		PATCH /elasticsearch/update	1709892352191	1709892352253	OK	 
REQUEST		PATCH /elasticsearch/workbook/delete	1709892352259	1709892353320	OK	 
USER	Feeder	END	1709892353322
REQUEST		PATCH /elasticsearch/update	1709892352210	1709892352265	OK	 
REQUEST		PATCH /elasticsearch/workbook/delete	1709892352269	1709892353322	OK	 
USER	Feeder	END	1709892353324
