RUN	Runner.TDG_UKAF_Feeder	tdg-ukaf-feeder	1704795046351	 	3.7.4
USER	FeederToKarate	START	1704795046515
USER	FeederToKarate	START	1704795046511
USER	FeederToKarate	START	1704795046510
USER	FeederToKarate	START	1704795046516
USER	FeederToKarate	START	1704795046516
REQUEST		POST /auth/getToken	1704795049403	1704795049492	OK	 
REQUEST		POST /auth/getToken	1704795049403	1704795049492	OK	 
REQUEST		POST /auth/getToken	1704795049403	1704795049492	OK	 
REQUEST		POST /auth/getToken	1704795049403	1704795049492	OK	 
REQUEST		POST /elasticsearch/insertDoc	1704795049549	1704795049597	KO	Features/TDG_UKAF_Input_Data_From_Feeder.feature:31 status 201
REQUEST		POST /elasticsearch/insertDoc	1704795049547	1704795049594	KO	Features/TDG_UKAF_Input_Data_From_Feeder.feature:31 status 201
REQUEST		POST /auth/getToken	1704795049403	1704795049492	OK	 
REQUEST		POST /elasticsearch/insertDoc	1704795049552	1704795049593	KO	Features/TDG_UKAF_Input_Data_From_Feeder.feature:31 status 201
REQUEST		POST /elasticsearch/insertDoc	1704795049551	1704795049578	KO	Features/TDG_UKAF_Input_Data_From_Feeder.feature:31 status 201
REQUEST		POST /elasticsearch/insertDoc	1704795049550	1704795049572	KO	Features/TDG_UKAF_Input_Data_From_Feeder.feature:31 status 201
USER	FeederToKarate	END	1704795049601
USER	FeederToKarate	END	1704795049601
USER	FeederToKarate	END	1704795049602
USER	FeederToKarate	END	1704795049602
USER	FeederToKarate	END	1704795049602
