RUN	Runner.TDG_Demo	tdg-demo	1705644822125	 	3.7.4
USER	ServiceTest	START	1705644822427
USER	ServiceTest	START	1705644822522
USER	ServiceTest	START	1705644822923
USER	ServiceTest	START	1705644822318
USER	ServiceTest	START	1705644823321
USER	ServiceTest	START	1705644823322
USER	ServiceTest	START	1705644823321
USER	ServiceTest	START	1705644822248
USER	ServiceTest	START	1705644822631
USER	ServiceTest	START	1705644822723
USER	ServiceTest	START	1705644822837
USER	ServiceTest	START	1705644823352
USER	ServiceTest	START	1705644823435
USER	ServiceTest	START	1705644823532
USER	ServiceTest	START	1705644823627
USER	ServiceTest	START	1705644823721
USER	ServiceTest	START	1705644823831
USER	ServiceTest	START	1705644823923
USER	ServiceTest	START	1705644824032
USER	ServiceTest	START	1705644824126
USER	ServiceTest	START	1705644824237
USER	ServiceTest	START	1705644824312
USER	ServiceTest	START	1705644824432
USER	ServiceTest	START	1705644824510
USER	ServiceTest	START	1705644824620
USER	ServiceTest	START	1705644824712
USER	ServiceTest	START	1705644824806
USER	ServiceTest	START	1705644824925
USER	ServiceTest	START	1705644825021
USER	ServiceTest	START	1705644825110
USER	ServiceTest	START	1705644825237
USER	ServiceTest	START	1705644825307
USER	ServiceTest	START	1705644825406
USER	ServiceTest	START	1705644825524
USER	ServiceTest	START	1705644825606
USER	ServiceTest	START	1705644825710
USER	ServiceTest	START	1705644825807
USER	ServiceTest	START	1705644825912
USER	ServiceTest	START	1705644826015
USER	ServiceTest	START	1705644826179
USER	ServiceTest	START	1705644826228
USER	ServiceTest	START	1705644826332
USER	ServiceTest	START	1705644826412
REQUEST		POST /auth/getToken	1705644825944	1705644826257	OK	 
REQUEST		POST /auth/getToken	1705644825912	1705644826259	OK	 
REQUEST		POST /auth/getToken	1705644825931	1705644826253	OK	 
REQUEST		POST /auth/getToken	1705644825940	1705644826259	OK	 
REQUEST		POST /auth/getToken	1705644825910	1705644826253	OK	 
REQUEST		POST /auth/getToken	1705644826000	1705644826275	OK	 
REQUEST		POST /auth/getToken	1705644825891	1705644826275	OK	 
REQUEST		POST /auth/getToken	1705644825930	1705644826275	OK	 
REQUEST		POST /auth/getToken	1705644825890	1705644826257	OK	 
USER	ServiceTest	START	1705644826529
REQUEST		POST /auth/getToken	1705644825918	1705644826275	OK	 
REQUEST		POST /auth/getToken	1705644825919	1705644826305	OK	 
REQUEST		POST /auth/getToken	1705644825948	1705644826315	OK	 
REQUEST		POST /auth/getToken	1705644825937	1705644826312	OK	 
REQUEST		POST /auth/getToken	1705644825928	1705644826303	OK	 
REQUEST		POST /auth/getToken	1705644825922	1705644826318	OK	 
REQUEST		POST /auth/getToken	1705644825890	1705644826312	OK	 
REQUEST		POST /auth/getToken	1705644825920	1705644826293	OK	 
REQUEST		POST /auth/getToken	1705644825909	1705644826291	OK	 
USER	ServiceTest	START	1705644826629
REQUEST		POST /auth/getToken	1705644825925	1705644826288	OK	 
REQUEST		POST /auth/getToken	1705644825943	1705644826288	OK	 
REQUEST		POST /auth/getToken	1705644825910	1705644826277	OK	 
REQUEST		POST /auth/getToken	1705644825939	1705644826309	OK	 
REQUEST		POST /auth/getToken	1705644825935	1705644826310	OK	 
REQUEST		POST /auth/getToken	1705644825921	1705644826288	OK	 
REQUEST		POST /auth/getToken	1705644825922	1705644826277	OK	 
REQUEST		POST /auth/getToken	1705644825889	1705644826376	OK	 
REQUEST		POST /auth/getToken	1705644825987	1705644826279	OK	 
REQUEST		POST /auth/getToken	1705644825920	1705644826289	OK	 
REQUEST		POST /auth/getToken	1705644825911	1705644826307	OK	 
REQUEST		POST /auth/getToken	1705644825892	1705644826376	OK	 
REQUEST		POST /auth/getToken	1705644826204	1705644826392	OK	 
REQUEST		POST /auth/getToken	1705644825941	1705644826374	OK	 
USER	ServiceTest	START	1705644826720
REQUEST		POST /auth/getToken	1705644826052	1705644826368	OK	 
REQUEST		POST /auth/getToken	1705644825927	1705644826371	OK	 
REQUEST		POST /auth/getToken	1705644825922	1705644826374	OK	 
REQUEST		POST /auth/getToken	1705644825934	1705644826371	OK	 
REQUEST		POST /elasticsearch/insertDoc	1705644826558	1705644826650	OK	 
REQUEST		POST /auth/getToken	1705644825955	1705644826369	OK	 
REQUEST		POST /auth/getToken	1705644825932	1705644826363	OK	 
REQUEST		POST /auth/getToken	1705644825937	1705644826366	OK	 
USER	ServiceTest	START	1705644826842
REQUEST		POST /auth/getToken	1705644825933	1705644826362	OK	 
REQUEST		POST /elasticsearch/insertDoc	1705644826568	1705644826683	OK	 
REQUEST		POST /elasticsearch/insertDoc	1705644826557	1705644826675	OK	 
REQUEST		POST /elasticsearch/insertDoc	1705644826546	1705644826649	OK	 
REQUEST		POST /elasticsearch/insertDoc	1705644826560	1705644826668	OK	 
REQUEST		POST /elasticsearch/insertDoc	1705644826582	1705644826668	OK	 
REQUEST		POST /elasticsearch/insertDoc	1705644826463	1705644826586	OK	 
REQUEST		POST /elasticsearch/insertDoc	1705644826487	1705644826637	OK	 
USER	ServiceTest	START	1705644826910
REQUEST		POST /elasticsearch/insertDoc	1705644826509	1705644826639	OK	 
REQUEST		POST /elasticsearch/insertDoc	1705644826451	1705644826591	OK	 
REQUEST		POST /elasticsearch/insertDoc	1705644826512	1705644826638	OK	 
REQUEST		POST /elasticsearch/insertDoc	1705644826457	1705644826576	OK	 
REQUEST		POST /elasticsearch/insertDoc	1705644826475	1705644826641	OK	 
REQUEST		POST /elasticsearch/insertDoc	1705644826491	1705644826627	OK	 
REQUEST		POST /elasticsearch/insertDoc	1705644826679	1705644826808	OK	 
REQUEST		POST /elasticsearch/insertDoc	1705644826695	1705644826820	OK	 
REQUEST		POST /elasticsearch/insertDoc	1705644826692	1705644826810	OK	 
USER	ServiceTest	START	1705644827034
REQUEST		POST /elasticsearch/insertDoc	1705644826342	1705644826518	OK	 
REQUEST		POST /elasticsearch/insertDoc	1705644826424	1705644826572	OK	 
REQUEST		POST /elasticsearch/insertDoc	1705644826445	1705644826574	OK	 
REQUEST		POST /elasticsearch/insertDoc	1705644826323	1705644826526	OK	 
REQUEST		POST /elasticsearch/insertDoc	1705644826328	1705644826502	OK	 
REQUEST		POST /auth/getToken	1705644826351	1705644826499	OK	 
REQUEST		POST /elasticsearch/insertDoc	1705644826335	1705644826515	OK	 
USER	ServiceTest	START	1705644827139
REQUEST		POST /elasticsearch/insertDoc	1705644826396	1705644826523	OK	 
REQUEST		POST /elasticsearch/insertDoc	1705644826338	1705644826520	OK	 
REQUEST		POST /elasticsearch/insertDoc	1705644826727	1705644826850	OK	 
REQUEST		POST /elasticsearch/insertDoc	1705644826326	1705644826503	OK	 
REQUEST		POST /elasticsearch/insertDoc	1705644826562	1705644826673	OK	 
REQUEST		POST /elasticsearch/insertDoc	1705644826464	1705644826596	OK	 
REQUEST		POST /elasticsearch/insertDoc	1705644826632	1705644826778	OK	 
REQUEST		POST /elasticsearch/insertDoc	1705644826645	1705644826778	OK	 
REQUEST		POST /elasticsearch/insertDoc	1705644826585	1705644826712	OK	 
REQUEST		POST /elasticsearch/insertDoc	1705644826327	1705644826519	OK	 
REQUEST		POST /elasticsearch/insertDoc	1705644826644	1705644826778	OK	 
REQUEST		POST /elasticsearch/insertDoc	1705644826342	1705644826518	OK	 
REQUEST		POST /elasticsearch/insertDoc	1705644826491	1705644826627	OK	 
REQUEST		POST /elasticsearch/insertDoc	1705644826537	1705644826674	OK	 
REQUEST		POST /elasticsearch/insertDoc	1705644826661	1705644826777	OK	 
REQUEST		POST /elasticsearch/insertDoc	1705644826473	1705644826577	OK	 
USER	ServiceTest	START	1705644827256
REQUEST		POST /elasticsearch/insertDoc	1705644826955	1705644827127	OK	 
REQUEST		POST /elasticsearch/insertDoc	1705644826595	1705644826686	OK	 
USER	ServiceTest	START	1705644827338
USER	ServiceTest	START	1705644827408
REQUEST		POST /auth/getToken	1705644827189	1705644827319	OK	 
REQUEST		POST /auth/getToken	1705644827038	1705644827210	OK	 
REQUEST		POST /auth/getToken	1705644827158	1705644827263	OK	 
USER	ServiceTest	START	1705644827519
REQUEST		POST /auth/getToken	1705644827189	1705644827335	OK	 
REQUEST		POST /auth/getToken	1705644827274	1705644827448	OK	 
REQUEST		POST /auth/getToken	1705644827287	1705644827461	OK	 
USER	ServiceTest	START	1705644827608
REQUEST		POST /elasticsearch/insertDoc	1705644827338	1705644827522	OK	 
REQUEST		POST /auth/getToken	1705644827390	1705644827516	OK	 
REQUEST		POST /elasticsearch/insertDoc	1705644827319	1705644827522	OK	 
REQUEST		POST /elasticsearch/insertDoc	1705644827370	1705644827528	OK	 
REQUEST		POST /elasticsearch/insertDoc	1705644827354	1705644827495	OK	 
REQUEST		POST /auth/getToken	1705644827425	1705644827532	OK	 
REQUEST		POST /auth/getToken	1705644827440	1705644827545	OK	 
REQUEST		POST /auth/getToken	1705644827454	1705644827570	OK	 
REQUEST		POST /auth/getToken	1705644827404	1705644827522	OK	 
REQUEST		POST /auth/getToken	1705644827455	1705644827569	OK	 
REQUEST		POST /elasticsearch/insertDoc	1705644827477	1705644827570	OK	 
REQUEST		POST /elasticsearch/insertDoc	1705644827491	1705644827594	OK	 
USER	ServiceTest	START	1705644827709
USER	ServiceTest	START	1705644827806
REQUEST		POST /elasticsearch/insertDoc	1705644827565	1705644827662	OK	 
REQUEST		POST /auth/getToken	1705644827543	1705644827647	OK	 
REQUEST		POST /elasticsearch/insertDoc	1705644827554	1705644827640	OK	 
REQUEST		POST /elasticsearch/insertDoc	1705644827605	1705644827671	OK	 
REQUEST		POST /elasticsearch/insertDoc	1705644827582	1705644827666	OK	 
REQUEST		POST /elasticsearch/insertDoc	1705644827555	1705644827670	OK	 
USER	ServiceTest	START	1705644827906
REQUEST		POST /elasticsearch/insertDoc	1705644827603	1705644827684	OK	 
REQUEST		POST /auth/getToken	1705644827635	1705644827738	OK	 
REQUEST		POST /elasticsearch/insertDoc	1705644827686	1705644827852	OK	 
REQUEST		PATCH /elasticsearch/update	1705644826689	1705644826809	OK	 
USER	ServiceTest	START	1705644828007
REQUEST		POST /elasticsearch/insertDoc	1705644827769	1705644827956	OK	 
REQUEST		PATCH /elasticsearch/update	1705644826754	1705644826869	OK	 
REQUEST		POST /auth/getToken	1705644827826	1705644827978	OK	 
REQUEST		POST /auth/getToken	1705644827749	1705644827978	OK	 
USER	ServiceTest	START	1705644828117
REQUEST		POST /auth/getToken	1705644827929	1705644828032	OK	 
REQUEST		POST /elasticsearch/sheet/insertDoc	1705644826833	1705644827991	OK	 
REQUEST		PATCH /elasticsearch/workbook/delete	1705644828028	1705644828152	OK	 
USER	ServiceTest	END	1705644828183
REQUEST		PATCH /elasticsearch/update	1705644826805	1705644826883	OK	 
REQUEST		PATCH /elasticsearch/update	1705644826800	1705644826885	OK	 
REQUEST		PATCH /elasticsearch/update	1705644826766	1705644826878	OK	 
REQUEST		PATCH /elasticsearch/update	1705644826767	1705644826881	OK	 
REQUEST		PATCH /elasticsearch/update	1705644826749	1705644826852	OK	 
REQUEST		PATCH /elasticsearch/update	1705644826761	1705644826871	OK	 
REQUEST		POST /elasticsearch/insertDoc	1705644828010	1705644828084	OK	 
REQUEST		POST /elasticsearch/sheet/insertDoc	1705644826916	1705644828065	OK	 
REQUEST		POST /elasticsearch/insertDoc	1705644828002	1705644828084	OK	 
REQUEST		PATCH /elasticsearch/update	1705644826838	1705644827009	OK	 
REQUEST		PATCH /elasticsearch/update	1705644826795	1705644826948	OK	 
USER	ServiceTest	START	1705644828215
REQUEST		POST /auth/getToken	1705644828028	1705644828110	OK	 
REQUEST		PATCH /elasticsearch/workbook/delete	1705644828104	1705644828212	OK	 
USER	ServiceTest	END	1705644828243
REQUEST		PATCH /elasticsearch/update	1705644826831	1705644827002	OK	 
REQUEST		PATCH /elasticsearch/update	1705644826799	1705644826944	OK	 
REQUEST		PATCH /elasticsearch/update	1705644826801	1705644826954	OK	 
REQUEST		PATCH /elasticsearch/update	1705644826887	1705644827080	OK	 
REQUEST		PATCH /elasticsearch/update	1705644826836	1705644827007	OK	 
REQUEST		POST /elasticsearch/insertDoc	1705644828057	1705644828152	OK	 
REQUEST		PATCH /elasticsearch/update	1705644826856	1705644827007	OK	 
REQUEST		PATCH /elasticsearch/update	1705644826815	1705644826951	OK	 
REQUEST		PATCH /elasticsearch/update	1705644826818	1705644826948	OK	 
REQUEST		PATCH /elasticsearch/update	1705644826890	1705644827083	OK	 
REQUEST		PATCH /elasticsearch/update	1705644826901	1705644827080	OK	 
REQUEST		POST /elasticsearch/sheet/insertDoc	1705644826972	1705644828191	OK	 
REQUEST		PATCH /elasticsearch/update	1705644826933	1705644827128	OK	 
REQUEST		PATCH /elasticsearch/update	1705644826965	1705644827127	OK	 
USER	ServiceTest	START	1705644828317
REQUEST		PATCH /elasticsearch/update	1705644826901	1705644827086	OK	 
REQUEST		PATCH /elasticsearch/workbook/delete	1705644828233	1705644828320	OK	 
USER	ServiceTest	END	1705644828342
REQUEST		POST /elasticsearch/sheet/insertDoc	1705644826960	1705644828191	OK	 
REQUEST		POST /elasticsearch/sheet/insertDoc	1705644826980	1705644828201	OK	 
REQUEST		PATCH /elasticsearch/workbook/delete	1705644828226	1705644828366	OK	 
USER	ServiceTest	END	1705644828393
REQUEST		PATCH /elasticsearch/workbook/delete	1705644828236	1705644828366	OK	 
USER	ServiceTest	END	1705644828394
USER	ServiceTest	START	1705644828406
USER	ServiceTest	START	1705644828514
USER	ServiceTest	START	1705644828621
USER	ServiceTest	START	1705644828715
USER	ServiceTest	START	1705644828822
USER	ServiceTest	START	1705644828914
USER	ServiceTest	START	1705644829022
USER	ServiceTest	START	1705644829114
USER	ServiceTest	START	1705644829208
USER	ServiceTest	START	1705644829306
USER	ServiceTest	START	1705644829408
USER	ServiceTest	START	1705644829518
USER	ServiceTest	START	1705644829612
USER	ServiceTest	START	1705644829719
USER	ServiceTest	START	1705644829812
USER	ServiceTest	START	1705644829919
USER	ServiceTest	START	1705644830013
USER	ServiceTest	START	1705644830121
USER	ServiceTest	START	1705644830213
USER	ServiceTest	START	1705644830306
USER	ServiceTest	START	1705644830414
USER	ServiceTest	START	1705644830507
USER	ServiceTest	START	1705644830616
USER	ServiceTest	START	1705644830709
USER	ServiceTest	START	1705644830818
USER	ServiceTest	START	1705644830910
USER	ServiceTest	START	1705644831017
USER	ServiceTest	START	1705644831110
USER	ServiceTest	START	1705644831219
USER	ServiceTest	START	1705644831311
USER	ServiceTest	START	1705644831419
USER	ServiceTest	START	1705644831513
USER	ServiceTest	START	1705644831606
USER	ServiceTest	START	1705644831715
USER	ServiceTest	START	1705644831809
USER	ServiceTest	START	1705644831918
USER	ServiceTest	START	1705644832010
USER	ServiceTest	START	1705644832118
REQUEST		POST /auth/getToken	1705644828931	1705644829016	OK	 
REQUEST		POST /elasticsearch/sheet/insertDoc	1705644827118	1705644828252	OK	 
REQUEST		POST /auth/getToken	1705644829636	1705644829779	OK	 
REQUEST		POST /auth/getToken	1705644830028	1705644830205	OK	 
REQUEST		POST /auth/getToken	1705644830727	1705644830821	OK	 
REQUEST		POST /elasticsearch/sheet/insertDoc	1705644827139	1705644828310	OK	 
REQUEST		POST /auth/getToken	1705644831120	1705644831210	OK	 
REQUEST		POST /auth/getToken	1705644828347	1705644828499	OK	 
REQUEST		POST /auth/getToken	1705644830429	1705644830546	OK	 
REQUEST		POST /auth/getToken	1705644830522	1705644830647	OK	 
REQUEST		POST /auth/getToken	1705644831323	1705644831473	OK	 
REQUEST		POST /auth/getToken	1705644830332	1705644830440	OK	 
REQUEST		POST /elasticsearch/sheet/insertDoc	1705644827110	1705644828253	OK	 
REQUEST		POST /auth/getToken	1705644832035	1705644832238	OK	 
REQUEST		POST /auth/getToken	1705644830634	1705644830761	OK	 
REQUEST		POST /auth/getToken	1705644830148	1705644830220	OK	 
REQUEST		POST /auth/getToken	1705644829429	1705644829521	OK	 
REQUEST		POST /auth/getToken	1705644828534	1705644828639	OK	 
REQUEST		POST /auth/getToken	1705644831035	1705644831163	OK	 
REQUEST		POST /auth/getToken	1705644830240	1705644830401	OK	 
REQUEST		POST /auth/getToken	1705644831741	1705644831831	OK	 
REQUEST		POST /auth/getToken	1705644829829	1705644829949	OK	 
REQUEST		POST /elasticsearch/sheet/insertDoc	1705644827195	1705644828320	OK	 
REQUEST		POST /auth/getToken	1705644830835	1705644830928	OK	 
REQUEST		POST /auth/getToken	1705644830934	1705644831020	OK	 
REQUEST		POST /elasticsearch/sheet/insertDoc	1705644827200	1705644828328	OK	 
REQUEST		POST /elasticsearch/sheet/insertDoc	1705644827200	1705644828320	OK	 
REQUEST		POST /auth/getToken	1705644831528	1705644831628	OK	 
REQUEST		POST /auth/getToken	1705644829323	1705644829462	OK	 
REQUEST		POST /elasticsearch/sheet/insertDoc	1705644827182	1705644828321	OK	 
REQUEST		POST /auth/getToken	1705644831627	1705644831759	OK	 
REQUEST		POST /auth/getToken	1705644831433	1705644831553	OK	 
REQUEST		POST /auth/getToken	1705644831838	1705644831955	OK	 
REQUEST		POST /auth/getToken	1705644829939	1705644830029	OK	 
REQUEST		POST /auth/getToken	1705644829237	1705644829327	OK	 
REQUEST		POST /auth/getToken	1705644828847	1705644828924	OK	 
REQUEST		POST /auth/getToken	1705644831253	1705644831366	OK	 
REQUEST		POST /auth/getToken	1705644831941	1705644832127	OK	 
REQUEST		POST /elasticsearch/sheet/insertDoc	1705644827105	1705644828256	OK	 
REQUEST		POST /auth/getToken	1705644829128	1705644829260	OK	 
REQUEST		POST /auth/getToken	1705644828429	1705644828589	OK	 
REQUEST		POST /auth/getToken	1705644829740	1705644829899	OK	 
REQUEST		POST /auth/getToken	1705644828645	1705644828781	OK	 
REQUEST		POST /auth/getToken	1705644832141	1705644832281	OK	 
REQUEST		POST /elasticsearch/sheet/insertDoc	1705644827139	1705644828312	OK	 
REQUEST		POST /elasticsearch/sheet/insertDoc	1705644827162	1705644828313	OK	 
REQUEST		POST /auth/getToken	1705644828148	1705644828252	OK	 
REQUEST		POST /auth/getToken	1705644828740	1705644828821	OK	 
REQUEST		POST /auth/getToken	1705644829539	1705644829628	OK	 
REQUEST		POST /auth/getToken	1705644829044	1705644829209	OK	 
REQUEST		POST /auth/getToken	1705644828250	1705644828370	OK	 
REQUEST		PATCH /elasticsearch/workbook/delete	1705644828293	1705644833374	OK	 
REQUEST		PATCH /elasticsearch/workbook/delete	1705644828292	1705644833362	OK	 
USER	ServiceTest	END	1705644833411
USER	ServiceTest	END	1705644833411
REQUEST		PATCH /elasticsearch/workbook/delete	1705644828345	1705644833391	OK	 
REQUEST		PATCH /elasticsearch/update	1705644827044	1705644827236	OK	 
REQUEST		PATCH /elasticsearch/update	1705644826934	1705644827231	OK	 
REQUEST		PATCH /elasticsearch/update	1705644827054	1705644827234	OK	 
REQUEST		PATCH /elasticsearch/update	1705644827119	1705644827236	OK	 
REQUEST		PATCH /elasticsearch/update	1705644827058	1705644827236	OK	 
REQUEST		PATCH /elasticsearch/workbook/delete	1705644828289	1705644833400	OK	 
REQUEST		PATCH /elasticsearch/update	1705644827192	1705644827326	OK	 
REQUEST		PATCH /elasticsearch/update	1705644827017	1705644827235	OK	 
REQUEST		PATCH /elasticsearch/update	1705644827021	1705644827235	OK	 
REQUEST		PATCH /elasticsearch/update	1705644826985	1705644827223	OK	 
REQUEST		PATCH /elasticsearch/update	1705644826939	1705644827218	OK	 
REQUEST		PATCH /elasticsearch/update	1705644827049	1705644827232	OK	 
REQUEST		PATCH /elasticsearch/update	1705644826957	1705644827217	OK	 
REQUEST		PATCH /elasticsearch/update	1705644827136	1705644827328	OK	 
REQUEST		PATCH /elasticsearch/workbook/delete	1705644828352	1705644833403	OK	 
USER	ServiceTest	END	1705644833415
REQUEST		PATCH /elasticsearch/workbook/delete	1705644828351	1705644833403	OK	 
USER	ServiceTest	END	1705644833427
USER	ServiceTest	END	1705644833428
REQUEST		PATCH /elasticsearch/update	1705644827062	1705644827235	OK	 
REQUEST		POST /elasticsearch/sheet/insertDoc	1705644827353	1705644833424	KO	Features/TDG_UKAF_Chainning.feature:54 method Post
REQUEST		POST /elasticsearch/sheet/insertDoc	1705644827345	1705644833425	KO	Features/TDG_UKAF_Chainning.feature:54 method Post
REQUEST		POST /elasticsearch/sheet/insertDoc	1705644827272	1705644833386	KO	Features/TDG_UKAF_Chainning.feature:54 method Post
REQUEST		POST /elasticsearch/sheet/insertDoc	1705644827340	1705644833426	KO	Features/TDG_UKAF_Chainning.feature:54 method Post
REQUEST		POST /elasticsearch/sheet/insertDoc	1705644827342	1705644833426	KO	Features/TDG_UKAF_Chainning.feature:54 method Post
REQUEST		POST /elasticsearch/sheet/insertDoc	1705644827351	1705644833440	KO	Features/TDG_UKAF_Chainning.feature:54 method Post
USER	ServiceTest	END	1705644833441
USER	ServiceTest	END	1705644833461
USER	ServiceTest	END	1705644833461
USER	ServiceTest	END	1705644833461
USER	ServiceTest	END	1705644833461
USER	ServiceTest	END	1705644833461
USER	ServiceTest	END	1705644833462
REQUEST		PATCH /elasticsearch/workbook/delete	1705644828349	1705644833394	OK	 
USER	ServiceTest	END	1705644833467
REQUEST		PATCH /elasticsearch/workbook/delete	1705644828349	1705644833395	OK	 
USER	ServiceTest	END	1705644833469
REQUEST		PATCH /elasticsearch/update	1705644826982	1705644827236	OK	 
REQUEST		POST /elasticsearch/sheet/insertDoc	1705644827404	1705644833470	KO	Features/TDG_UKAF_Chainning.feature:54 method Post
USER	ServiceTest	END	1705644833479
REQUEST		POST /elasticsearch/sheet/insertDoc	1705644827276	1705644833407	KO	Features/TDG_UKAF_Chainning.feature:54 method Post
REQUEST		POST /elasticsearch/sheet/insertDoc	1705644827319	1705644833426	KO	Features/TDG_UKAF_Chainning.feature:54 method Post
REQUEST		POST /elasticsearch/sheet/insertDoc	1705644827275	1705644833388	KO	Features/TDG_UKAF_Chainning.feature:54 method Post
USER	ServiceTest	END	1705644833497
USER	ServiceTest	END	1705644833498
REQUEST		POST /elasticsearch/sheet/insertDoc	1705644827353	1705644833427	KO	Features/TDG_UKAF_Chainning.feature:54 method Post
USER	ServiceTest	END	1705644833498
REQUEST		POST /elasticsearch/sheet/insertDoc	1705644827288	1705644833392	KO	Features/TDG_UKAF_Chainning.feature:54 method Post
USER	ServiceTest	END	1705644833498
USER	ServiceTest	END	1705644833499
REQUEST		POST /elasticsearch/sheet/insertDoc	1705644827343	1705644833426	KO	Features/TDG_UKAF_Chainning.feature:54 method Post
REQUEST		POST /elasticsearch/sheet/insertDoc	1705644827288	1705644833391	KO	Features/TDG_UKAF_Chainning.feature:54 method Post
USER	ServiceTest	END	1705644833499
USER	ServiceTest	END	1705644833499
REQUEST		POST /elasticsearch/sheet/insertDoc	1705644827348	1705644833426	KO	Features/TDG_UKAF_Chainning.feature:54 method Post
REQUEST		PATCH /elasticsearch/update	1705644826969	1705644827215	OK	 
REQUEST		POST /elasticsearch/sheet/insertDoc	1705644827344	1705644833426	KO	Features/TDG_UKAF_Chainning.feature:54 method Post
USER	ServiceTest	END	1705644833505
USER	ServiceTest	END	1705644833506
REQUEST		PATCH /elasticsearch/update	1705644827015	1705644827235	OK	 
REQUEST		PATCH /elasticsearch/update	1705644827051	1705644827236	OK	 
REQUEST		POST /elasticsearch/sheet/insertDoc	1705644827351	1705644833426	KO	Features/TDG_UKAF_Chainning.feature:54 method Post
USER	ServiceTest	END	1705644833507
REQUEST		POST /elasticsearch/insertDoc	1705644830680	1705644833371	OK	 
REQUEST		POST /elasticsearch/sheet/insertDoc	1705644827283	1705644833390	KO	Features/TDG_UKAF_Chainning.feature:54 method Post
USER	ServiceTest	END	1705644833525
REQUEST		PATCH /elasticsearch/workbook/delete	1705644828363	1705644833394	OK	 
USER	ServiceTest	END	1705644833527
REQUEST		POST /elasticsearch/insertDoc	1705644831237	1705644833366	OK	 
REQUEST		POST /elasticsearch/insertDoc	1705644832275	1705644833375	OK	 
REQUEST		POST /elasticsearch/insertDoc	1705644831499	1705644833371	OK	 
REQUEST		POST /elasticsearch/insertDoc	1705644828536	1705644833367	OK	 
REQUEST		PATCH /elasticsearch/workbook/delete	1705644828351	1705644833365	OK	 
USER	ServiceTest	END	1705644833544
REQUEST		POST /elasticsearch/insertDoc	1705644829364	1705644833398	OK	 
REQUEST		POST /elasticsearch/insertDoc	1705644830570	1705644833369	OK	 
REQUEST		POST /elasticsearch/insertDoc	1705644832321	1705644833402	OK	 
REQUEST		POST /elasticsearch/insertDoc	1705644828856	1705644833404	OK	 
REQUEST		POST /elasticsearch/insertDoc	1705644829055	1705644833362	OK	 
REQUEST		POST /elasticsearch/insertDoc	1705644831858	1705644833375	OK	 
REQUEST		POST /elasticsearch/insertDoc	1705644828624	1705644833401	OK	 
REQUEST		POST /elasticsearch/insertDoc	1705644828809	1705644833401	OK	 
REQUEST		POST /elasticsearch/insertDoc	1705644829552	1705644833377	OK	 
REQUEST		POST /elasticsearch/insertDoc	1705644829982	1705644833391	OK	 
REQUEST		POST /elasticsearch/insertDoc	1705644828962	1705644833398	OK	 
REQUEST		POST /elasticsearch/insertDoc	1705644828670	1705644833378	OK	 
REQUEST		POST /elasticsearch/insertDoc	1705644832168	1705644833400	OK	 
REQUEST		POST /elasticsearch/insertDoc	1705644828408	1705644833406	OK	 
REQUEST		POST /elasticsearch/insertDoc	1705644829241	1705644833405	OK	 
REQUEST		POST /elasticsearch/insertDoc	1705644830233	1705644833362	OK	 
REQUEST		POST /elasticsearch/insertDoc	1705644831190	1705644833380	OK	 
REQUEST		POST /elasticsearch/insertDoc	1705644828289	1705644833404	OK	 
REQUEST		POST /elasticsearch/insertDoc	1705644829815	1705644833362	OK	 
REQUEST		POST /elasticsearch/insertDoc	1705644831405	1705644833399	OK	 
REQUEST		POST /elasticsearch/insertDoc	1705644831578	1705644833397	OK	 
REQUEST		POST /elasticsearch/insertDoc	1705644831796	1705644833396	OK	 
REQUEST		POST /elasticsearch/insertDoc	1705644830851	1705644833364	OK	 
REQUEST		POST /elasticsearch/insertDoc	1705644831984	1705644833397	OK	 
REQUEST		POST /elasticsearch/insertDoc	1705644829489	1705644833395	OK	 
REQUEST		POST /elasticsearch/insertDoc	1705644830061	1705644833397	OK	 
REQUEST		POST /elasticsearch/insertDoc	1705644829939	1705644833401	OK	 
REQUEST		POST /elasticsearch/insertDoc	1705644830480	1705644833373	OK	 
REQUEST		PATCH /elasticsearch/update	1705644827536	1705644827646	OK	 
REQUEST		POST /elasticsearch/sheet/insertDoc	1705644827700	1705644833773	KO	Features/TDG_UKAF_Chainning.feature:54 method Post
REQUEST		PATCH /elasticsearch/update	1705644827548	1705644827640	OK	 
REQUEST		POST /elasticsearch/sheet/insertDoc	1705644827699	1705644833774	KO	Features/TDG_UKAF_Chainning.feature:54 method Post
REQUEST		PATCH /elasticsearch/update	1705644827551	1705644827638	OK	 
REQUEST		POST /elasticsearch/sheet/insertDoc	1705644827689	1705644833773	KO	Features/TDG_UKAF_Chainning.feature:54 method Post
USER	ServiceTest	END	1705644833795
USER	ServiceTest	END	1705644833795
USER	ServiceTest	END	1705644833796
REQUEST		PATCH /elasticsearch/update	1705644827565	1705644827645	OK	 
REQUEST		POST /elasticsearch/sheet/insertDoc	1705644827695	1705644833865	KO	Features/TDG_UKAF_Chainning.feature:54 method Post
USER	ServiceTest	END	1705644833867
REQUEST		PATCH /elasticsearch/update	1705644827619	1705644827703	OK	 
REQUEST		POST /elasticsearch/sheet/insertDoc	1705644827752	1705644833897	KO	Features/TDG_UKAF_Chainning.feature:54 method Post
USER	ServiceTest	END	1705644833897
REQUEST		PATCH /elasticsearch/update	1705644827634	1705644827704	OK	 
REQUEST		POST /elasticsearch/sheet/insertDoc	1705644827746	1705644833912	KO	Features/TDG_UKAF_Chainning.feature:54 method Post
USER	ServiceTest	END	1705644833913
REQUEST		POST /elasticsearch/insertDoc	1705644830789	1705644833375	OK	 
REQUEST		POST /elasticsearch/insertDoc	1705644831051	1705644833393	OK	 
REQUEST		POST /elasticsearch/insertDoc	1705644830261	1705644833377	OK	 
REQUEST		POST /elasticsearch/insertDoc	1705644829661	1705644833404	OK	 
REQUEST		POST /elasticsearch/insertDoc	1705644829287	1705644833400	OK	 
REQUEST		POST /elasticsearch/insertDoc	1705644831656	1705644833395	OK	 
REQUEST		POST /elasticsearch/insertDoc	1705644830432	1705644833381	OK	 
REQUEST		POST /elasticsearch/insertDoc	1705644830959	1705644833393	OK	 
REQUEST		PATCH /elasticsearch/update	1705644827696	1705644827859	OK	 
REQUEST		POST /elasticsearch/sheet/insertDoc	1705644827887	1705644833973	KO	Features/TDG_UKAF_Chainning.feature:54 method Post
REQUEST		PATCH /elasticsearch/update	1705644827688	1705644827850	OK	 
REQUEST		POST /elasticsearch/sheet/insertDoc	1705644827887	1705644833973	KO	Features/TDG_UKAF_Chainning.feature:54 method Post
USER	ServiceTest	END	1705644833977
USER	ServiceTest	END	1705644833978
REQUEST		PATCH /elasticsearch/update	1705644827725	1705644827901	OK	 
REQUEST		POST /elasticsearch/sheet/insertDoc	1705644827933	1705644833989	KO	Features/TDG_UKAF_Chainning.feature:54 method Post
REQUEST		PATCH /elasticsearch/update	1705644827721	1705644827900	OK	 
REQUEST		POST /elasticsearch/sheet/insertDoc	1705644827923	1705644833991	KO	Features/TDG_UKAF_Chainning.feature:54 method Post
REQUEST		PATCH /elasticsearch/update	1705644827709	1705644827900	OK	 
USER	ServiceTest	END	1705644833991
USER	ServiceTest	END	1705644833991
REQUEST		POST /elasticsearch/sheet/insertDoc	1705644827934	1705644833992	KO	Features/TDG_UKAF_Chainning.feature:54 method Post
USER	ServiceTest	END	1705644833992
REQUEST		PATCH /elasticsearch/update	1705644827731	1705644827955	OK	 
REQUEST		POST /elasticsearch/sheet/insertDoc	1705644827984	1705644834048	KO	Features/TDG_UKAF_Chainning.feature:54 method Post
USER	ServiceTest	END	1705644834048
REQUEST		PATCH /elasticsearch/update	1705644827888	1705644827989	OK	 
REQUEST		POST /elasticsearch/sheet/insertDoc	1705644828026	1705644834078	KO	Features/TDG_UKAF_Chainning.feature:54 method Post
USER	ServiceTest	END	1705644834080
REQUEST		PATCH /elasticsearch/update	1705644827984	1705644828053	OK	 
REQUEST		POST /elasticsearch/sheet/insertDoc	1705644828091	1705644834143	KO	Features/TDG_UKAF_Chainning.feature:54 method Post
USER	ServiceTest	END	1705644834143
REQUEST		POST /elasticsearch/sheet/insertDoc	1705644826967	1705644828192	OK	 
REQUEST		PATCH /elasticsearch/workbook/delete	1705644828233	1705644834282	KO	Features/TDG_UKAF_Chainning.feature:68 method PATCH
USER	ServiceTest	END	1705644834283
REQUEST		POST /elasticsearch/sheet/insertDoc	1705644827077	1705644828215	OK	 
REQUEST		PATCH /elasticsearch/update	1705644828120	1705644828214	OK	 
REQUEST		POST /elasticsearch/sheet/insertDoc	1705644828241	1705644834298	KO	Features/TDG_UKAF_Chainning.feature:54 method Post
REQUEST		POST /elasticsearch/sheet/insertDoc	1705644826977	1705644828204	OK	 
REQUEST		PATCH /elasticsearch/workbook/delete	1705644828244	1705644834300	KO	Features/TDG_UKAF_Chainning.feature:68 method PATCH
REQUEST		PATCH /elasticsearch/workbook/delete	1705644828240	1705644834297	KO	Features/TDG_UKAF_Chainning.feature:68 method PATCH
REQUEST		PATCH /elasticsearch/update	1705644828119	1705644828206	OK	 
REQUEST		POST /elasticsearch/sheet/insertDoc	1705644827099	1705644828216	OK	 
REQUEST		POST /elasticsearch/sheet/insertDoc	1705644828228	1705644834297	KO	Features/TDG_UKAF_Chainning.feature:54 method Post
REQUEST		PATCH /elasticsearch/workbook/delete	1705644828240	1705644834297	KO	Features/TDG_UKAF_Chainning.feature:68 method PATCH
USER	ServiceTest	END	1705644834302
USER	ServiceTest	END	1705644834302
USER	ServiceTest	END	1705644834302
USER	ServiceTest	END	1705644834305
USER	ServiceTest	END	1705644834305
REQUEST		POST /elasticsearch/sheet/insertDoc	1705644826975	1705644828204	OK	 
REQUEST		PATCH /elasticsearch/workbook/delete	1705644828245	1705644834313	KO	Features/TDG_UKAF_Chainning.feature:68 method PATCH
USER	ServiceTest	END	1705644834314
REQUEST		POST /elasticsearch/insertDoc	1705644828151	1705644828236	OK	 
REQUEST		PATCH /elasticsearch/update	1705644828271	1705644834329	KO	Features/TDG_UKAF_Chainning.feature:44 method PATCH
USER	ServiceTest	END	1705644834329
REQUEST		POST /elasticsearch/sheet/insertDoc	1705644827110	1705644828257	OK	 
REQUEST		POST /elasticsearch/sheet/insertDoc	1705644827105	1705644828253	OK	 
REQUEST		POST /elasticsearch/sheet/insertDoc	1705644827117	1705644828252	OK	 
REQUEST		PATCH /elasticsearch/update	1705644828182	1705644828253	OK	 
REQUEST		PATCH /elasticsearch/workbook/delete	1705644828287	1705644834344	KO	Features/TDG_UKAF_Chainning.feature:68 method PATCH
REQUEST		PATCH /elasticsearch/workbook/delete	1705644828291	1705644834344	KO	Features/TDG_UKAF_Chainning.feature:68 method PATCH
REQUEST		PATCH /elasticsearch/workbook/delete	1705644828287	1705644834344	KO	Features/TDG_UKAF_Chainning.feature:68 method PATCH
REQUEST		POST /elasticsearch/sheet/insertDoc	1705644828291	1705644834344	KO	Features/TDG_UKAF_Chainning.feature:54 method Post
USER	ServiceTest	END	1705644834346
USER	ServiceTest	END	1705644834346
USER	ServiceTest	END	1705644834346
USER	ServiceTest	END	1705644834346
REQUEST		PATCH /elasticsearch/update	1705644833409	1705644833537	OK	 
REQUEST		PATCH /elasticsearch/update	1705644833411	1705644833531	OK	 
REQUEST		PATCH /elasticsearch/update	1705644833409	1705644833556	OK	 
REQUEST		PATCH /elasticsearch/update	1705644833414	1705644833563	OK	 
REQUEST		PATCH /elasticsearch/update	1705644833413	1705644833535	OK	 
REQUEST		PATCH /elasticsearch/update	1705644833441	1705644833558	OK	 
REQUEST		PATCH /elasticsearch/update	1705644833409	1705644833521	OK	 
REQUEST		PATCH /elasticsearch/update	1705644833408	1705644833532	OK	 
REQUEST		PATCH /elasticsearch/update	1705644833441	1705644833564	OK	 
REQUEST		PATCH /elasticsearch/update	1705644833429	1705644833564	OK	 
REQUEST		PATCH /elasticsearch/update	1705644833415	1705644833562	OK	 
REQUEST		PATCH /elasticsearch/update	1705644833492	1705644833641	OK	 
REQUEST		PATCH /elasticsearch/update	1705644833465	1705644833624	OK	 
REQUEST		PATCH /elasticsearch/update	1705644833488	1705644833636	OK	 
REQUEST		PATCH /elasticsearch/update	1705644833490	1705644833634	OK	 
REQUEST		PATCH /elasticsearch/update	1705644833494	1705644833648	OK	 
REQUEST		PATCH /elasticsearch/update	1705644833492	1705644833630	OK	 
REQUEST		PATCH /elasticsearch/update	1705644833494	1705644833632	OK	 
REQUEST		PATCH /elasticsearch/update	1705644833490	1705644833638	OK	 
REQUEST		PATCH /elasticsearch/update	1705644833429	1705644833556	OK	 
REQUEST		PATCH /elasticsearch/update	1705644833488	1705644833627	OK	 
REQUEST		PATCH /elasticsearch/update	1705644833491	1705644833627	OK	 
REQUEST		PATCH /elasticsearch/update	1705644833491	1705644833625	OK	 
REQUEST		PATCH /elasticsearch/update	1705644833492	1705644833637	OK	 
REQUEST		PATCH /elasticsearch/update	1705644833545	1705644833684	OK	 
REQUEST		PATCH /elasticsearch/update	1705644833487	1705644833659	OK	 
REQUEST		PATCH /elasticsearch/update	1705644833424	1705644833555	OK	 
REQUEST		PATCH /elasticsearch/update	1705644833490	1705644833627	OK	 
REQUEST		PATCH /elasticsearch/update	1705644833491	1705644833650	OK	 
REQUEST		PATCH /elasticsearch/update	1705644833551	1705644833688	OK	 
REQUEST		PATCH /elasticsearch/update	1705644833529	1705644833684	OK	 
REQUEST		PATCH /elasticsearch/update	1705644833551	1705644833688	OK	 
REQUEST		PATCH /elasticsearch/update	1705644833544	1705644833686	OK	 
REQUEST		POST /elasticsearch/sheet/insertDoc	1705644833611	1705644834898	OK	 
REQUEST		POST /elasticsearch/sheet/insertDoc	1705644833673	1705644834916	OK	 
REQUEST		POST /elasticsearch/sheet/insertDoc	1705644833615	1705644834907	OK	 
REQUEST		POST /elasticsearch/sheet/insertDoc	1705644833607	1705644834902	OK	 
REQUEST		POST /elasticsearch/sheet/insertDoc	1705644833675	1705644834916	OK	 
REQUEST		POST /elasticsearch/sheet/insertDoc	1705644833603	1705644834904	OK	 
REQUEST		PATCH /elasticsearch/workbook/delete	1705644834932	1705644835045	OK	 
REQUEST		POST /elasticsearch/sheet/insertDoc	1705644833617	1705644834899	OK	 
REQUEST		POST /elasticsearch/sheet/insertDoc	1705644833675	1705644834910	OK	 
REQUEST		POST /elasticsearch/sheet/insertDoc	1705644833670	1705644834924	OK	 
REQUEST		POST /elasticsearch/sheet/insertDoc	1705644833601	1705644834896	OK	 
REQUEST		POST /elasticsearch/sheet/insertDoc	1705644833676	1705644834915	OK	 
REQUEST		POST /elasticsearch/sheet/insertDoc	1705644833582	1705644834894	OK	 
REQUEST		POST /elasticsearch/sheet/insertDoc	1705644833574	1705644834893	OK	 
REQUEST		POST /elasticsearch/sheet/insertDoc	1705644833583	1705644834902	OK	 
REQUEST		POST /elasticsearch/sheet/insertDoc	1705644833593	1705644834894	OK	 
REQUEST		POST /elasticsearch/sheet/insertDoc	1705644833704	1705644834927	OK	 
REQUEST		POST /elasticsearch/sheet/insertDoc	1705644833676	1705644834913	OK	 
REQUEST		POST /elasticsearch/sheet/insertDoc	1705644833664	1705644834920	OK	 
REQUEST		POST /elasticsearch/sheet/insertDoc	1705644833674	1705644834924	OK	 
REQUEST		POST /elasticsearch/sheet/insertDoc	1705644833703	1705644834926	OK	 
USER	ServiceTest	END	1705644835103
REQUEST		PATCH /elasticsearch/workbook/delete	1705644834948	1705644835076	OK	 
REQUEST		PATCH /elasticsearch/workbook/delete	1705644834945	1705644835079	OK	 
REQUEST		POST /elasticsearch/sheet/insertDoc	1705644833698	1705644834924	OK	 
REQUEST		PATCH /elasticsearch/workbook/delete	1705644834944	1705644835078	OK	 
REQUEST		PATCH /elasticsearch/workbook/delete	1705644834944	1705644835080	OK	 
REQUEST		PATCH /elasticsearch/workbook/delete	1705644834978	1705644835087	OK	 
USER	ServiceTest	END	1705644835110
USER	ServiceTest	END	1705644835110
USER	ServiceTest	END	1705644835111
USER	ServiceTest	END	1705644835111
USER	ServiceTest	END	1705644835111
REQUEST		PATCH /elasticsearch/workbook/delete	1705644834933	1705644835076	OK	 
REQUEST		PATCH /elasticsearch/workbook/delete	1705644834976	1705644835091	OK	 
REQUEST		PATCH /elasticsearch/update	1705644833584	1705644833917	OK	 
REQUEST		PATCH /elasticsearch/update	1705644833586	1705644833916	OK	 
REQUEST		PATCH /elasticsearch/update	1705644833584	1705644833917	OK	 
REQUEST		PATCH /elasticsearch/workbook/delete	1705644834938	1705644835048	OK	 
REQUEST		PATCH /elasticsearch/workbook/delete	1705644834987	1705644835107	OK	 
USER	ServiceTest	END	1705644835117
REQUEST		PATCH /elasticsearch/workbook/delete	1705644834976	1705644835099	OK	 
REQUEST		PATCH /elasticsearch/workbook/delete	1705644834977	1705644835086	OK	 
REQUEST		PATCH /elasticsearch/update	1705644833620	1705644833919	OK	 
REQUEST		PATCH /elasticsearch/update	1705644833585	1705644833919	OK	 
REQUEST		POST /elasticsearch/sheet/insertDoc	1705644833672	1705644834925	OK	 
REQUEST		POST /elasticsearch/sheet/insertDoc	1705644833732	1705644835015	OK	 
REQUEST		POST /elasticsearch/sheet/insertDoc	1705644833665	1705644834907	OK	 
REQUEST		PATCH /elasticsearch/update	1705644833552	1705644833918	OK	 
REQUEST		PATCH /elasticsearch/update	1705644833584	1705644833920	OK	 
REQUEST		PATCH /elasticsearch/update	1705644833585	1705644833918	OK	 
REQUEST		POST /elasticsearch/sheet/insertDoc	1705644833662	1705644834910	OK	 
REQUEST		POST /elasticsearch/sheet/insertDoc	1705644833681	1705644834925	OK	 
USER	ServiceTest	END	1705644835127
USER	ServiceTest	END	1705644835130
USER	ServiceTest	END	1705644835221
REQUEST		PATCH /elasticsearch/workbook/delete	1705644834933	1705644835054	OK	 
REQUEST		PATCH /elasticsearch/workbook/delete	1705644834938	1705644835070	OK	 
REQUEST		PATCH /elasticsearch/workbook/delete	1705644834942	1705644835063	OK	 
REQUEST		PATCH /elasticsearch/workbook/delete	1705644834958	1705644835082	OK	 
REQUEST		PATCH /elasticsearch/workbook/delete	1705644834956	1705644835085	OK	 
USER	ServiceTest	END	1705644835221
USER	ServiceTest	END	1705644835222
USER	ServiceTest	END	1705644835222
USER	ServiceTest	END	1705644835223
USER	ServiceTest	END	1705644835223
USER	ServiceTest	END	1705644835224
USER	ServiceTest	END	1705644835224
REQUEST		PATCH /elasticsearch/workbook/delete	1705644834973	1705644835095	OK	 
USER	ServiceTest	END	1705644835226
REQUEST		POST /elasticsearch/sheet/insertDoc	1705644833709	1705644834926	OK	 
REQUEST		POST /elasticsearch/sheet/insertDoc	1705644833609	1705644834905	OK	 
REQUEST		POST /elasticsearch/sheet/insertDoc	1705644833580	1705644834901	OK	 
REQUEST		POST /elasticsearch/sheet/insertDoc	1705644833582	1705644834893	OK	 
REQUEST		POST /elasticsearch/sheet/insertDoc	1705644833729	1705644834964	OK	 
REQUEST		POST /elasticsearch/sheet/insertDoc	1705644833727	1705644835025	OK	 
REQUEST		PATCH /elasticsearch/workbook/delete	1705644835010	1705644835218	OK	 
USER	ServiceTest	END	1705644835259
REQUEST		PATCH /elasticsearch/workbook/delete	1705644834942	1705644835048	OK	 
USER	ServiceTest	END	1705644835264
REQUEST		PATCH /elasticsearch/workbook/delete	1705644835023	1705644835243	OK	 
USER	ServiceTest	END	1705644835270
REQUEST		PATCH /elasticsearch/workbook/delete	1705644835030	1705644835244	OK	 
USER	ServiceTest	END	1705644835271
REQUEST		PATCH /elasticsearch/workbook/delete	1705644835010	1705644835211	OK	 
USER	ServiceTest	END	1705644835272
REQUEST		POST /elasticsearch/sheet/insertDoc	1705644833731	1705644835013	OK	 
REQUEST		PATCH /elasticsearch/workbook/delete	1705644834953	1705644835085	OK	 
USER	ServiceTest	END	1705644835279
REQUEST		PATCH /elasticsearch/workbook/delete	1705644835068	1705644835253	OK	 
USER	ServiceTest	END	1705644835283
REQUEST		PATCH /elasticsearch/workbook/delete	1705644834954	1705644835079	OK	 
USER	ServiceTest	END	1705644835284
REQUEST		PATCH /elasticsearch/workbook/delete	1705644835025	1705644835234	OK	 
USER	ServiceTest	END	1705644835288
REQUEST		PATCH /elasticsearch/workbook/delete	1705644835008	1705644835218	OK	 
USER	ServiceTest	END	1705644835289
REQUEST		PATCH /elasticsearch/workbook/delete	1705644835114	1705644835273	OK	 
USER	ServiceTest	END	1705644835306
REQUEST		PATCH /elasticsearch/workbook/delete	1705644835030	1705644835247	OK	 
USER	ServiceTest	END	1705644835312
REQUEST		POST /elasticsearch/sheet/insertDoc	1705644833960	1705644835133	OK	 
REQUEST		PATCH /elasticsearch/workbook/delete	1705644835023	1705644835198	OK	 
USER	ServiceTest	END	1705644835326
REQUEST		PATCH /elasticsearch/workbook/delete	1705644835002	1705644835251	OK	 
USER	ServiceTest	END	1705644835329
REQUEST		PATCH /elasticsearch/workbook/delete	1705644835061	1705644835209	OK	 
REQUEST		POST /elasticsearch/sheet/insertDoc	1705644833943	1705644835121	OK	 
USER	ServiceTest	END	1705644835331
REQUEST		PATCH /elasticsearch/workbook/delete	1705644835202	1705644835322	OK	 
USER	ServiceTest	END	1705644835359
REQUEST		PATCH /elasticsearch/workbook/delete	1705644835233	1705644835332	OK	 
USER	ServiceTest	END	1705644835359
REQUEST		POST /elasticsearch/sheet/insertDoc	1705644833943	1705644835118	OK	 
REQUEST		POST /elasticsearch/sheet/insertDoc	1705644833943	1705644835127	OK	 
REQUEST		POST /elasticsearch/sheet/insertDoc	1705644833943	1705644835136	OK	 
REQUEST		PATCH /elasticsearch/workbook/delete	1705644835260	1705644835374	OK	 
REQUEST		PATCH /elasticsearch/workbook/delete	1705644835241	1705644835371	OK	 
REQUEST		PATCH /elasticsearch/workbook/delete	1705644835286	1705644835378	OK	 
USER	ServiceTest	END	1705644835405
USER	ServiceTest	END	1705644835405
USER	ServiceTest	END	1705644835405
REQUEST		POST /elasticsearch/sheet/insertDoc	1705644833960	1705644835215	OK	 
REQUEST		POST /elasticsearch/sheet/insertDoc	1705644833960	1705644835217	OK	 
REQUEST		PATCH /elasticsearch/workbook/delete	1705644835292	1705644835430	OK	 
REQUEST		PATCH /elasticsearch/workbook/delete	1705644835294	1705644835430	OK	 
USER	ServiceTest	END	1705644835466
USER	ServiceTest	END	1705644835466
REQUEST		POST /elasticsearch/sheet/insertDoc	1705644833958	1705644835212	OK	 
REQUEST		PATCH /elasticsearch/workbook/delete	1705644835350	1705644835472	OK	 
USER	ServiceTest	END	1705644835498
