RUN	Runner.TDG_UKAF_demo	tdg-ukaf-demo	1707131517830	 	3.7.4
USER	ServiceTest	START	1707131518120
USER	ServiceTest	START	1707131518210
USER	ServiceTest	START	1707131518501
USER	ServiceTest	START	1707131519628
USER	ServiceTest	START	1707131519625
USER	ServiceTest	START	1707131518704
USER	ServiceTest	START	1707131518399
USER	ServiceTest	START	1707131518036
USER	ServiceTest	START	1707131518304
USER	ServiceTest	START	1707131518602
USER	ServiceTest	START	1707131519651
USER	ServiceTest	START	1707131519686
USER	ServiceTest	START	1707131519656
USER	ServiceTest	START	1707131519677
USER	ServiceTest	START	1707131519685
USER	ServiceTest	START	1707131519713
USER	ServiceTest	START	1707131519686
USER	ServiceTest	START	1707131519730
USER	ServiceTest	START	1707131519800
USER	ServiceTest	START	1707131519931
USER	ServiceTest	START	1707131520060
USER	ServiceTest	START	1707131520111
USER	ServiceTest	START	1707131520217
USER	ServiceTest	START	1707131520280
USER	ServiceTest	START	1707131520386
USER	ServiceTest	START	1707131520482
USER	ServiceTest	START	1707131520581
USER	ServiceTest	START	1707131520732
USER	ServiceTest	START	1707131521093
USER	ServiceTest	START	1707131521115
USER	ServiceTest	START	1707131521137
USER	ServiceTest	START	1707131521134
USER	ServiceTest	START	1707131521181
USER	ServiceTest	START	1707131521280
USER	ServiceTest	START	1707131521381
USER	ServiceTest	START	1707131521480
USER	ServiceTest	START	1707131521820
USER	ServiceTest	START	1707131521842
USER	ServiceTest	START	1707131521856
USER	ServiceTest	START	1707131521881
USER	ServiceTest	START	1707131522150
USER	ServiceTest	START	1707131522181
USER	ServiceTest	START	1707131522311
USER	ServiceTest	START	1707131522272
USER	ServiceTest	START	1707131522388
USER	ServiceTest	START	1707131522502
USER	ServiceTest	START	1707131522592
USER	ServiceTest	START	1707131522685
USER	ServiceTest	START	1707131522792
USER	ServiceTest	START	1707131522926
USER	ServiceTest	START	1707131523181
USER	ServiceTest	START	1707131523182
USER	ServiceTest	START	1707131523189
USER	ServiceTest	START	1707131523281
USER	ServiceTest	START	1707131523382
USER	ServiceTest	START	1707131523483
USER	ServiceTest	START	1707131523613
USER	ServiceTest	START	1707131523697
USER	ServiceTest	START	1707131523785
USER	ServiceTest	START	1707131523881
USER	ServiceTest	START	1707131523996
USER	ServiceTest	START	1707131524082
USER	ServiceTest	START	1707131524182
USER	ServiceTest	START	1707131524290
USER	ServiceTest	START	1707131524382
USER	ServiceTest	START	1707131524489
USER	ServiceTest	START	1707131524582
USER	ServiceTest	START	1707131524690
USER	ServiceTest	START	1707131524782
USER	ServiceTest	START	1707131524889
USER	ServiceTest	START	1707131524983
USER	ServiceTest	START	1707131525091
USER	ServiceTest	START	1707131525184
USER	ServiceTest	START	1707131525291
USER	ServiceTest	START	1707131525384
USER	ServiceTest	START	1707131525492
USER	ServiceTest	START	1707131525586
USER	ServiceTest	START	1707131525692
USER	ServiceTest	START	1707131525784
USER	ServiceTest	START	1707131525892
USER	ServiceTest	START	1707131525983
USER	ServiceTest	START	1707131526091
USER	ServiceTest	START	1707131526182
USER	ServiceTest	START	1707131526290
USER	ServiceTest	START	1707131526385
USER	ServiceTest	START	1707131526493
USER	ServiceTest	START	1707131526585
USER	ServiceTest	START	1707131526693
USER	ServiceTest	START	1707131526785
USER	ServiceTest	START	1707131526892
USER	ServiceTest	START	1707131526985
USER	ServiceTest	START	1707131527095
USER	ServiceTest	START	1707131527184
USER	ServiceTest	START	1707131527293
USER	ServiceTest	START	1707131527385
USER	ServiceTest	START	1707131527493
USER	ServiceTest	START	1707131527585
USER	ServiceTest	START	1707131527693
USER	ServiceTest	START	1707131527785
USER	ServiceTest	START	1707131527893
REQUEST		POST /auth/getToken	1707131523140	1707131529576	KO	Features/TDG_UKAF_Chainning.feature:22 method POST
REQUEST		POST /auth/getToken	1707131523140	1707131529585	KO	Features/TDG_UKAF_Chainning.feature:22 method POST
REQUEST		POST /auth/getToken	1707131523140	1707131529585	KO	Features/TDG_UKAF_Chainning.feature:22 method POST
REQUEST		POST /auth/getToken	1707131523138	1707131529585	KO	Features/TDG_UKAF_Chainning.feature:22 method POST
USER	ServiceTest	END	1707131529588
USER	ServiceTest	END	1707131529588
USER	ServiceTest	END	1707131529588
USER	ServiceTest	END	1707131529588
REQUEST		POST /auth/getToken	1707131523140	1707131529600	KO	Features/TDG_UKAF_Chainning.feature:22 method POST
REQUEST		POST /auth/getToken	1707131523358	1707131529601	KO	Features/TDG_UKAF_Chainning.feature:22 method POST
REQUEST		POST /auth/getToken	1707131523140	1707131529600	KO	Features/TDG_UKAF_Chainning.feature:22 method POST
REQUEST		POST /auth/getToken	1707131523140	1707131529600	KO	Features/TDG_UKAF_Chainning.feature:22 method POST
USER	ServiceTest	END	1707131529602
USER	ServiceTest	END	1707131529602
USER	ServiceTest	END	1707131529602
REQUEST		POST /auth/getToken	1707131523139	1707131529603	KO	Features/TDG_UKAF_Chainning.feature:22 method POST
USER	ServiceTest	END	1707131529602
USER	ServiceTest	END	1707131529603
REQUEST		POST /auth/getToken	1707131523140	1707131529615	KO	Features/TDG_UKAF_Chainning.feature:22 method POST
REQUEST		POST /auth/getToken	1707131523139	1707131529615	KO	Features/TDG_UKAF_Chainning.feature:22 method POST
USER	ServiceTest	END	1707131529616
USER	ServiceTest	END	1707131529616
REQUEST		POST /auth/getToken	1707131523140	1707131529623	KO	Features/TDG_UKAF_Chainning.feature:22 method POST
USER	ServiceTest	END	1707131529623
REQUEST		POST /auth/getToken	1707131523140	1707131529648	KO	Features/TDG_UKAF_Chainning.feature:22 method POST
REQUEST		POST /auth/getToken	1707131523140	1707131529648	KO	Features/TDG_UKAF_Chainning.feature:22 method POST
REQUEST		POST /auth/getToken	1707131523140	1707131529648	KO	Features/TDG_UKAF_Chainning.feature:22 method POST
REQUEST		POST /auth/getToken	1707131523140	1707131529648	KO	Features/TDG_UKAF_Chainning.feature:22 method POST
REQUEST		POST /auth/getToken	1707131523140	1707131529648	KO	Features/TDG_UKAF_Chainning.feature:22 method POST
USER	ServiceTest	END	1707131529648
USER	ServiceTest	END	1707131529649
USER	ServiceTest	END	1707131529649
USER	ServiceTest	END	1707131529649
REQUEST		POST /auth/getToken	1707131523140	1707131529651	KO	Features/TDG_UKAF_Chainning.feature:22 method POST
USER	ServiceTest	END	1707131529649
USER	ServiceTest	END	1707131529651
REQUEST		POST /auth/getToken	1707131523139	1707131529652	KO	Features/TDG_UKAF_Chainning.feature:22 method POST
USER	ServiceTest	END	1707131529654
REQUEST		POST /auth/getToken	1707131523139	1707131529655	KO	Features/TDG_UKAF_Chainning.feature:22 method POST
USER	ServiceTest	END	1707131529655
REQUEST		POST /auth/getToken	1707131523140	1707131529662	KO	Features/TDG_UKAF_Chainning.feature:22 method POST
REQUEST		POST /auth/getToken	1707131523140	1707131529662	KO	Features/TDG_UKAF_Chainning.feature:22 method POST
REQUEST		POST /auth/getToken	1707131523140	1707131529662	KO	Features/TDG_UKAF_Chainning.feature:22 method POST
USER	ServiceTest	END	1707131529662
USER	ServiceTest	END	1707131529662
USER	ServiceTest	END	1707131529662
REQUEST		POST /auth/getToken	1707131523140	1707131529667	KO	Features/TDG_UKAF_Chainning.feature:22 method POST
USER	ServiceTest	END	1707131529666
REQUEST		POST /auth/getToken	1707131523139	1707131529675	KO	Features/TDG_UKAF_Chainning.feature:22 method POST
USER	ServiceTest	END	1707131529674
REQUEST		POST /auth/getToken	1707131523561	1707131529677	KO	Features/TDG_UKAF_Chainning.feature:22 method POST
REQUEST		POST /auth/getToken	1707131523140	1707131529677	KO	Features/TDG_UKAF_Chainning.feature:22 method POST
USER	ServiceTest	END	1707131529677
USER	ServiceTest	END	1707131529677
REQUEST		POST /auth/getToken	1707131523140	1707131529686	KO	Features/TDG_UKAF_Chainning.feature:22 method POST
USER	ServiceTest	END	1707131529686
REQUEST		POST /auth/getToken	1707131523140	1707131529689	KO	Features/TDG_UKAF_Chainning.feature:22 method POST
USER	ServiceTest	END	1707131529689
REQUEST		POST /auth/getToken	1707131523139	1707131529692	KO	Features/TDG_UKAF_Chainning.feature:22 method POST
REQUEST		POST /auth/getToken	1707131523140	1707131529692	KO	Features/TDG_UKAF_Chainning.feature:22 method POST
USER	ServiceTest	END	1707131529692
USER	ServiceTest	END	1707131529692
REQUEST		POST /auth/getToken	1707131523139	1707131529697	KO	Features/TDG_UKAF_Chainning.feature:22 method POST
USER	ServiceTest	END	1707131529696
REQUEST		POST /auth/getToken	1707131523212	1707131529708	KO	Features/TDG_UKAF_Chainning.feature:22 method POST
REQUEST		POST /auth/getToken	1707131523436	1707131529708	KO	Features/TDG_UKAF_Chainning.feature:22 method POST
USER	ServiceTest	END	1707131529708
USER	ServiceTest	END	1707131529708
REQUEST		POST /auth/getToken	1707131523225	1707131529724	KO	Features/TDG_UKAF_Chainning.feature:22 method POST
USER	ServiceTest	END	1707131529724
REQUEST		POST /auth/getToken	1707131523206	1707131529740	KO	Features/TDG_UKAF_Chainning.feature:22 method POST
USER	ServiceTest	END	1707131529740
REQUEST		POST /auth/getToken	1707131523140	1707131529742	KO	Features/TDG_UKAF_Chainning.feature:22 method POST
USER	ServiceTest	END	1707131529741
REQUEST		POST /auth/getToken	1707131523140	1707131529749	KO	Features/TDG_UKAF_Chainning.feature:22 method POST
USER	ServiceTest	END	1707131529748
REQUEST		POST /auth/getToken	1707131523730	1707131529756	KO	Features/TDG_UKAF_Chainning.feature:22 method POST
REQUEST		POST /auth/getToken	1707131523140	1707131529756	KO	Features/TDG_UKAF_Chainning.feature:22 method POST
USER	ServiceTest	END	1707131529755
USER	ServiceTest	END	1707131529755
REQUEST		POST /auth/getToken	1707131523140	1707131529770	KO	Features/TDG_UKAF_Chainning.feature:22 method POST
USER	ServiceTest	END	1707131529770
REQUEST		POST /auth/getToken	1707131523140	1707131529771	KO	Features/TDG_UKAF_Chainning.feature:22 method POST
USER	ServiceTest	END	1707131529770
REQUEST		POST /auth/getToken	1707131523140	1707131529771	KO	Features/TDG_UKAF_Chainning.feature:22 method POST
USER	ServiceTest	END	1707131529771
REQUEST		POST /auth/getToken	1707131523140	1707131529786	KO	Features/TDG_UKAF_Chainning.feature:22 method POST
REQUEST		POST /auth/getToken	1707131523140	1707131529786	KO	Features/TDG_UKAF_Chainning.feature:22 method POST
USER	ServiceTest	END	1707131529786
USER	ServiceTest	END	1707131529787
REQUEST		POST /auth/getToken	1707131523779	1707131529791	KO	Features/TDG_UKAF_Chainning.feature:22 method POST
USER	ServiceTest	END	1707131529791
REQUEST		POST /auth/getToken	1707131523140	1707131529801	KO	Features/TDG_UKAF_Chainning.feature:22 method POST
REQUEST		POST /auth/getToken	1707131523220	1707131529802	KO	Features/TDG_UKAF_Chainning.feature:22 method POST
REQUEST		POST /auth/getToken	1707131523140	1707131529802	KO	Features/TDG_UKAF_Chainning.feature:22 method POST
USER	ServiceTest	END	1707131529801
USER	ServiceTest	END	1707131529802
USER	ServiceTest	END	1707131529803
REQUEST		POST /auth/getToken	1707131523140	1707131529818	KO	Features/TDG_UKAF_Chainning.feature:22 method POST
REQUEST		POST /auth/getToken	1707131523140	1707131529818	KO	Features/TDG_UKAF_Chainning.feature:22 method POST
USER	ServiceTest	END	1707131529818
USER	ServiceTest	END	1707131529818
REQUEST		POST /auth/getToken	1707131523140	1707131529834	KO	Features/TDG_UKAF_Chainning.feature:22 method POST
REQUEST		POST /auth/getToken	1707131523140	1707131529833	KO	Features/TDG_UKAF_Chainning.feature:22 method POST
REQUEST		POST /auth/getToken	1707131523138	1707131529833	KO	Features/TDG_UKAF_Chainning.feature:22 method POST
USER	ServiceTest	END	1707131529834
USER	ServiceTest	END	1707131529834
USER	ServiceTest	END	1707131529834
REQUEST		POST /auth/getToken	1707131523141	1707131529849	KO	Features/TDG_UKAF_Chainning.feature:22 method POST
REQUEST		POST /auth/getToken	1707131523140	1707131529849	KO	Features/TDG_UKAF_Chainning.feature:22 method POST
REQUEST		POST /auth/getToken	1707131523140	1707131529848	KO	Features/TDG_UKAF_Chainning.feature:22 method POST
REQUEST		POST /auth/getToken	1707131523140	1707131529848	KO	Features/TDG_UKAF_Chainning.feature:22 method POST
USER	ServiceTest	END	1707131529850
USER	ServiceTest	END	1707131529850
USER	ServiceTest	END	1707131529850
USER	ServiceTest	END	1707131529850
REQUEST		POST /auth/getToken	1707131523842	1707131529864	KO	Features/TDG_UKAF_Chainning.feature:22 method POST
USER	ServiceTest	END	1707131529864
REQUEST		POST /auth/getToken	1707131523902	1707131529926	KO	Features/TDG_UKAF_Chainning.feature:22 method POST
USER	ServiceTest	END	1707131529926
REQUEST		POST /auth/getToken	1707131524032	1707131530052	KO	Features/TDG_UKAF_Chainning.feature:22 method POST
USER	ServiceTest	END	1707131530052
REQUEST		POST /auth/getToken	1707131524099	1707131530113	KO	Features/TDG_UKAF_Chainning.feature:22 method POST
USER	ServiceTest	END	1707131530113
REQUEST		POST /auth/getToken	1707131524198	1707131530221	KO	Features/TDG_UKAF_Chainning.feature:22 method POST
USER	ServiceTest	END	1707131530221
REQUEST		POST /auth/getToken	1707131524316	1707131530361	KO	Features/TDG_UKAF_Chainning.feature:22 method POST
USER	ServiceTest	END	1707131530361
REQUEST		POST /auth/getToken	1707131524413	1707131530424	KO	Features/TDG_UKAF_Chainning.feature:22 method POST
USER	ServiceTest	END	1707131530424
REQUEST		POST /auth/getToken	1707131524512	1707131530533	KO	Features/TDG_UKAF_Chainning.feature:22 method POST
USER	ServiceTest	END	1707131530533
REQUEST		POST /auth/getToken	1707131524605	1707131530626	KO	Features/TDG_UKAF_Chainning.feature:22 method POST
USER	ServiceTest	END	1707131530626
REQUEST		POST /auth/getToken	1707131524709	1707131530721	KO	Features/TDG_UKAF_Chainning.feature:22 method POST
USER	ServiceTest	END	1707131530721
REQUEST		POST /auth/getToken	1707131524812	1707131530829	KO	Features/TDG_UKAF_Chainning.feature:22 method POST
USER	ServiceTest	END	1707131530829
REQUEST		POST /auth/getToken	1707131524905	1707131530922	KO	Features/TDG_UKAF_Chainning.feature:22 method POST
USER	ServiceTest	END	1707131530922
REQUEST		POST /auth/getToken	1707131525007	1707131531031	KO	Features/TDG_UKAF_Chainning.feature:22 method POST
USER	ServiceTest	END	1707131531031
REQUEST		POST /auth/getToken	1707131525107	1707131531123	KO	Features/TDG_UKAF_Chainning.feature:22 method POST
USER	ServiceTest	END	1707131531123
REQUEST		POST /auth/getToken	1707131525210	1707131531231	KO	Features/TDG_UKAF_Chainning.feature:22 method POST
USER	ServiceTest	END	1707131531230
REQUEST		POST /auth/getToken	1707131525312	1707131531323	KO	Features/TDG_UKAF_Chainning.feature:22 method POST
USER	ServiceTest	END	1707131531323
REQUEST		POST /auth/getToken	1707131525399	1707131531416	KO	Features/TDG_UKAF_Chainning.feature:22 method POST
USER	ServiceTest	END	1707131531416
REQUEST		POST /auth/getToken	1707131525510	1707131531524	KO	Features/TDG_UKAF_Chainning.feature:22 method POST
USER	ServiceTest	END	1707131531524
REQUEST		POST /auth/getToken	1707131525599	1707131531617	KO	Features/TDG_UKAF_Chainning.feature:22 method POST
USER	ServiceTest	END	1707131531617
REQUEST		POST /auth/getToken	1707131525709	1707131531727	KO	Features/TDG_UKAF_Chainning.feature:22 method POST
USER	ServiceTest	END	1707131531726
REQUEST		POST /auth/getToken	1707131525802	1707131531822	KO	Features/TDG_UKAF_Chainning.feature:22 method POST
USER	ServiceTest	END	1707131531822
REQUEST		POST /auth/getToken	1707131525908	1707131531916	KO	Features/TDG_UKAF_Chainning.feature:22 method POST
USER	ServiceTest	END	1707131531916
REQUEST		POST /auth/getToken	1707131526005	1707131532025	KO	Features/TDG_UKAF_Chainning.feature:22 method POST
USER	ServiceTest	END	1707131532026
REQUEST		POST /auth/getToken	1707131526103	1707131532118	KO	Features/TDG_UKAF_Chainning.feature:22 method POST
USER	ServiceTest	END	1707131532117
REQUEST		POST /auth/getToken	1707131526200	1707131532211	KO	Features/TDG_UKAF_Chainning.feature:22 method POST
USER	ServiceTest	END	1707131532211
REQUEST		POST /auth/getToken	1707131526303	1707131532318	KO	Features/TDG_UKAF_Chainning.feature:22 method POST
USER	ServiceTest	END	1707131532318
REQUEST		POST /auth/getToken	1707131526400	1707131532411	KO	Features/TDG_UKAF_Chainning.feature:22 method POST
USER	ServiceTest	END	1707131532411
REQUEST		POST /auth/getToken	1707131526507	1707131532520	KO	Features/TDG_UKAF_Chainning.feature:22 method POST
USER	ServiceTest	END	1707131532520
REQUEST		POST /auth/getToken	1707131526605	1707131532614	KO	Features/TDG_UKAF_Chainning.feature:22 method POST
USER	ServiceTest	END	1707131532614
REQUEST		POST /auth/getToken	1707131526705	1707131532722	KO	Features/TDG_UKAF_Chainning.feature:22 method POST
USER	ServiceTest	END	1707131532722
REQUEST		POST /auth/getToken	1707131526800	1707131532815	KO	Features/TDG_UKAF_Chainning.feature:22 method POST
USER	ServiceTest	END	1707131532816
REQUEST		POST /auth/getToken	1707131526912	1707131532924	KO	Features/TDG_UKAF_Chainning.feature:22 method POST
USER	ServiceTest	END	1707131532924
REQUEST		POST /auth/getToken	1707131526999	1707131533018	KO	Features/TDG_UKAF_Chainning.feature:22 method POST
USER	ServiceTest	END	1707131533018
REQUEST		POST /auth/getToken	1707131527116	1707131533126	KO	Features/TDG_UKAF_Chainning.feature:22 method POST
USER	ServiceTest	END	1707131533128
REQUEST		POST /auth/getToken	1707131527197	1707131533218	KO	Features/TDG_UKAF_Chainning.feature:22 method POST
USER	ServiceTest	END	1707131533218
REQUEST		POST /auth/getToken	1707131527308	1707131533326	KO	Features/TDG_UKAF_Chainning.feature:22 method POST
USER	ServiceTest	END	1707131533327
REQUEST		POST /auth/getToken	1707131527399	1707131533420	KO	Features/TDG_UKAF_Chainning.feature:22 method POST
USER	ServiceTest	END	1707131533420
REQUEST		POST /auth/getToken	1707131527508	1707131533528	KO	Features/TDG_UKAF_Chainning.feature:22 method POST
USER	ServiceTest	END	1707131533528
REQUEST		POST /auth/getToken	1707131527603	1707131533621	KO	Features/TDG_UKAF_Chainning.feature:22 method POST
USER	ServiceTest	END	1707131533624
REQUEST		POST /auth/getToken	1707131527705	1707131533714	KO	Features/TDG_UKAF_Chainning.feature:22 method POST
USER	ServiceTest	END	1707131533714
REQUEST		POST /auth/getToken	1707131527804	1707131533823	KO	Features/TDG_UKAF_Chainning.feature:22 method POST
USER	ServiceTest	END	1707131533823
REQUEST		POST /auth/getToken	1707131527906	1707131533917	KO	Features/TDG_UKAF_Chainning.feature:22 method POST
USER	ServiceTest	END	1707131533917
Failed due to the 'ko' value exceeded the threshold: 100
