RUN	Runner.TDG_UKAF_demo	tdg-ukaf-demo	1705661522706	 	3.7.4
USER	ServiceTest	START	1705661523162
USER	ServiceTest	START	1705661523562
USER	ServiceTest	START	1705661523266
USER	ServiceTest	START	1705661523065
USER	ServiceTest	START	1705661523468
USER	ServiceTest	START	1705661523360
USER	ServiceTest	START	1705661522886
USER	ServiceTest	START	1705661522955
USER	ServiceTest	START	1705661523950
USER	ServiceTest	START	1705661523951
USER	ServiceTest	START	1705661523951
USER	ServiceTest	START	1705661523965
USER	ServiceTest	START	1705661524059
USER	ServiceTest	START	1705661524168
USER	ServiceTest	START	1705661524262
USER	ServiceTest	START	1705661524370
USER	ServiceTest	START	1705661524455
USER	ServiceTest	START	1705661524559
USER	ServiceTest	START	1705661524673
USER	ServiceTest	START	1705661524766
USER	ServiceTest	START	1705661524887
USER	ServiceTest	START	1705661524946
USER	ServiceTest	START	1705661525047
USER	ServiceTest	START	1705661525147
USER	ServiceTest	START	1705661525247
USER	ServiceTest	START	1705661525357
USER	ServiceTest	START	1705661525451
USER	ServiceTest	START	1705661525547
USER	ServiceTest	START	1705661525666
USER	ServiceTest	START	1705661525758
USER	ServiceTest	START	1705661525889
USER	ServiceTest	START	1705661525951
USER	ServiceTest	START	1705661526048
USER	ServiceTest	START	1705661526147
USER	ServiceTest	START	1705661526312
USER	ServiceTest	START	1705661526361
USER	ServiceTest	START	1705661526507
USER	ServiceTest	START	1705661526550
REQUEST		POST /auth/getToken	1705661526147	1705661526454	OK	 
REQUEST		POST /auth/getToken	1705661526152	1705661526467	OK	 
REQUEST		POST /auth/getToken	1705661526159	1705661526467	OK	 
REQUEST		POST /auth/getToken	1705661526170	1705661526460	OK	 
REQUEST		POST /auth/getToken	1705661526097	1705661526447	OK	 
USER	ServiceTest	START	1705661526655
REQUEST		POST /auth/getToken	1705661526151	1705661526468	OK	 
REQUEST		POST /auth/getToken	1705661526146	1705661526466	OK	 
REQUEST		POST /auth/getToken	1705661526147	1705661526467	OK	 
REQUEST		POST /auth/getToken	1705661526147	1705661526564	OK	 
REQUEST		POST /auth/getToken	1705661526098	1705661526559	OK	 
REQUEST		POST /auth/getToken	1705661526097	1705661526553	OK	 
REQUEST		POST /auth/getToken	1705661526102	1705661526564	OK	 
REQUEST		POST /auth/getToken	1705661526146	1705661526559	OK	 
USER	ServiceTest	START	1705661526794
REQUEST		POST /auth/getToken	1705661526147	1705661526547	OK	 
REQUEST		POST /auth/getToken	1705661526152	1705661526544	OK	 
REQUEST		POST /auth/getToken	1705661526422	1705661526542	OK	 
REQUEST		POST /auth/getToken	1705661526146	1705661526537	OK	 
REQUEST		POST /auth/getToken	1705661526153	1705661526541	OK	 
REQUEST		POST /auth/getToken	1705661526146	1705661526508	OK	 
REQUEST		POST /auth/getToken	1705661526147	1705661526508	OK	 
REQUEST		POST /auth/getToken	1705661526091	1705661526549	OK	 
REQUEST		POST /auth/getToken	1705661526125	1705661526520	OK	 
REQUEST		POST /auth/getToken	1705661526149	1705661526519	OK	 
REQUEST		POST /auth/getToken	1705661526142	1705661526510	OK	 
USER	ServiceTest	START	1705661526880
REQUEST		POST /auth/getToken	1705661526158	1705661526517	OK	 
REQUEST		POST /auth/getToken	1705661526146	1705661526505	OK	 
USER	ServiceTest	START	1705661526965
REQUEST		POST /auth/getToken	1705661526208	1705661526501	OK	 
REQUEST		POST /auth/getToken	1705661526392	1705661526512	OK	 
REQUEST		POST /auth/getToken	1705661526147	1705661526503	OK	 
REQUEST		POST /auth/getToken	1705661526144	1705661526503	OK	 
REQUEST		POST /auth/getToken	1705661526159	1705661526515	OK	 
USER	ServiceTest	START	1705661527055
REQUEST		POST /auth/getToken	1705661526147	1705661526471	OK	 
REQUEST		POST /elasticsearch/insertDoc	1705661526741	1705661526828	OK	 
REQUEST		POST /auth/getToken	1705661526141	1705661526493	OK	 
REQUEST		POST /elasticsearch/insertDoc	1705661526806	1705661526864	OK	 
REQUEST		POST /auth/getToken	1705661526159	1705661526493	OK	 
REQUEST		POST /elasticsearch/insertDoc	1705661526744	1705661526838	OK	 
REQUEST		POST /elasticsearch/insertDoc	1705661526779	1705661526858	OK	 
REQUEST		POST /auth/getToken	1705661526097	1705661526493	OK	 
REQUEST		POST /elasticsearch/insertDoc	1705661526533	1705661526661	OK	 
REQUEST		POST /auth/getToken	1705661526089	1705661526493	OK	 
REQUEST		POST /elasticsearch/insertDoc	1705661526681	1705661526767	OK	 
REQUEST		POST /elasticsearch/insertDoc	1705661526641	1705661526761	OK	 
REQUEST		POST /elasticsearch/insertDoc	1705661526815	1705661526890	OK	 
REQUEST		POST /elasticsearch/insertDoc	1705661526793	1705661526891	OK	 
REQUEST		POST /elasticsearch/insertDoc	1705661526731	1705661526821	OK	 
USER	ServiceTest	START	1705661527197
REQUEST		POST /elasticsearch/insertDoc	1705661526685	1705661526767	OK	 
REQUEST		POST /elasticsearch/insertDoc	1705661526531	1705661526630	OK	 
REQUEST		POST /elasticsearch/insertDoc	1705661526862	1705661526996	OK	 
USER	ServiceTest	START	1705661527257
REQUEST		POST /elasticsearch/insertDoc	1705661526866	1705661527045	OK	 
REQUEST		POST /elasticsearch/insertDoc	1705661526880	1705661527042	OK	 
REQUEST		POST /elasticsearch/insertDoc	1705661526527	1705661526647	OK	 
REQUEST		POST /elasticsearch/insertDoc	1705661526529	1705661526630	OK	 
REQUEST		POST /elasticsearch/insertDoc	1705661526849	1705661526998	OK	 
REQUEST		POST /elasticsearch/insertDoc	1705661526734	1705661526821	OK	 
REQUEST		POST /elasticsearch/insertDoc	1705661526774	1705661526856	OK	 
REQUEST		POST /elasticsearch/insertDoc	1705661526909	1705661527163	OK	 
REQUEST		POST /elasticsearch/insertDoc	1705661526878	1705661527031	OK	 
REQUEST		POST /elasticsearch/insertDoc	1705661526752	1705661526855	OK	 
REQUEST		POST /elasticsearch/insertDoc	1705661526738	1705661526826	OK	 
REQUEST		POST /elasticsearch/insertDoc	1705661526726	1705661526829	OK	 
REQUEST		POST /elasticsearch/insertDoc	1705661526678	1705661526768	OK	 
REQUEST		POST /elasticsearch/insertDoc	1705661526763	1705661526843	OK	 
REQUEST		POST /elasticsearch/insertDoc	1705661526536	1705661526651	OK	 
REQUEST		POST /elasticsearch/insertDoc	1705661526597	1705661526686	OK	 
REQUEST		POST /elasticsearch/insertDoc	1705661526627	1705661526716	OK	 
USER	ServiceTest	START	1705661527368
REQUEST		POST /elasticsearch/insertDoc	1705661526860	1705661527088	OK	 
REQUEST		POST /elasticsearch/insertDoc	1705661526537	1705661526653	OK	 
USER	ServiceTest	START	1705661527457
REQUEST		POST /elasticsearch/insertDoc	1705661526931	1705661527091	OK	 
REQUEST		POST /auth/getToken	1705661526984	1705661527251	OK	 
USER	ServiceTest	START	1705661527555
REQUEST		POST /elasticsearch/insertDoc	1705661526914	1705661527170	OK	 
REQUEST		POST /auth/getToken	1705661527161	1705661527308	OK	 
REQUEST		POST /elasticsearch/insertDoc	1705661526925	1705661527090	OK	 
REQUEST		POST /auth/getToken	1705661527154	1705661527305	OK	 
REQUEST		POST /elasticsearch/insertDoc	1705661527383	1705661527502	OK	 
USER	ServiceTest	START	1705661527689
REQUEST		POST /auth/getToken	1705661527442	1705661527556	OK	 
USER	ServiceTest	START	1705661527764
REQUEST		POST /elasticsearch/insertDoc	1705661527491	1705661527621	OK	 
REQUEST		POST /elasticsearch/insertDoc	1705661527554	1705661527692	OK	 
REQUEST		POST /auth/getToken	1705661527551	1705661527680	OK	 
USER	ServiceTest	START	1705661527857
REQUEST		POST /auth/getToken	1705661527666	1705661527769	OK	 
REQUEST		POST /auth/getToken	1705661527582	1705661527725	OK	 
REQUEST		POST /auth/getToken	1705661527612	1705661527713	OK	 
REQUEST		POST /auth/getToken	1705661527574	1705661527715	OK	 
REQUEST		POST /auth/getToken	1705661527672	1705661527806	OK	 
REQUEST		POST /elasticsearch/insertDoc	1705661527597	1705661527708	OK	 
USER	ServiceTest	START	1705661527950
REQUEST		POST /auth/getToken	1705661527763	1705661527863	OK	 
REQUEST		POST /elasticsearch/insertDoc	1705661527758	1705661527864	OK	 
REQUEST		POST /auth/getToken	1705661527758	1705661527866	OK	 
REQUEST		POST /auth/getToken	1705661527775	1705661527891	OK	 
REQUEST		POST /auth/getToken	1705661527825	1705661527919	OK	 
REQUEST		POST /elasticsearch/insertDoc	1705661527821	1705661527904	OK	 
REQUEST		POST /elasticsearch/insertDoc	1705661527805	1705661527899	OK	 
REQUEST		POST /elasticsearch/insertDoc	1705661527808	1705661527916	OK	 
REQUEST		POST /elasticsearch/insertDoc	1705661527846	1705661527936	OK	 
REQUEST		POST /elasticsearch/insertDoc	1705661527836	1705661527924	OK	 
USER	ServiceTest	START	1705661528061
REQUEST		POST /elasticsearch/insertDoc	1705661527895	1705661527968	OK	 
REQUEST		POST /elasticsearch/insertDoc	1705661527926	1705661528004	OK	 
USER	ServiceTest	START	1705661528163
REQUEST		POST /elasticsearch/insertDoc	1705661527929	1705661528005	OK	 
REQUEST		POST /auth/getToken	1705661527897	1705661528009	OK	 
REQUEST		POST /elasticsearch/insertDoc	1705661527952	1705661528022	OK	 
REQUEST		POST /auth/getToken	1705661527976	1705661528054	OK	 
USER	ServiceTest	START	1705661528258
REQUEST		PATCH /elasticsearch/update	1705661526951	1705661527090	OK	 
REQUEST		POST /elasticsearch/insertDoc	1705661528098	1705661528231	OK	 
REQUEST		POST /elasticsearch/insertDoc	1705661528046	1705661528231	OK	 
USER	ServiceTest	START	1705661528351
REQUEST		POST /auth/getToken	1705661528145	1705661528274	OK	 
REQUEST		POST /elasticsearch/insertDoc	1705661526531	1705661526661	OK	 
REQUEST		POST /auth/getToken	1705661528185	1705661528274	OK	 
REQUEST		PATCH /elasticsearch/update	1705661526921	1705661527089	OK	 
REQUEST		PATCH /elasticsearch/update	1705661526978	1705661527167	OK	 
REQUEST		PATCH /elasticsearch/update	1705661526961	1705661527092	OK	 
REQUEST		POST /elasticsearch/sheet/insertDoc	1705661527151	1705661528319	OK	 
REQUEST		PATCH /elasticsearch/update	1705661527035	1705661527269	OK	 
REQUEST		PATCH /elasticsearch/update	1705661526926	1705661527091	OK	 
REQUEST		PATCH /elasticsearch/update	1705661527094	1705661527270	OK	 
REQUEST		PATCH /elasticsearch/update	1705661527034	1705661527271	OK	 
REQUEST		PATCH /elasticsearch/update	1705661527103	1705661527255	OK	 
REQUEST		POST /auth/getToken	1705661528277	1705661528358	OK	 
REQUEST		PATCH /elasticsearch/update	1705661527089	1705661527265	OK	 
USER	ServiceTest	START	1705661528468
REQUEST		PATCH /elasticsearch/workbook/delete	1705661528351	1705661528439	OK	 
USER	ServiceTest	END	1705661528483
REQUEST		POST /elasticsearch/insertDoc	1705661528303	1705661528411	OK	 
REQUEST		POST /elasticsearch/insertDoc	1705661528303	1705661528409	OK	 
REQUEST		POST /elasticsearch/sheet/insertDoc	1705661527273	1705661528422	OK	 
REQUEST		POST /elasticsearch/sheet/insertDoc	1705661527299	1705661528444	OK	 
REQUEST		POST /elasticsearch/sheet/insertDoc	1705661527291	1705661528431	OK	 
REQUEST		POST /elasticsearch/sheet/insertDoc	1705661527286	1705661528429	OK	 
REQUEST		POST /elasticsearch/sheet/insertDoc	1705661527325	1705661528445	OK	 
REQUEST		POST /elasticsearch/sheet/insertDoc	1705661527323	1705661528441	OK	 
REQUEST		POST /elasticsearch/sheet/insertDoc	1705661527319	1705661528451	OK	 
USER	ServiceTest	START	1705661528563
REQUEST		PATCH /elasticsearch/workbook/delete	1705661528468	1705661528548	OK	 
USER	ServiceTest	END	1705661528570
REQUEST		POST /auth/getToken	1705661528369	1705661528459	OK	 
REQUEST		PATCH /elasticsearch/update	1705661526935	1705661527173	OK	 
REQUEST		PATCH /elasticsearch/workbook/delete	1705661528478	1705661528554	OK	 
REQUEST		PATCH /elasticsearch/workbook/delete	1705661528460	1705661528554	OK	 
REQUEST		PATCH /elasticsearch/workbook/delete	1705661528473	1705661528554	OK	 
USER	ServiceTest	END	1705661528586
USER	ServiceTest	END	1705661528586
USER	ServiceTest	END	1705661528587
REQUEST		PATCH /elasticsearch/workbook/delete	1705661528480	1705661528558	OK	 
REQUEST		PATCH /elasticsearch/workbook/delete	1705661528494	1705661528559	OK	 
REQUEST		PATCH /elasticsearch/workbook/delete	1705661528473	1705661528558	OK	 
USER	ServiceTest	END	1705661528593
USER	ServiceTest	END	1705661528594
USER	ServiceTest	END	1705661528594
REQUEST		PATCH /elasticsearch/update	1705661527093	1705661527251	OK	 
REQUEST		PATCH /elasticsearch/update	1705661527312	1705661527420	OK	 
REQUEST		PATCH /elasticsearch/update	1705661526992	1705661527243	OK	 
REQUEST		POST /elasticsearch/insertDoc	1705661528397	1705661528475	OK	 
REQUEST		POST /elasticsearch/sheet/insertDoc	1705661527354	1705661528462	OK	 
REQUEST		PATCH /elasticsearch/update	1705661526970	1705661527170	OK	 
REQUEST		PATCH /elasticsearch/update	1705661527233	1705661527365	OK	 
REQUEST		POST /elasticsearch/sheet/insertDoc	1705661527350	1705661528475	OK	 
REQUEST		PATCH /elasticsearch/update	1705661526968	1705661527170	OK	 
REQUEST		PATCH /elasticsearch/update	1705661527163	1705661527333	OK	 
REQUEST		PATCH /elasticsearch/update	1705661527159	1705661527303	OK	 
REQUEST		PATCH /elasticsearch/update	1705661527257	1705661527419	OK	 
REQUEST		PATCH /elasticsearch/update	1705661526921	1705661527171	OK	 
REQUEST		PATCH /elasticsearch/update	1705661527191	1705661527305	OK	 
REQUEST		PATCH /elasticsearch/update	1705661526979	1705661527171	OK	 
REQUEST		PATCH /elasticsearch/update	1705661527230	1705661527338	OK	 
REQUEST		PATCH /elasticsearch/update	1705661527190	1705661527336	OK	 
REQUEST		PATCH /elasticsearch/update	1705661527204	1705661527335	OK	 
REQUEST		PATCH /elasticsearch/workbook/delete	1705661528507	1705661528598	OK	 
REQUEST		PATCH /elasticsearch/workbook/delete	1705661528509	1705661528597	OK	 
USER	ServiceTest	END	1705661528631
USER	ServiceTest	END	1705661528633
REQUEST		PATCH /elasticsearch/update	1705661527197	1705661527334	OK	 
REQUEST		PATCH /elasticsearch/update	1705661527234	1705661527337	OK	 
REQUEST		PATCH /elasticsearch/update	1705661527117	1705661527333	OK	 
USER	ServiceTest	START	1705661528663
REQUEST		PATCH /elasticsearch/update	1705661527194	1705661527304	OK	 
REQUEST		PATCH /elasticsearch/update	1705661527200	1705661527334	OK	 
REQUEST		PATCH /elasticsearch/update	1705661527123	1705661527302	OK	 
REQUEST		POST /elasticsearch/sheet/insertDoc	1705661527440	1705661528579	OK	 
REQUEST		POST /elasticsearch/insertDoc	1705661528490	1705661528579	OK	 
REQUEST		PATCH /elasticsearch/update	1705661527348	1705661527469	OK	 
REQUEST		POST /elasticsearch/sheet/insertDoc	1705661527454	1705661528597	OK	 
REQUEST		POST /elasticsearch/sheet/insertDoc	1705661527412	1705661528596	OK	 
REQUEST		POST /elasticsearch/sheet/insertDoc	1705661527415	1705661528596	OK	 
REQUEST		POST /elasticsearch/sheet/insertDoc	1705661527450	1705661528597	OK	 
REQUEST		POST /elasticsearch/sheet/insertDoc	1705661527456	1705661528616	OK	 
REQUEST		POST /auth/getToken	1705661528508	1705661528596	OK	 
REQUEST		PATCH /elasticsearch/workbook/delete	1705661528604	1705661528696	OK	 
USER	ServiceTest	END	1705661528731
REQUEST		POST /elasticsearch/sheet/insertDoc	1705661527424	1705661528598	OK	 
REQUEST		POST /elasticsearch/sheet/insertDoc	1705661527504	1705661528616	OK	 
REQUEST		POST /elasticsearch/sheet/insertDoc	1705661527490	1705661528612	OK	 
REQUEST		POST /elasticsearch/sheet/insertDoc	1705661527403	1705661528598	OK	 
REQUEST		POST /elasticsearch/sheet/insertDoc	1705661527454	1705661528612	OK	 
REQUEST		POST /elasticsearch/sheet/insertDoc	1705661527448	1705661528613	OK	 
REQUEST		POST /elasticsearch/sheet/insertDoc	1705661527494	1705661528613	OK	 
REQUEST		POST /elasticsearch/sheet/insertDoc	1705661527508	1705661528618	OK	 
REQUEST		PATCH /elasticsearch/workbook/delete	1705661528630	1705661528709	OK	 
REQUEST		PATCH /elasticsearch/workbook/delete	1705661528622	1705661528709	OK	 
USER	ServiceTest	END	1705661528752
USER	ServiceTest	END	1705661528752
REQUEST		PATCH /elasticsearch/workbook/delete	1705661528632	1705661528721	OK	 
REQUEST		PATCH /elasticsearch/workbook/delete	1705661528633	1705661528722	OK	 
USER	ServiceTest	END	1705661528753
USER	ServiceTest	END	1705661528753
USER	ServiceTest	START	1705661528752
REQUEST		POST /elasticsearch/sheet/insertDoc	1705661527517	1705661528646	OK	 
REQUEST		POST /elasticsearch/sheet/insertDoc	1705661527517	1705661528624	OK	 
REQUEST		POST /elasticsearch/sheet/insertDoc	1705661527505	1705661528624	OK	 
REQUEST		PATCH /elasticsearch/workbook/delete	1705661528641	1705661528726	OK	 
REQUEST		PATCH /elasticsearch/workbook/delete	1705661528640	1705661528740	OK	 
USER	ServiceTest	END	1705661528767
REQUEST		PATCH /elasticsearch/workbook/delete	1705661528632	1705661528740	OK	 
USER	ServiceTest	END	1705661528769
USER	ServiceTest	END	1705661528769
REQUEST		POST /elasticsearch/sheet/insertDoc	1705661527520	1705661528646	OK	 
REQUEST		POST /elasticsearch/sheet/insertDoc	1705661527522	1705661528648	OK	 
REQUEST		POST /auth/getToken	1705661528577	1705661528672	OK	 
REQUEST		PATCH /elasticsearch/workbook/delete	1705661528644	1705661528746	OK	 
REQUEST		PATCH /elasticsearch/workbook/delete	1705661528629	1705661528745	OK	 
REQUEST		PATCH /elasticsearch/workbook/delete	1705661528666	1705661528750	OK	 
USER	ServiceTest	END	1705661528781
USER	ServiceTest	END	1705661528781
USER	ServiceTest	END	1705661528781
REQUEST		PATCH /elasticsearch/workbook/delete	1705661528643	1705661528748	OK	 
REQUEST		PATCH /elasticsearch/workbook/delete	1705661528643	1705661528748	OK	 
USER	ServiceTest	END	1705661528782
REQUEST		PATCH /elasticsearch/workbook/delete	1705661528645	1705661528743	OK	 
USER	ServiceTest	END	1705661528782
USER	ServiceTest	END	1705661528782
REQUEST		PATCH /elasticsearch/workbook/delete	1705661528667	1705661528763	OK	 
REQUEST		PATCH /elasticsearch/workbook/delete	1705661528674	1705661528760	OK	 
REQUEST		PATCH /elasticsearch/workbook/delete	1705661528666	1705661528763	OK	 
USER	ServiceTest	END	1705661528792
USER	ServiceTest	END	1705661528792
USER	ServiceTest	END	1705661528793
REQUEST		PATCH /elasticsearch/update	1705661527458	1705661527620	OK	 
REQUEST		PATCH /elasticsearch/workbook/delete	1705661528674	1705661528776	OK	 
REQUEST		PATCH /elasticsearch/workbook/delete	1705661528702	1705661528778	OK	 
USER	ServiceTest	END	1705661528807
USER	ServiceTest	END	1705661528808
REQUEST		POST /elasticsearch/sheet/insertDoc	1705661527538	1705661528682	OK	 
REQUEST		POST /elasticsearch/sheet/insertDoc	1705661527524	1705661528685	OK	 
REQUEST		POST /elasticsearch/sheet/insertDoc	1705661527536	1705661528689	OK	 
REQUEST		POST /elasticsearch/sheet/insertDoc	1705661527564	1705661528699	OK	 
REQUEST		POST /elasticsearch/insertDoc	1705661528633	1705661528726	OK	 
REQUEST		PATCH /elasticsearch/workbook/delete	1705661528716	1705661528815	OK	 
REQUEST		PATCH /elasticsearch/workbook/delete	1705661528716	1705661528815	OK	 
USER	ServiceTest	END	1705661528839
USER	ServiceTest	END	1705661528839
REQUEST		PATCH /elasticsearch/workbook/delete	1705661528716	1705661528815	OK	 
USER	ServiceTest	END	1705661528839
REQUEST		PATCH /elasticsearch/update	1705661527577	1705661527693	OK	 
REQUEST		PATCH /elasticsearch/workbook/delete	1705661528734	1705661528823	OK	 
USER	ServiceTest	START	1705661528853
USER	ServiceTest	END	1705661528857
REQUEST		POST /elasticsearch/insertDoc	1705661528705	1705661528778	OK	 
REQUEST		PATCH /elasticsearch/update	1705661527539	1705661527682	OK	 
REQUEST		POST /elasticsearch/sheet/insertDoc	1705661527648	1705661528795	OK	 
REQUEST		PATCH /elasticsearch/workbook/delete	1705661528826	1705661528905	OK	 
USER	ServiceTest	END	1705661528930
REQUEST		PATCH /elasticsearch/update	1705661527696	1705661527806	OK	 
REQUEST		POST /elasticsearch/sheet/insertDoc	1705661527723	1705661528851	OK	 
USER	ServiceTest	START	1705661528962
REQUEST		POST /auth/getToken	1705661528710	1705661528810	OK	 
REQUEST		POST /auth/getToken	1705661528768	1705661528875	OK	 
REQUEST		POST /elasticsearch/sheet/insertDoc	1705661527756	1705661528875	OK	 
REQUEST		PATCH /elasticsearch/update	1705661527727	1705661527859	OK	 
REQUEST		PATCH /elasticsearch/workbook/delete	1705661528886	1705661528959	OK	 
USER	ServiceTest	END	1705661528994
REQUEST		PATCH /elasticsearch/workbook/delete	1705661528903	1705661528974	OK	 
USER	ServiceTest	END	1705661529008
USER	ServiceTest	START	1705661529053
REQUEST		POST /elasticsearch/sheet/insertDoc	1705661527847	1705661528949	OK	 
REQUEST		POST /elasticsearch/insertDoc	1705661528841	1705661528966	OK	 
REQUEST		PATCH /elasticsearch/update	1705661527838	1705661527936	OK	 
REQUEST		POST /elasticsearch/insertDoc	1705661528900	1705661528974	OK	 
REQUEST		POST /auth/getToken	1705661528881	1705661528975	OK	 
REQUEST		PATCH /elasticsearch/workbook/delete	1705661528979	1705661529066	OK	 
USER	ServiceTest	END	1705661529103
REQUEST		POST /elasticsearch/sheet/insertDoc	1705661527902	1705661528988	OK	 
REQUEST		PATCH /elasticsearch/update	1705661527894	1705661527981	OK	 
REQUEST		PATCH /elasticsearch/workbook/delete	1705661529023	1705661529123	OK	 
USER	ServiceTest	END	1705661529147
USER	ServiceTest	START	1705661529160
REQUEST		POST /elasticsearch/sheet/insertDoc	1705661527978	1705661529068	OK	 
REQUEST		POST /auth/getToken	1705661528986	1705661529093	OK	 
REQUEST		POST /elasticsearch/insertDoc	1705661529007	1705661529100	OK	 
REQUEST		PATCH /elasticsearch/update	1705661527978	1705661528049	OK	 
REQUEST		PATCH /elasticsearch/workbook/delete	1705661529103	1705661529210	OK	 
USER	ServiceTest	END	1705661529239
REQUEST		PATCH /elasticsearch/update	1705661527941	1705661528023	OK	 
REQUEST		POST /auth/getToken	1705661529071	1705661529146	OK	 
REQUEST		POST /elasticsearch/sheet/insertDoc	1705661528018	1705661529129	OK	 
USER	ServiceTest	START	1705661529255
REQUEST		PATCH /elasticsearch/workbook/delete	1705661529162	1705661529241	OK	 
USER	ServiceTest	END	1705661529270
REQUEST		PATCH /elasticsearch/update	1705661527941	1705661528025	OK	 
REQUEST		PATCH /elasticsearch/update	1705661527998	1705661528129	OK	 
REQUEST		PATCH /elasticsearch/update	1705661527954	1705661528037	OK	 
REQUEST		PATCH /elasticsearch/update	1705661527974	1705661528054	OK	 
REQUEST		PATCH /elasticsearch/update	1705661528045	1705661528162	OK	 
REQUEST		POST /elasticsearch/insertDoc	1705661529134	1705661529218	OK	 
REQUEST		PATCH /elasticsearch/update	1705661528051	1705661528178	OK	 
USER	ServiceTest	START	1705661529353
REQUEST		POST /elasticsearch/insertDoc	1705661529177	1705661529241	OK	 
REQUEST		POST /elasticsearch/sheet/insertDoc	1705661528060	1705661529239	OK	 
REQUEST		POST /elasticsearch/sheet/insertDoc	1705661528097	1705661529235	OK	 
REQUEST		POST /auth/getToken	1705661529177	1705661529275	OK	 
REQUEST		POST /elasticsearch/sheet/insertDoc	1705661528130	1705661529275	OK	 
REQUEST		POST /elasticsearch/sheet/insertDoc	1705661528167	1705661529275	OK	 
REQUEST		POST /elasticsearch/sheet/insertDoc	1705661528100	1705661529277	OK	 
REQUEST		PATCH /elasticsearch/workbook/delete	1705661529272	1705661529362	OK	 
USER	ServiceTest	END	1705661529393
REQUEST		POST /elasticsearch/sheet/insertDoc	1705661528065	1705661529275	OK	 
REQUEST		PATCH /elasticsearch/workbook/delete	1705661529270	1705661529361	OK	 
USER	ServiceTest	END	1705661529399
REQUEST		POST /elasticsearch/sheet/insertDoc	1705661528195	1705661529324	OK	 
REQUEST		PATCH /elasticsearch/workbook/delete	1705661529299	1705661529386	OK	 
REQUEST		PATCH /elasticsearch/workbook/delete	1705661529302	1705661529386	OK	 
REQUEST		PATCH /elasticsearch/workbook/delete	1705661529304	1705661529385	OK	 
USER	ServiceTest	END	1705661529424
USER	ServiceTest	END	1705661529424
USER	ServiceTest	END	1705661529424
REQUEST		PATCH /elasticsearch/workbook/delete	1705661529302	1705661529397	OK	 
USER	ServiceTest	END	1705661529426
REQUEST		PATCH /elasticsearch/workbook/delete	1705661529348	1705661529422	OK	 
USER	ServiceTest	END	1705661529453
USER	ServiceTest	START	1705661529453
REQUEST		PATCH /elasticsearch/update	1705661528256	1705661528330	OK	 
REQUEST		PATCH /elasticsearch/update	1705661528257	1705661528346	OK	 
REQUEST		POST /elasticsearch/sheet/insertDoc	1705661528209	1705661529350	OK	 
REQUEST		POST /auth/getToken	1705661529264	1705661529332	OK	 
REQUEST		PATCH /elasticsearch/workbook/delete	1705661529379	1705661529483	OK	 
USER	ServiceTest	END	1705661529516
REQUEST		POST /elasticsearch/insertDoc	1705661529304	1705661529383	OK	 
REQUEST		PATCH /elasticsearch/update	1705661527237	1705661528410	OK	 
USER	ServiceTest	START	1705661529561
REQUEST		POST /elasticsearch/sheet/insertDoc	1705661528366	1705661529478	OK	 
REQUEST		POST /auth/getToken	1705661529391	1705661529473	OK	 
REQUEST		POST /elasticsearch/sheet/insertDoc	1705661528381	1705661529481	OK	 
REQUEST		POST /elasticsearch/insertDoc	1705661529368	1705661529484	OK	 
REQUEST		PATCH /elasticsearch/workbook/delete	1705661529517	1705661529582	OK	 
USER	ServiceTest	END	1705661529608
REQUEST		PATCH /elasticsearch/workbook/delete	1705661529517	1705661529582	OK	 
USER	ServiceTest	END	1705661529608
USER	ServiceTest	START	1705661529655
REQUEST		POST /auth/getToken	1705661529463	1705661529538	OK	 
REQUEST		POST /elasticsearch/insertDoc	1705661529501	1705661529582	OK	 
REQUEST		POST /elasticsearch/sheet/insertDoc	1705661528449	1705661529559	OK	 
REQUEST		PATCH /elasticsearch/update	1705661528448	1705661528548	OK	 
REQUEST		PATCH /elasticsearch/workbook/delete	1705661529594	1705661529676	OK	 
USER	ServiceTest	END	1705661529703
REQUEST		PATCH /elasticsearch/update	1705661528443	1705661528518	OK	 
REQUEST		PATCH /elasticsearch/update	1705661528505	1705661528597	OK	 
REQUEST		PATCH /elasticsearch/update	1705661528128	1705661528231	OK	 
USER	ServiceTest	START	1705661529763
REQUEST		POST /auth/getToken	1705661529576	1705661529670	OK	 
REQUEST		POST /elasticsearch/insertDoc	1705661529563	1705661529670	OK	 
REQUEST		PATCH /elasticsearch/update	1705661528610	1705661528696	OK	 
USER	ServiceTest	START	1705661529857
REQUEST		POST /auth/getToken	1705661529674	1705661529748	OK	 
REQUEST		POST /elasticsearch/sheet/insertDoc	1705661528552	1705661529719	OK	 
REQUEST		POST /elasticsearch/sheet/insertDoc	1705661528257	1705661529748	OK	 
REQUEST		POST /elasticsearch/sheet/insertDoc	1705661528588	1705661529698	OK	 
REQUEST		POST /elasticsearch/sheet/insertDoc	1705661528632	1705661529730	OK	 
REQUEST		POST /elasticsearch/insertDoc	1705661529705	1705661529823	OK	 
REQUEST		PATCH /elasticsearch/workbook/delete	1705661529752	1705661529898	OK	 
REQUEST		PATCH /elasticsearch/workbook/delete	1705661529764	1705661529899	OK	 
REQUEST		PATCH /elasticsearch/workbook/delete	1705661529733	1705661529899	OK	 
REQUEST		PATCH /elasticsearch/workbook/delete	1705661529782	1705661529898	OK	 
USER	ServiceTest	END	1705661529933
USER	ServiceTest	END	1705661529933
USER	ServiceTest	END	1705661529934
USER	ServiceTest	END	1705661529934
USER	ServiceTest	START	1705661529949
REQUEST		PATCH /elasticsearch/update	1705661528767	1705661528826	OK	 
REQUEST		PATCH /elasticsearch/update	1705661528809	1705661528874	OK	 
REQUEST		POST /elasticsearch/sheet/insertDoc	1705661528732	1705661529846	OK	 
REQUEST		POST /elasticsearch/insertDoc	1705661529780	1705661529873	OK	 
REQUEST		POST /auth/getToken	1705661529783	1705661529889	OK	 
REQUEST		PATCH /elasticsearch/workbook/delete	1705661529873	1705661529982	OK	 
USER	ServiceTest	END	1705661530010
USER	ServiceTest	START	1705661530055
REQUEST		POST /auth/getToken	1705661529868	1705661529945	OK	 
REQUEST		POST /elasticsearch/sheet/insertDoc	1705661528900	1705661529977	OK	 
REQUEST		PATCH /elasticsearch/workbook/delete	1705661530012	1705661530080	OK	 
USER	ServiceTest	END	1705661530116
REQUEST		POST /elasticsearch/sheet/insertDoc	1705661528858	1705661529968	OK	 
REQUEST		POST /elasticsearch/insertDoc	1705661529919	1705661530004	OK	 
REQUEST		POST /auth/getToken	1705661529963	1705661530032	OK	 
USER	ServiceTest	START	1705661530147
REQUEST		PATCH /elasticsearch/workbook/delete	1705661529997	1705661530169	OK	 
USER	ServiceTest	END	1705661530197
REQUEST		POST /elasticsearch/insertDoc	1705661529981	1705661530079	OK	 
REQUEST		PATCH /elasticsearch/update	1705661528993	1705661529068	OK	 
REQUEST		PATCH /elasticsearch/update	1705661529007	1705661529100	OK	 
USER	ServiceTest	START	1705661530257
REQUEST		POST /auth/getToken	1705661530069	1705661530168	OK	 
REQUEST		POST /elasticsearch/insertDoc	1705661530073	1705661530170	OK	 
REQUEST		POST /elasticsearch/sheet/insertDoc	1705661529103	1705661530222	OK	 
REQUEST		POST /elasticsearch/sheet/insertDoc	1705661529133	1705661530233	OK	 
USER	ServiceTest	START	1705661530350
REQUEST		POST /auth/getToken	1705661530182	1705661530249	OK	 
REQUEST		POST /elasticsearch/insertDoc	1705661530195	1705661530278	OK	 
REQUEST		PATCH /elasticsearch/update	1705661529133	1705661529222	OK	 
REQUEST		PATCH /elasticsearch/workbook/delete	1705661530257	1705661530346	OK	 
USER	ServiceTest	END	1705661530381
REQUEST		PATCH /elasticsearch/workbook/delete	1705661530258	1705661530346	OK	 
USER	ServiceTest	END	1705661530382
REQUEST		POST /auth/getToken	1705661530266	1705661530333	OK	 
USER	ServiceTest	START	1705661530456
REQUEST		PATCH /elasticsearch/update	1705661529256	1705661529330	OK	 
REQUEST		PATCH /elasticsearch/update	1705661529270	1705661529361	OK	 
REQUEST		POST /elasticsearch/insertDoc	1705661530272	1705661530366	OK	 
REQUEST		POST /elasticsearch/sheet/insertDoc	1705661529258	1705661530368	OK	 
REQUEST		PATCH /elasticsearch/workbook/delete	1705661530398	1705661530510	OK	 
USER	ServiceTest	END	1705661530535
REQUEST		POST /elasticsearch/insertDoc	1705661530379	1705661530440	OK	 
USER	ServiceTest	START	1705661530549
REQUEST		POST /auth/getToken	1705661530375	1705661530481	OK	 
REQUEST		POST /elasticsearch/sheet/insertDoc	1705661529385	1705661530503	OK	 
REQUEST		POST /elasticsearch/sheet/insertDoc	1705661529369	1705661530503	OK	 
REQUEST		POST /auth/getToken	1705661530464	1705661530541	OK	 
REQUEST		PATCH /elasticsearch/workbook/delete	1705661530536	1705661530601	OK	 
USER	ServiceTest	END	1705661530627
REQUEST		PATCH /elasticsearch/workbook/delete	1705661530537	1705661530619	OK	 
USER	ServiceTest	END	1705661530642
USER	ServiceTest	START	1705661530657
REQUEST		PATCH /elasticsearch/update	1705661529426	1705661529518	OK	 
REQUEST		PATCH /elasticsearch/update	1705661529517	1705661529582	OK	 
REQUEST		POST /elasticsearch/insertDoc	1705661530521	1705661530589	OK	 
REQUEST		POST /elasticsearch/insertDoc	1705661530566	1705661530619	OK	 
REQUEST		POST /auth/getToken	1705661530571	1705661530636	OK	 
USER	ServiceTest	START	1705661530750
REQUEST		POST /elasticsearch/sheet/insertDoc	1705661529547	1705661530674	OK	 
REQUEST		PATCH /elasticsearch/update	1705661529609	1705661529674	OK	 
REQUEST		PATCH /elasticsearch/workbook/delete	1705661530706	1705661530770	OK	 
USER	ServiceTest	END	1705661530797
REQUEST		POST /elasticsearch/sheet/insertDoc	1705661529609	1705661530700	OK	 
REQUEST		PATCH /elasticsearch/workbook/delete	1705661530736	1705661530797	OK	 
USER	ServiceTest	END	1705661530827
USER	ServiceTest	START	1705661530857
REQUEST		POST /auth/getToken	1705661530664	1705661530769	OK	 
REQUEST		POST /elasticsearch/insertDoc	1705661530675	1705661530745	OK	 
REQUEST		POST /elasticsearch/sheet/insertDoc	1705661529705	1705661530794	OK	 
REQUEST		PATCH /elasticsearch/workbook/delete	1705661530828	1705661530883	OK	 
USER	ServiceTest	END	1705661530922
REQUEST		POST /auth/getToken	1705661530759	1705661530846	OK	 
USER	ServiceTest	START	1705661530951
REQUEST		PATCH /elasticsearch/update	1705661529702	1705661529824	OK	 
REQUEST		POST /elasticsearch/insertDoc	1705661530798	1705661530864	OK	 
REQUEST		PATCH /elasticsearch/update	1705661529858	1705661529927	OK	 
REQUEST		POST /auth/getToken	1705661530867	1705661530936	OK	 
REQUEST		POST /elasticsearch/insertDoc	1705661530875	1705661530936	OK	 
USER	ServiceTest	START	1705661531059
REQUEST		POST /elasticsearch/sheet/insertDoc	1705661529862	1705661530991	OK	 
REQUEST		PATCH /elasticsearch/workbook/delete	1705661531029	1705661531103	OK	 
USER	ServiceTest	END	1705661531137
REQUEST		POST /elasticsearch/insertDoc	1705661530971	1705661531055	OK	 
REQUEST		PATCH /elasticsearch/update	1705661529903	1705661529990	OK	 
REQUEST		POST /auth/getToken	1705661530961	1705661531055	OK	 
USER	ServiceTest	START	1705661531151
REQUEST		POST /elasticsearch/sheet/insertDoc	1705661529950	1705661531055	OK	 
REQUEST		PATCH /elasticsearch/workbook/delete	1705661531093	1705661531213	OK	 
USER	ServiceTest	END	1705661531244
USER	ServiceTest	START	1705661531259
REQUEST		PATCH /elasticsearch/update	1705661530041	1705661530169	OK	 
REQUEST		POST /auth/getToken	1705661531072	1705661531151	OK	 
REQUEST		POST /elasticsearch/insertDoc	1705661531090	1705661531158	OK	 
USER	ServiceTest	START	1705661531352
REQUEST		PATCH /elasticsearch/update	1705661530102	1705661530207	OK	 
REQUEST		POST /elasticsearch/sheet/insertDoc	1705661530198	1705661531282	OK	 
REQUEST		POST /elasticsearch/insertDoc	1705661531184	1705661531297	OK	 
REQUEST		PATCH /elasticsearch/workbook/delete	1705661531307	1705661531377	OK	 
USER	ServiceTest	END	1705661531416
REQUEST		PATCH /elasticsearch/update	1705661530194	1705661530281	OK	 
USER	ServiceTest	START	1705661531459
REQUEST		POST /auth/getToken	1705661531268	1705661531357	OK	 
REQUEST		POST /elasticsearch/sheet/insertDoc	1705661530241	1705661531360	OK	 
REQUEST		PATCH /elasticsearch/workbook/delete	1705661531399	1705661531474	OK	 
USER	ServiceTest	END	1705661531507
REQUEST		PATCH /elasticsearch/update	1705661530302	1705661530368	OK	 
REQUEST		POST /elasticsearch/sheet/insertDoc	1705661530027	1705661531158	OK	 
REQUEST		POST /auth/getToken	1705661531365	1705661531428	OK	 
REQUEST		POST /elasticsearch/sheet/insertDoc	1705661530318	1705661531435	OK	 
USER	ServiceTest	START	1705661531551
REQUEST		PATCH /elasticsearch/workbook/delete	1705661531183	1705661531538	OK	 
USER	ServiceTest	END	1705661531567
REQUEST		POST /elasticsearch/insertDoc	1705661531384	1705661531475	OK	 
REQUEST		PATCH /elasticsearch/workbook/delete	1705661531460	1705661531546	OK	 
USER	ServiceTest	END	1705661531581
REQUEST		POST /elasticsearch/sheet/insertDoc	1705661530396	1705661531521	OK	 
REQUEST		PATCH /elasticsearch/update	1705661530398	1705661530510	OK	 
REQUEST		POST /elasticsearch/insertDoc	1705661531462	1705661531540	OK	 
REQUEST		POST /auth/getToken	1705661531167	1705661531539	OK	 
REQUEST		PATCH /elasticsearch/workbook/delete	1705661531552	1705661531634	OK	 
USER	ServiceTest	END	1705661531661
USER	ServiceTest	START	1705661531661
REQUEST		POST /auth/getToken	1705661531472	1705661531546	OK	 
REQUEST		PATCH /elasticsearch/update	1705661530473	1705661530544	OK	 
USER	ServiceTest	START	1705661531752
REQUEST		POST /elasticsearch/sheet/insertDoc	1705661530535	1705661531635	OK	 
REQUEST		POST /elasticsearch/insertDoc	1705661531568	1705661531637	OK	 
REQUEST		POST /elasticsearch/insertDoc	1705661531583	1705661531680	OK	 
REQUEST		POST /auth/getToken	1705661531560	1705661531679	OK	 
REQUEST		PATCH /elasticsearch/workbook/delete	1705661531661	1705661531754	OK	 
USER	ServiceTest	END	1705661531786
REQUEST		POST /elasticsearch/sheet/insertDoc	1705661530580	1705661531694	OK	 
REQUEST		PATCH /elasticsearch/update	1705661530628	1705661530704	OK	 
REQUEST		POST /auth/getToken	1705661531671	1705661531745	OK	 
REQUEST		PATCH /elasticsearch/workbook/delete	1705661531722	1705661531797	OK	 
USER	ServiceTest	END	1705661531830
USER	ServiceTest	START	1705661531861
REQUEST		PATCH /elasticsearch/update	1705661530643	1705661530717	OK	 
REQUEST		POST /elasticsearch/insertDoc	1705661531707	1705661531782	OK	 
REQUEST		POST /elasticsearch/sheet/insertDoc	1705661530736	1705661531822	OK	 
REQUEST		POST /elasticsearch/insertDoc	1705661531768	1705661531826	OK	 
REQUEST		PATCH /elasticsearch/workbook/delete	1705661531847	1705661531924	OK	 
USER	ServiceTest	START	1705661531953
USER	ServiceTest	END	1705661531956
REQUEST		POST /auth/getToken	1705661531762	1705661531844	OK	 
REQUEST		POST /elasticsearch/sheet/insertDoc	1705661530752	1705661531892	OK	 
REQUEST		PATCH /elasticsearch/workbook/delete	1705661531926	1705661531985	OK	 
USER	ServiceTest	END	1705661532014
REQUEST		PATCH /elasticsearch/update	1705661530785	1705661530864	OK	 
REQUEST		POST /auth/getToken	1705661531869	1705661531958	OK	 
REQUEST		POST /elasticsearch/insertDoc	1705661531877	1705661531958	OK	 
USER	ServiceTest	START	1705661532060
REQUEST		POST /elasticsearch/sheet/insertDoc	1705661530891	1705661532015	OK	 
REQUEST		PATCH /elasticsearch/update	1705661530891	1705661531004	OK	 
REQUEST		POST /auth/getToken	1705661531974	1705661532044	OK	 
REQUEST		PATCH /elasticsearch/workbook/delete	1705661532048	1705661532114	OK	 
USER	ServiceTest	END	1705661532152
USER	ServiceTest	START	1705661532152
REQUEST		POST /elasticsearch/insertDoc	1705661531984	1705661532044	OK	 
REQUEST		POST /elasticsearch/sheet/insertDoc	1705661531029	1705661532123	OK	 
REQUEST		PATCH /elasticsearch/update	1705661530968	1705661531055	OK	 
REQUEST		PATCH /elasticsearch/workbook/delete	1705661532153	1705661532216	OK	 
USER	ServiceTest	END	1705661532243
USER	ServiceTest	START	1705661532258
REQUEST		POST /elasticsearch/insertDoc	1705661532078	1705661532150	OK	 
REQUEST		POST /auth/getToken	1705661532082	1705661532150	OK	 
REQUEST		PATCH /elasticsearch/update	1705661531078	1705661531151	OK	 
REQUEST		POST /elasticsearch/sheet/insertDoc	1705661531090	1705661532225	OK	 
REQUEST		POST /elasticsearch/insertDoc	1705661532182	1705661532262	OK	 
USER	ServiceTest	START	1705661532350
REQUEST		PATCH /elasticsearch/workbook/delete	1705661532260	1705661532329	OK	 
USER	ServiceTest	END	1705661532368
REQUEST		POST /auth/getToken	1705661532163	1705661532249	OK	 
REQUEST		PATCH /elasticsearch/update	1705661531183	1705661531297	OK	 
REQUEST		POST /auth/getToken	1705661532270	1705661532338	OK	 
REQUEST		POST /elasticsearch/sheet/insertDoc	1705661531183	1705661532302	OK	 
USER	ServiceTest	START	1705661532459
REQUEST		PATCH /elasticsearch/workbook/delete	1705661532336	1705661532442	OK	 
USER	ServiceTest	END	1705661532479
REQUEST		POST /elasticsearch/insertDoc	1705661532274	1705661532377	OK	 
REQUEST		PATCH /elasticsearch/update	1705661531323	1705661531389	OK	 
REQUEST		POST /elasticsearch/sheet/insertDoc	1705661531325	1705661532413	OK	 
USER	ServiceTest	START	1705661532550
REQUEST		POST /elasticsearch/insertDoc	1705661532366	1705661532426	OK	 
REQUEST		POST /auth/getToken	1705661532370	1705661532444	OK	 
REQUEST		PATCH /elasticsearch/workbook/delete	1705661532445	1705661532548	OK	 
USER	ServiceTest	END	1705661532580
USER	ServiceTest	START	1705661532656
REQUEST		POST /elasticsearch/sheet/insertDoc	1705661531415	1705661532539	OK	 
REQUEST		POST /elasticsearch/insertDoc	1705661532473	1705661532567	OK	 
REQUEST		POST /auth/getToken	1705661532477	1705661532565	OK	 
REQUEST		PATCH /elasticsearch/workbook/delete	1705661532565	1705661532713	OK	 
USER	ServiceTest	END	1705661532749
USER	ServiceTest	START	1705661532750
REQUEST		PATCH /elasticsearch/update	1705661531508	1705661531569	OK	 
REQUEST		POST /auth/getToken	1705661532577	1705661532674	OK	 
REQUEST		PATCH /elasticsearch/update	1705661531568	1705661531636	OK	 
REQUEST		POST /auth/getToken	1705661532664	1705661532730	OK	 
REQUEST		POST /elasticsearch/insertDoc	1705661532599	1705661532713	OK	 
REQUEST		POST /elasticsearch/insertDoc	1705661532704	1705661532768	OK	 
REQUEST		POST /elasticsearch/sheet/insertDoc	1705661531661	1705661532768	OK	 
REQUEST		POST /elasticsearch/sheet/insertDoc	1705661531598	1705661532768	OK	 
REQUEST		PATCH /elasticsearch/workbook/delete	1705661532796	1705661532854	OK	 
USER	ServiceTest	END	1705661532900
REQUEST		PATCH /elasticsearch/workbook/delete	1705661532796	1705661532865	OK	 
USER	ServiceTest	END	1705661532900
REQUEST		PATCH /elasticsearch/update	1705661531707	1705661531780	OK	 
REQUEST		PATCH /elasticsearch/update	1705661531676	1705661531761	OK	 
REQUEST		POST /elasticsearch/insertDoc	1705661532766	1705661532823	OK	 
REQUEST		POST /auth/getToken	1705661532766	1705661532827	OK	 
REQUEST		PATCH /elasticsearch/update	1705661531815	1705661531899	OK	 
REQUEST		POST /elasticsearch/sheet/insertDoc	1705661531786	1705661532912	OK	 
REQUEST		POST /elasticsearch/sheet/insertDoc	1705661531815	1705661532912	OK	 
REQUEST		PATCH /elasticsearch/workbook/delete	1705661532935	1705661533015	OK	 
USER	ServiceTest	END	1705661533048
REQUEST		POST /elasticsearch/insertDoc	1705661532861	1705661532939	OK	 
REQUEST		PATCH /elasticsearch/update	1705661531862	1705661531939	OK	 
REQUEST		PATCH /elasticsearch/workbook/delete	1705661532935	1705661533034	OK	 
USER	ServiceTest	END	1705661533074
REQUEST		POST /elasticsearch/sheet/insertDoc	1705661531924	1705661533015	OK	 
REQUEST		PATCH /elasticsearch/update	1705661531985	1705661532059	OK	 
REQUEST		PATCH /elasticsearch/workbook/delete	1705661533049	1705661533157	OK	 
USER	ServiceTest	END	1705661533184
REQUEST		POST /elasticsearch/sheet/insertDoc	1705661531971	1705661533068	OK	 
REQUEST		PATCH /elasticsearch/workbook/delete	1705661533106	1705661533184	OK	 
USER	ServiceTest	END	1705661533215
REQUEST		PATCH /elasticsearch/update	1705661532082	1705661532163	OK	 
REQUEST		POST /elasticsearch/sheet/insertDoc	1705661532090	1705661533169	OK	 
REQUEST		PATCH /elasticsearch/workbook/delete	1705661533200	1705661533293	OK	 
USER	ServiceTest	END	1705661533324
REQUEST		PATCH /elasticsearch/update	1705661532182	1705661532262	OK	 
REQUEST		POST /elasticsearch/sheet/insertDoc	1705661532199	1705661533288	OK	 
REQUEST		PATCH /elasticsearch/workbook/delete	1705661533325	1705661533407	OK	 
USER	ServiceTest	END	1705661533433
REQUEST		POST /elasticsearch/sheet/insertDoc	1705661532290	1705661533381	OK	 
REQUEST		PATCH /elasticsearch/workbook/delete	1705661533419	1705661533509	OK	 
USER	ServiceTest	END	1705661533543
REQUEST		PATCH /elasticsearch/update	1705661532290	1705661532347	OK	 
REQUEST		POST /elasticsearch/sheet/insertDoc	1705661532383	1705661533542	OK	 
REQUEST		PATCH /elasticsearch/workbook/delete	1705661533575	1705661533668	OK	 
USER	ServiceTest	END	1705661533698
REQUEST		PATCH /elasticsearch/update	1705661532459	1705661532566	OK	 
REQUEST		PATCH /elasticsearch/update	1705661532416	1705661532532	OK	 
REQUEST		POST /elasticsearch/sheet/insertDoc	1705661532599	1705661533712	OK	 
REQUEST		POST /elasticsearch/sheet/insertDoc	1705661532571	1705661533712	OK	 
REQUEST		PATCH /elasticsearch/workbook/delete	1705661533745	1705661533802	OK	 
REQUEST		PATCH /elasticsearch/workbook/delete	1705661533745	1705661533802	OK	 
USER	ServiceTest	END	1705661533837
USER	ServiceTest	END	1705661533837
REQUEST		PATCH /elasticsearch/update	1705661532592	1705661532713	OK	 
REQUEST		POST /elasticsearch/sheet/insertDoc	1705661532749	1705661533844	OK	 
REQUEST		PATCH /elasticsearch/workbook/delete	1705661533868	1705661533936	OK	 
USER	ServiceTest	END	1705661533960
REQUEST		PATCH /elasticsearch/update	1705661532749	1705661532823	OK	 
REQUEST		PATCH /elasticsearch/update	1705661532791	1705661532848	OK	 
REQUEST		POST /elasticsearch/sheet/insertDoc	1705661532861	1705661533962	OK	 
REQUEST		PATCH /elasticsearch/workbook/delete	1705661533992	1705661534062	OK	 
USER	ServiceTest	END	1705661534086
REQUEST		POST /elasticsearch/sheet/insertDoc	1705661532875	1705661534040	OK	 
REQUEST		PATCH /elasticsearch/workbook/delete	1705661534072	1705661534150	OK	 
USER	ServiceTest	END	1705661534179
REQUEST		PATCH /elasticsearch/update	1705661532967	1705661533059	OK	 
REQUEST		PATCH /elasticsearch/update	1705661532859	1705661532925	OK	 
REQUEST		POST /elasticsearch/sheet/insertDoc	1705661533091	1705661534201	OK	 
REQUEST		PATCH /elasticsearch/workbook/delete	1705661534226	1705661534293	OK	 
USER	ServiceTest	END	1705661534318
REQUEST		POST /elasticsearch/sheet/insertDoc	1705661532951	1705661534246	OK	 
REQUEST		PATCH /elasticsearch/workbook/delete	1705661534272	1705661534360	OK	 
USER	ServiceTest	END	1705661534395
