RUN	Runner.TDG_UKAF_demo	tdg-ukaf-demo	1705655284073	 	3.7.4
USER	ServiceTest	START	1705655284842
USER	ServiceTest	START	1705655284641
USER	ServiceTest	START	1705655284547
USER	ServiceTest	START	1705655284749
USER	ServiceTest	START	1705655284269
USER	ServiceTest	START	1705655284442
USER	ServiceTest	START	1705655284348
USER	ServiceTest	START	1705655285759
USER	ServiceTest	START	1705655285764
USER	ServiceTest	START	1705655285758
USER	ServiceTest	START	1705655285759
USER	ServiceTest	START	1705655285758
USER	ServiceTest	START	1705655285788
USER	ServiceTest	START	1705655285791
USER	ServiceTest	START	1705655284949
USER	ServiceTest	START	1705655285801
USER	ServiceTest	START	1705655285854
USER	ServiceTest	START	1705655285955
USER	ServiceTest	START	1705655286052
USER	ServiceTest	START	1705655286141
USER	ServiceTest	START	1705655286276
USER	ServiceTest	START	1705655286333
USER	ServiceTest	START	1705655286431
USER	ServiceTest	START	1705655286533
USER	ServiceTest	START	1705655286632
USER	ServiceTest	START	1705655286731
USER	ServiceTest	START	1705655286832
USER	ServiceTest	START	1705655286933
USER	ServiceTest	START	1705655287098
USER	ServiceTest	START	1705655287346
USER	ServiceTest	START	1705655287337
USER	ServiceTest	START	1705655287337
USER	ServiceTest	START	1705655287439
USER	ServiceTest	START	1705655287536
USER	ServiceTest	START	1705655287636
USER	ServiceTest	START	1705655287736
USER	ServiceTest	START	1705655287837
USER	ServiceTest	START	1705655287975
USER	ServiceTest	START	1705655288055
USER	ServiceTest	START	1705655288137
USER	ServiceTest	START	1705655288252
USER	ServiceTest	START	1705655288459
USER	ServiceTest	START	1705655288458
USER	ServiceTest	START	1705655288531
USER	ServiceTest	START	1705655288654
USER	ServiceTest	START	1705655288736
USER	ServiceTest	START	1705655288845
USER	ServiceTest	START	1705655288940
USER	ServiceTest	START	1705655289048
USER	ServiceTest	START	1705655289136
USER	ServiceTest	START	1705655289244
USER	ServiceTest	START	1705655289440
USER	ServiceTest	START	1705655289475
USER	ServiceTest	START	1705655289552
USER	ServiceTest	START	1705655289633
USER	ServiceTest	START	1705655289782
USER	ServiceTest	START	1705655289852
USER	ServiceTest	START	1705655289942
USER	ServiceTest	START	1705655290040
REQUEST		POST /auth/getToken	1705655289634	1705655289908	OK	 
USER	ServiceTest	START	1705655290201
REQUEST		POST /auth/getToken	1705655289903	1705655290015	OK	 
REQUEST		POST /auth/getToken	1705655289899	1705655290055	OK	 
REQUEST		POST /auth/getToken	1705655289708	1705655289969	OK	 
REQUEST		POST /auth/getToken	1705655289896	1705655290059	OK	 
USER	ServiceTest	START	1705655290281
REQUEST		POST /auth/getToken	1705655289896	1705655290057	OK	 
REQUEST		POST /auth/getToken	1705655289633	1705655289961	OK	 
REQUEST		POST /auth/getToken	1705655289712	1705655289965	OK	 
USER	ServiceTest	START	1705655290361
REQUEST		POST /auth/getToken	1705655289655	1705655289958	OK	 
REQUEST		POST /auth/getToken	1705655289635	1705655289958	OK	 
USER	ServiceTest	START	1705655290434
REQUEST		POST /auth/getToken	1705655289641	1705655289956	OK	 
REQUEST		POST /auth/getToken	1705655289713	1705655289916	OK	 
REQUEST		POST /auth/getToken	1705655289639	1705655289952	OK	 
REQUEST		POST /auth/getToken	1705655289697	1705655289925	OK	 
REQUEST		POST /auth/getToken	1705655289635	1705655289914	OK	 
REQUEST		POST /auth/getToken	1705655289687	1705655289928	OK	 
REQUEST		POST /auth/getToken	1705655289789	1705655289956	OK	 
USER	ServiceTest	START	1705655290540
REQUEST		POST /auth/getToken	1705655289634	1705655289917	OK	 
REQUEST		POST /elasticsearch/insertDoc	1705655290264	1705655290344	OK	 
REQUEST		POST /auth/getToken	1705655289665	1705655289951	OK	 
REQUEST		POST /auth/getToken	1705655289699	1705655289930	OK	 
REQUEST		POST /auth/getToken	1705655289663	1705655289907	OK	 
REQUEST		POST /auth/getToken	1705655289699	1705655289915	OK	 
REQUEST		POST /auth/getToken	1705655289635	1705655289916	OK	 
REQUEST		POST /auth/getToken	1705655289686	1705655289953	OK	 
REQUEST		POST /auth/getToken	1705655289701	1705655289916	OK	 
USER	ServiceTest	START	1705655290645
REQUEST		POST /auth/getToken	1705655289688	1705655289911	OK	 
REQUEST		POST /auth/getToken	1705655289640	1705655289908	OK	 
REQUEST		POST /auth/getToken	1705655289634	1705655289914	OK	 
REQUEST		POST /auth/getToken	1705655289714	1705655289914	OK	 
REQUEST		POST /auth/getToken	1705655289635	1705655289912	OK	 
REQUEST		POST /auth/getToken	1705655289695	1705655289908	OK	 
REQUEST		POST /auth/getToken	1705655289634	1705655289914	OK	 
USER	ServiceTest	START	1705655290769
USER	ServiceTest	START	1705655290842
USER	ServiceTest	START	1705655290953
REQUEST		POST /auth/getToken	1705655289636	1705655289876	OK	 
REQUEST		POST /auth/getToken	1705655289640	1705655289876	OK	 
REQUEST		POST /auth/getToken	1705655289634	1705655289876	OK	 
REQUEST		POST /auth/getToken	1705655289634	1705655289877	OK	 
REQUEST		POST /auth/getToken	1705655289664	1705655289876	OK	 
REQUEST		POST /auth/getToken	1705655289634	1705655289871	OK	 
USER	ServiceTest	START	1705655291096
REQUEST		POST /auth/getToken	1705655289641	1705655289877	OK	 
REQUEST		POST /auth/getToken	1705655289641	1705655289876	OK	 
USER	ServiceTest	START	1705655291167
REQUEST		POST /auth/getToken	1705655289636	1705655289877	OK	 
USER	ServiceTest	START	1705655291269
REQUEST		POST /elasticsearch/insertDoc	1705655290644	1705655290735	OK	 
REQUEST		POST /elasticsearch/insertDoc	1705655290621	1705655290764	OK	 
USER	ServiceTest	START	1705655291363
REQUEST		POST /elasticsearch/insertDoc	1705655290567	1705655290679	OK	 
REQUEST		POST /elasticsearch/insertDoc	1705655290483	1705655290579	OK	 
USER	ServiceTest	START	1705655291433
REQUEST		POST /elasticsearch/insertDoc	1705655290476	1705655290573	OK	 
REQUEST		POST /elasticsearch/insertDoc	1705655290381	1705655290485	OK	 
REQUEST		POST /elasticsearch/insertDoc	1705655290351	1705655290481	OK	 
REQUEST		POST /elasticsearch/insertDoc	1705655290461	1705655290577	OK	 
REQUEST		POST /elasticsearch/insertDoc	1705655290354	1705655290484	OK	 
REQUEST		POST /elasticsearch/insertDoc	1705655290304	1705655290389	OK	 
REQUEST		POST /elasticsearch/insertDoc	1705655290415	1705655290573	OK	 
REQUEST		POST /elasticsearch/insertDoc	1705655290300	1705655290402	OK	 
REQUEST		POST /auth/getToken	1705655289940	1705655290142	OK	 
REQUEST		POST /elasticsearch/insertDoc	1705655290260	1705655290346	OK	 
REQUEST		POST /auth/getToken	1705655290074	1705655290245	OK	 
REQUEST		POST /auth/getToken	1705655290076	1705655290283	OK	 
REQUEST		POST /auth/getToken	1705655290067	1705655290247	OK	 
REQUEST		POST /auth/getToken	1705655290005	1705655290214	OK	 
REQUEST		POST /auth/getToken	1705655289994	1705655290219	OK	 
REQUEST		POST /elasticsearch/insertDoc	1705655290172	1705655290283	OK	 
REQUEST		POST /elasticsearch/insertDoc	1705655290167	1705655290298	OK	 
REQUEST		POST /auth/getToken	1705655289939	1705655290140	OK	 
REQUEST		POST /elasticsearch/insertDoc	1705655290198	1705655290306	OK	 
REQUEST		POST /elasticsearch/insertDoc	1705655290063	1705655290240	OK	 
REQUEST		POST /auth/getToken	1705655289941	1705655290132	OK	 
REQUEST		POST /elasticsearch/insertDoc	1705655290369	1705655290484	OK	 
REQUEST		POST /auth/getToken	1705655289901	1705655290149	OK	 
USER	ServiceTest	START	1705655291550
REQUEST		POST /elasticsearch/insertDoc	1705655290381	1705655290485	OK	 
REQUEST		POST /elasticsearch/insertDoc	1705655290052	1705655290223	OK	 
REQUEST		POST /elasticsearch/insertDoc	1705655290430	1705655290556	OK	 
REQUEST		POST /elasticsearch/insertDoc	1705655290383	1705655290485	OK	 
REQUEST		POST /elasticsearch/insertDoc	1705655290462	1705655290577	OK	 
REQUEST		POST /elasticsearch/insertDoc	1705655291082	1705655291195	OK	 
REQUEST		POST /elasticsearch/insertDoc	1705655290452	1705655290570	OK	 
REQUEST		POST /elasticsearch/insertDoc	1705655290351	1705655290479	OK	 
REQUEST		POST /elasticsearch/insertDoc	1705655290159	1705655290252	OK	 
REQUEST		POST /elasticsearch/insertDoc	1705655290663	1705655290742	OK	 
REQUEST		POST /elasticsearch/insertDoc	1705655290593	1705655290707	OK	 
REQUEST		POST /elasticsearch/insertDoc	1705655290400	1705655290579	OK	 
REQUEST		POST /elasticsearch/insertDoc	1705655291033	1705655291147	OK	 
REQUEST		POST /elasticsearch/insertDoc	1705655290664	1705655290767	OK	 
REQUEST		POST /elasticsearch/insertDoc	1705655291373	1705655291491	OK	 
REQUEST		POST /elasticsearch/insertDoc	1705655290931	1705655291071	OK	 
USER	ServiceTest	START	1705655291645
REQUEST		POST /elasticsearch/insertDoc	1705655290665	1705655290785	OK	 
REQUEST		POST /elasticsearch/insertDoc	1705655291313	1705655291491	OK	 
REQUEST		POST /elasticsearch/insertDoc	1705655290902	1705655291069	OK	 
REQUEST		POST /elasticsearch/insertDoc	1705655291385	1705655291493	OK	 
REQUEST		POST /auth/getToken	1705655291325	1705655291459	OK	 
REQUEST		POST /elasticsearch/insertDoc	1705655291336	1705655291480	OK	 
REQUEST		POST /auth/getToken	1705655291308	1705655291462	OK	 
USER	ServiceTest	START	1705655291742
REQUEST		POST /elasticsearch/insertDoc	1705655290993	1705655291104	OK	 
REQUEST		POST /elasticsearch/insertDoc	1705655291008	1705655291115	OK	 
REQUEST		POST /elasticsearch/insertDoc	1705655291035	1705655291147	OK	 
REQUEST		POST /elasticsearch/insertDoc	1705655290946	1705655291100	OK	 
USER	ServiceTest	START	1705655291845
REQUEST		POST /elasticsearch/insertDoc	1705655291589	1705655291699	OK	 
USER	ServiceTest	START	1705655291934
REQUEST		POST /auth/getToken	1705655291525	1705655291649	OK	 
USER	ServiceTest	START	1705655292089
REQUEST		POST /elasticsearch/insertDoc	1705655291419	1705655291547	OK	 
REQUEST		POST /elasticsearch/insertDoc	1705655291368	1705655291479	OK	 
REQUEST		POST /elasticsearch/insertDoc	1705655291418	1705655291545	OK	 
REQUEST		POST /elasticsearch/insertDoc	1705655291335	1705655291493	OK	 
REQUEST		POST /elasticsearch/insertDoc	1705655291836	1705655291960	OK	 
REQUEST		POST /elasticsearch/insertDoc	1705655291302	1705655291491	OK	 
REQUEST		POST /elasticsearch/insertDoc	1705655290791	1705655290995	OK	 
REQUEST		POST /auth/getToken	1705655291710	1705655291829	OK	 
REQUEST		POST /elasticsearch/insertDoc	1705655291642	1705655291738	OK	 
USER	ServiceTest	START	1705655292237
USER	ServiceTest	START	1705655292332
USER	ServiceTest	START	1705655292346
USER	ServiceTest	START	1705655292450
REQUEST		PATCH /elasticsearch/update	1705655290424	1705655290560	OK	 
REQUEST		POST /elasticsearch/insertDoc	1705655292124	1705655292287	OK	 
REQUEST		POST /auth/getToken	1705655292181	1705655292295	OK	 
REQUEST		POST /auth/getToken	1705655292211	1705655292330	OK	 
USER	ServiceTest	START	1705655292546
REQUEST		POST /auth/getToken	1705655292096	1705655292256	OK	 
REQUEST		POST /auth/getToken	1705655292228	1705655292333	OK	 
USER	ServiceTest	START	1705655292634
REQUEST		POST /elasticsearch/insertDoc	1705655292411	1705655292519	OK	 
REQUEST		POST /elasticsearch/insertDoc	1705655292351	1705655292512	OK	 
REQUEST		POST /elasticsearch/sheet/insertDoc	1705655291216	1705655292496	OK	 
REQUEST		PATCH /elasticsearch/update	1705655291300	1705655291493	OK	 
REQUEST		POST /auth/getToken	1705655292380	1705655292571	OK	 
REQUEST		PATCH /elasticsearch/update	1705655291234	1705655291466	OK	 
REQUEST		PATCH /elasticsearch/update	1705655291286	1705655291492	OK	 
REQUEST		PATCH /elasticsearch/update	1705655291363	1705655291501	OK	 
REQUEST		PATCH /elasticsearch/update	1705655291210	1705655291452	OK	 
REQUEST		PATCH /elasticsearch/update	1705655291312	1705655291497	OK	 
REQUEST		PATCH /elasticsearch/update	1705655291286	1705655291479	OK	 
REQUEST		PATCH /elasticsearch/update	1705655291272	1705655291479	OK	 
REQUEST		PATCH /elasticsearch/update	1705655291235	1705655291452	OK	 
REQUEST		PATCH /elasticsearch/workbook/delete	1705655292552	1705655292668	OK	 
USER	ServiceTest	END	1705655292733
REQUEST		POST /auth/getToken	1705655292445	1705655292613	OK	 
REQUEST		POST /elasticsearch/insertDoc	1705655292434	1705655292572	OK	 
USER	ServiceTest	START	1705655292746
REQUEST		POST /auth/getToken	1705655292469	1705655292610	OK	 
REQUEST		POST /auth/getToken	1705655292494	1705655292611	OK	 
REQUEST		POST /elasticsearch/insertDoc	1705655292456	1705655292574	OK	 
REQUEST		POST /auth/getToken	1705655292545	1705655292668	OK	 
REQUEST		PATCH /elasticsearch/update	1705655291241	1705655291469	OK	 
REQUEST		PATCH /elasticsearch/update	1705655291217	1705655291477	OK	 
REQUEST		PATCH /elasticsearch/update	1705655291232	1705655291451	OK	 
REQUEST		PATCH /elasticsearch/update	1705655291210	1705655291449	OK	 
REQUEST		POST /auth/getToken	1705655292450	1705655292573	OK	 
REQUEST		POST /elasticsearch/insertDoc	1705655292603	1705655292712	OK	 
REQUEST		PATCH /elasticsearch/update	1705655291181	1705655291401	OK	 
REQUEST		POST /auth/getToken	1705655292448	1705655292575	OK	 
REQUEST		PATCH /elasticsearch/update	1705655291182	1705655291410	OK	 
USER	ServiceTest	START	1705655292831
REQUEST		POST /elasticsearch/sheet/insertDoc	1705655291568	1705655292716	OK	 
REQUEST		PATCH /elasticsearch/update	1705655291156	1705655291352	OK	 
REQUEST		POST /auth/getToken	1705655292438	1705655292575	OK	 
REQUEST		PATCH /elasticsearch/update	1705655291163	1705655291351	OK	 
REQUEST		PATCH /elasticsearch/update	1705655291565	1705655291699	OK	 
REQUEST		PATCH /elasticsearch/update	1705655291568	1705655291691	OK	 
REQUEST		PATCH /elasticsearch/update	1705655291551	1705655291691	OK	 
USER	ServiceTest	START	1705655292939
REQUEST		POST /auth/getToken	1705655292567	1705655292696	OK	 
REQUEST		POST /elasticsearch/sheet/insertDoc	1705655291566	1705655292693	OK	 
REQUEST		POST /elasticsearch/sheet/insertDoc	1705655291566	1705655292717	OK	 
REQUEST		PATCH /elasticsearch/update	1705655291558	1705655291692	OK	 
REQUEST		POST /elasticsearch/insertDoc	1705655292679	1705655292778	OK	 
REQUEST		POST /auth/getToken	1705655292645	1705655292767	OK	 
REQUEST		POST /elasticsearch/insertDoc	1705655292713	1705655292800	OK	 
REQUEST		PATCH /elasticsearch/workbook/delete	1705655292746	1705655292839	OK	 
USER	ServiceTest	END	1705655292975
REQUEST		PATCH /elasticsearch/update	1705655291430	1705655291573	OK	 
REQUEST		PATCH /elasticsearch/update	1705655291551	1705655291661	OK	 
REQUEST		PATCH /elasticsearch/update	1705655291543	1705655291649	OK	 
REQUEST		POST /elasticsearch/sheet/insertDoc	1705655291590	1705655292725	OK	 
REQUEST		POST /elasticsearch/sheet/insertDoc	1705655291585	1705655292716	OK	 
REQUEST		POST /elasticsearch/sheet/insertDoc	1705655291695	1705655292839	OK	 
REQUEST		PATCH /elasticsearch/update	1705655291558	1705655291648	OK	 
REQUEST		POST /elasticsearch/sheet/insertDoc	1705655291562	1705655292718	OK	 
REQUEST		PATCH /elasticsearch/update	1705655291442	1705655291573	OK	 
REQUEST		PATCH /elasticsearch/update	1705655291431	1705655291576	OK	 
REQUEST		PATCH /elasticsearch/update	1705655291441	1705655291574	OK	 
REQUEST		PATCH /elasticsearch/update	1705655291445	1705655291571	OK	 
REQUEST		PATCH /elasticsearch/update	1705655291426	1705655291574	OK	 
REQUEST		PATCH /elasticsearch/update	1705655291485	1705655291609	OK	 
REQUEST		PATCH /elasticsearch/update	1705655291431	1705655291571	OK	 
REQUEST		PATCH /elasticsearch/update	1705655291511	1705655291624	OK	 
REQUEST		PATCH /elasticsearch/update	1705655291489	1705655291621	OK	 
REQUEST		PATCH /elasticsearch/workbook/delete	1705655292919	1705655293014	OK	 
REQUEST		PATCH /elasticsearch/workbook/delete	1705655292924	1705655293023	OK	 
USER	ServiceTest	END	1705655293063
USER	ServiceTest	END	1705655293063
REQUEST		POST /elasticsearch/insertDoc	1705655292648	1705655292739	OK	 
USER	ServiceTest	START	1705655293075
REQUEST		POST /elasticsearch/sheet/insertDoc	1705655291568	1705655292724	OK	 
REQUEST		POST /elasticsearch/sheet/insertDoc	1705655291698	1705655292826	OK	 
REQUEST		POST /elasticsearch/sheet/insertDoc	1705655291581	1705655292724	OK	 
REQUEST		PATCH /elasticsearch/update	1705655291489	1705655291636	OK	 
REQUEST		POST /elasticsearch/insertDoc	1705655292728	1705655292824	OK	 
REQUEST		PATCH /elasticsearch/update	1705655291445	1705655291557	OK	 
REQUEST		PATCH /elasticsearch/update	1705655291439	1705655291571	OK	 
REQUEST		PATCH /elasticsearch/update	1705655291485	1705655291625	OK	 
REQUEST		PATCH /elasticsearch/workbook/delete	1705655292915	1705655293011	OK	 
USER	ServiceTest	END	1705655293123
USER	ServiceTest	START	1705655293145
REQUEST		POST /elasticsearch/sheet/insertDoc	1705655291689	1705655292824	OK	 
REQUEST		PATCH /elasticsearch/workbook/delete	1705655292808	1705655292967	OK	 
REQUEST		PATCH /elasticsearch/workbook/delete	1705655292820	1705655292964	OK	 
USER	ServiceTest	END	1705655293181
USER	ServiceTest	END	1705655293182
REQUEST		POST /elasticsearch/sheet/insertDoc	1705655291651	1705655292823	OK	 
REQUEST		POST /elasticsearch/sheet/insertDoc	1705655291664	1705655292823	OK	 
REQUEST		POST /elasticsearch/insertDoc	1705655292673	1705655292778	OK	 
REQUEST		PATCH /elasticsearch/update	1705655291803	1705655291899	OK	 
REQUEST		POST /elasticsearch/sheet/insertDoc	1705655291840	1705655292982	OK	 
REQUEST		PATCH /elasticsearch/workbook/delete	1705655292985	1705655293111	OK	 
REQUEST		PATCH /elasticsearch/update	1705655291428	1705655291547	OK	 
USER	ServiceTest	END	1705655293228
REQUEST		PATCH /elasticsearch/workbook/delete	1705655293028	1705655293160	OK	 
USER	ServiceTest	END	1705655293235
USER	ServiceTest	START	1705655293235
REQUEST		PATCH /elasticsearch/workbook/delete	1705655292987	1705655293113	OK	 
REQUEST		PATCH /elasticsearch/workbook/delete	1705655292977	1705655293111	OK	 
USER	ServiceTest	END	1705655293243
USER	ServiceTest	END	1705655293244
REQUEST		POST /elasticsearch/sheet/insertDoc	1705655291679	1705655292823	OK	 
REQUEST		POST /elasticsearch/sheet/insertDoc	1705655291874	1705655292981	OK	 
REQUEST		POST /auth/getToken	1705655292807	1705655293010	OK	 
REQUEST		POST /elasticsearch/insertDoc	1705655292875	1705655292969	OK	 
REQUEST		POST /auth/getToken	1705655292770	1705655292933	OK	 
REQUEST		PATCH /elasticsearch/update	1705655291698	1705655291828	OK	 
REQUEST		PATCH /elasticsearch/update	1705655291684	1705655291827	OK	 
REQUEST		PATCH /elasticsearch/update	1705655292014	1705655292116	OK	 
REQUEST		PATCH /elasticsearch/update	1705655291695	1705655291827	OK	 
REQUEST		PATCH /elasticsearch/update	1705655291690	1705655291827	OK	 
REQUEST		PATCH /elasticsearch/update	1705655292006	1705655292116	OK	 
REQUEST		POST /elasticsearch/sheet/insertDoc	1705655291744	1705655292910	OK	 
REQUEST		POST /elasticsearch/sheet/insertDoc	1705655291590	1705655292718	OK	 
REQUEST		POST /elasticsearch/sheet/insertDoc	1705655291776	1705655292911	OK	 
REQUEST		POST /elasticsearch/sheet/insertDoc	1705655291693	1705655292827	OK	 
REQUEST		POST /elasticsearch/insertDoc	1705655292763	1705655292842	OK	 
REQUEST		POST /elasticsearch/insertDoc	1705655292728	1705655292823	OK	 
REQUEST		POST /elasticsearch/sheet/insertDoc	1705655291805	1705655292932	OK	 
USER	ServiceTest	START	1705655293353
REQUEST		POST /elasticsearch/sheet/insertDoc	1705655291809	1705655292968	OK	 
REQUEST		POST /elasticsearch/sheet/insertDoc	1705655291845	1705655292979	OK	 
REQUEST		POST /elasticsearch/sheet/insertDoc	1705655291948	1705655293118	OK	 
REQUEST		PATCH /elasticsearch/update	1705655292085	1705655292214	OK	 
REQUEST		PATCH /elasticsearch/update	1705655292059	1705655292203	OK	 
REQUEST		PATCH /elasticsearch/update	1705655292081	1705655292221	OK	 
REQUEST		PATCH /elasticsearch/update	1705655292086	1705655292217	OK	 
USER	ServiceTest	START	1705655293437
REQUEST		PATCH /elasticsearch/workbook/delete	1705655292913	1705655293041	OK	 
REQUEST		POST /elasticsearch/sheet/insertDoc	1705655291930	1705655293058	OK	 
REQUEST		POST /elasticsearch/insertDoc	1705655292815	1705655292954	OK	 
REQUEST		POST /elasticsearch/sheet/insertDoc	1705655291813	1705655292932	OK	 
REQUEST		POST /auth/getToken	1705655293035	1705655293160	OK	 
REQUEST		POST /elasticsearch/sheet/insertDoc	1705655291911	1705655293052	OK	 
REQUEST		POST /elasticsearch/sheet/insertDoc	1705655291972	1705655293118	OK	 
REQUEST		POST /elasticsearch/sheet/insertDoc	1705655291931	1705655293052	OK	 
REQUEST		PATCH /elasticsearch/workbook/delete	1705655293246	1705655293349	OK	 
REQUEST		PATCH /elasticsearch/workbook/delete	1705655293248	1705655293350	OK	 
REQUEST		PATCH /elasticsearch/workbook/delete	1705655293250	1705655293426	OK	 
REQUEST		PATCH /elasticsearch/update	1705655292084	1705655292214	OK	 
REQUEST		PATCH /elasticsearch/workbook/delete	1705655293208	1705655293345	OK	 
REQUEST		PATCH /elasticsearch/workbook/delete	1705655293230	1705655293347	OK	 
REQUEST		PATCH /elasticsearch/workbook/delete	1705655293246	1705655293348	OK	 
REQUEST		PATCH /elasticsearch/workbook/delete	1705655293247	1705655293423	OK	 
REQUEST		PATCH /elasticsearch/workbook/delete	1705655293250	1705655293423	OK	 
USER	ServiceTest	START	1705655293547
REQUEST		POST /elasticsearch/sheet/insertDoc	1705655291909	1705655293044	OK	 
REQUEST		POST /elasticsearch/sheet/insertDoc	1705655291924	1705655293045	OK	 
USER	ServiceTest	END	1705655293480
USER	ServiceTest	END	1705655293511
USER	ServiceTest	END	1705655293511
USER	ServiceTest	END	1705655293511
USER	ServiceTest	END	1705655293531
USER	ServiceTest	END	1705655293531
USER	ServiceTest	END	1705655293532
USER	ServiceTest	END	1705655293533
USER	ServiceTest	END	1705655293534
REQUEST		PATCH /elasticsearch/update	1705655292140	1705655292289	OK	 
REQUEST		POST /elasticsearch/sheet/insertDoc	1705655291913	1705655293044	OK	 
REQUEST		POST /elasticsearch/sheet/insertDoc	1705655292135	1705655293330	OK	 
REQUEST		POST /elasticsearch/sheet/insertDoc	1705655291911	1705655293043	OK	 
REQUEST		POST /elasticsearch/sheet/insertDoc	1705655291915	1705655293042	OK	 
REQUEST		POST /elasticsearch/sheet/insertDoc	1705655291910	1705655293042	OK	 
REQUEST		PATCH /elasticsearch/workbook/delete	1705655293126	1705655293253	OK	 
USER	ServiceTest	END	1705655293594
REQUEST		POST /elasticsearch/sheet/insertDoc	1705655291892	1705655293040	OK	 
REQUEST		POST /elasticsearch/sheet/insertDoc	1705655292180	1705655293343	OK	 
REQUEST		PATCH /elasticsearch/workbook/delete	1705655293140	1705655293252	OK	 
USER	ServiceTest	END	1705655293623
REQUEST		PATCH /elasticsearch/workbook/delete	1705655293477	1705655293576	OK	 
REQUEST		PATCH /elasticsearch/workbook/delete	1705655293467	1705655293568	OK	 
REQUEST		PATCH /elasticsearch/workbook/delete	1705655293071	1705655293209	OK	 
USER	ServiceTest	END	1705655293635
USER	ServiceTest	END	1705655293636
REQUEST		PATCH /elasticsearch/workbook/delete	1705655293122	1705655293213	OK	 
USER	ServiceTest	END	1705655293640
USER	ServiceTest	END	1705655293640
USER	ServiceTest	START	1705655293640
REQUEST		PATCH /elasticsearch/workbook/delete	1705655293470	1705655293567	OK	 
REQUEST		PATCH /elasticsearch/workbook/delete	1705655293474	1705655293570	OK	 
USER	ServiceTest	END	1705655293643
USER	ServiceTest	END	1705655293647
REQUEST		PATCH /elasticsearch/workbook/delete	1705655293485	1705655293580	OK	 
USER	ServiceTest	END	1705655293652
REQUEST		PATCH /elasticsearch/workbook/delete	1705655293469	1705655293555	OK	 
USER	ServiceTest	END	1705655293666
REQUEST		PATCH /elasticsearch/workbook/delete	1705655293467	1705655293557	OK	 
USER	ServiceTest	END	1705655293667
REQUEST		PATCH /elasticsearch/workbook/delete	1705655293406	1705655293495	OK	 
USER	ServiceTest	END	1705655293671
REQUEST		POST /elasticsearch/sheet/insertDoc	1705655292124	1705655293332	OK	 
REQUEST		POST /elasticsearch/sheet/insertDoc	1705655292140	1705655293330	OK	 
REQUEST		PATCH /elasticsearch/update	1705655292378	1705655292509	OK	 
REQUEST		PATCH /elasticsearch/workbook/delete	1705655293067	1705655293210	OK	 
USER	ServiceTest	END	1705655293700
REQUEST		POST /elasticsearch/sheet/insertDoc	1705655292065	1705655293223	OK	 
USER	ServiceTest	START	1705655293739
REQUEST		PATCH /elasticsearch/workbook/delete	1705655293399	1705655293495	OK	 
USER	ServiceTest	END	1705655293756
REQUEST		PATCH /elasticsearch/workbook/delete	1705655293404	1705655293494	OK	 
USER	ServiceTest	END	1705655293758
REQUEST		POST /elasticsearch/insertDoc	1705655293168	1705655293276	OK	 
REQUEST		POST /auth/getToken	1705655293455	1705655293574	OK	 
REQUEST		POST /elasticsearch/insertDoc	1705655293185	1705655293292	OK	 
REQUEST		POST /elasticsearch/sheet/insertDoc	1705655291956	1705655293116	OK	 
REQUEST		POST /elasticsearch/sheet/insertDoc	1705655292184	1705655293335	OK	 
REQUEST		POST /elasticsearch/sheet/insertDoc	1705655292031	1705655293216	OK	 
REQUEST		POST /elasticsearch/sheet/insertDoc	1705655292089	1705655293329	OK	 
REQUEST		POST /elasticsearch/sheet/insertDoc	1705655291974	1705655293117	OK	 
REQUEST		PATCH /elasticsearch/workbook/delete	1705655293296	1705655293492	OK	 
REQUEST		PATCH /elasticsearch/workbook/delete	1705655293301	1705655293492	OK	 
USER	ServiceTest	END	1705655293781
USER	ServiceTest	END	1705655293781
REQUEST		PATCH /elasticsearch/workbook/delete	1705655293625	1705655293716	OK	 
USER	ServiceTest	END	1705655293784
REQUEST		PATCH /elasticsearch/workbook/delete	1705655293595	1705655293683	OK	 
USER	ServiceTest	END	1705655293816
REQUEST		PATCH /elasticsearch/workbook/delete	1705655293592	1705655293683	OK	 
USER	ServiceTest	END	1705655293823
REQUEST		POST /elasticsearch/sheet/insertDoc	1705655292350	1705655293517	OK	 
USER	ServiceTest	START	1705655293843
REQUEST		PATCH /elasticsearch/workbook/delete	1705655293727	1705655293825	OK	 
USER	ServiceTest	END	1705655293874
REQUEST		PATCH /elasticsearch/workbook/delete	1705655293491	1705655293614	OK	 
USER	ServiceTest	END	1705655293882
REQUEST		PATCH /elasticsearch/workbook/delete	1705655293527	1705655293614	OK	 
REQUEST		POST /elasticsearch/sheet/insertDoc	1705655292261	1705655293428	OK	 
REQUEST		POST /elasticsearch/sheet/insertDoc	1705655292249	1705655293427	OK	 
REQUEST		POST /elasticsearch/insertDoc	1705655293317	1705655293492	OK	 
USER	ServiceTest	END	1705655293895
REQUEST		POST /elasticsearch/sheet/insertDoc	1705655292245	1705655293427	OK	 
REQUEST		POST /elasticsearch/sheet/insertDoc	1705655292249	1705655293428	OK	 
REQUEST		POST /auth/getToken	1705655293340	1705655293492	OK	 
REQUEST		PATCH /elasticsearch/workbook/delete	1705655293661	1705655293775	OK	 
USER	ServiceTest	END	1705655293907
REQUEST		PATCH /elasticsearch/workbook/delete	1705655293660	1705655293765	OK	 
USER	ServiceTest	END	1705655293908
REQUEST		PATCH /elasticsearch/update	1705655292552	1705655292659	OK	 
REQUEST		PATCH /elasticsearch/update	1705655292587	1705655292660	OK	 
REQUEST		PATCH /elasticsearch/workbook/delete	1705655293780	1705655293890	OK	 
USER	ServiceTest	END	1705655293922
REQUEST		POST /elasticsearch/sheet/insertDoc	1705655292561	1705655293693	OK	 
USER	ServiceTest	START	1705655293941
REQUEST		PATCH /elasticsearch/workbook/delete	1705655293669	1705655293765	OK	 
USER	ServiceTest	END	1705655293947
REQUEST		PATCH /elasticsearch/workbook/delete	1705655293657	1705655293767	OK	 
USER	ServiceTest	END	1705655293948
REQUEST		PATCH /elasticsearch/workbook/delete	1705655293671	1705655293775	OK	 
REQUEST		PATCH /elasticsearch/workbook/delete	1705655293782	1705655293892	OK	 
USER	ServiceTest	END	1705655293950
REQUEST		POST /auth/getToken	1705655293509	1705655293622	OK	 
USER	ServiceTest	END	1705655293959
REQUEST		PATCH /elasticsearch/update	1705655292710	1705655292782	OK	 
REQUEST		POST /auth/getToken	1705655293509	1705655293619	OK	 
REQUEST		POST /elasticsearch/sheet/insertDoc	1705655292433	1705655293567	OK	 
REQUEST		PATCH /elasticsearch/workbook/delete	1705655293782	1705655293897	OK	 
USER	ServiceTest	END	1705655294016
REQUEST		POST /elasticsearch/insertDoc	1705655293646	1705655293763	OK	 
REQUEST		POST /auth/getToken	1705655293801	1705655293910	OK	 
USER	ServiceTest	START	1705655294040
REQUEST		PATCH /elasticsearch/workbook/delete	1705655293785	1705655293896	OK	 
USER	ServiceTest	END	1705655294047
REQUEST		PATCH /elasticsearch/update	1705655292647	1705655292740	OK	 
REQUEST		PATCH /elasticsearch/workbook/delete	1705655293822	1705655293934	OK	 
USER	ServiceTest	END	1705655294131
REQUEST		POST /elasticsearch/insertDoc	1705655293775	1705655293899	OK	 
REQUEST		POST /elasticsearch/sheet/insertDoc	1705655292776	1705655293909	OK	 
USER	ServiceTest	START	1705655294146
REQUEST		PATCH /elasticsearch/workbook/delete	1705655294005	1705655294146	OK	 
USER	ServiceTest	END	1705655294177
REQUEST		POST /elasticsearch/insertDoc	1705655293876	1705655293990	OK	 
REQUEST		PATCH /elasticsearch/update	1705655292739	1705655292824	OK	 
REQUEST		POST /auth/getToken	1705655293857	1705655293956	OK	 
REQUEST		PATCH /elasticsearch/workbook/delete	1705655293893	1705655294012	OK	 
USER	ServiceTest	END	1705655294191
REQUEST		POST /auth/getToken	1705655293835	1705655293937	OK	 
REQUEST		POST /elasticsearch/sheet/insertDoc	1705655292904	1705655294059	OK	 
REQUEST		POST /elasticsearch/sheet/insertDoc	1705655292830	1705655293965	OK	 
REQUEST		POST /elasticsearch/sheet/insertDoc	1705655292781	1705655293916	OK	 
REQUEST		POST /auth/getToken	1705655293807	1705655293933	OK	 
REQUEST		POST /auth/getToken	1705655293884	1705655294012	OK	 
REQUEST		POST /elasticsearch/insertDoc	1705655293866	1705655293956	OK	 
REQUEST		PATCH /elasticsearch/update	1705655292852	1705655292969	OK	 
REQUEST		POST /elasticsearch/insertDoc	1705655293951	1705655294025	OK	 
REQUEST		PATCH /elasticsearch/update	1705655292836	1705655292969	OK	 
REQUEST		PATCH /elasticsearch/workbook/delete	1705655294118	1705655294208	OK	 
USER	ServiceTest	END	1705655294327
REQUEST		PATCH /elasticsearch/workbook/delete	1705655294084	1705655294211	OK	 
USER	ServiceTest	END	1705655294333
REQUEST		PATCH /elasticsearch/update	1705655293002	1705655293117	OK	 
REQUEST		POST /auth/getToken	1705655293982	1705655294138	OK	 
REQUEST		POST /auth/getToken	1705655293999	1705655294133	OK	 
REQUEST		POST /auth/getToken	1705655293984	1705655294137	OK	 
REQUEST		PATCH /elasticsearch/update	1705655292977	1705655293071	OK	 
REQUEST		POST /elasticsearch/insertDoc	1705655294097	1705655294208	OK	 
REQUEST		POST /elasticsearch/sheet/insertDoc	1705655293025	1705655294183	OK	 
REQUEST		POST /elasticsearch/insertDoc	1705655294096	1705655294185	OK	 
REQUEST		PATCH /elasticsearch/workbook/delete	1705655294141	1705655294298	OK	 
USER	ServiceTest	END	1705655294473
REQUEST		PATCH /elasticsearch/workbook/delete	1705655294268	1705655294399	OK	 
USER	ServiceTest	END	1705655294510
REQUEST		POST /elasticsearch/sheet/insertDoc	1705655293175	1705655294313	OK	 
REQUEST		PATCH /elasticsearch/workbook/delete	1705655294375	1705655294540	OK	 
USER	ServiceTest	END	1705655294582
REQUEST		PATCH /elasticsearch/update	1705655293241	1705655293349	OK	 
REQUEST		POST /auth/getToken	1705655294245	1705655294391	OK	 
REQUEST		POST /auth/getToken	1705655294342	1705655294462	OK	 
REQUEST		POST /auth/getToken	1705655294283	1705655294409	OK	 
REQUEST		POST /elasticsearch/sheet/insertDoc	1705655293175	1705655294308	OK	 
REQUEST		POST /elasticsearch/insertDoc	1705655294220	1705655294367	OK	 
REQUEST		POST /auth/getToken	1705655294234	1705655294399	OK	 
REQUEST		POST /auth/getToken	1705655294262	1705655294388	OK	 
REQUEST		POST /elasticsearch/insertDoc	1705655294149	1705655294303	OK	 
REQUEST		POST /elasticsearch/insertDoc	1705655294225	1705655294361	OK	 
REQUEST		POST /auth/getToken	1705655294273	1705655294402	OK	 
REQUEST		POST /elasticsearch/insertDoc	1705655294154	1705655294302	OK	 
REQUEST		POST /elasticsearch/sheet/insertDoc	1705655293227	1705655294360	OK	 
REQUEST		POST /auth/getToken	1705655294258	1705655294460	OK	 
REQUEST		POST /elasticsearch/sheet/insertDoc	1705655293260	1705655294388	OK	 
REQUEST		POST /auth/getToken	1705655294257	1705655294389	OK	 
REQUEST		PATCH /elasticsearch/workbook/delete	1705655294441	1705655294650	OK	 
REQUEST		POST /auth/getToken	1705655294277	1705655294460	OK	 
REQUEST		POST /elasticsearch/insertDoc	1705655294218	1705655294360	OK	 
USER	ServiceTest	END	1705655294684
REQUEST		PATCH /elasticsearch/workbook/delete	1705655294543	1705655294668	OK	 
REQUEST		PATCH /elasticsearch/update	1705655293248	1705655293349	OK	 
REQUEST		PATCH /elasticsearch/update	1705655293165	1705655293284	OK	 
USER	ServiceTest	END	1705655294691
REQUEST		POST /elasticsearch/insertDoc	1705655294539	1705655294647	OK	 
REQUEST		POST /elasticsearch/insertDoc	1705655294467	1705655294649	OK	 
REQUEST		POST /elasticsearch/insertDoc	1705655294504	1705655294651	OK	 
REQUEST		POST /auth/getToken	1705655294547	1705655294662	OK	 
REQUEST		POST /elasticsearch/insertDoc	1705655294515	1705655294652	OK	 
REQUEST		POST /elasticsearch/sheet/insertDoc	1705655293534	1705655294645	OK	 
REQUEST		PATCH /elasticsearch/workbook/delete	1705655294543	1705655294672	OK	 
USER	ServiceTest	END	1705655294850
REQUEST		PATCH /elasticsearch/update	1705655293066	1705655293210	OK	 
REQUEST		POST /elasticsearch/insertDoc	1705655294515	1705655294646	OK	 
REQUEST		PATCH /elasticsearch/workbook/delete	1705655294702	1705655294809	OK	 
USER	ServiceTest	END	1705655294867
REQUEST		POST /auth/getToken	1705655294523	1705655294670	OK	 
REQUEST		POST /auth/getToken	1705655294564	1705655294693	OK	 
REQUEST		PATCH /elasticsearch/update	1705655293314	1705655293492	OK	 
REQUEST		POST /auth/getToken	1705655294517	1705655294682	OK	 
REQUEST		POST /auth/getToken	1705655294524	1705655294674	OK	 
REQUEST		POST /auth/getToken	1705655294568	1705655294695	OK	 
REQUEST		POST /elasticsearch/insertDoc	1705655294481	1705655294662	OK	 
REQUEST		POST /elasticsearch/insertDoc	1705655294538	1705655294681	OK	 
REQUEST		POST /elasticsearch/sheet/insertDoc	1705655293590	1705655294700	OK	 
REQUEST		PATCH /elasticsearch/workbook/delete	1705655294793	1705655294935	OK	 
USER	ServiceTest	END	1705655294981
REQUEST		POST /auth/getToken	1705655294562	1705655294696	OK	 
REQUEST		POST /elasticsearch/insertDoc	1705655294689	1705655294806	OK	 
REQUEST		POST /elasticsearch/insertDoc	1705655294550	1705655294670	OK	 
REQUEST		POST /auth/getToken	1705655294524	1705655294672	OK	 
REQUEST		POST /elasticsearch/sheet/insertDoc	1705655293540	1705655294699	OK	 
REQUEST		POST /elasticsearch/insertDoc	1705655294545	1705655294675	OK	 
REQUEST		PATCH /elasticsearch/workbook/delete	1705655294962	1705655295077	OK	 
REQUEST		POST /elasticsearch/insertDoc	1705655294827	1705655294923	OK	 
USER	ServiceTest	END	1705655295101
REQUEST		POST /elasticsearch/insertDoc	1705655294789	1705655294906	OK	 
REQUEST		POST /elasticsearch/insertDoc	1705655294817	1705655294923	OK	 
REQUEST		POST /elasticsearch/sheet/insertDoc	1705655293712	1705655294866	OK	 
REQUEST		POST /elasticsearch/insertDoc	1705655294835	1705655294997	OK	 
REQUEST		POST /elasticsearch/insertDoc	1705655294790	1705655294922	OK	 
REQUEST		POST /elasticsearch/sheet/insertDoc	1705655293773	1705655294908	OK	 
REQUEST		POST /elasticsearch/insertDoc	1705655294773	1705655294892	OK	 
REQUEST		PATCH /elasticsearch/update	1705655293649	1705655293764	OK	 
REQUEST		PATCH /elasticsearch/update	1705655293645	1705655293762	OK	 
REQUEST		PATCH /elasticsearch/workbook/delete	1705655295048	1705655295133	OK	 
USER	ServiceTest	END	1705655295164
REQUEST		PATCH /elasticsearch/workbook/delete	1705655295063	1705655295142	OK	 
USER	ServiceTest	END	1705655295180
REQUEST		POST /elasticsearch/insertDoc	1705655294855	1705655295026	OK	 
REQUEST		PATCH /elasticsearch/update	1705655293785	1705655293892	OK	 
REQUEST		PATCH /elasticsearch/update	1705655293923	1705655294017	OK	 
REQUEST		PATCH /elasticsearch/update	1705655294028	1705655294146	OK	 
REQUEST		POST /elasticsearch/sheet/insertDoc	1705655293963	1705655295152	OK	 
REQUEST		POST /elasticsearch/sheet/insertDoc	1705655294050	1705655295195	OK	 
REQUEST		POST /elasticsearch/sheet/insertDoc	1705655293971	1705655295152	OK	 
REQUEST		PATCH /elasticsearch/update	1705655294057	1705655294183	OK	 
REQUEST		PATCH /elasticsearch/workbook/delete	1705655295179	1705655295344	OK	 
USER	ServiceTest	END	1705655295367
REQUEST		PATCH /elasticsearch/workbook/delete	1705655295225	1705655295343	OK	 
REQUEST		PATCH /elasticsearch/workbook/delete	1705655295179	1705655295343	OK	 
USER	ServiceTest	END	1705655295376
USER	ServiceTest	END	1705655295378
REQUEST		POST /elasticsearch/sheet/insertDoc	1705655294179	1705655295315	OK	 
REQUEST		POST /elasticsearch/sheet/insertDoc	1705655294141	1705655295277	OK	 
REQUEST		PATCH /elasticsearch/workbook/delete	1705655295302	1705655295420	OK	 
REQUEST		PATCH /elasticsearch/workbook/delete	1705655295348	1705655295421	OK	 
USER	ServiceTest	END	1705655295454
USER	ServiceTest	END	1705655295454
REQUEST		POST /elasticsearch/sheet/insertDoc	1705655294225	1705655295360	OK	 
REQUEST		PATCH /elasticsearch/workbook/delete	1705655295393	1705655295480	OK	 
USER	ServiceTest	END	1705655295510
REQUEST		PATCH /elasticsearch/update	1705655294145	1705655294299	OK	 
REQUEST		PATCH /elasticsearch/update	1705655294192	1705655294303	OK	 
REQUEST		PATCH /elasticsearch/update	1705655294325	1705655294461	OK	 
REQUEST		PATCH /elasticsearch/update	1705655294268	1705655294397	OK	 
REQUEST		POST /elasticsearch/sheet/insertDoc	1705655294374	1705655295588	OK	 
REQUEST		PATCH /elasticsearch/workbook/delete	1705655295617	1705655295694	OK	 
USER	ServiceTest	END	1705655295723
REQUEST		POST /elasticsearch/sheet/insertDoc	1705655294456	1705655295639	OK	 
REQUEST		POST /elasticsearch/sheet/insertDoc	1705655294539	1705655295663	OK	 
REQUEST		PATCH /elasticsearch/workbook/delete	1705655295665	1705655295754	OK	 
USER	ServiceTest	END	1705655295784
REQUEST		PATCH /elasticsearch/update	1705655294443	1705655294666	OK	 
REQUEST		POST /elasticsearch/sheet/insertDoc	1705655294512	1705655295663	OK	 
REQUEST		PATCH /elasticsearch/workbook/delete	1705655295696	1705655295768	OK	 
USER	ServiceTest	END	1705655295799
REQUEST		PATCH /elasticsearch/update	1705655294513	1705655294660	OK	 
REQUEST		PATCH /elasticsearch/update	1705655294511	1705655294651	OK	 
REQUEST		PATCH /elasticsearch/workbook/delete	1705655295700	1705655295795	OK	 
USER	ServiceTest	END	1705655295832
REQUEST		PATCH /elasticsearch/update	1705655294473	1705655294660	OK	 
REQUEST		POST /elasticsearch/sheet/insertDoc	1705655294690	1705655295790	OK	 
REQUEST		PATCH /elasticsearch/workbook/delete	1705655295816	1705655295895	OK	 
USER	ServiceTest	END	1705655295922
REQUEST		POST /elasticsearch/sheet/insertDoc	1705655294701	1705655295806	OK	 
REQUEST		PATCH /elasticsearch/workbook/delete	1705655295831	1705655295923	OK	 
USER	ServiceTest	END	1705655295952
REQUEST		POST /elasticsearch/sheet/insertDoc	1705655294680	1705655295811	OK	 
REQUEST		PATCH /elasticsearch/update	1705655294545	1705655294681	OK	 
REQUEST		PATCH /elasticsearch/update	1705655294684	1705655294807	OK	 
REQUEST		PATCH /elasticsearch/update	1705655294682	1705655294799	OK	 
REQUEST		POST /elasticsearch/sheet/insertDoc	1705655294718	1705655295867	OK	 
REQUEST		PATCH /elasticsearch/workbook/delete	1705655295846	1705655295994	OK	 
USER	ServiceTest	END	1705655296029
REQUEST		PATCH /elasticsearch/workbook/delete	1705655295893	1705655296027	OK	 
USER	ServiceTest	END	1705655296059
REQUEST		PATCH /elasticsearch/update	1705655294679	1705655294804	OK	 
REQUEST		PATCH /elasticsearch/update	1705655294704	1705655294865	OK	 
REQUEST		PATCH /elasticsearch/update	1705655294685	1705655294801	OK	 
REQUEST		PATCH /elasticsearch/update	1705655294796	1705655294933	OK	 
REQUEST		PATCH /elasticsearch/update	1705655294812	1705655294934	OK	 
REQUEST		PATCH /elasticsearch/update	1705655294870	1705655295011	OK	 
REQUEST		PATCH /elasticsearch/update	1705655294911	1705655295009	OK	 
REQUEST		POST /elasticsearch/sheet/insertDoc	1705655294846	1705655295994	OK	 
REQUEST		POST /elasticsearch/sheet/insertDoc	1705655294928	1705655296012	OK	 
REQUEST		POST /elasticsearch/sheet/insertDoc	1705655294870	1705655295998	OK	 
REQUEST		PATCH /elasticsearch/workbook/delete	1705655296045	1705655296199	OK	 
REQUEST		PATCH /elasticsearch/workbook/delete	1705655296031	1705655296199	OK	 
REQUEST		PATCH /elasticsearch/workbook/delete	1705655296030	1705655296199	OK	 
USER	ServiceTest	END	1705655296227
USER	ServiceTest	END	1705655296227
USER	ServiceTest	END	1705655296227
REQUEST		POST /elasticsearch/sheet/insertDoc	1705655294959	1705655296130	OK	 
REQUEST		POST /elasticsearch/sheet/insertDoc	1705655295007	1705655296132	OK	 
REQUEST		POST /elasticsearch/sheet/insertDoc	1705655295043	1705655296149	OK	 
REQUEST		POST /elasticsearch/sheet/insertDoc	1705655294959	1705655296131	OK	 
REQUEST		POST /elasticsearch/sheet/insertDoc	1705655294981	1705655296132	OK	 
REQUEST		POST /elasticsearch/sheet/insertDoc	1705655295042	1705655296146	OK	 
REQUEST		PATCH /elasticsearch/update	1705655294962	1705655295083	OK	 
REQUEST		POST /elasticsearch/sheet/insertDoc	1705655294982	1705655296131	OK	 
REQUEST		PATCH /elasticsearch/workbook/delete	1705655296171	1705655296267	OK	 
USER	ServiceTest	END	1705655296304
REQUEST		PATCH /elasticsearch/workbook/delete	1705655296171	1705655296267	OK	 
USER	ServiceTest	END	1705655296305
REQUEST		PATCH /elasticsearch/update	1705655295044	1705655295132	OK	 
REQUEST		PATCH /elasticsearch/update	1705655295001	1705655295101	OK	 
REQUEST		PATCH /elasticsearch/update	1705655295035	1705655295133	OK	 
REQUEST		PATCH /elasticsearch/update	1705655295046	1705655295133	OK	 
REQUEST		PATCH /elasticsearch/update	1705655295001	1705655295132	OK	 
REQUEST		PATCH /elasticsearch/update	1705655295064	1705655295142	OK	 
REQUEST		PATCH /elasticsearch/update	1705655295058	1705655295194	OK	 
REQUEST		PATCH /elasticsearch/workbook/delete	1705655296183	1705655296300	OK	 
REQUEST		PATCH /elasticsearch/workbook/delete	1705655296181	1705655296300	OK	 
REQUEST		PATCH /elasticsearch/workbook/delete	1705655296166	1705655296300	OK	 
REQUEST		PATCH /elasticsearch/workbook/delete	1705655296169	1705655296299	OK	 
REQUEST		PATCH /elasticsearch/workbook/delete	1705655296168	1705655296300	OK	 
USER	ServiceTest	END	1705655296332
USER	ServiceTest	END	1705655296332
USER	ServiceTest	END	1705655296333
USER	ServiceTest	END	1705655296333
USER	ServiceTest	END	1705655296334
REQUEST		POST /elasticsearch/sheet/insertDoc	1705655295226	1705655296323	OK	 
REQUEST		POST /elasticsearch/sheet/insertDoc	1705655295157	1705655296314	OK	 
REQUEST		POST /elasticsearch/sheet/insertDoc	1705655295157	1705655296314	OK	 
REQUEST		POST /elasticsearch/sheet/insertDoc	1705655295164	1705655296314	OK	 
REQUEST		POST /elasticsearch/sheet/insertDoc	1705655295118	1705655296300	OK	 
REQUEST		POST /elasticsearch/sheet/insertDoc	1705655295181	1705655296323	OK	 
REQUEST		POST /elasticsearch/sheet/insertDoc	1705655295164	1705655296314	OK	 
REQUEST		POST /elasticsearch/sheet/insertDoc	1705655295139	1705655296314	OK	 
REQUEST		PATCH /elasticsearch/workbook/delete	1705655296348	1705655296458	OK	 
REQUEST		PATCH /elasticsearch/workbook/delete	1705655296350	1705655296458	OK	 
USER	ServiceTest	END	1705655296489
USER	ServiceTest	END	1705655296489
REQUEST		PATCH /elasticsearch/workbook/delete	1705655296348	1705655296482	OK	 
REQUEST		PATCH /elasticsearch/workbook/delete	1705655296350	1705655296482	OK	 
REQUEST		PATCH /elasticsearch/workbook/delete	1705655296349	1705655296481	OK	 
USER	ServiceTest	END	1705655296515
USER	ServiceTest	END	1705655296515
USER	ServiceTest	END	1705655296515
REQUEST		PATCH /elasticsearch/workbook/delete	1705655296333	1705655296481	OK	 
REQUEST		PATCH /elasticsearch/workbook/delete	1705655296348	1705655296481	OK	 
USER	ServiceTest	END	1705655296516
USER	ServiceTest	END	1705655296516
REQUEST		PATCH /elasticsearch/workbook/delete	1705655296351	1705655296481	OK	 
USER	ServiceTest	END	1705655296516
