RUN	Runner.TDG_UKAF_demo	tdg-ukaf-demo	1705666222919	 	3.7.4
USER	ServiceTest	START	1705666223657
USER	ServiceTest	START	1705666223862
USER	ServiceTest	START	1705666223457
USER	ServiceTest	START	1705666223246
USER	ServiceTest	START	1705666223764
USER	ServiceTest	START	1705666223552
USER	ServiceTest	START	1705666223363
USER	ServiceTest	START	1705666224669
USER	ServiceTest	START	1705666224668
USER	ServiceTest	START	1705666224669
USER	ServiceTest	START	1705666224669
USER	ServiceTest	START	1705666224668
USER	ServiceTest	START	1705666224669
USER	ServiceTest	START	1705666223172
USER	ServiceTest	START	1705666224731
USER	ServiceTest	START	1705666224670
USER	ServiceTest	START	1705666224782
USER	ServiceTest	START	1705666224853
USER	ServiceTest	START	1705666224946
USER	ServiceTest	START	1705666225122
USER	ServiceTest	START	1705666225178
USER	ServiceTest	START	1705666225219
USER	ServiceTest	START	1705666225326
USER	ServiceTest	START	1705666225418
USER	ServiceTest	START	1705666225510
USER	ServiceTest	START	1705666225618
USER	ServiceTest	START	1705666225712
USER	ServiceTest	START	1705666225821
USER	ServiceTest	START	1705666225940
USER	ServiceTest	START	1705666226200
USER	ServiceTest	START	1705666226208
USER	ServiceTest	START	1705666226308
USER	ServiceTest	START	1705666226328
USER	ServiceTest	START	1705666226408
USER	ServiceTest	START	1705666226511
USER	ServiceTest	START	1705666226608
USER	ServiceTest	START	1705666226708
USER	ServiceTest	START	1705666226863
USER	ServiceTest	START	1705666227011
USER	ServiceTest	START	1705666227146
USER	ServiceTest	START	1705666227011
USER	ServiceTest	START	1705666227208
USER	ServiceTest	START	1705666227308
USER	ServiceTest	START	1705666227408
USER	ServiceTest	START	1705666227508
USER	ServiceTest	START	1705666227608
USER	ServiceTest	START	1705666227708
USER	ServiceTest	START	1705666227825
USER	ServiceTest	START	1705666228103
USER	ServiceTest	START	1705666228144
USER	ServiceTest	START	1705666228152
USER	ServiceTest	START	1705666228305
USER	ServiceTest	START	1705666228308
USER	ServiceTest	START	1705666228409
USER	ServiceTest	START	1705666228517
USER	ServiceTest	START	1705666228617
USER	ServiceTest	START	1705666228713
USER	ServiceTest	START	1705666228809
USER	ServiceTest	START	1705666228916
USER	ServiceTest	START	1705666229010
USER	ServiceTest	START	1705666229110
USER	ServiceTest	START	1705666229210
USER	ServiceTest	START	1705666229314
USER	ServiceTest	START	1705666229423
USER	ServiceTest	START	1705666229514
USER	ServiceTest	START	1705666229622
USER	ServiceTest	START	1705666229714
USER	ServiceTest	START	1705666229827
USER	ServiceTest	START	1705666229915
USER	ServiceTest	START	1705666230023
USER	ServiceTest	START	1705666230118
USER	ServiceTest	START	1705666230209
USER	ServiceTest	START	1705666230315
USER	ServiceTest	START	1705666230408
USER	ServiceTest	START	1705666230514
USER	ServiceTest	START	1705666230622
USER	ServiceTest	START	1705666230714
USER	ServiceTest	START	1705666230822
USER	ServiceTest	START	1705666230915
USER	ServiceTest	START	1705666231022
USER	ServiceTest	START	1705666231116
USER	ServiceTest	START	1705666231220
USER	ServiceTest	START	1705666231312
USER	ServiceTest	START	1705666231420
USER	ServiceTest	START	1705666231512
USER	ServiceTest	START	1705666231620
USER	ServiceTest	START	1705666231711
USER	ServiceTest	START	1705666231819
USER	ServiceTest	START	1705666231911
USER	ServiceTest	START	1705666232019
USER	ServiceTest	START	1705666232112
USER	ServiceTest	START	1705666232218
USER	ServiceTest	START	1705666232309
USER	ServiceTest	START	1705666232417
USER	ServiceTest	START	1705666232509
REQUEST		POST /auth/getToken	1705666227695	1705666228080	OK	 
USER	ServiceTest	START	1705666232616
USER	ServiceTest	START	1705666232722
USER	ServiceTest	START	1705666232814
REQUEST		POST /auth/getToken	1705666227797	1705666228111	OK	 
USER	ServiceTest	START	1705666232928
USER	ServiceTest	START	1705666233012
REQUEST		POST /elasticsearch/workbook	1705666228449	1705666232572	OK	 
REQUEST		POST /auth/getToken	1705666227796	1705666228112	OK	 
REQUEST		POST /auth/getToken	1705666228617	1705666229954	OK	 
REQUEST		POST /auth/getToken	1705666227830	1705666228099	OK	 
REQUEST		POST /auth/getToken	1705666227752	1705666228086	OK	 
REQUEST		POST /auth/getToken	1705666227764	1705666228083	OK	 
REQUEST		POST /elasticsearch/workbook	1705666228315	1705666232909	OK	 
REQUEST		POST /auth/getToken	1705666229129	1705666229274	OK	 
REQUEST		POST /auth/getToken	1705666227810	1705666228132	OK	 
REQUEST		POST /auth/getToken	1705666228029	1705666228139	OK	 
REQUEST		POST /auth/getToken	1705666227723	1705666228107	OK	 
REQUEST		POST /auth/getToken	1705666228648	1705666228794	OK	 
REQUEST		POST /elasticsearch/workbook	1705666228389	1705666233477	OK	 
REQUEST		POST /auth/getToken	1705666227814	1705666228132	OK	 
REQUEST		POST /auth/getToken	1705666230642	1705666230978	OK	 
REQUEST		POST /auth/getToken	1705666229937	1705666230085	OK	 
REQUEST		POST /auth/getToken	1705666227816	1705666228090	OK	 
REQUEST		POST /auth/getToken	1705666227729	1705666228139	OK	 
REQUEST		POST /auth/getToken	1705666227754	1705666228062	OK	 
REQUEST		POST /auth/getToken	1705666227695	1705666228099	OK	 
REQUEST		POST /auth/getToken	1705666228935	1705666229025	OK	 
REQUEST		POST /auth/getToken	1705666228733	1705666228842	OK	 
REQUEST		POST /auth/getToken	1705666227778	1705666228066	OK	 
REQUEST		POST /elasticsearch/workbook	1705666228238	1705666233226	OK	 
REQUEST		POST /auth/getToken	1705666227813	1705666228051	OK	 
REQUEST		POST /elasticsearch/insertDoc	1705666232931	1705666233194	OK	 
REQUEST		POST /auth/getToken	1705666228609	1705666228767	OK	 
REQUEST		POST /elasticsearch/workbook	1705666229979	1705666233424	OK	 
REQUEST		POST /auth/getToken	1705666227695	1705666228069	OK	 
REQUEST		POST /auth/getToken	1705666227810	1705666228127	OK	 
REQUEST		POST /auth/getToken	1705666227728	1705666228080	OK	 
REQUEST		POST /auth/getToken	1705666230730	1705666231101	OK	 
REQUEST		POST /auth/getToken	1705666230136	1705666230301	OK	 
REQUEST		POST /auth/getToken	1705666227763	1705666228051	OK	 
REQUEST		POST /auth/getToken	1705666227753	1705666228069	OK	 
REQUEST		POST /auth/getToken	1705666227694	1705666228113	OK	 
REQUEST		POST /elasticsearch/workbook	1705666231010	1705666234059	OK	 
REQUEST		POST /auth/getToken	1705666230531	1705666230625	OK	 
REQUEST		POST /auth/getToken	1705666228061	1705666228168	OK	 
REQUEST		POST /auth/getToken	1705666227694	1705666228109	OK	 
REQUEST		POST /elasticsearch/workbook	1705666228221	1705666234045	OK	 
REQUEST		POST /auth/getToken	1705666228551	1705666228713	OK	 
REQUEST		POST /auth/getToken	1705666229334	1705666229516	OK	 
REQUEST		POST /auth/getToken	1705666231241	1705666232067	OK	 
REQUEST		POST /auth/getToken	1705666227730	1705666228051	OK	 
REQUEST		POST /auth/getToken	1705666229447	1705666229593	OK	 
REQUEST		POST /elasticsearch/workbook	1705666228830	1705666233925	OK	 
REQUEST		POST /auth/getToken	1705666227733	1705666228099	OK	 
REQUEST		POST /auth/getToken	1705666227830	1705666228135	OK	 
REQUEST		POST /auth/getToken	1705666230428	1705666230577	OK	 
REQUEST		POST /auth/getToken	1705666227816	1705666228078	OK	 
REQUEST		POST /auth/getToken	1705666227754	1705666228065	OK	 
REQUEST		POST /auth/getToken	1705666227762	1705666228051	OK	 
REQUEST		POST /auth/getToken	1705666227969	1705666228136	OK	 
REQUEST		POST /elasticsearch/workbook	1705666228228	1705666233892	OK	 
REQUEST		POST /auth/getToken	1705666230223	1705666230334	OK	 
REQUEST		POST /auth/getToken	1705666227769	1705666228089	OK	 
REQUEST		POST /auth/getToken	1705666227814	1705666228095	OK	 
REQUEST		POST /auth/getToken	1705666227814	1705666228099	OK	 
REQUEST		POST /elasticsearch/workbook	1705666228211	1705666233776	OK	 
REQUEST		POST /auth/getToken	1705666231135	1705666231778	OK	 
REQUEST		POST /auth/getToken	1705666227763	1705666228051	OK	 
REQUEST		POST /auth/getToken	1705666232034	1705666232249	OK	 
REQUEST		POST /auth/getToken	1705666228655	1705666228792	OK	 
REQUEST		POST /auth/getToken	1705666229534	1705666229682	OK	 
REQUEST		POST /elasticsearch/workbook	1705666228216	1705666233758	OK	 
REQUEST		POST /auth/getToken	1705666229027	1705666229145	OK	 
REQUEST		POST /auth/getToken	1705666227695	1705666228129	OK	 
REQUEST		POST /auth/getToken	1705666227694	1705666228096	OK	 
REQUEST		POST /auth/getToken	1705666227760	1705666228098	OK	 
REQUEST		POST /auth/getToken	1705666231037	1705666232283	OK	 
REQUEST		POST /auth/getToken	1705666229844	1705666230054	OK	 
REQUEST		POST /auth/getToken	1705666230839	1705666231104	OK	 
REQUEST		POST /auth/getToken	1705666231475	1705666232362	OK	 
REQUEST		POST /auth/getToken	1705666227794	1705666228112	OK	 
REQUEST		POST /auth/getToken	1705666232232	1705666232549	OK	 
REQUEST		POST /elasticsearch/workbook	1705666229302	1705666233737	OK	 
REQUEST		POST /auth/getToken	1705666228669	1705666228805	OK	 
REQUEST		POST /auth/getToken	1705666229729	1705666229824	OK	 
REQUEST		POST /auth/getToken	1705666231834	1705666232179	OK	 
REQUEST		POST /auth/getToken	1705666232323	1705666232620	OK	 
REQUEST		POST /auth/getToken	1705666229639	1705666229770	OK	 
REQUEST		POST /auth/getToken	1705666228634	1705666228789	OK	 
REQUEST		POST /auth/getToken	1705666231637	1705666232357	OK	 
REQUEST		POST /auth/getToken	1705666232133	1705666232620	OK	 
REQUEST		POST /auth/getToken	1705666232524	1705666233030	OK	 
REQUEST		POST /auth/getToken	1705666229230	1705666229412	OK	 
REQUEST		POST /auth/getToken	1705666227694	1705666228100	OK	 
REQUEST		POST /auth/getToken	1705666227695	1705666228111	OK	 
REQUEST		POST /auth/getToken	1705666228646	1705666228788	OK	 
REQUEST		POST /auth/getToken	1705666232431	1705666232949	OK	 
REQUEST		POST /auth/getToken	1705666227695	1705666228125	OK	 
REQUEST		POST /auth/getToken	1705666230046	1705666230195	OK	 
REQUEST		POST /auth/getToken	1705666227770	1705666228077	OK	 
REQUEST		POST /auth/getToken	1705666228839	1705666228963	OK	 
REQUEST		POST /auth/getToken	1705666227720	1705666228130	OK	 
REQUEST		POST /auth/getToken	1705666231328	1705666232984	OK	 
REQUEST		POST /auth/getToken	1705666231531	1705666233135	OK	 
REQUEST		POST /elasticsearch/workbook	1705666228448	1705666233688	OK	 
REQUEST		POST /auth/getToken	1705666230333	1705666230427	OK	 
REQUEST		POST /auth/getToken	1705666227796	1705666228107	OK	 
REQUEST		POST /auth/getToken	1705666231929	1705666232114	OK	 
REQUEST		POST /auth/getToken	1705666227778	1705666228124	OK	 
REQUEST		POST /auth/getToken	1705666227695	1705666228051	OK	 
REQUEST		POST /auth/getToken	1705666227756	1705666228069	OK	 
REQUEST		POST /elasticsearch/workbook	1705666228420	1705666233592	OK	 
REQUEST		POST /elasticsearch/workbook	1705666228544	1705666236089	OK	 
REQUEST		POST /elasticsearch/workbook	1705666228474	1705666236043	OK	 
REQUEST		POST /elasticsearch/workbook	1705666228227	1705666236043	OK	 
REQUEST		POST /elasticsearch/workbook	1705666232144	1705666236024	OK	 
REQUEST		POST /elasticsearch/workbook	1705666228290	1705666236008	OK	 
REQUEST		POST /auth/getToken	1705666231729	1705666236195	OK	 
REQUEST		POST /elasticsearch/workbook	1705666230457	1705666236008	OK	 
REQUEST		POST /elasticsearch/workbook	1705666234120	1705666235997	OK	 
REQUEST		POST /elasticsearch/workbook	1705666234129	1705666235968	OK	 
REQUEST		POST /elasticsearch/workbook	1705666228283	1705666235957	OK	 
REQUEST		POST /elasticsearch/workbook	1705666228996	1705666235942	OK	 
REQUEST		POST /elasticsearch/workbook	1705666228461	1705666235931	OK	 
REQUEST		POST /elasticsearch/workbook	1705666230226	1705666235906	OK	 
REQUEST		POST /elasticsearch/workbook	1705666228223	1705666235905	OK	 
REQUEST		POST /elasticsearch/workbook	1705666234131	1705666235877	OK	 
REQUEST		POST /elasticsearch/workbook	1705666228815	1705666235871	OK	 
REQUEST		POST /elasticsearch/workbook	1705666228243	1705666235860	OK	 
REQUEST		POST /elasticsearch/workbook	1705666228346	1705666235839	OK	 
REQUEST		POST /elasticsearch/workbook	1705666229442	1705666235832	OK	 
REQUEST		POST /elasticsearch/workbook	1705666234117	1705666235832	OK	 
REQUEST		POST /elasticsearch/workbook	1705666233576	1705666235769	OK	 
REQUEST		POST /elasticsearch/workbook	1705666232389	1705666235769	OK	 
REQUEST		POST /elasticsearch/workbook	1705666228828	1705666235752	OK	 
REQUEST		POST /elasticsearch/workbook	1705666233579	1705666235752	OK	 
REQUEST		POST /elasticsearch/workbook	1705666229795	1705666235752	OK	 
REQUEST		POST /elasticsearch/workbook	1705666232206	1705666235733	OK	 
REQUEST		POST /elasticsearch/workbook	1705666229855	1705666235728	OK	 
REQUEST		POST /elasticsearch/workbook	1705666228852	1705666235676	OK	 
REQUEST		POST /elasticsearch/workbook	1705666232594	1705666235648	OK	 
REQUEST		POST /elasticsearch/workbook	1705666228241	1705666235627	OK	 
REQUEST		POST /elasticsearch/workbook	1705666232389	1705666235603	OK	 
REQUEST		POST /elasticsearch/workbook	1705666231131	1705666235602	OK	 
REQUEST		POST /elasticsearch/workbook	1705666230088	1705666235572	OK	 
REQUEST		POST /elasticsearch/workbook	1705666232311	1705666235522	OK	 
REQUEST		POST /elasticsearch/workbook	1705666228370	1705666235520	OK	 
REQUEST		POST /elasticsearch/workbook	1705666228386	1705666235510	OK	 
REQUEST		POST /elasticsearch/insertDoc	1705666233529	1705666233722	OK	 
REQUEST		POST /elasticsearch/workbook	1705666228289	1705666235457	OK	 
REQUEST		POST /elasticsearch/workbook	1705666229179	1705666235411	OK	 
REQUEST		POST /elasticsearch/workbook	1705666229716	1705666235377	OK	 
REQUEST		POST /elasticsearch/workbook	1705666228832	1705666235351	OK	 
REQUEST		POST /elasticsearch/workbook	1705666232281	1705666235321	OK	 
REQUEST		POST /elasticsearch/workbook	1705666228518	1705666235300	OK	 
REQUEST		POST /elasticsearch/workbook	1705666231805	1705666235298	OK	 
REQUEST		POST /auth/getToken	1705666230935	1705666235362	OK	 
REQUEST		POST /elasticsearch/workbook	1705666228349	1705666235263	OK	 
REQUEST		POST /elasticsearch/workbook	1705666228411	1705666235264	OK	 
REQUEST		POST /elasticsearch/workbook	1705666228429	1705666235264	OK	 
REQUEST		POST /elasticsearch/workbook	1705666230364	1705666235255	OK	 
REQUEST		POST /elasticsearch/workbook	1705666228218	1705666235142	OK	 
REQUEST		POST /elasticsearch/workbook	1705666228479	1705666235136	OK	 
REQUEST		POST /elasticsearch/workbook	1705666228470	1705666235101	OK	 
REQUEST		POST /elasticsearch/workbook	1705666228457	1705666235087	OK	 
REQUEST		POST /elasticsearch/workbook	1705666230609	1705666235059	OK	 
REQUEST		POST /elasticsearch/workbook	1705666228277	1705666235010	OK	 
REQUEST		POST /elasticsearch/workbook	1705666228387	1705666234958	OK	 
REQUEST		POST /elasticsearch/workbook	1705666229625	1705666234899	OK	 
REQUEST		POST /elasticsearch/workbook	1705666228592	1705666234896	OK	 
REQUEST		POST /elasticsearch/workbook	1705666229548	1705666234873	OK	 
REQUEST		POST /elasticsearch/workbook	1705666232098	1705666234873	OK	 
REQUEST		POST /elasticsearch/workbook	1705666228752	1705666234863	OK	 
REQUEST		POST /elasticsearch/workbook	1705666228287	1705666234825	OK	 
REQUEST		POST /elasticsearch/workbook	1705666228595	1705666234751	OK	 
REQUEST		POST /elasticsearch/workbook	1705666230655	1705666234725	OK	 
REQUEST		POST /elasticsearch/workbook	1705666228229	1705666234665	OK	 
REQUEST		POST /elasticsearch/workbook	1705666228541	1705666234598	OK	 
REQUEST		POST /elasticsearch/workbook	1705666228592	1705666234584	OK	 
REQUEST		POST /elasticsearch/workbook	1705666230333	1705666234570	OK	 
REQUEST		POST /elasticsearch/workbook	1705666231131	1705666234541	OK	 
REQUEST		POST /elasticsearch/insertDoc	1705666233678	1705666233976	OK	 
REQUEST		POST /elasticsearch/workbook	1705666228419	1705666234474	OK	 
REQUEST		POST /elasticsearch/workbook	1705666228220	1705666234461	OK	 
REQUEST		POST /elasticsearch/workbook	1705666228465	1705666234425	OK	 
REQUEST		POST /elasticsearch/workbook	1705666228797	1705666234369	OK	 
REQUEST		POST /elasticsearch/workbook	1705666228196	1705666234321	OK	 
REQUEST		POST /elasticsearch/workbook	1705666228474	1705666234291	OK	 
REQUEST		POST /elasticsearch/workbook	1705666228888	1705666234291	OK	 
REQUEST		POST /elasticsearch/workbook	1705666229057	1705666234247	OK	 
REQUEST		POST /elasticsearch/workbook	1705666228363	1705666234246	OK	 
REQUEST		POST /elasticsearch/workbook	1705666228470	1705666234232	OK	 
REQUEST		POST /elasticsearch/workbook	1705666228196	1705666234197	OK	 
REQUEST		POST /elasticsearch/workbook	1705666230118	1705666234102	OK	 
REQUEST		PATCH /elasticsearch/update	1705666234114	1705666234335	OK	 
REQUEST		POST /elasticsearch/workbook	1705666228415	1705666234102	OK	 
REQUEST		POST /elasticsearch/insertDoc	1705666234419	1705666234717	OK	 
REQUEST		POST /elasticsearch/insertDoc	1705666234544	1705666234847	OK	 
REQUEST		POST /elasticsearch/insertDoc	1705666234074	1705666234323	OK	 
REQUEST		POST /elasticsearch/insertDoc	1705666248016	1705666248106	OK	 
REQUEST		POST /elasticsearch/insertDoc	1705666247790	1705666247851	OK	 
REQUEST		POST /elasticsearch/insertDoc	1705666247680	1705666247737	OK	 
REQUEST		POST /elasticsearch/insertDoc	1705666245206	1705666245446	OK	 
REQUEST		POST /elasticsearch/insertDoc	1705666233854	1705666234382	OK	 
REQUEST		POST /elasticsearch/insertDoc	1705666244939	1705666245074	OK	 
REQUEST		POST /elasticsearch/insertDoc	1705666244284	1705666244352	OK	 
REQUEST		POST /elasticsearch/insertDoc	1705666245694	1705666245790	OK	 
REQUEST		POST /elasticsearch/insertDoc	1705666234709	1705666234930	OK	 
REQUEST		POST /elasticsearch/insertDoc	1705666234949	1705666235156	OK	 
REQUEST		POST /elasticsearch/insertDoc	1705666245354	1705666245462	OK	 
REQUEST		POST /elasticsearch/workbook	1705666242426	1705666243408	OK	 
REQUEST		POST /elasticsearch/insertDoc	1705666240834	1705666240924	OK	 
REQUEST		POST /elasticsearch/insertDoc	1705666235085	1705666235301	OK	 
REQUEST		POST /elasticsearch/insertDoc	1705666239614	1705666239702	OK	 
REQUEST		POST /elasticsearch/insertDoc	1705666240121	1705666240204	OK	 
REQUEST		POST /elasticsearch/insertDoc	1705666241538	1705666241674	OK	 
REQUEST		POST /elasticsearch/insertDoc	1705666241083	1705666241213	OK	 
REQUEST		POST /elasticsearch/insertDoc	1705666235494	1705666235667	OK	 
REQUEST		POST /elasticsearch/insertDoc	1705666240960	1705666241022	OK	 
REQUEST		POST /elasticsearch/insertDoc	1705666235220	1705666235390	OK	 
REQUEST		POST /elasticsearch/insertDoc	1705666238036	1705666238310	OK	 
REQUEST		POST /elasticsearch/insertDoc	1705666241337	1705666241399	OK	 
REQUEST		POST /elasticsearch/insertDoc	1705666237584	1705666237707	OK	 
REQUEST		POST /elasticsearch/insertDoc	1705666242166	1705666242239	OK	 
REQUEST		POST /elasticsearch/workbook	1705666236364	1705666237191	OK	 
REQUEST		POST /elasticsearch/insertDoc	1705666236834	1705666236904	OK	 
REQUEST		POST /elasticsearch/insertDoc	1705666237057	1705666237122	OK	 
REQUEST		POST /elasticsearch/insertDoc	1705666236322	1705666236442	OK	 
REQUEST		POST /elasticsearch/insertDoc	1705666238393	1705666238467	OK	 
REQUEST		POST /elasticsearch/insertDoc	1705666240605	1705666240675	OK	 
REQUEST		POST /elasticsearch/insertDoc	1705666246116	1705666246206	OK	 
REQUEST		POST /elasticsearch/insertDoc	1705666243191	1705666243297	OK	 
REQUEST		POST /elasticsearch/insertDoc	1705666238564	1705666238724	OK	 
REQUEST		POST /elasticsearch/insertDoc	1705666239303	1705666239396	OK	 
REQUEST		POST /elasticsearch/insertDoc	1705666237182	1705666237240	OK	 
REQUEST		POST /elasticsearch/insertDoc	1705666237430	1705666237497	OK	 
REQUEST		POST /elasticsearch/insertDoc	1705666241689	1705666241788	OK	 
REQUEST		POST /elasticsearch/insertDoc	1705666241992	1705666242109	OK	 
REQUEST		POST /elasticsearch/insertDoc	1705666238870	1705666238926	OK	 
REQUEST		POST /elasticsearch/insertDoc	1705666240718	1705666240852	OK	 
REQUEST		POST /elasticsearch/insertDoc	1705666242400	1705666242522	OK	 
REQUEST		POST /elasticsearch/insertDoc	1705666239922	1705666240019	OK	 
REQUEST		POST /elasticsearch/insertDoc	1705666241204	1705666241287	OK	 
REQUEST		POST /elasticsearch/insertDoc	1705666239016	1705666239085	OK	 
REQUEST		POST /elasticsearch/insertDoc	1705666246762	1705666246817	OK	 
REQUEST		POST /elasticsearch/insertDoc	1705666241830	1705666241947	OK	 
REQUEST		POST /elasticsearch/insertDoc	1705666245837	1705666245897	OK	 
REQUEST		POST /elasticsearch/insertDoc	1705666245976	1705666246075	OK	 
REQUEST		POST /elasticsearch/insertDoc	1705666242638	1705666242712	OK	 
REQUEST		POST /elasticsearch/insertDoc	1705666246382	1705666246471	OK	 
REQUEST		POST /elasticsearch/insertDoc	1705666236945	1705666237020	OK	 
REQUEST		POST /elasticsearch/insertDoc	1705666243604	1705666243695	OK	 
REQUEST		POST /elasticsearch/insertDoc	1705666240267	1705666240342	OK	 
REQUEST		POST /elasticsearch/insertDoc	1705666239448	1705666239550	OK	 
REQUEST		POST /elasticsearch/insertDoc	1705666238723	1705666238798	OK	 
REQUEST		POST /elasticsearch/insertDoc	1705666246895	1705666246976	OK	 
REQUEST		POST /elasticsearch/insertDoc	1705666244055	1705666244126	OK	 
REQUEST		POST /elasticsearch/insertDoc	1705666244529	1705666244618	OK	 
REQUEST		POST /elasticsearch/insertDoc	1705666244401	1705666244475	OK	 
REQUEST		POST /elasticsearch/insertDoc	1705666246628	1705666246693	OK	 
REQUEST		POST /elasticsearch/insertDoc	1705666246505	1705666246575	OK	 
REQUEST		POST /elasticsearch/insertDoc	1705666244696	1705666244801	OK	 
REQUEST		POST /elasticsearch/insertDoc	1705666243710	1705666243811	OK	 
REQUEST		POST /elasticsearch/insertDoc	1705666240414	1705666240476	OK	 
REQUEST		POST /elasticsearch/insertDoc	1705666235910	1705666236009	OK	 
REQUEST		POST /elasticsearch/insertDoc	1705666243930	1705666244012	OK	 
REQUEST		POST /elasticsearch/insertDoc	1705666236540	1705666236646	OK	 
REQUEST		POST /elasticsearch/insertDoc	1705666246228	1705666246296	OK	 
REQUEST		POST /elasticsearch/insertDoc	1705666248155	1705666248216	OK	 
REQUEST		POST /elasticsearch/insertDoc	1705666243344	1705666243430	OK	 
REQUEST		POST /elasticsearch/insertDoc	1705666247404	1705666247468	OK	 
REQUEST		POST /elasticsearch/insertDoc	1705666243496	1705666243581	OK	 
REQUEST		POST /elasticsearch/insertDoc	1705666243819	1705666243909	OK	 
REQUEST		POST /elasticsearch/insertDoc	1705666239159	1705666239241	OK	 
REQUEST		POST /elasticsearch/insertDoc	1705666247142	1705666247209	OK	 
REQUEST		POST /elasticsearch/insertDoc	1705666247908	1705666247964	OK	 
REQUEST		POST /elasticsearch/insertDoc	1705666245552	1705666245651	OK	 
REQUEST		POST /elasticsearch/insertDoc	1705666244168	1705666244244	OK	 
REQUEST		POST /elasticsearch/insertDoc	1705666247293	1705666247354	OK	 
REQUEST		POST /elasticsearch/insertDoc	1705666248271	1705666248376	OK	 
REQUEST		POST /elasticsearch/insertDoc	1705666248382	1705666248470	OK	 
REQUEST		POST /elasticsearch/insertDoc	1705666247554	1705666247618	OK	 
REQUEST		POST /elasticsearch/insertDoc	1705666237297	1705666237389	OK	 
REQUEST		POST /elasticsearch/insertDoc	1705666236683	1705666236776	OK	 
REQUEST		POST /elasticsearch/insertDoc	1705666242863	1705666243034	OK	 
REQUEST		POST /elasticsearch/insertDoc	1705666248605	1705666248720	OK	 
REQUEST		POST /elasticsearch/insertDoc	1705666237889	1705666237971	OK	 
REQUEST		POST /elasticsearch/insertDoc	1705666237735	1705666237795	OK	 
REQUEST		POST /elasticsearch/insertDoc	1705666243032	1705666243106	OK	 
REQUEST		POST /elasticsearch/insertDoc	1705666248809	1705666248946	OK	 
REQUEST		PATCH /elasticsearch/update	1705666246654	1705666246772	OK	 
REQUEST		PATCH /elasticsearch/update	1705666241846	1705666241969	OK	 
REQUEST		POST /auth/getToken	1705666236324	1705666236442	OK	 
REQUEST		PATCH /elasticsearch/update	1705666248427	1705666248523	OK	 
REQUEST		PATCH /elasticsearch/update	1705666248640	1705666248720	OK	 
REQUEST		PATCH /elasticsearch/update	1705666248408	1705666248522	OK	 
REQUEST		PATCH /elasticsearch/update	1705666248649	1705666248745	OK	 
REQUEST		PATCH /elasticsearch/update	1705666248641	1705666248721	OK	 
REQUEST		PATCH /elasticsearch/update	1705666248425	1705666248522	OK	 
REQUEST		PATCH /elasticsearch/update	1705666248408	1705666248522	OK	 
REQUEST		PATCH /elasticsearch/update	1705666248424	1705666248522	OK	 
REQUEST		PATCH /elasticsearch/update	1705666248647	1705666248745	OK	 
REQUEST		PATCH /elasticsearch/update	1705666248641	1705666248744	OK	 
REQUEST		PATCH /elasticsearch/update	1705666248659	1705666248746	OK	 
REQUEST		PATCH /elasticsearch/update	1705666248659	1705666248747	OK	 
REQUEST		PATCH /elasticsearch/update	1705666248645	1705666248721	OK	 
REQUEST		PATCH /elasticsearch/update	1705666248652	1705666248746	OK	 
REQUEST		PATCH /elasticsearch/update	1705666248432	1705666248518	OK	 
REQUEST		PATCH /elasticsearch/update	1705666248410	1705666248521	OK	 
REQUEST		PATCH /elasticsearch/update	1705666248641	1705666248744	OK	 
REQUEST		PATCH /elasticsearch/update	1705666248432	1705666248526	OK	 
REQUEST		PATCH /elasticsearch/update	1705666248430	1705666248518	OK	 
REQUEST		PATCH /elasticsearch/update	1705666248427	1705666248522	OK	 
REQUEST		PATCH /elasticsearch/update	1705666248430	1705666248524	OK	 
REQUEST		PATCH /elasticsearch/update	1705666248419	1705666248521	OK	 
REQUEST		PATCH /elasticsearch/update	1705666248436	1705666248526	OK	 
REQUEST		PATCH /elasticsearch/update	1705666248414	1705666248521	OK	 
REQUEST		PATCH /elasticsearch/update	1705666248623	1705666248720	OK	 
REQUEST		POST /elasticsearch/sheet/insertDoc	1705666247316	1705666248437	OK	 
REQUEST		POST /elasticsearch/workbook	1705666248837	1705666249974	OK	 
REQUEST		PATCH /elasticsearch/update	1705666248840	1705666248983	OK	 
REQUEST		PATCH /elasticsearch/update	1705666248847	1705666248983	OK	 
REQUEST		PATCH /elasticsearch/update	1705666248656	1705666248747	OK	 
REQUEST		PATCH /elasticsearch/update	1705666248656	1705666248746	OK	 
REQUEST		PATCH /elasticsearch/update	1705666248837	1705666248982	OK	 
REQUEST		PATCH /elasticsearch/update	1705666248852	1705666249024	OK	 
REQUEST		POST /auth/getToken	1705666248814	1705666248977	OK	 
REQUEST		POST /elasticsearch/sheet/insertDoc	1705666249101	1705666250222	OK	 
REQUEST		PATCH /elasticsearch/update	1705666248892	1705666249141	OK	 
REQUEST		PATCH /elasticsearch/update	1705666248855	1705666249137	OK	 
REQUEST		PATCH /elasticsearch/update	1705666248892	1705666249143	OK	 
REQUEST		PATCH /elasticsearch/update	1705666248871	1705666249069	OK	 
REQUEST		PATCH /elasticsearch/update	1705666248853	1705666249023	OK	 
REQUEST		PATCH /elasticsearch/update	1705666248893	1705666249142	OK	 
REQUEST		PATCH /elasticsearch/update	1705666248895	1705666249141	OK	 
REQUEST		PATCH /elasticsearch/update	1705666248892	1705666249140	OK	 
REQUEST		POST /elasticsearch/insertDoc	1705666250105	1705666250237	OK	 
REQUEST		PATCH /elasticsearch/update	1705666248891	1705666249141	OK	 
REQUEST		PATCH /elasticsearch/update	1705666248874	1705666249138	OK	 
REQUEST		PATCH /elasticsearch/update	1705666248890	1705666249139	OK	 
REQUEST		PATCH /elasticsearch/update	1705666248893	1705666249140	OK	 
REQUEST		PATCH /elasticsearch/update	1705666248893	1705666249141	OK	 
REQUEST		POST /auth/getToken	1705666249128	1705666249248	OK	 
REQUEST		POST /auth/getToken	1705666249107	1705666249236	OK	 
REQUEST		PATCH /elasticsearch/update	1705666249145	1705666249249	OK	 
REQUEST		PATCH /elasticsearch/update	1705666248891	1705666249139	OK	 
REQUEST		PATCH /elasticsearch/update	1705666248879	1705666249139	OK	 
REQUEST		PATCH /elasticsearch/update	1705666248889	1705666249139	OK	 
REQUEST		PATCH /elasticsearch/update	1705666248888	1705666249138	OK	 
REQUEST		PATCH /elasticsearch/update	1705666248891	1705666249239	OK	 
REQUEST		PATCH /elasticsearch/update	1705666249096	1705666249235	OK	 
REQUEST		PATCH /elasticsearch/update	1705666248890	1705666249235	OK	 
REQUEST		PATCH /elasticsearch/update	1705666248879	1705666249238	OK	 
REQUEST		PATCH /elasticsearch/update	1705666248873	1705666249239	OK	 
REQUEST		PATCH /elasticsearch/update	1705666248873	1705666249214	OK	 
REQUEST		PATCH /elasticsearch/update	1705666248856	1705666249226	OK	 
REQUEST		POST /auth/getToken	1705666249013	1705666249173	OK	 
REQUEST		PATCH /elasticsearch/update	1705666248904	1705666249178	OK	 
REQUEST		PATCH /elasticsearch/update	1705666248904	1705666249184	OK	 
REQUEST		PATCH /elasticsearch/update	1705666248925	1705666249179	OK	 
REQUEST		PATCH /elasticsearch/update	1705666248996	1705666249177	OK	 
REQUEST		PATCH /elasticsearch/update	1705666249001	1705666249180	OK	 
REQUEST		PATCH /elasticsearch/update	1705666249005	1705666249177	OK	 
REQUEST		PATCH /elasticsearch/update	1705666248849	1705666249178	OK	 
REQUEST		PATCH /elasticsearch/update	1705666249065	1705666249187	OK	 
REQUEST		PATCH /elasticsearch/update	1705666248995	1705666249186	OK	 
REQUEST		PATCH /elasticsearch/update	1705666249067	1705666249181	OK	 
REQUEST		PATCH /elasticsearch/update	1705666248907	1705666249177	OK	 
REQUEST		PATCH /elasticsearch/update	1705666248929	1705666249178	OK	 
REQUEST		PATCH /elasticsearch/update	1705666248903	1705666249175	OK	 
REQUEST		PATCH /elasticsearch/update	1705666249040	1705666249180	OK	 
REQUEST		PATCH /elasticsearch/update	1705666248904	1705666249175	OK	 
REQUEST		PATCH /elasticsearch/update	1705666249004	1705666249182	OK	 
REQUEST		PATCH /elasticsearch/update	1705666248901	1705666249172	OK	 
REQUEST		PATCH /elasticsearch/update	1705666248902	1705666249179	OK	 
REQUEST		PATCH /elasticsearch/update	1705666248898	1705666249168	OK	 
REQUEST		PATCH /elasticsearch/update	1705666249036	1705666249187	OK	 
REQUEST		PATCH /elasticsearch/update	1705666249044	1705666249185	OK	 
REQUEST		PATCH /elasticsearch/update	1705666248934	1705666249176	OK	 
REQUEST		PATCH /elasticsearch/update	1705666248999	1705666249182	OK	 
REQUEST		PATCH /elasticsearch/update	1705666248904	1705666249175	OK	 
REQUEST		PATCH /elasticsearch/update	1705666248931	1705666249175	OK	 
REQUEST		PATCH /elasticsearch/update	1705666248902	1705666249177	OK	 
REQUEST		POST /elasticsearch/sheet/insertDoc	1705666248426	1705666249562	OK	 
REQUEST		PATCH /elasticsearch/update	1705666249039	1705666249185	OK	 
REQUEST		PATCH /elasticsearch/update	1705666248905	1705666249174	OK	 
REQUEST		PATCH /elasticsearch/update	1705666248898	1705666249171	OK	 
REQUEST		PATCH /elasticsearch/update	1705666248898	1705666249170	OK	 
REQUEST		PATCH /elasticsearch/update	1705666248899	1705666249168	OK	 
REQUEST		PATCH /elasticsearch/update	1705666249001	1705666249186	OK	 
REQUEST		PATCH /elasticsearch/update	1705666248936	1705666249176	OK	 
REQUEST		PATCH /elasticsearch/update	1705666248890	1705666249169	OK	 
REQUEST		PATCH /elasticsearch/update	1705666248994	1705666249186	OK	 
REQUEST		POST /elasticsearch/workbook	1705666249125	1705666250298	OK	 
REQUEST		POST /elasticsearch/workbook	1705666249522	1705666250586	OK	 
REQUEST		POST /elasticsearch/sheet/insertDoc	1705666248638	1705666249823	OK	 
REQUEST		POST /elasticsearch/workbook	1705666249378	1705666250465	OK	 
REQUEST		PATCH /elasticsearch/update	1705666249043	1705666249181	OK	 
REQUEST		POST /elasticsearch/workbook	1705666249340	1705666250446	OK	 
REQUEST		POST /elasticsearch/sheet/delete	1705666250236	1705666250344	OK	 
REQUEST		POST /elasticsearch/sheet/insertDoc	1705666249855	1705666250942	OK	 
REQUEST		POST /elasticsearch/sheet/insertDoc	1705666248889	1705666250121	OK	 
REQUEST		POST /elasticsearch/insertDoc	1705666250959	1705666251045	OK	 
REQUEST		POST /elasticsearch/sheet/insertDoc	1705666248895	1705666250121	OK	 
REQUEST		POST /elasticsearch/sheet/insertDoc	1705666248856	1705666250123	OK	 
REQUEST		POST /elasticsearch/sheet/insertDoc	1705666248889	1705666250120	OK	 
REQUEST		POST /elasticsearch/sheet/insertDoc	1705666248888	1705666250121	OK	 
REQUEST		POST /elasticsearch/sheet/insertDoc	1705666248854	1705666250119	OK	 
REQUEST		POST /elasticsearch/sheet/insertDoc	1705666248852	1705666250118	OK	 
REQUEST		POST /elasticsearch/sheet/insertDoc	1705666248903	1705666250172	OK	 
REQUEST		POST /elasticsearch/sheet/insertDoc	1705666248888	1705666250120	OK	 
REQUEST		POST /elasticsearch/sheet/insertDoc	1705666248858	1705666250118	OK	 
REQUEST		POST /elasticsearch/sheet/insertDoc	1705666248906	1705666250177	OK	 
REQUEST		POST /elasticsearch/sheet/insertDoc	1705666248895	1705666250122	OK	 
REQUEST		POST /elasticsearch/sheet/insertDoc	1705666248902	1705666250175	OK	 
REQUEST		POST /elasticsearch/insertDoc	1705666250664	1705666250736	OK	 
REQUEST		PATCH /elasticsearch/workbook/delete	1705666251081	1705666251271	OK	 
REQUEST		POST /elasticsearch/sheet/insertDoc	1705666248907	1705666250180	OK	 
REQUEST		POST /elasticsearch/sheet/insertDoc	1705666249009	1705666250183	OK	 
REQUEST		POST /elasticsearch/sheet/insertDoc	1705666249590	1705666250706	OK	 
REQUEST		POST /elasticsearch/sheet/insertDoc	1705666248903	1705666250172	OK	 
USER	ServiceTest	END	1705666251323
REQUEST		POST /elasticsearch/sheet/insertDoc	1705666249009	1705666250176	OK	 
REQUEST		POST /elasticsearch/sheet/insertDoc	1705666248905	1705666250176	OK	 
REQUEST		POST /elasticsearch/sheet/insertDoc	1705666248888	1705666250172	OK	 
REQUEST		POST /elasticsearch/sheet/insertDoc	1705666248856	1705666250118	OK	 
REQUEST		POST /elasticsearch/sheet/insertDoc	1705666248906	1705666250180	OK	 
REQUEST		POST /elasticsearch/sheet/insertDoc	1705666248855	1705666250118	OK	 
REQUEST		POST /elasticsearch/sheet/insertDoc	1705666248904	1705666250181	OK	 
REQUEST		POST /elasticsearch/sheet/insertDoc	1705666248871	1705666250119	OK	 
REQUEST		POST /elasticsearch/sheet/insertDoc	1705666248872	1705666250120	OK	 
REQUEST		POST /elasticsearch/sheet/insertDoc	1705666250144	1705666251280	OK	 
REQUEST		POST /elasticsearch/insertDoc	1705666251066	1705666251221	OK	 
REQUEST		POST /elasticsearch/insertDoc	1705666250834	1705666250907	OK	 
REQUEST		POST /elasticsearch/sheet/delete	1705666251089	1705666251280	OK	 
REQUEST		POST /elasticsearch/sheet/insertDoc	1705666249079	1705666250242	OK	 
REQUEST		PATCH /elasticsearch/workbook/delete	1705666251282	1705666251389	OK	 
USER	ServiceTest	END	1705666251413
REQUEST		POST /elasticsearch/sheet/insertDoc	1705666249110	1705666250267	OK	 
REQUEST		POST /elasticsearch/sheet/insertDoc	1705666248888	1705666250271	OK	 
REQUEST		POST /elasticsearch/sheet/insertDoc	1705666250148	1705666251306	OK	 
REQUEST		POST /elasticsearch/sheet/insertDoc	1705666250195	1705666251307	OK	 
REQUEST		POST /elasticsearch/sheet/insertDoc	1705666249152	1705666250277	OK	 
REQUEST		POST /elasticsearch/sheet/insertDoc	1705666250150	1705666251305	OK	 
REQUEST		POST /elasticsearch/sheet/insertDoc	1705666249118	1705666250271	OK	 
REQUEST		POST /elasticsearch/sheet/insertDoc	1705666250150	1705666251303	OK	 
REQUEST		POST /elasticsearch/sheet/insertDoc	1705666250148	1705666251308	OK	 
REQUEST		POST /elasticsearch/sheet/insertDoc	1705666248901	1705666250270	OK	 
REQUEST		POST /elasticsearch/sheet/insertDoc	1705666250210	1705666251318	OK	 
REQUEST		POST /elasticsearch/sheet/insertDoc	1705666250141	1705666251307	OK	 
REQUEST		POST /elasticsearch/sheet/insertDoc	1705666250213	1705666251318	OK	 
REQUEST		POST /elasticsearch/sheet/insertDoc	1705666250208	1705666251318	OK	 
REQUEST		POST /elasticsearch/sheet/insertDoc	1705666250198	1705666251308	OK	 
REQUEST		POST /elasticsearch/sheet/insertDoc	1705666250143	1705666251307	OK	 
REQUEST		POST /elasticsearch/sheet/insertDoc	1705666250149	1705666251302	OK	 
REQUEST		POST /elasticsearch/sheet/delete	1705666251160	1705666251318	OK	 
REQUEST		POST /elasticsearch/sheet/insertDoc	1705666250200	1705666251308	OK	 
REQUEST		POST /elasticsearch/sheet/insertDoc	1705666250151	1705666251304	OK	 
REQUEST		POST /elasticsearch/sheet/insertDoc	1705666250151	1705666251302	OK	 
REQUEST		POST /elasticsearch/sheet/insertDoc	1705666250213	1705666251351	OK	 
REQUEST		POST /elasticsearch/sheet/insertDoc	1705666250219	1705666251348	OK	 
REQUEST		POST /elasticsearch/sheet/insertDoc	1705666250144	1705666251352	OK	 
REQUEST		POST /elasticsearch/sheet/insertDoc	1705666250141	1705666251351	OK	 
REQUEST		POST /elasticsearch/sheet/insertDoc	1705666250223	1705666251349	OK	 
REQUEST		POST /elasticsearch/sheet/insertDoc	1705666250220	1705666251348	OK	 
REQUEST		POST /elasticsearch/sheet/insertDoc	1705666250141	1705666251352	OK	 
REQUEST		POST /elasticsearch/sheet/insertDoc	1705666250213	1705666251352	OK	 
REQUEST		POST /elasticsearch/sheet/insertDoc	1705666250143	1705666251382	OK	 
REQUEST		POST /elasticsearch/sheet/insertDoc	1705666250269	1705666251391	OK	 
REQUEST		POST /elasticsearch/sheet/delete	1705666251284	1705666251383	OK	 
REQUEST		PATCH /elasticsearch/workbook/delete	1705666251385	1705666251476	OK	 
USER	ServiceTest	END	1705666251500
REQUEST		POST /elasticsearch/sheet/delete	1705666251313	1705666251419	OK	 
REQUEST		POST /elasticsearch/sheet/insertDoc	1705666250312	1705666251415	OK	 
REQUEST		POST /elasticsearch/sheet/insertDoc	1705666250310	1705666251417	OK	 
REQUEST		POST /elasticsearch/sheet/insertDoc	1705666250306	1705666251418	OK	 
REQUEST		POST /elasticsearch/sheet/delete	1705666251313	1705666251418	OK	 
REQUEST		PATCH /elasticsearch/workbook/delete	1705666251320	1705666251431	OK	 
USER	ServiceTest	END	1705666251565
REQUEST		POST /elasticsearch/sheet/insertDoc	1705666250315	1705666251417	OK	 
REQUEST		POST /elasticsearch/sheet/insertDoc	1705666250303	1705666251417	OK	 
REQUEST		POST /elasticsearch/sheet/delete	1705666251311	1705666251417	OK	 
REQUEST		POST /elasticsearch/sheet/delete	1705666251395	1705666251475	OK	 
REQUEST		POST /elasticsearch/sheet/delete	1705666251313	1705666251417	OK	 
REQUEST		POST /elasticsearch/sheet/delete	1705666251357	1705666251471	OK	 
REQUEST		POST /elasticsearch/sheet/delete	1705666251358	1705666251472	OK	 
REQUEST		POST /elasticsearch/sheet/delete	1705666251313	1705666251419	OK	 
REQUEST		PATCH /elasticsearch/workbook/delete	1705666251435	1705666251547	OK	 
USER	ServiceTest	END	1705666251600
REQUEST		PATCH /elasticsearch/workbook/delete	1705666251423	1705666251517	OK	 
USER	ServiceTest	END	1705666251601
REQUEST		PATCH /elasticsearch/workbook/delete	1705666251488	1705666251580	OK	 
REQUEST		PATCH /elasticsearch/workbook/delete	1705666251491	1705666251581	OK	 
REQUEST		PATCH /elasticsearch/workbook/delete	1705666251488	1705666251580	OK	 
USER	ServiceTest	END	1705666251606
USER	ServiceTest	END	1705666251606
REQUEST		PATCH /elasticsearch/workbook/delete	1705666251461	1705666251574	OK	 
USER	ServiceTest	END	1705666251607
USER	ServiceTest	END	1705666251607
REQUEST		PATCH /elasticsearch/workbook/delete	1705666251528	1705666251598	OK	 
REQUEST		PATCH /elasticsearch/workbook/delete	1705666251491	1705666251592	OK	 
USER	ServiceTest	END	1705666251622
USER	ServiceTest	END	1705666251622
REQUEST		POST /elasticsearch/sheet/delete	1705666251314	1705666251431	OK	 
REQUEST		POST /elasticsearch/sheet/delete	1705666251320	1705666251431	OK	 
REQUEST		POST /elasticsearch/sheet/delete	1705666251316	1705666251431	OK	 
REQUEST		POST /elasticsearch/sheet/delete	1705666251320	1705666251430	OK	 
REQUEST		PATCH /elasticsearch/workbook/delete	1705666251541	1705666251652	OK	 
USER	ServiceTest	END	1705666251673
REQUEST		PATCH /elasticsearch/workbook/delete	1705666251553	1705666251653	OK	 
REQUEST		PATCH /elasticsearch/workbook/delete	1705666251556	1705666251653	OK	 
REQUEST		PATCH /elasticsearch/workbook/delete	1705666251557	1705666251653	OK	 
USER	ServiceTest	END	1705666251685
USER	ServiceTest	END	1705666251685
USER	ServiceTest	END	1705666251685
REQUEST		POST /elasticsearch/sheet/delete	1705666251317	1705666251431	OK	 
REQUEST		POST /elasticsearch/sheet/delete	1705666251313	1705666251442	OK	 
REQUEST		POST /elasticsearch/sheet/delete	1705666251435	1705666251535	OK	 
REQUEST		POST /elasticsearch/sheet/delete	1705666251355	1705666251443	OK	 
REQUEST		POST /elasticsearch/sheet/delete	1705666251355	1705666251443	OK	 
REQUEST		POST /elasticsearch/sheet/delete	1705666251305	1705666251442	OK	 
REQUEST		POST /elasticsearch/sheet/delete	1705666251311	1705666251442	OK	 
REQUEST		POST /elasticsearch/sheet/delete	1705666251356	1705666251472	OK	 
REQUEST		POST /elasticsearch/sheet/delete	1705666251425	1705666251517	OK	 
REQUEST		POST /elasticsearch/sheet/delete	1705666251354	1705666251472	OK	 
REQUEST		POST /elasticsearch/sheet/delete	1705666251461	1705666251569	OK	 
REQUEST		PATCH /elasticsearch/workbook/delete	1705666251562	1705666251703	OK	 
USER	ServiceTest	END	1705666251734
REQUEST		POST /elasticsearch/sheet/delete	1705666251393	1705666251476	OK	 
REQUEST		POST /elasticsearch/sheet/delete	1705666251354	1705666251471	OK	 
REQUEST		POST /elasticsearch/sheet/delete	1705666251356	1705666251472	OK	 
REQUEST		POST /elasticsearch/sheet/delete	1705666251315	1705666251430	OK	 
REQUEST		POST /elasticsearch/sheet/delete	1705666251463	1705666251574	OK	 
REQUEST		POST /elasticsearch/sheet/delete	1705666251320	1705666251430	OK	 
REQUEST		POST /elasticsearch/sheet/delete	1705666251423	1705666251535	OK	 
REQUEST		PATCH /elasticsearch/workbook/delete	1705666251576	1705666251737	OK	 
REQUEST		PATCH /elasticsearch/workbook/delete	1705666251579	1705666251738	OK	 
REQUEST		PATCH /elasticsearch/workbook/delete	1705666251568	1705666251732	OK	 
REQUEST		PATCH /elasticsearch/workbook/delete	1705666251579	1705666251738	OK	 
REQUEST		PATCH /elasticsearch/workbook/delete	1705666251577	1705666251737	OK	 
USER	ServiceTest	END	1705666251762
REQUEST		PATCH /elasticsearch/workbook/delete	1705666251572	1705666251736	OK	 
USER	ServiceTest	END	1705666251762
USER	ServiceTest	END	1705666251762
REQUEST		PATCH /elasticsearch/workbook/delete	1705666251574	1705666251736	OK	 
REQUEST		PATCH /elasticsearch/workbook/delete	1705666251572	1705666251736	OK	 
REQUEST		PATCH /elasticsearch/workbook/delete	1705666251572	1705666251732	OK	 
REQUEST		PATCH /elasticsearch/workbook/delete	1705666251576	1705666251733	OK	 
USER	ServiceTest	END	1705666251762
USER	ServiceTest	END	1705666251762
USER	ServiceTest	END	1705666251762
USER	ServiceTest	END	1705666251762
REQUEST		PATCH /elasticsearch/workbook/delete	1705666251573	1705666251732	OK	 
REQUEST		PATCH /elasticsearch/workbook/delete	1705666251573	1705666251733	OK	 
REQUEST		PATCH /elasticsearch/workbook/delete	1705666251568	1705666251732	OK	 
REQUEST		PATCH /elasticsearch/workbook/delete	1705666251568	1705666251732	OK	 
USER	ServiceTest	END	1705666251763
USER	ServiceTest	END	1705666251763
USER	ServiceTest	END	1705666251763
USER	ServiceTest	END	1705666251763
USER	ServiceTest	END	1705666251763
REQUEST		PATCH /elasticsearch/workbook/delete	1705666251572	1705666251732	OK	 
REQUEST		PATCH /elasticsearch/workbook/delete	1705666251569	1705666251732	OK	 
REQUEST		PATCH /elasticsearch/workbook/delete	1705666251568	1705666251732	OK	 
USER	ServiceTest	END	1705666251763
USER	ServiceTest	END	1705666251763
USER	ServiceTest	END	1705666251763
USER	ServiceTest	END	1705666251763
USER	ServiceTest	END	1705666251763
REQUEST		POST /elasticsearch/sheet/insertDoc	1705666249366	1705666250512	OK	 
REQUEST		POST /elasticsearch/sheet/insertDoc	1705666249389	1705666250573	OK	 
REQUEST		POST /elasticsearch/sheet/insertDoc	1705666249337	1705666250510	OK	 
REQUEST		POST /elasticsearch/sheet/insertDoc	1705666250849	1705666251935	OK	 
REQUEST		POST /elasticsearch/sheet/insertDoc	1705666250851	1705666251935	OK	 
REQUEST		POST /elasticsearch/sheet/insertDoc	1705666250851	1705666251935	OK	 
REQUEST		POST /elasticsearch/sheet/delete	1705666251938	1705666252048	OK	 
REQUEST		POST /elasticsearch/sheet/delete	1705666251938	1705666252048	OK	 
REQUEST		POST /elasticsearch/sheet/delete	1705666251939	1705666252048	OK	 
REQUEST		PATCH /elasticsearch/workbook/delete	1705666252052	1705666252139	OK	 
REQUEST		PATCH /elasticsearch/workbook/delete	1705666252052	1705666252139	OK	 
REQUEST		PATCH /elasticsearch/workbook/delete	1705666252051	1705666252139	OK	 
USER	ServiceTest	END	1705666252169
USER	ServiceTest	END	1705666252169
USER	ServiceTest	END	1705666252169
REQUEST		POST /elasticsearch/sheet/insertDoc	1705666249275	1705666250422	OK	 
REQUEST		POST /elasticsearch/sheet/insertDoc	1705666249302	1705666250442	OK	 
REQUEST		POST /elasticsearch/sheet/insertDoc	1705666249259	1705666250376	OK	 
REQUEST		POST /elasticsearch/sheet/insertDoc	1705666249279	1705666250442	OK	 
REQUEST		POST /elasticsearch/sheet/insertDoc	1705666249392	1705666250573	OK	 
REQUEST		POST /elasticsearch/sheet/insertDoc	1705666249308	1705666250493	OK	 
REQUEST		PATCH /elasticsearch/update	1705666250270	1705666250403	OK	 
REQUEST		POST /elasticsearch/sheet/insertDoc	1705666249192	1705666250346	OK	 
REQUEST		POST /elasticsearch/sheet/insertDoc	1705666249277	1705666250442	OK	 
REQUEST		POST /elasticsearch/sheet/insertDoc	1705666249398	1705666250571	OK	 
REQUEST		POST /elasticsearch/sheet/insertDoc	1705666249279	1705666250442	OK	 
REQUEST		POST /elasticsearch/sheet/insertDoc	1705666249230	1705666250373	OK	 
REQUEST		POST /elasticsearch/sheet/insertDoc	1705666249272	1705666250376	OK	 
REQUEST		POST /elasticsearch/sheet/insertDoc	1705666249409	1705666250574	OK	 
REQUEST		POST /elasticsearch/sheet/insertDoc	1705666249205	1705666250347	OK	 
REQUEST		POST /elasticsearch/sheet/insertDoc	1705666249189	1705666250346	OK	 
REQUEST		POST /elasticsearch/sheet/insertDoc	1705666249399	1705666250570	OK	 
REQUEST		POST /elasticsearch/sheet/insertDoc	1705666249196	1705666250347	OK	 
REQUEST		POST /elasticsearch/sheet/insertDoc	1705666249309	1705666250493	OK	 
REQUEST		POST /elasticsearch/sheet/insertDoc	1705666249337	1705666250512	OK	 
REQUEST		POST /elasticsearch/sheet/insertDoc	1705666249339	1705666250511	OK	 
REQUEST		POST /elasticsearch/sheet/insertDoc	1705666249412	1705666250572	OK	 
REQUEST		POST /elasticsearch/sheet/insertDoc	1705666249522	1705666250716	OK	 
REQUEST		POST /elasticsearch/sheet/insertDoc	1705666249518	1705666250705	OK	 
REQUEST		POST /elasticsearch/sheet/insertDoc	1705666249469	1705666250692	OK	 
REQUEST		POST /elasticsearch/sheet/insertDoc	1705666249515	1705666250705	OK	 
REQUEST		POST /elasticsearch/sheet/insertDoc	1705666249449	1705666250692	OK	 
REQUEST		POST /elasticsearch/sheet/insertDoc	1705666251108	1705666252272	OK	 
REQUEST		POST /elasticsearch/sheet/insertDoc	1705666249517	1705666250705	OK	 
REQUEST		POST /elasticsearch/sheet/insertDoc	1705666249460	1705666250692	OK	 
REQUEST		POST /elasticsearch/sheet/insertDoc	1705666249517	1705666250707	OK	 
REQUEST		POST /elasticsearch/sheet/insertDoc	1705666249481	1705666250705	OK	 
REQUEST		POST /elasticsearch/sheet/insertDoc	1705666249521	1705666250707	OK	 
REQUEST		POST /elasticsearch/sheet/insertDoc	1705666249468	1705666250692	OK	 
REQUEST		POST /elasticsearch/sheet/insertDoc	1705666249479	1705666250693	OK	 
REQUEST		POST /elasticsearch/sheet/insertDoc	1705666249461	1705666250692	OK	 
REQUEST		POST /elasticsearch/sheet/insertDoc	1705666249455	1705666250691	OK	 
REQUEST		POST /elasticsearch/sheet/insertDoc	1705666249476	1705666250691	OK	 
REQUEST		POST /elasticsearch/sheet/insertDoc	1705666249469	1705666250693	OK	 
REQUEST		POST /elasticsearch/sheet/insertDoc	1705666249414	1705666251092	OK	 
REQUEST		POST /elasticsearch/sheet/insertDoc	1705666249521	1705666250716	OK	 
REQUEST		POST /elasticsearch/sheet/insertDoc	1705666249516	1705666250705	OK	 
REQUEST		POST /elasticsearch/sheet/insertDoc	1705666249469	1705666250694	OK	 
REQUEST		POST /elasticsearch/sheet/insertDoc	1705666249481	1705666250705	OK	 
REQUEST		POST /elasticsearch/sheet/insertDoc	1705666249514	1705666250705	OK	 
REQUEST		POST /elasticsearch/sheet/insertDoc	1705666249468	1705666250692	OK	 
REQUEST		POST /elasticsearch/sheet/insertDoc	1705666249519	1705666250706	OK	 
REQUEST		POST /elasticsearch/sheet/insertDoc	1705666249190	1705666250345	OK	 
REQUEST		POST /elasticsearch/sheet/insertDoc	1705666249463	1705666250693	OK	 
REQUEST		POST /elasticsearch/sheet/insertDoc	1705666249522	1705666250706	OK	 
REQUEST		POST /elasticsearch/sheet/insertDoc	1705666249516	1705666250705	OK	 
REQUEST		POST /elasticsearch/sheet/insertDoc	1705666249484	1705666250705	OK	 
REQUEST		POST /elasticsearch/sheet/insertDoc	1705666249444	1705666250682	OK	 
REQUEST		POST /elasticsearch/sheet/insertDoc	1705666249477	1705666250694	OK	 
REQUEST		POST /elasticsearch/sheet/insertDoc	1705666249479	1705666250693	OK	 
REQUEST		POST /elasticsearch/sheet/insertDoc	1705666249456	1705666250682	OK	 
REQUEST		POST /elasticsearch/sheet/insertDoc	1705666249440	1705666250682	OK	 
REQUEST		POST /elasticsearch/sheet/insertDoc	1705666249519	1705666250707	OK	 
REQUEST		POST /elasticsearch/sheet/insertDoc	1705666249465	1705666250693	OK	 
REQUEST		POST /elasticsearch/sheet/insertDoc	1705666249458	1705666250691	OK	 
REQUEST		POST /elasticsearch/sheet/insertDoc	1705666251101	1705666252294	OK	 
REQUEST		POST /elasticsearch/sheet/insertDoc	1705666251111	1705666252295	OK	 
REQUEST		POST /elasticsearch/sheet/insertDoc	1705666251129	1705666252294	OK	 
REQUEST		POST /elasticsearch/sheet/insertDoc	1705666251124	1705666252294	OK	 
REQUEST		POST /elasticsearch/sheet/insertDoc	1705666251136	1705666252295	OK	 
REQUEST		POST /elasticsearch/sheet/insertDoc	1705666251138	1705666252295	OK	 
REQUEST		POST /elasticsearch/sheet/insertDoc	1705666251134	1705666252295	OK	 
REQUEST		POST /elasticsearch/sheet/insertDoc	1705666251128	1705666252294	OK	 
REQUEST		POST /elasticsearch/sheet/insertDoc	1705666251111	1705666252294	OK	 
REQUEST		POST /elasticsearch/sheet/insertDoc	1705666251096	1705666252295	OK	 
REQUEST		POST /elasticsearch/sheet/insertDoc	1705666251138	1705666252295	OK	 
REQUEST		POST /elasticsearch/sheet/insertDoc	1705666251145	1705666252312	OK	 
REQUEST		POST /elasticsearch/sheet/insertDoc	1705666251154	1705666252316	OK	 
REQUEST		POST /elasticsearch/sheet/insertDoc	1705666251157	1705666252316	OK	 
REQUEST		POST /elasticsearch/sheet/insertDoc	1705666251155	1705666252313	OK	 
REQUEST		POST /elasticsearch/sheet/insertDoc	1705666251147	1705666252312	OK	 
REQUEST		POST /elasticsearch/sheet/insertDoc	1705666251155	1705666252316	OK	 
REQUEST		POST /elasticsearch/sheet/insertDoc	1705666251149	1705666252314	OK	 
REQUEST		POST /elasticsearch/sheet/insertDoc	1705666251157	1705666252314	OK	 
REQUEST		POST /elasticsearch/sheet/insertDoc	1705666251158	1705666252316	OK	 
REQUEST		POST /elasticsearch/sheet/insertDoc	1705666251195	1705666252330	OK	 
REQUEST		POST /elasticsearch/sheet/insertDoc	1705666251158	1705666252316	OK	 
REQUEST		POST /elasticsearch/sheet/insertDoc	1705666251195	1705666252350	OK	 
REQUEST		PATCH /elasticsearch/update	1705666251153	1705666251310	OK	 
REQUEST		POST /elasticsearch/sheet/insertDoc	1705666251195	1705666252350	OK	 
REQUEST		POST /elasticsearch/sheet/insertDoc	1705666251196	1705666252350	OK	 
REQUEST		POST /elasticsearch/sheet/insertDoc	1705666251201	1705666252368	OK	 
REQUEST		PATCH /elasticsearch/update	1705666251127	1705666251301	OK	 
REQUEST		POST /elasticsearch/sheet/delete	1705666252275	1705666252362	OK	 
REQUEST		POST /elasticsearch/sheet/insertDoc	1705666251202	1705666252384	OK	 
REQUEST		POST /elasticsearch/sheet/insertDoc	1705666251204	1705666252385	OK	 
REQUEST		POST /elasticsearch/sheet/insertDoc	1705666251203	1705666252380	OK	 
REQUEST		POST /elasticsearch/sheet/insertDoc	1705666251201	1705666252380	OK	 
REQUEST		POST /elasticsearch/sheet/insertDoc	1705666251199	1705666252382	OK	 
REQUEST		PATCH /elasticsearch/update	1705666251251	1705666251386	OK	 
REQUEST		PATCH /elasticsearch/update	1705666251227	1705666251386	OK	 
REQUEST		POST /elasticsearch/sheet/insertDoc	1705666251207	1705666252383	OK	 
REQUEST		POST /elasticsearch/sheet/insertDoc	1705666251211	1705666252389	OK	 
REQUEST		POST /elasticsearch/sheet/insertDoc	1705666251230	1705666252390	OK	 
REQUEST		POST /elasticsearch/sheet/insertDoc	1705666251226	1705666252390	OK	 
REQUEST		POST /elasticsearch/sheet/insertDoc	1705666251228	1705666252389	OK	 
REQUEST		POST /elasticsearch/sheet/insertDoc	1705666251235	1705666252393	OK	 
REQUEST		POST /elasticsearch/sheet/insertDoc	1705666251202	1705666252383	OK	 
REQUEST		POST /elasticsearch/sheet/insertDoc	1705666251203	1705666252385	OK	 
REQUEST		POST /elasticsearch/sheet/insertDoc	1705666251235	1705666252393	OK	 
REQUEST		POST /elasticsearch/sheet/insertDoc	1705666251203	1705666252387	OK	 
REQUEST		POST /elasticsearch/sheet/insertDoc	1705666251209	1705666252391	OK	 
REQUEST		POST /elasticsearch/sheet/insertDoc	1705666251202	1705666252386	OK	 
REQUEST		POST /elasticsearch/sheet/insertDoc	1705666251234	1705666252393	OK	 
REQUEST		POST /elasticsearch/sheet/insertDoc	1705666251229	1705666252393	OK	 
REQUEST		POST /elasticsearch/sheet/insertDoc	1705666251228	1705666252390	OK	 
REQUEST		POST /elasticsearch/sheet/insertDoc	1705666251205	1705666252392	OK	 
REQUEST		POST /elasticsearch/sheet/insertDoc	1705666251233	1705666252392	OK	 
REQUEST		POST /elasticsearch/sheet/insertDoc	1705666251234	1705666252393	OK	 
REQUEST		POST /elasticsearch/sheet/insertDoc	1705666251231	1705666252392	OK	 
REQUEST		PATCH /elasticsearch/workbook/delete	1705666252365	1705666252503	OK	 
USER	ServiceTest	END	1705666252591
REQUEST		POST /elasticsearch/sheet/insertDoc	1705666251229	1705666252392	OK	 
REQUEST		POST /elasticsearch/sheet/insertDoc	1705666251229	1705666252392	OK	 
REQUEST		POST /elasticsearch/sheet/insertDoc	1705666251204	1705666252392	OK	 
REQUEST		POST /elasticsearch/sheet/insertDoc	1705666251234	1705666252389	OK	 
REQUEST		POST /elasticsearch/sheet/insertDoc	1705666251231	1705666252390	OK	 
REQUEST		POST /elasticsearch/sheet/insertDoc	1705666251231	1705666252391	OK	 
REQUEST		POST /elasticsearch/sheet/delete	1705666252352	1705666252500	OK	 
REQUEST		POST /elasticsearch/sheet/insertDoc	1705666251224	1705666252389	OK	 
REQUEST		POST /elasticsearch/sheet/delete	1705666252297	1705666252477	OK	 
REQUEST		POST /elasticsearch/sheet/delete	1705666252301	1705666252481	OK	 
REQUEST		POST /elasticsearch/sheet/delete	1705666252301	1705666252483	OK	 
REQUEST		POST /elasticsearch/sheet/delete	1705666252302	1705666252483	OK	 
REQUEST		POST /elasticsearch/sheet/delete	1705666252302	1705666252479	OK	 
REQUEST		POST /elasticsearch/sheet/delete	1705666252302	1705666252481	OK	 
REQUEST		POST /elasticsearch/sheet/delete	1705666252302	1705666252482	OK	 
REQUEST		POST /elasticsearch/sheet/delete	1705666252301	1705666252482	OK	 
REQUEST		POST /elasticsearch/sheet/delete	1705666252297	1705666252483	OK	 
REQUEST		POST /elasticsearch/sheet/delete	1705666252388	1705666252556	OK	 
REQUEST		POST /elasticsearch/sheet/delete	1705666252319	1705666252485	OK	 
REQUEST		POST /elasticsearch/sheet/delete	1705666252319	1705666252488	OK	 
REQUEST		POST /elasticsearch/sheet/delete	1705666252314	1705666252484	OK	 
REQUEST		POST /elasticsearch/sheet/delete	1705666252322	1705666252486	OK	 
REQUEST		POST /elasticsearch/sheet/delete	1705666252318	1705666252487	OK	 
REQUEST		POST /elasticsearch/sheet/delete	1705666252317	1705666252487	OK	 
REQUEST		POST /elasticsearch/sheet/delete	1705666252303	1705666252483	OK	 
REQUEST		POST /elasticsearch/sheet/delete	1705666252321	1705666252487	OK	 
REQUEST		POST /elasticsearch/sheet/delete	1705666252321	1705666252488	OK	 
REQUEST		POST /elasticsearch/sheet/delete	1705666252332	1705666252489	OK	 
REQUEST		POST /elasticsearch/sheet/delete	1705666252319	1705666252488	OK	 
REQUEST		POST /elasticsearch/sheet/delete	1705666252320	1705666252489	OK	 
REQUEST		POST /elasticsearch/sheet/delete	1705666252370	1705666252500	OK	 
REQUEST		POST /elasticsearch/sheet/delete	1705666252352	1705666252496	OK	 
REQUEST		POST /elasticsearch/sheet/delete	1705666252388	1705666252561	OK	 
REQUEST		POST /elasticsearch/sheet/delete	1705666252352	1705666252491	OK	 
REQUEST		POST /elasticsearch/sheet/delete	1705666252396	1705666252580	OK	 
REQUEST		POST /elasticsearch/sheet/delete	1705666252445	1705666252601	OK	 
REQUEST		POST /elasticsearch/sheet/delete	1705666252443	1705666252585	OK	 
REQUEST		POST /elasticsearch/sheet/delete	1705666252396	1705666252579	OK	 
REQUEST		POST /elasticsearch/sheet/delete	1705666252399	1705666252580	OK	 
REQUEST		POST /elasticsearch/sheet/delete	1705666252398	1705666252579	OK	 
REQUEST		PATCH /elasticsearch/workbook/delete	1705666252543	1705666252673	OK	 
REQUEST		PATCH /elasticsearch/workbook/delete	1705666252610	1705666252709	OK	 
USER	ServiceTest	END	1705666252780
USER	ServiceTest	END	1705666252780
REQUEST		PATCH /elasticsearch/workbook/delete	1705666252541	1705666252661	OK	 
USER	ServiceTest	END	1705666252781
REQUEST		PATCH /elasticsearch/workbook/delete	1705666252537	1705666252661	OK	 
USER	ServiceTest	END	1705666252782
REQUEST		PATCH /elasticsearch/workbook/delete	1705666252542	1705666252661	OK	 
USER	ServiceTest	END	1705666252783
REQUEST		PATCH /elasticsearch/workbook/delete	1705666252555	1705666252676	OK	 
USER	ServiceTest	END	1705666252784
REQUEST		PATCH /elasticsearch/workbook/delete	1705666252555	1705666252687	OK	 
REQUEST		PATCH /elasticsearch/workbook/delete	1705666252592	1705666252688	OK	 
USER	ServiceTest	END	1705666252785
USER	ServiceTest	END	1705666252785
REQUEST		PATCH /elasticsearch/workbook/delete	1705666252611	1705666252700	OK	 
USER	ServiceTest	END	1705666252785
REQUEST		PATCH /elasticsearch/workbook/delete	1705666252611	1705666252701	OK	 
REQUEST		PATCH /elasticsearch/workbook/delete	1705666252610	1705666252702	OK	 
USER	ServiceTest	END	1705666252809
USER	ServiceTest	END	1705666252810
REQUEST		PATCH /elasticsearch/workbook/delete	1705666252612	1705666252701	OK	 
REQUEST		PATCH /elasticsearch/workbook/delete	1705666252611	1705666252709	OK	 
USER	ServiceTest	END	1705666252810
USER	ServiceTest	END	1705666252810
REQUEST		PATCH /elasticsearch/workbook/delete	1705666252626	1705666252710	OK	 
REQUEST		PATCH /elasticsearch/workbook/delete	1705666252621	1705666252721	OK	 
USER	ServiceTest	END	1705666252811
USER	ServiceTest	END	1705666252811
REQUEST		PATCH /elasticsearch/workbook/delete	1705666252623	1705666252722	OK	 
USER	ServiceTest	END	1705666252812
REQUEST		PATCH /elasticsearch/workbook/delete	1705666252559	1705666252674	OK	 
USER	ServiceTest	END	1705666252812
REQUEST		PATCH /elasticsearch/workbook/delete	1705666252546	1705666252675	OK	 
USER	ServiceTest	END	1705666252812
REQUEST		PATCH /elasticsearch/workbook/delete	1705666252544	1705666252676	OK	 
REQUEST		PATCH /elasticsearch/workbook/delete	1705666252544	1705666252686	OK	 
USER	ServiceTest	END	1705666252813
REQUEST		PATCH /elasticsearch/workbook/delete	1705666252546	1705666252687	OK	 
USER	ServiceTest	END	1705666252813
USER	ServiceTest	END	1705666252813
REQUEST		PATCH /elasticsearch/workbook/delete	1705666252581	1705666252688	OK	 
REQUEST		PATCH /elasticsearch/workbook/delete	1705666252545	1705666252688	OK	 
USER	ServiceTest	END	1705666252813
USER	ServiceTest	END	1705666252814
REQUEST		PATCH /elasticsearch/workbook/delete	1705666252610	1705666252701	OK	 
USER	ServiceTest	END	1705666252814
REQUEST		PATCH /elasticsearch/workbook/delete	1705666252537	1705666252661	OK	 
USER	ServiceTest	END	1705666252843
REQUEST		PATCH /elasticsearch/workbook/delete	1705666252540	1705666252660	OK	 
USER	ServiceTest	END	1705666252846
REQUEST		PATCH /elasticsearch/workbook/delete	1705666252540	1705666252660	OK	 
USER	ServiceTest	END	1705666252847
REQUEST		POST /elasticsearch/sheet/delete	1705666252398	1705666252578	OK	 
REQUEST		POST /elasticsearch/sheet/delete	1705666252398	1705666252577	OK	 
REQUEST		PATCH /elasticsearch/workbook/delete	1705666252540	1705666252659	OK	 
USER	ServiceTest	END	1705666252863
REQUEST		PATCH /elasticsearch/workbook/delete	1705666252537	1705666252659	OK	 
USER	ServiceTest	END	1705666252866
REQUEST		PATCH /elasticsearch/workbook/delete	1705666252525	1705666252658	OK	 
USER	ServiceTest	END	1705666252867
REQUEST		PATCH /elasticsearch/workbook/delete	1705666252669	1705666252768	OK	 
USER	ServiceTest	END	1705666252876
REQUEST		PATCH /elasticsearch/workbook/delete	1705666252668	1705666252768	OK	 
USER	ServiceTest	END	1705666252883
REQUEST		PATCH /elasticsearch/workbook/delete	1705666252669	1705666252769	OK	 
USER	ServiceTest	END	1705666252884
REQUEST		PATCH /elasticsearch/workbook/delete	1705666252698	1705666252857	OK	 
REQUEST		PATCH /elasticsearch/workbook/delete	1705666252698	1705666252857	OK	 
USER	ServiceTest	END	1705666252889
USER	ServiceTest	END	1705666252889
REQUEST		POST /elasticsearch/sheet/delete	1705666252385	1705666252562	OK	 
REQUEST		POST /elasticsearch/sheet/delete	1705666252396	1705666252561	OK	 
REQUEST		POST /elasticsearch/sheet/delete	1705666252382	1705666252562	OK	 
REQUEST		POST /elasticsearch/sheet/delete	1705666252397	1705666252577	OK	 
REQUEST		PATCH /elasticsearch/workbook/delete	1705666252750	1705666252898	OK	 
REQUEST		PATCH /elasticsearch/workbook/delete	1705666252750	1705666252898	OK	 
USER	ServiceTest	END	1705666252919
USER	ServiceTest	END	1705666252919
REQUEST		POST /elasticsearch/sheet/delete	1705666252394	1705666252573	OK	 
REQUEST		POST /elasticsearch/sheet/delete	1705666252397	1705666252578	OK	 
REQUEST		POST /elasticsearch/sheet/delete	1705666252301	1705666252477	OK	 
REQUEST		POST /elasticsearch/sheet/delete	1705666252397	1705666252574	OK	 
REQUEST		POST /elasticsearch/sheet/delete	1705666252408	1705666252580	OK	 
REQUEST		POST /elasticsearch/sheet/delete	1705666252406	1705666252580	OK	 
REQUEST		POST /elasticsearch/sheet/delete	1705666252414	1705666252584	OK	 
REQUEST		POST /elasticsearch/sheet/delete	1705666252412	1705666252583	OK	 
REQUEST		POST /elasticsearch/sheet/delete	1705666252412	1705666252584	OK	 
REQUEST		POST /elasticsearch/sheet/delete	1705666252511	1705666252648	OK	 
REQUEST		POST /elasticsearch/sheet/delete	1705666252396	1705666252580	OK	 
REQUEST		PATCH /elasticsearch/workbook/delete	1705666252744	1705666252912	OK	 
REQUEST		PATCH /elasticsearch/workbook/delete	1705666252757	1705666252912	OK	 
USER	ServiceTest	END	1705666252935
USER	ServiceTest	END	1705666252935
REQUEST		POST /elasticsearch/sheet/delete	1705666252448	1705666252600	OK	 
REQUEST		POST /elasticsearch/sheet/delete	1705666252508	1705666252658	OK	 
REQUEST		POST /elasticsearch/sheet/delete	1705666252396	1705666252580	OK	 
REQUEST		POST /elasticsearch/sheet/delete	1705666252522	1705666252658	OK	 
REQUEST		PATCH /elasticsearch/workbook/delete	1705666252757	1705666252923	OK	 
REQUEST		PATCH /elasticsearch/workbook/delete	1705666252754	1705666252922	OK	 
USER	ServiceTest	END	1705666252943
USER	ServiceTest	END	1705666252943
REQUEST		POST /elasticsearch/sheet/delete	1705666252511	1705666252658	OK	 
REQUEST		POST /elasticsearch/sheet/delete	1705666252445	1705666252601	OK	 
REQUEST		PATCH /elasticsearch/workbook/delete	1705666252841	1705666252923	OK	 
REQUEST		POST /elasticsearch/sheet/delete	1705666252406	1705666252579	OK	 
REQUEST		PATCH /elasticsearch/workbook/delete	1705666252752	1705666252922	OK	 
USER	ServiceTest	END	1705666252952
REQUEST		PATCH /elasticsearch/workbook/delete	1705666252757	1705666252922	OK	 
REQUEST		PATCH /elasticsearch/workbook/delete	1705666252843	1705666252933	OK	 
USER	ServiceTest	END	1705666252953
USER	ServiceTest	END	1705666252953
USER	ServiceTest	END	1705666252953
REQUEST		PATCH /elasticsearch/workbook/delete	1705666252840	1705666252933	OK	 
REQUEST		PATCH /elasticsearch/workbook/delete	1705666252841	1705666252933	OK	 
USER	ServiceTest	END	1705666252966
REQUEST		PATCH /elasticsearch/workbook/delete	1705666252840	1705666252933	OK	 
USER	ServiceTest	END	1705666252966
USER	ServiceTest	END	1705666252966
REQUEST		PATCH /elasticsearch/workbook/delete	1705666252841	1705666252933	OK	 
REQUEST		PATCH /elasticsearch/workbook/delete	1705666252842	1705666252933	OK	 
REQUEST		PATCH /elasticsearch/workbook/delete	1705666252840	1705666252942	OK	 
USER	ServiceTest	END	1705666252966
USER	ServiceTest	END	1705666252967
USER	ServiceTest	END	1705666252967
REQUEST		PATCH /elasticsearch/workbook/delete	1705666252849	1705666252942	OK	 
REQUEST		PATCH /elasticsearch/workbook/delete	1705666252849	1705666252939	OK	 
USER	ServiceTest	END	1705666252967
USER	ServiceTest	END	1705666252967
REQUEST		PATCH /elasticsearch/workbook/delete	1705666252849	1705666252938	OK	 
USER	ServiceTest	END	1705666252967
REQUEST		PATCH /elasticsearch/workbook/delete	1705666252840	1705666252952	OK	 
REQUEST		PATCH /elasticsearch/workbook/delete	1705666252851	1705666252951	OK	 
REQUEST		PATCH /elasticsearch/workbook/delete	1705666252849	1705666252951	OK	 
USER	ServiceTest	END	1705666252981
USER	ServiceTest	END	1705666252981
USER	ServiceTest	END	1705666252982
REQUEST		POST /elasticsearch/sheet/insertDoc	1705666251101	1705666252295	OK	 
REQUEST		POST /elasticsearch/sheet/insertDoc	1705666252331	1705666253479	OK	 
REQUEST		POST /elasticsearch/sheet/insertDoc	1705666251358	1705666252502	OK	 
REQUEST		POST /elasticsearch/sheet/insertDoc	1705666251346	1705666252491	OK	 
REQUEST		POST /elasticsearch/sheet/delete	1705666253482	1705666253584	OK	 
REQUEST		PATCH /elasticsearch/workbook/delete	1705666253587	1705666253707	OK	 
USER	ServiceTest	END	1705666253740
REQUEST		POST /elasticsearch/sheet/insertDoc	1705666252590	1705666253707	OK	 
REQUEST		POST /elasticsearch/sheet/insertDoc	1705666252583	1705666253707	OK	 
REQUEST		POST /elasticsearch/sheet/delete	1705666253709	1705666253772	OK	 
REQUEST		POST /elasticsearch/sheet/delete	1705666253709	1705666253772	OK	 
REQUEST		POST /elasticsearch/sheet/insertDoc	1705666251410	1705666252563	OK	 
REQUEST		POST /elasticsearch/sheet/insertDoc	1705666251426	1705666252563	OK	 
REQUEST		PATCH /elasticsearch/workbook/delete	1705666253774	1705666253900	OK	 
REQUEST		PATCH /elasticsearch/workbook/delete	1705666253774	1705666253900	OK	 
USER	ServiceTest	END	1705666253926
USER	ServiceTest	END	1705666253926
REQUEST		POST /elasticsearch/sheet/insertDoc	1705666252784	1705666253907	OK	 
REQUEST		POST /elasticsearch/sheet/insertDoc	1705666252747	1705666253903	OK	 
REQUEST		POST /elasticsearch/sheet/delete	1705666253905	1705666253973	OK	 
REQUEST		POST /elasticsearch/sheet/delete	1705666253909	1705666253973	OK	 
REQUEST		PATCH /elasticsearch/workbook/delete	1705666253975	1705666254050	OK	 
REQUEST		PATCH /elasticsearch/workbook/delete	1705666253975	1705666254048	OK	 
USER	ServiceTest	END	1705666254081
USER	ServiceTest	END	1705666254082
