17:45:23.307 [main] INFO  io.gatling.compiler.ZincCompiler$ - compiling 4 Scala sources and 4 Java sources to D:\Aman\TDG_UKAF_Demo_124\target\test-classes ...
17:45:32.168 [main] INFO  io.gatling.compiler.ZincCompiler$ - done compiling
15:38:52.639 [main] INFO  io.gatling.compiler.ZincCompiler$ - compiling 4 Scala sources and 8 Java sources to D:\New folder\Demoframework\target\test-classes ...
15:38:58.507 [main] INFO  io.gatling.compiler.ZincCompiler$ - done compiling
15:40:41.562 [main] INFO  io.gatling.compiler.ZincCompiler$ - compiling 1 Scala source to D:\New folder\Demoframework\target\test-classes ...
15:40:44.316 [main] INFO  io.gatling.compiler.ZincCompiler$ - done compiling
16:46:54.199 [main] INFO  io.gatling.compiler.ZincCompiler$ - compiling 4 Scala sources and 1 Java source to D:\New folder\Demoframework\target\test-classes ...
16:46:59.987 [main] INFO  io.gatling.compiler.ZincCompiler$ - done compiling
15:42:08.410 [main] INFO  io.gatling.compiler.ZincCompiler$ - compiling 5 Scala sources and 1 Java source to D:\New folder\Demoframework\target\test-classes ...
15:42:13.371 [main] INFO  io.gatling.compiler.ZincCompiler$ - done compiling
15:44:16.055 [main] INFO  io.gatling.compiler.ZincCompiler$ - compiling 5 Scala sources to D:\New folder\Demoframework\target\test-classes ...
15:44:18.825 [main] INFO  io.gatling.compiler.ZincCompiler$ - done compiling
15:48:11.159 [main] INFO  io.gatling.compiler.ZincCompiler$ - compiling 1 Scala source to D:\New folder\Demoframework\target\test-classes ...
15:48:13.353 [main] INFO  io.gatling.compiler.ZincCompiler$ - done compiling
15:53:11.940 [main] INFO  io.gatling.compiler.ZincCompiler$ - compiling 2 Scala sources to D:\New folder\Demoframework\target\test-classes ...
15:53:16.344 [main] INFO  io.gatling.compiler.ZincCompiler$ - done compiling
15:54:56.227 [main] INFO  io.gatling.compiler.ZincCompiler$ - compiling 5 Scala sources to D:\New folder\Demoframework\target\test-classes ...
15:55:01.678 [main] INFO  io.gatling.compiler.ZincCompiler$ - done compiling
15:56:40.660 [main] INFO  io.gatling.compiler.ZincCompiler$ - compiling 1 Scala source to D:\New folder\Demoframework\target\test-classes ...
15:56:44.686 [main] INFO  io.gatling.compiler.ZincCompiler$ - done compiling
15:59:40.462 [main] INFO  io.gatling.compiler.ZincCompiler$ - compiling 1 Scala source to D:\New folder\Demoframework\target\test-classes ...
15:59:43.559 [main] INFO  io.gatling.compiler.ZincCompiler$ - done compiling
16:04:03.329 [main] INFO  io.gatling.compiler.ZincCompiler$ - compiling 1 Scala source to D:\New folder\Demoframework\target\test-classes ...
16:04:06.801 [main] INFO  io.gatling.compiler.ZincCompiler$ - done compiling
16:09:02.000 [main] INFO  io.gatling.compiler.ZincCompiler$ - compiling 1 Scala source to D:\New folder\Demoframework\target\test-classes ...
16:09:05.189 [main] INFO  io.gatling.compiler.ZincCompiler$ - done compiling
16:13:44.387 [main] INFO  io.gatling.compiler.ZincCompiler$ - compiling 2 Scala sources to D:\New folder\Demoframework\target\test-classes ...
16:13:48.271 [main] INFO  io.gatling.compiler.ZincCompiler$ - done compiling
16:15:47.705 [main] INFO  io.gatling.compiler.ZincCompiler$ - compiling 5 Scala sources to D:\New folder\Demoframework\target\test-classes ...
16:15:52.367 [main] INFO  io.gatling.compiler.ZincCompiler$ - done compiling
16:20:52.135 [main] INFO  io.gatling.compiler.ZincCompiler$ - compiling 1 Scala source to D:\New folder\Demoframework\target\test-classes ...
16:20:57.846 [main] INFO  io.gatling.compiler.ZincCompiler$ - done compiling
13:33:22.512 [main] INFO  io.gatling.compiler.ZincCompiler$ - compiling 2 Scala sources to D:\New folder\Demoframework\target\test-classes ...
13:33:25.164 [main] INFO  io.gatling.compiler.ZincCompiler$ - done compiling
13:41:34.804 [main] INFO  io.gatling.compiler.ZincCompiler$ - compiling 2 Scala sources to D:\New folder\Demoframework\target\test-classes ...
13:41:37.395 [main] INFO  io.gatling.compiler.ZincCompiler$ - done compiling
