RUN	Runner.TDG_UKAF_demo	tdg-ukaf-demo	1705926368877	 	3.7.4
USER	ServiceTest	START	1705926369703
USER	ServiceTest	START	1705926369502
USER	ServiceTest	START	1705926369904
USER	ServiceTest	START	1705926369803
USER	ServiceTest	START	1705926369305
USER	ServiceTest	START	1705926369603
USER	ServiceTest	START	1705926369305
USER	ServiceTest	START	1705926369401
USER	ServiceTest	START	1705926371469
USER	ServiceTest	START	1705926371470
USER	ServiceTest	START	1705926371468
USER	ServiceTest	START	1705926371541
USER	ServiceTest	START	1705926371469
USER	ServiceTest	START	1705926371467
USER	ServiceTest	START	1705926371497
USER	ServiceTest	START	1705926371589
USER	ServiceTest	START	1705926371553
USER	ServiceTest	START	1705926371496
USER	ServiceTest	START	1705926371467
USER	ServiceTest	START	1705926371565
USER	ServiceTest	START	1705926371528
USER	ServiceTest	START	1705926371467
USER	ServiceTest	START	1705926371602
USER	ServiceTest	START	1705926371647
USER	ServiceTest	START	1705926371603
USER	ServiceTest	START	1705926371673
USER	ServiceTest	START	1705926371791
USER	ServiceTest	START	1705926371853
USER	ServiceTest	START	1705926371957
USER	ServiceTest	START	1705926372058
USER	ServiceTest	START	1705926372156
USER	ServiceTest	START	1705926372254
USER	ServiceTest	START	1705926372364
USER	ServiceTest	START	1705926372457
USER	ServiceTest	START	1705926372561
USER	ServiceTest	START	1705926372654
USER	ServiceTest	START	1705926372765
USER	ServiceTest	START	1705926372856
USER	ServiceTest	START	1705926372959
USER	ServiceTest	START	1705926373086
USER	ServiceTest	START	1705926373251
USER	ServiceTest	START	1705926373329
USER	ServiceTest	START	1705926373357
USER	ServiceTest	START	1705926373456
USER	ServiceTest	START	1705926373557
USER	ServiceTest	START	1705926373655
USER	ServiceTest	START	1705926373753
USER	ServiceTest	START	1705926373859
USER	ServiceTest	START	1705926374010
USER	ServiceTest	START	1705926374145
USER	ServiceTest	START	1705926374191
USER	ServiceTest	START	1705926374252
USER	ServiceTest	START	1705926374365
USER	ServiceTest	START	1705926374457
USER	ServiceTest	START	1705926374555
USER	ServiceTest	START	1705926374678
USER	ServiceTest	START	1705926374757
USER	ServiceTest	START	1705926374870
USER	ServiceTest	START	1705926375038
USER	ServiceTest	START	1705926375082
USER	ServiceTest	START	1705926375185
USER	ServiceTest	START	1705926375252
USER	ServiceTest	START	1705926375352
USER	ServiceTest	START	1705926375454
USER	ServiceTest	START	1705926375554
USER	ServiceTest	START	1705926375656
USER	ServiceTest	START	1705926375753
USER	ServiceTest	START	1705926375854
USER	ServiceTest	START	1705926376146
USER	ServiceTest	START	1705926376145
USER	ServiceTest	START	1705926376351
USER	ServiceTest	START	1705926376354
USER	ServiceTest	START	1705926376407
USER	ServiceTest	START	1705926376452
USER	ServiceTest	START	1705926376555
USER	ServiceTest	START	1705926376673
USER	ServiceTest	START	1705926376773
USER	ServiceTest	START	1705926376857
USER	ServiceTest	START	1705926377054
USER	ServiceTest	START	1705926377159
USER	ServiceTest	START	1705926377212
USER	ServiceTest	START	1705926377365
USER	ServiceTest	START	1705926377410
USER	ServiceTest	START	1705926377464
USER	ServiceTest	START	1705926377561
USER	ServiceTest	START	1705926377664
USER	ServiceTest	START	1705926377862
USER	ServiceTest	START	1705926377905
USER	ServiceTest	START	1705926377973
USER	ServiceTest	START	1705926378081
USER	ServiceTest	START	1705926378211
USER	ServiceTest	START	1705926378253
USER	ServiceTest	START	1705926378352
USER	ServiceTest	START	1705926378453
USER	ServiceTest	START	1705926378556
USER	ServiceTest	START	1705926378656
USER	ServiceTest	START	1705926378760
USER	ServiceTest	START	1705926378858
REQUEST		POST /auth/getToken	1705926378125	1705926378179	OK	 
REQUEST		POST /auth/getToken	1705926378091	1705926378153	OK	 
USER	ServiceTest	START	1705926378994
USER	ServiceTest	START	1705926379152
REQUEST		POST /auth/getToken	1705926378312	1705926378398	OK	 
REQUEST		POST /auth/getToken	1705926378573	1705926378624	OK	 
REQUEST		POST /auth/getToken	1705926378326	1705926378402	OK	 
REQUEST		POST /auth/getToken	1705926378262	1705926378320	OK	 
REQUEST		POST /auth/getToken	1705926378259	1705926378322	OK	 
REQUEST		POST /auth/getToken	1705926378568	1705926378621	OK	 
REQUEST		POST /auth/getToken	1705926378501	1705926378584	OK	 
REQUEST		POST /auth/getToken	1705926378537	1705926378612	OK	 
REQUEST		POST /auth/getToken	1705926378553	1705926378610	OK	 
REQUEST		POST /auth/getToken	1705926378533	1705926378608	OK	 
REQUEST		POST /auth/getToken	1705926378532	1705926378603	OK	 
REQUEST		POST /auth/getToken	1705926378628	1705926378679	OK	 
REQUEST		POST /auth/getToken	1705926378586	1705926378644	OK	 
REQUEST		POST /auth/getToken	1705926378517	1705926378592	OK	 
REQUEST		POST /auth/getToken	1705926378446	1705926378488	OK	 
REQUEST		POST /auth/getToken	1705926378406	1705926378470	OK	 
REQUEST		POST /auth/getToken	1705926378379	1705926378443	OK	 
REQUEST		POST /auth/getToken	1705926378413	1705926378462	OK	 
REQUEST		POST /auth/getToken	1705926378267	1705926378323	OK	 
REQUEST		POST /auth/getToken	1705926378511	1705926378595	OK	 
REQUEST		POST /auth/getToken	1705926378096	1705926378140	OK	 
REQUEST		POST /auth/getToken	1705926378146	1705926378189	OK	 
REQUEST		POST /auth/getToken	1705926378449	1705926378522	OK	 
REQUEST		POST /auth/getToken	1705926378267	1705926378304	OK	 
REQUEST		POST /auth/getToken	1705926378432	1705926378473	OK	 
REQUEST		POST /auth/getToken	1705926378183	1705926378229	OK	 
REQUEST		POST /auth/getToken	1705926378008	1705926378058	OK	 
REQUEST		POST /auth/getToken	1705926377968	1705926378044	OK	 
REQUEST		POST /auth/getToken	1705926377961	1705926378033	OK	 
REQUEST		POST /auth/getToken	1705926377888	1705926377943	OK	 
REQUEST		POST /auth/getToken	1705926377967	1705926378037	OK	 
REQUEST		POST /auth/getToken	1705926377956	1705926378021	OK	 
REQUEST		POST /elasticsearch/workbook	1705926379470	1705926380444	OK	 
REQUEST		POST /elasticsearch/workbook	1705926380472	1705926381070	OK	 
REQUEST		POST /auth/getToken	1705926377870	1705926377927	OK	 
REQUEST		POST /auth/getToken	1705926377876	1705926377940	OK	 
REQUEST		POST /auth/getToken	1705926377661	1705926377838	OK	 
REQUEST		POST /auth/getToken	1705926377870	1705926377915	OK	 
REQUEST		POST /auth/getToken	1705926377874	1705926377923	OK	 
REQUEST		POST /auth/getToken	1705926381388	1705926381436	OK	 
REQUEST		POST /auth/getToken	1705926381389	1705926381445	OK	 
REQUEST		POST /auth/getToken	1705926377661	1705926377847	OK	 
REQUEST		POST /auth/getToken	1705926377662	1705926377838	OK	 
REQUEST		POST /auth/getToken	1705926377659	1705926377838	OK	 
REQUEST		POST /auth/getToken	1705926377660	1705926377838	OK	 
REQUEST		POST /auth/getToken	1705926377660	1705926377846	OK	 
REQUEST		POST /auth/getToken	1705926381370	1705926381433	OK	 
REQUEST		POST /auth/getToken	1705926377659	1705926377838	OK	 
REQUEST		POST /auth/getToken	1705926381364	1705926381422	OK	 
REQUEST		POST /auth/getToken	1705926377662	1705926377838	OK	 
REQUEST		POST /auth/getToken	1705926377658	1705926377838	OK	 
REQUEST		POST /auth/getToken	1705926377661	1705926377838	OK	 
REQUEST		POST /auth/getToken	1705926377659	1705926377838	OK	 
REQUEST		POST /auth/getToken	1705926377662	1705926377838	OK	 
REQUEST		POST /auth/getToken	1705926377661	1705926377838	OK	 
REQUEST		POST /auth/getToken	1705926377658	1705926377838	OK	 
REQUEST		POST /auth/getToken	1705926377662	1705926377846	OK	 
REQUEST		POST /auth/getToken	1705926377660	1705926377838	OK	 
REQUEST		POST /elasticsearch/workbook	1705926380387	1705926381007	OK	 
REQUEST		POST /elasticsearch/workbook	1705926380500	1705926380988	OK	 
REQUEST		POST /elasticsearch/workbook	1705926380439	1705926380982	OK	 
REQUEST		POST /elasticsearch/workbook	1705926380277	1705926380833	OK	 
REQUEST		POST /elasticsearch/workbook	1705926380217	1705926380745	OK	 
REQUEST		POST /elasticsearch/workbook	1705926379845	1705926380683	OK	 
REQUEST		POST /elasticsearch/workbook	1705926379517	1705926380644	OK	 
REQUEST		POST /elasticsearch/workbook	1705926379717	1705926380629	OK	 
REQUEST		POST /elasticsearch/workbook	1705926379513	1705926380614	OK	 
REQUEST		POST /elasticsearch/workbook	1705926379838	1705926380606	OK	 
REQUEST		POST /elasticsearch/workbook	1705926380094	1705926380589	OK	 
REQUEST		POST /elasticsearch/workbook	1705926379291	1705926380555	OK	 
REQUEST		POST /elasticsearch/workbook	1705926379671	1705926380514	OK	 
REQUEST		POST /elasticsearch/workbook	1705926379616	1705926380297	OK	 
REQUEST		POST /elasticsearch/workbook	1705926379458	1705926380255	OK	 
REQUEST		POST /elasticsearch/workbook	1705926379427	1705926380158	OK	 
REQUEST		POST /elasticsearch/workbook	1705926379351	1705926380117	OK	 
REQUEST		POST /elasticsearch/workbook	1705926379009	1705926380017	OK	 
REQUEST		POST /elasticsearch/workbook	1705926379290	1705926379993	OK	 
REQUEST		POST /auth/getToken	1705926380054	1705926380121	OK	 
REQUEST		POST /auth/getToken	1705926380054	1705926380138	OK	 
REQUEST		POST /elasticsearch/workbook	1705926379004	1705926380016	OK	 
REQUEST		POST /elasticsearch/workbook	1705926379258	1705926379962	OK	 
REQUEST		POST /elasticsearch/workbook	1705926379260	1705926379865	OK	 
REQUEST		POST /elasticsearch/workbook	1705926378642	1705926379850	OK	 
REQUEST		POST /auth/getToken	1705926379828	1705926379969	OK	 
REQUEST		POST /auth/getToken	1705926379689	1705926379915	OK	 
REQUEST		POST /elasticsearch/workbook	1705926378642	1705926379737	OK	 
REQUEST		POST /elasticsearch/workbook	1705926378658	1705926379700	OK	 
REQUEST		POST /auth/getToken	1705926379296	1705926379781	OK	 
REQUEST		POST /auth/getToken	1705926379301	1705926379781	OK	 
REQUEST		POST /auth/getToken	1705926379295	1705926379778	OK	 
REQUEST		POST /elasticsearch/workbook	1705926378410	1705926379677	OK	 
REQUEST		POST /elasticsearch/workbook	1705926378355	1705926379611	OK	 
REQUEST		POST /elasticsearch/workbook	1705926378727	1705926379487	OK	 
REQUEST		POST /elasticsearch/workbook	1705926378448	1705926379532	OK	 
REQUEST		POST /auth/getToken	1705926379579	1705926379646	OK	 
REQUEST		POST /auth/getToken	1705926379582	1705926379635	OK	 
REQUEST		POST /elasticsearch/workbook	1705926378426	1705926379181	OK	 
REQUEST		POST /elasticsearch/workbook	1705926378246	1705926379043	OK	 
REQUEST		POST /auth/getToken	1705926378984	1705926379420	OK	 
REQUEST		POST /auth/getToken	1705926379163	1705926379532	OK	 
REQUEST		POST /auth/getToken	1705926379395	1705926379480	OK	 
REQUEST		POST /auth/getToken	1705926379392	1705926379501	OK	 
REQUEST		POST /elasticsearch/workbook	1705926378266	1705926378820	OK	 
REQUEST		POST /auth/getToken	1705926378749	1705926378933	OK	 
REQUEST		POST /auth/getToken	1705926378748	1705926378954	OK	 
REQUEST		POST /auth/getToken	1705926378740	1705926378935	OK	 
REQUEST		POST /auth/getToken	1705926378754	1705926378996	OK	 
REQUEST		POST /elasticsearch/workbook	1705926387763	1705926388274	OK	 
REQUEST		POST /elasticsearch/workbook	1705926387754	1705926388259	OK	 
REQUEST		POST /auth/getToken	1705926378723	1705926378863	OK	 
REQUEST		POST /auth/getToken	1705926378705	1705926378848	OK	 
REQUEST		POST /elasticsearch/workbook	1705926387754	1705926388242	OK	 
REQUEST		POST /elasticsearch/workbook	1705926387758	1705926388237	OK	 
REQUEST		POST /elasticsearch/workbook	1705926387337	1705926387797	OK	 
REQUEST		POST /elasticsearch/workbook	1705926387337	1705926387774	OK	 
REQUEST		POST /elasticsearch/insertDoc	1705926387609	1705926387634	OK	 
REQUEST		POST /elasticsearch/insertDoc	1705926387729	1705926387762	OK	 
REQUEST		POST /elasticsearch/workbook	1705926386694	1705926387191	OK	 
REQUEST		POST /elasticsearch/workbook	1705926386694	1705926387171	OK	 
REQUEST		POST /elasticsearch/workbook	1705926386698	1705926387160	OK	 
REQUEST		POST /elasticsearch/insertDoc	1705926386942	1705926386964	OK	 
REQUEST		POST /elasticsearch/insertDoc	1705926387107	1705926387158	OK	 
REQUEST		POST /elasticsearch/workbook	1705926386382	1705926386882	OK	 
REQUEST		POST /elasticsearch/workbook	1705926386382	1705926386857	OK	 
REQUEST		POST /elasticsearch/insertDoc	1705926386670	1705926386702	OK	 
REQUEST		POST /elasticsearch/insertDoc	1705926386353	1705926386378	OK	 
REQUEST		POST /elasticsearch/insertDoc	1705926386513	1705926386546	OK	 
REQUEST		POST /elasticsearch/workbook	1705926385703	1705926386193	OK	 
REQUEST		POST /elasticsearch/insertDoc	1705926384613	1705926384636	OK	 
REQUEST		POST /elasticsearch/insertDoc	1705926385829	1705926385861	OK	 
REQUEST		POST /elasticsearch/workbook	1705926385703	1705926386176	OK	 
REQUEST		POST /elasticsearch/insertDoc	1705926385399	1705926385421	OK	 
REQUEST		POST /elasticsearch/insertDoc	1705926385077	1705926385105	OK	 
REQUEST		POST /elasticsearch/insertDoc	1705926385535	1705926385566	OK	 
REQUEST		POST /elasticsearch/insertDoc	1705926384920	1705926384945	OK	 
REQUEST		POST /elasticsearch/insertDoc	1705926382607	1705926382781	OK	 
REQUEST		POST /elasticsearch/insertDoc	1705926383986	1705926384010	OK	 
REQUEST		POST /elasticsearch/insertDoc	1705926384432	1705926384466	OK	 
REQUEST		POST /elasticsearch/insertDoc	1705926383642	1705926383672	OK	 
REQUEST		POST /elasticsearch/insertDoc	1705926384287	1705926384310	OK	 
REQUEST		POST /elasticsearch/workbook	1705926381430	1705926382749	OK	 
REQUEST		POST /elasticsearch/workbook	1705926381387	1705926382717	OK	 
REQUEST		POST /elasticsearch/workbook	1705926381419	1705926382711	OK	 
REQUEST		POST /elasticsearch/workbook	1705926381323	1705926382702	OK	 
REQUEST		POST /elasticsearch/workbook	1705926381421	1705926382692	OK	 
REQUEST		POST /elasticsearch/workbook	1705926381457	1705926382654	OK	 
REQUEST		POST /elasticsearch/workbook	1705926381433	1705926382654	OK	 
REQUEST		POST /elasticsearch/workbook	1705926381335	1705926382645	OK	 
REQUEST		POST /elasticsearch/workbook	1705926381322	1705926382613	OK	 
REQUEST		POST /elasticsearch/workbook	1705926381522	1705926382613	OK	 
REQUEST		POST /elasticsearch/workbook	1705926381333	1705926382477	OK	 
REQUEST		POST /elasticsearch/workbook	1705926381638	1705926382418	OK	 
REQUEST		POST /elasticsearch/workbook	1705926381470	1705926382396	OK	 
REQUEST		POST /elasticsearch/workbook	1705926381337	1705926382392	OK	 
REQUEST		POST /elasticsearch/workbook	1705926381461	1705926382373	OK	 
REQUEST		POST /elasticsearch/workbook	1705926381387	1705926382356	OK	 
REQUEST		POST /elasticsearch/workbook	1705926381471	1705926382323	OK	 
REQUEST		POST /elasticsearch/workbook	1705926381580	1705926382282	OK	 
REQUEST		POST /elasticsearch/workbook	1705926381623	1705926382282	OK	 
REQUEST		POST /elasticsearch/workbook	1705926381312	1705926382172	OK	 
REQUEST		POST /elasticsearch/workbook	1705926381274	1705926382170	OK	 
REQUEST		POST /elasticsearch/workbook	1705926381305	1705926382112	OK	 
REQUEST		POST /elasticsearch/workbook	1705926381261	1705926382100	OK	 
REQUEST		POST /elasticsearch/workbook	1705926381274	1705926382062	OK	 
REQUEST		POST /elasticsearch/insertDoc	1705926393478	1705926393513	OK	 
REQUEST		POST /elasticsearch/insertDoc	1705926381241	1705926381287	OK	 
REQUEST		POST /elasticsearch/insertDoc	1705926391454	1705926391478	OK	 
REQUEST		POST /elasticsearch/insertDoc	1705926381969	1705926382060	OK	 
REQUEST		POST /elasticsearch/insertDoc	1705926391719	1705926391743	OK	 
REQUEST		POST /elasticsearch/insertDoc	1705926392081	1705926392107	OK	 
REQUEST		POST /elasticsearch/insertDoc	1705926392621	1705926392647	OK	 
REQUEST		POST /elasticsearch/insertDoc	1705926393627	1705926393651	OK	 
REQUEST		POST /elasticsearch/insertDoc	1705926390353	1705926390416	OK	 
REQUEST		POST /elasticsearch/insertDoc	1705926392471	1705926392508	OK	 
REQUEST		POST /elasticsearch/insertDoc	1705926383072	1705926383103	OK	 
REQUEST		POST /elasticsearch/insertDoc	1705926384143	1705926384169	OK	 
REQUEST		POST /elasticsearch/insertDoc	1705926392325	1705926392349	OK	 
REQUEST		POST /elasticsearch/insertDoc	1705926393320	1705926393357	OK	 
REQUEST		POST /elasticsearch/insertDoc	1705926383827	1705926383852	OK	 
REQUEST		POST /elasticsearch/insertDoc	1705926390830	1705926390854	OK	 
REQUEST		POST /elasticsearch/insertDoc	1705926392896	1705926392934	OK	 
REQUEST		POST /elasticsearch/insertDoc	1705926386181	1705926386218	OK	 
REQUEST		POST /elasticsearch/insertDoc	1705926384763	1705926384786	OK	 
REQUEST		POST /elasticsearch/insertDoc	1705926383418	1705926383446	OK	 
REQUEST		POST /elasticsearch/insertDoc	1705926385967	1705926386006	OK	 
REQUEST		POST /elasticsearch/insertDoc	1705926385679	1705926385714	OK	 
REQUEST		POST /elasticsearch/insertDoc	1705926385247	1705926385271	OK	 
REQUEST		POST /elasticsearch/insertDoc	1705926389103	1705926389130	OK	 
REQUEST		POST /elasticsearch/insertDoc	1705926389378	1705926389403	OK	 
REQUEST		POST /elasticsearch/insertDoc	1705926388054	1705926388098	OK	 
REQUEST		POST /elasticsearch/insertDoc	1705926389790	1705926389817	OK	 
REQUEST		POST /elasticsearch/insertDoc	1705926389241	1705926389264	OK	 
REQUEST		POST /elasticsearch/insertDoc	1705926387895	1705926387926	OK	 
REQUEST		POST /elasticsearch/insertDoc	1705926389645	1705926389668	OK	 
REQUEST		POST /elasticsearch/insertDoc	1705926387478	1705926387503	OK	 
REQUEST		POST /elasticsearch/insertDoc	1705926387333	1705926387360	OK	 
REQUEST		POST /elasticsearch/workbook	1705926388332	1705926388817	OK	 
REQUEST		POST /auth/getToken	1705926381527	1705926381605	OK	 
REQUEST		POST /auth/getToken	1705926381512	1705926381591	OK	 
REQUEST		POST /auth/getToken	1705926381493	1705926381528	OK	 
REQUEST		POST /auth/getToken	1705926381517	1705926381589	OK	 
REQUEST		POST /auth/getToken	1705926381564	1705926381596	OK	 
REQUEST		POST /elasticsearch/workbook	1705926388327	1705926388794	OK	 
REQUEST		POST /elasticsearch/insertDoc	1705926388579	1705926388651	OK	 
REQUEST		POST /elasticsearch/insertDoc	1705926388770	1705926388816	OK	 
REQUEST		POST /elasticsearch/workbook	1705926388079	1705926388634	OK	 
REQUEST		POST /elasticsearch/workbook	1705926388097	1705926388616	OK	 
REQUEST		PATCH /elasticsearch/update	1705926390378	1705926390421	OK	 
REQUEST		PATCH /elasticsearch/update	1705926390393	1705926390436	OK	 
REQUEST		PATCH /elasticsearch/update	1705926390377	1705926390412	OK	 
REQUEST		PATCH /elasticsearch/update	1705926390376	1705926390417	OK	 
REQUEST		PATCH /elasticsearch/update	1705926390377	1705926390413	OK	 
REQUEST		POST /elasticsearch/workbook	1705926388104	1705926388601	OK	 
REQUEST		PATCH /elasticsearch/update	1705926390397	1705926390431	OK	 
REQUEST		PATCH /elasticsearch/update	1705926390378	1705926390430	OK	 
REQUEST		PATCH /elasticsearch/update	1705926390125	1705926390157	OK	 
REQUEST		PATCH /elasticsearch/update	1705926390397	1705926390438	OK	 
REQUEST		PATCH /elasticsearch/update	1705926390128	1705926390158	OK	 
REQUEST		PATCH /elasticsearch/update	1705926390392	1705926390436	OK	 
REQUEST		PATCH /elasticsearch/update	1705926390128	1705926390155	OK	 
REQUEST		PATCH /elasticsearch/update	1705926390392	1705926390440	OK	 
REQUEST		PATCH /elasticsearch/update	1705926389819	1705926389848	OK	 
REQUEST		PATCH /elasticsearch/update	1705926390375	1705926390417	OK	 
REQUEST		PATCH /elasticsearch/update	1705926389816	1705926389841	OK	 
REQUEST		PATCH /elasticsearch/update	1705926389399	1705926389449	OK	 
REQUEST		PATCH /elasticsearch/update	1705926389401	1705926389450	OK	 
REQUEST		POST /elasticsearch/workbook	1705926388096	1705926388596	OK	 
REQUEST		POST /elasticsearch/insertDoc	1705926395000	1705926395024	OK	 
REQUEST		POST /elasticsearch/workbook	1705926393877	1705926394440	OK	 
REQUEST		POST /elasticsearch/workbook	1705926393821	1705926394394	OK	 
REQUEST		POST /elasticsearch/workbook	1705926393811	1705926394353	OK	 
REQUEST		POST /elasticsearch/workbook	1705926393812	1705926394348	OK	 
REQUEST		POST /elasticsearch/workbook	1705926393814	1705926394332	OK	 
REQUEST		POST /elasticsearch/insertDoc	1705926390229	1705926390252	OK	 
REQUEST		POST /elasticsearch/insertDoc	1705926393171	1705926393199	OK	 
REQUEST		POST /elasticsearch/insertDoc	1705926388969	1705926388995	OK	 
REQUEST		POST /elasticsearch/insertDoc	1705926395693	1705926395715	OK	 
REQUEST		POST /elasticsearch/insertDoc	1705926390098	1705926390119	OK	 
REQUEST		POST /elasticsearch/insertDoc	1705926390554	1705926390577	OK	 
REQUEST		POST /elasticsearch/insertDoc	1705926393788	1705926393815	OK	 
REQUEST		POST /elasticsearch/insertDoc	1705926392200	1705926392228	OK	 
REQUEST		POST /elasticsearch/insertDoc	1705926391318	1705926391344	OK	 
REQUEST		POST /elasticsearch/insertDoc	1705926395831	1705926395878	OK	 
REQUEST		POST /elasticsearch/insertDoc	1705926392764	1705926392793	OK	 
REQUEST		POST /elasticsearch/insertDoc	1705926393028	1705926393062	OK	 
REQUEST		POST /elasticsearch/insertDoc	1705926395558	1705926395581	OK	 
REQUEST		POST /elasticsearch/insertDoc	1705926389526	1705926389550	OK	 
REQUEST		POST /elasticsearch/insertDoc	1705926394227	1705926394291	OK	 
REQUEST		POST /elasticsearch/insertDoc	1705926391151	1705926391176	OK	 
REQUEST		POST /elasticsearch/insertDoc	1705926391597	1705926391619	OK	 
REQUEST		POST /elasticsearch/insertDoc	1705926390693	1705926390715	OK	 
REQUEST		POST /elasticsearch/insertDoc	1705926395435	1705926395458	OK	 
REQUEST		POST /elasticsearch/insertDoc	1705926394852	1705926394882	OK	 
REQUEST		POST /elasticsearch/insertDoc	1705926394495	1705926394529	OK	 
REQUEST		POST /elasticsearch/insertDoc	1705926394678	1705926394708	OK	 
REQUEST		POST /elasticsearch/insertDoc	1705926391960	1705926391982	OK	 
REQUEST		POST /elasticsearch/insertDoc	1705926389958	1705926389982	OK	 
REQUEST		POST /elasticsearch/sheet/insertDoc	1705926393902	1705926394969	OK	 
REQUEST		POST /elasticsearch/sheet/insertDoc	1705926393919	1705926395045	OK	 
REQUEST		POST /elasticsearch/sheet/insertDoc	1705926394009	1705926395060	OK	 
REQUEST		POST /elasticsearch/sheet/insertDoc	1705926394044	1705926395093	OK	 
REQUEST		POST /elasticsearch/sheet/insertDoc	1705926393969	1705926395046	OK	 
REQUEST		POST /elasticsearch/insertDoc	1705926391842	1705926391867	OK	 
REQUEST		POST /elasticsearch/sheet/insertDoc	1705926393912	1705926395046	OK	 
REQUEST		POST /elasticsearch/sheet/insertDoc	1705926393969	1705926395048	OK	 
REQUEST		POST /elasticsearch/sheet/insertDoc	1705926394026	1705926395088	OK	 
REQUEST		POST /elasticsearch/sheet/insertDoc	1705926393921	1705926395053	OK	 
REQUEST		POST /elasticsearch/sheet/insertDoc	1705926393903	1705926394961	OK	 
REQUEST		POST /elasticsearch/sheet/insertDoc	1705926393845	1705926394931	OK	 
REQUEST		PATCH /elasticsearch/update	1705926394511	1705926394540	OK	 
REQUEST		PATCH /elasticsearch/update	1705926394528	1705926394561	OK	 
REQUEST		POST /elasticsearch/insertDoc	1705926390985	1705926391012	OK	 
REQUEST		POST /elasticsearch/insertDoc	1705926395142	1705926395175	OK	 
REQUEST		POST /elasticsearch/insertDoc	1705926388304	1705926388338	OK	 
REQUEST		POST /elasticsearch/insertDoc	1705926395311	1705926395335	OK	 
REQUEST		POST /auth/getToken	1705926395847	1705926395949	OK	 
REQUEST		POST /auth/getToken	1705926395842	1705926395948	OK	 
REQUEST		POST /auth/getToken	1705926395847	1705926395948	OK	 
REQUEST		POST /auth/getToken	1705926395865	1705926396035	OK	 
REQUEST		POST /auth/getToken	1705926395865	1705926396041	OK	 
REQUEST		POST /auth/getToken	1705926395850	1705926395966	OK	 
REQUEST		POST /auth/getToken	1705926395859	1705926395982	OK	 
REQUEST		POST /elasticsearch/sheet/insertDoc	1705926395172	1705926396244	OK	 
REQUEST		POST /elasticsearch/sheet/insertDoc	1705926395184	1705926396259	OK	 
REQUEST		POST /elasticsearch/sheet/insertDoc	1705926395163	1705926396227	OK	 
REQUEST		POST /elasticsearch/sheet/insertDoc	1705926395166	1705926396238	OK	 
REQUEST		POST /elasticsearch/sheet/insertDoc	1705926395162	1705926396217	OK	 
REQUEST		POST /elasticsearch/sheet/insertDoc	1705926395166	1705926396237	OK	 
REQUEST		POST /elasticsearch/sheet/insertDoc	1705926395169	1705926396238	OK	 
REQUEST		POST /elasticsearch/sheet/insertDoc	1705926395173	1705926396244	OK	 
REQUEST		POST /elasticsearch/sheet/insertDoc	1705926395169	1705926396240	OK	 
REQUEST		POST /elasticsearch/sheet/insertDoc	1705926395187	1705926396259	OK	 
REQUEST		POST /elasticsearch/sheet/insertDoc	1705926395169	1705926396240	OK	 
REQUEST		PATCH /elasticsearch/update	1705926394020	1705926394066	OK	 
REQUEST		PATCH /elasticsearch/update	1705926394041	1705926394093	OK	 
REQUEST		PATCH /elasticsearch/update	1705926394041	1705926394089	OK	 
REQUEST		POST /elasticsearch/workbook	1705926395976	1705926396593	OK	 
REQUEST		PATCH /elasticsearch/update	1705926393976	1705926394052	OK	 
REQUEST		PATCH /elasticsearch/update	1705926393833	1705926393934	OK	 
REQUEST		POST /elasticsearch/sheet/delete	1705926396310	1705926396897	OK	 
REQUEST		POST /elasticsearch/sheet/delete	1705926396307	1705926396898	OK	 
REQUEST		PATCH /elasticsearch/update	1705926393891	1705926393965	OK	 
REQUEST		PATCH /elasticsearch/update	1705926393842	1705926393938	OK	 
REQUEST		PATCH /elasticsearch/workbook/delete	1705926396968	1705926397031	OK	 
REQUEST		POST /elasticsearch/sheet/delete	1705926396508	1705926396897	OK	 
REQUEST		POST /elasticsearch/sheet/delete	1705926396272	1705926396884	OK	 
REQUEST		POST /elasticsearch/sheet/delete	1705926396334	1705926396887	OK	 
REQUEST		POST /elasticsearch/sheet/delete	1705926396332	1705926396884	OK	 
REQUEST		PATCH /elasticsearch/update	1705926393836	1705926393890	OK	 
REQUEST		PATCH /elasticsearch/update	1705926393895	1705926393964	OK	 
REQUEST		POST /elasticsearch/sheet/delete	1705926396272	1705926396878	OK	 
REQUEST		PATCH /elasticsearch/workbook/delete	1705926396962	1705926397032	OK	 
REQUEST		PATCH /elasticsearch/update	1705926394027	1705926394091	OK	 
REQUEST		POST /elasticsearch/sheet/delete	1705926396282	1705926396882	OK	 
REQUEST		PATCH /elasticsearch/update	1705926393809	1705926393861	OK	 
REQUEST		PATCH /elasticsearch/update	1705926394007	1705926394047	OK	 
REQUEST		PATCH /elasticsearch/update	1705926394028	1705926394083	OK	 
REQUEST		PATCH /elasticsearch/update	1705926395169	1705926395241	OK	 
REQUEST		PATCH /elasticsearch/update	1705926393899	1705926393965	OK	 
REQUEST		PATCH /elasticsearch/update	1705926393886	1705926393928	OK	 
REQUEST		POST /elasticsearch/sheet/insertDoc	1705926393900	1705926394959	OK	 
REQUEST		PATCH /elasticsearch/update	1705926394030	1705926394091	OK	 
REQUEST		PATCH /elasticsearch/update	1705926393976	1705926394061	OK	 
REQUEST		PATCH /elasticsearch/update	1705926393981	1705926394054	OK	 
REQUEST		PATCH /elasticsearch/update	1705926393917	1705926394053	OK	 
REQUEST		PATCH /elasticsearch/update	1705926393973	1705926394057	OK	 
REQUEST		PATCH /elasticsearch/update	1705926394041	1705926394093	OK	 
REQUEST		POST /auth/getToken	1705926395972	1705926396112	OK	 
REQUEST		PATCH /elasticsearch/update	1705926394044	1705926394100	OK	 
REQUEST		POST /auth/getToken	1705926395959	1705926396119	OK	 
REQUEST		POST /elasticsearch/sheet/insertDoc	1705926393963	1705926395047	OK	 
REQUEST		PATCH /elasticsearch/update	1705926395937	1705926396044	OK	 
REQUEST		PATCH /elasticsearch/update	1705926395897	1705926396031	OK	 
REQUEST		POST /auth/getToken	1705926396512	1705926396606	OK	 
REQUEST		PATCH /elasticsearch/update	1705926393893	1705926393964	OK	 
REQUEST		PATCH /elasticsearch/update	1705926393829	1705926393934	OK	 
REQUEST		PATCH /elasticsearch/update	1705926393899	1705926393965	OK	 
REQUEST		PATCH /elasticsearch/update	1705926393879	1705926393960	OK	 
REQUEST		POST /elasticsearch/sheet/insertDoc	1705926393845	1705926394910	OK	 
REQUEST		PATCH /elasticsearch/update	1705926393899	1705926393963	OK	 
REQUEST		PATCH /elasticsearch/update	1705926393819	1705926393928	OK	 
REQUEST		PATCH /elasticsearch/update	1705926394024	1705926394069	OK	 
REQUEST		PATCH /elasticsearch/update	1705926393829	1705926393910	OK	 
REQUEST		POST /elasticsearch/sheet/insertDoc	1705926393920	1705926395046	OK	 
REQUEST		POST /elasticsearch/sheet/insertDoc	1705926394044	1705926395103	OK	 
REQUEST		POST /elasticsearch/sheet/insertDoc	1705926393920	1705926395047	OK	 
REQUEST		POST /elasticsearch/sheet/insertDoc	1705926393912	1705926395084	OK	 
REQUEST		PATCH /elasticsearch/update	1705926395881	1705926395985	OK	 
REQUEST		POST /auth/getToken	1705926396515	1705926396613	OK	 
REQUEST		PATCH /elasticsearch/update	1705926393895	1705926393962	OK	 
REQUEST		PATCH /elasticsearch/update	1705926395886	1705926396096	OK	 
REQUEST		PATCH /elasticsearch/update	1705926393888	1705926393930	OK	 
REQUEST		PATCH /elasticsearch/update	1705926395894	1705926395978	OK	 
REQUEST		PATCH /elasticsearch/update	1705926395954	1705926396240	OK	 
REQUEST		PATCH /elasticsearch/update	1705926395954	1705926396203	OK	 
REQUEST		PATCH /elasticsearch/update	1705926396091	1705926396201	OK	 
REQUEST		POST /elasticsearch/workbook	1705926396262	1705926396792	OK	 
REQUEST		PATCH /elasticsearch/update	1705926395951	1705926396145	OK	 
REQUEST		PATCH /elasticsearch/update	1705926396122	1705926396216	OK	 
REQUEST		PATCH /elasticsearch/update	1705926395953	1705926396142	OK	 
REQUEST		PATCH /elasticsearch/update	1705926396103	1705926396188	OK	 
REQUEST		PATCH /elasticsearch/update	1705926395955	1705926396126	OK	 
REQUEST		PATCH /elasticsearch/update	1705926396086	1705926396188	OK	 
REQUEST		PATCH /elasticsearch/update	1705926395953	1705926396144	OK	 
REQUEST		PATCH /elasticsearch/update	1705926395988	1705926396146	OK	 
REQUEST		POST /elasticsearch/workbook	1705926396215	1705926396743	OK	 
REQUEST		PATCH /elasticsearch/update	1705926395953	1705926396116	OK	 
REQUEST		PATCH /elasticsearch/update	1705926395942	1705926396052	OK	 
REQUEST		PATCH /elasticsearch/update	1705926395954	1705926396110	OK	 
REQUEST		POST /elasticsearch/sheet/insertDoc	1705926395191	1705926396276	OK	 
REQUEST		PATCH /elasticsearch/update	1705926395969	1705926396128	OK	 
REQUEST		PATCH /elasticsearch/update	1705926395969	1705926396117	OK	 
REQUEST		PATCH /elasticsearch/update	1705926396219	1705926396348	OK	 
REQUEST		POST /elasticsearch/sheet/insertDoc	1705926395191	1705926396261	OK	 
REQUEST		PATCH /elasticsearch/update	1705926395972	1705926396125	OK	 
REQUEST		PATCH /elasticsearch/update	1705926395971	1705926396117	OK	 
REQUEST		PATCH /elasticsearch/update	1705926395899	1705926396049	OK	 
REQUEST		PATCH /elasticsearch/update	1705926395955	1705926396127	OK	 
REQUEST		PATCH /elasticsearch/update	1705926396227	1705926396357	OK	 
REQUEST		POST /elasticsearch/workbook	1705926396215	1705926396740	OK	 
REQUEST		PATCH /elasticsearch/update	1705926396198	1705926396298	OK	 
REQUEST		PATCH /elasticsearch/update	1705926395951	1705926396292	OK	 
REQUEST		POST /elasticsearch/workbook	1705926396215	1705926396737	OK	 
REQUEST		POST /elasticsearch/sheet/insertDoc	1705926395938	1705926397022	OK	 
REQUEST		POST /elasticsearch/sheet/insertDoc	1705926395897	1705926397003	OK	 
REQUEST		POST /elasticsearch/workbook	1705926395988	1705926396730	OK	 
REQUEST		POST /elasticsearch/sheet/insertDoc	1705926397048	1705926398088	OK	 
REQUEST		POST /elasticsearch/sheet/insertDoc	1705926397041	1705926398092	OK	 
REQUEST		POST /elasticsearch/workbook	1705926395986	1705926396719	OK	 
REQUEST		POST /elasticsearch/sheet/insertDoc	1705926396554	1705926397665	OK	 
REQUEST		POST /elasticsearch/sheet/insertDoc	1705926396619	1705926397681	OK	 
REQUEST		POST /elasticsearch/insertDoc	1705926398118	1705926398153	OK	 
REQUEST		POST /elasticsearch/insertDoc	1705926397952	1705926397981	OK	 
REQUEST		POST /elasticsearch/insertDoc	1705926397797	1705926397822	OK	 
REQUEST		POST /elasticsearch/insertDoc	1705926397627	1705926397651	OK	 
REQUEST		POST /elasticsearch/insertDoc	1705926397471	1705926397496	OK	 
REQUEST		POST /elasticsearch/sheet/insertDoc	1705926396225	1705926397271	OK	 
REQUEST		POST /elasticsearch/sheet/insertDoc	1705926396224	1705926397274	OK	 
REQUEST		POST /elasticsearch/sheet/insertDoc	1705926396224	1705926397271	OK	 
REQUEST		POST /elasticsearch/sheet/insertDoc	1705926396200	1705926397264	OK	 
REQUEST		POST /elasticsearch/workbook	1705926396657	1705926397292	OK	 
REQUEST		POST /elasticsearch/sheet/insertDoc	1705926396200	1705926397252	OK	 
REQUEST		POST /auth/getToken	1705926396633	1705926396703	OK	 
REQUEST		POST /elasticsearch/sheet/insertDoc	1705926396108	1705926397231	OK	 
REQUEST		POST /elasticsearch/workbook	1705926396657	1705926397235	OK	 
REQUEST		POST /elasticsearch/workbook	1705926396525	1705926397206	OK	 
USER	ServiceTest	END	1705926397065
USER	ServiceTest	END	1705926397094
REQUEST		POST /elasticsearch/sheet/insertDoc	1705926395957	1705926397123	OK	 
REQUEST		PATCH /elasticsearch/workbook/delete	1705926396982	1705926397075	OK	 
USER	ServiceTest	END	1705926399210
REQUEST		POST /elasticsearch/workbook	1705926396540	1705926397160	OK	 
REQUEST		POST /elasticsearch/sheet/delete	1705926396512	1705926396882	OK	 
REQUEST		PATCH /elasticsearch/workbook/delete	1705926396982	1705926397076	OK	 
REQUEST		PATCH /elasticsearch/workbook/delete	1705926397008	1705926397081	OK	 
USER	ServiceTest	END	1705926399241
USER	ServiceTest	END	1705926399247
REQUEST		PATCH /elasticsearch/workbook/delete	1705926397001	1705926397080	OK	 
REQUEST		PATCH /elasticsearch/workbook/delete	1705926397017	1705926397088	OK	 
USER	ServiceTest	END	1705926399254
REQUEST		POST /elasticsearch/sheet/delete	1705926396342	1705926396885	OK	 
REQUEST		PATCH /elasticsearch/workbook/delete	1705926399178	1705926399230	OK	 
USER	ServiceTest	END	1705926399260
USER	ServiceTest	END	1705926399261
REQUEST		PATCH /elasticsearch/workbook/delete	1705926397013	1705926397097	OK	 
USER	ServiceTest	END	1705926399265
REQUEST		POST /elasticsearch/sheet/delete	1705926396398	1705926396884	OK	 
REQUEST		POST /elasticsearch/insertDoc	1705926396948	1705926397003	OK	 
REQUEST		POST /elasticsearch/insertDoc	1705926398881	1705926398912	OK	 
REQUEST		POST /elasticsearch/sheet/insertDoc	1705926396628	1705926397868	OK	 
REQUEST		POST /elasticsearch/sheet/insertDoc	1705926396635	1705926397799	OK	 
REQUEST		POST /elasticsearch/sheet/insertDoc	1705926396560	1705926397670	OK	 
REQUEST		POST /elasticsearch/sheet/insertDoc	1705926396543	1705926397694	OK	 
REQUEST		POST /elasticsearch/sheet/insertDoc	1705926396628	1705926397859	OK	 
REQUEST		POST /elasticsearch/sheet/insertDoc	1705926396541	1705926397666	OK	 
REQUEST		POST /elasticsearch/sheet/insertDoc	1705926396450	1705926397572	OK	 
REQUEST		POST /elasticsearch/sheet/insertDoc	1705926396616	1705926397694	OK	 
REQUEST		POST /elasticsearch/sheet/insertDoc	1705926396544	1705926397666	OK	 
REQUEST		POST /elasticsearch/sheet/insertDoc	1705926396447	1705926397565	OK	 
REQUEST		POST /elasticsearch/sheet/insertDoc	1705926396467	1705926397565	OK	 
REQUEST		POST /elasticsearch/sheet/insertDoc	1705926396458	1705926397558	OK	 
REQUEST		POST /elasticsearch/sheet/insertDoc	1705926396392	1705926397486	OK	 
REQUEST		POST /elasticsearch/sheet/delete	1705926398650	1705926398678	OK	 
REQUEST		POST /elasticsearch/sheet/delete	1705926398639	1705926398667	OK	 
REQUEST		POST /elasticsearch/sheet/delete	1705926398365	1705926398394	OK	 
REQUEST		POST /elasticsearch/sheet/delete	1705926398660	1705926398681	OK	 
REQUEST		POST /elasticsearch/workbook	1705926398344	1705926398789	OK	 
REQUEST		POST /elasticsearch/sheet/delete	1705926398340	1705926398381	OK	 
REQUEST		POST /elasticsearch/sheet/delete	1705926398330	1705926398381	OK	 
REQUEST		POST /elasticsearch/insertDoc	1705926398646	1705926398679	OK	 
REQUEST		POST /elasticsearch/sheet/insertDoc	1705926398448	1705926399484	OK	 
REQUEST		POST /elasticsearch/sheet/insertDoc	1705926398461	1705926399508	OK	 
REQUEST		POST /elasticsearch/sheet/delete	1705926398373	1705926398394	OK	 
REQUEST		POST /elasticsearch/sheet/delete	1705926398644	1705926398671	OK	 
REQUEST		POST /elasticsearch/sheet/delete	1705926398639	1705926398668	OK	 
REQUEST		POST /elasticsearch/sheet/insertDoc	1705926398418	1705926399461	OK	 
REQUEST		POST /elasticsearch/sheet/insertDoc	1705926398439	1705926399469	OK	 
REQUEST		POST /elasticsearch/sheet/insertDoc	1705926398439	1705926399465	OK	 
REQUEST		PATCH /elasticsearch/workbook/delete	1705926399538	1705926399625	OK	 
USER	ServiceTest	END	1705926399657
REQUEST		PATCH /elasticsearch/workbook/delete	1705926399536	1705926399624	OK	 
USER	ServiceTest	END	1705926399658
REQUEST		PATCH /elasticsearch/workbook/delete	1705926399181	1705926399288	OK	 
USER	ServiceTest	END	1705926399680
REQUEST		PATCH /elasticsearch/workbook/delete	1705926399181	1705926399257	OK	 
USER	ServiceTest	END	1705926399687
REQUEST		POST /elasticsearch/sheet/insertDoc	1705926398403	1705926399449	OK	 
REQUEST		POST /elasticsearch/sheet/insertDoc	1705926398410	1705926399461	OK	 
REQUEST		POST /elasticsearch/sheet/insertDoc	1705926398392	1705926399435	OK	 
REQUEST		POST /elasticsearch/sheet/insertDoc	1705926398412	1705926399439	OK	 
REQUEST		POST /elasticsearch/sheet/insertDoc	1705926398392	1705926399435	OK	 
REQUEST		PATCH /elasticsearch/workbook/delete	1705926399536	1705926399610	OK	 
REQUEST		POST /elasticsearch/sheet/insertDoc	1705926398416	1705926399457	OK	 
REQUEST		POST /elasticsearch/sheet/insertDoc	1705926398391	1705926399416	OK	 
REQUEST		POST /elasticsearch/sheet/insertDoc	1705926398391	1705926399423	OK	 
REQUEST		POST /elasticsearch/insertDoc	1705926398327	1705926398381	OK	 
REQUEST		POST /elasticsearch/sheet/delete	1705926398879	1705926398903	OK	 
REQUEST		POST /elasticsearch/sheet/insertDoc	1705926396215	1705926397281	OK	 
USER	ServiceTest	END	1705926399716
REQUEST		PATCH /elasticsearch/workbook/delete	1705926399518	1705926399565	OK	 
USER	ServiceTest	END	1705926399720
REQUEST		POST /elasticsearch/sheet/insertDoc	1705926396162	1705926397254	OK	 
REQUEST		POST /elasticsearch/sheet/delete	1705926399543	1705926399632	OK	 
REQUEST		POST /elasticsearch/sheet/delete	1705926399534	1705926399595	OK	 
REQUEST		POST /elasticsearch/insertDoc	1705926399172	1705926399212	OK	 
REQUEST		PATCH /elasticsearch/workbook/delete	1705926399513	1705926399555	OK	 
USER	ServiceTest	END	1705926399731
REQUEST		PATCH /elasticsearch/workbook/delete	1705926399515	1705926399564	OK	 
USER	ServiceTest	END	1705926399732
REQUEST		POST /elasticsearch/sheet/delete	1705926399544	1705926399635	OK	 
REQUEST		POST /elasticsearch/sheet/delete	1705926399541	1705926399594	OK	 
REQUEST		POST /elasticsearch/sheet/insertDoc	1705926396167	1705926397261	OK	 
REQUEST		POST /elasticsearch/insertDoc	1705926399033	1705926399059	OK	 
REQUEST		PATCH /elasticsearch/workbook/delete	1705926399506	1705926399553	OK	 
REQUEST		PATCH /elasticsearch/workbook/delete	1705926399497	1705926399545	OK	 
USER	ServiceTest	END	1705926399746
USER	ServiceTest	END	1705926399747
REQUEST		PATCH /elasticsearch/workbook/delete	1705926399496	1705926399562	OK	 
USER	ServiceTest	END	1705926399748
REQUEST		POST /elasticsearch/sheet/delete	1705926399623	1705926399705	OK	 
REQUEST		POST /elasticsearch/sheet/delete	1705926399543	1705926399631	OK	 
REQUEST		PATCH /elasticsearch/workbook/delete	1705926399672	1705926399728	OK	 
REQUEST		PATCH /elasticsearch/workbook/delete	1705926399666	1705926399728	OK	 
REQUEST		PATCH /elasticsearch/workbook/delete	1705926399684	1705926399732	OK	 
REQUEST		PATCH /elasticsearch/workbook/delete	1705926399668	1705926399732	OK	 
USER	ServiceTest	END	1705926399775
USER	ServiceTest	END	1705926399775
USER	ServiceTest	END	1705926399775
USER	ServiceTest	END	1705926399776
REQUEST		POST /elasticsearch/sheet/delete	1705926399165	1705926399195	OK	 
REQUEST		POST /elasticsearch/sheet/insertDoc	1705926398692	1705926399732	OK	 
REQUEST		PATCH /elasticsearch/workbook/delete	1705926399648	1705926399715	OK	 
USER	ServiceTest	END	1705926399791
REQUEST		POST /elasticsearch/sheet/insertDoc	1705926398692	1705926399727	OK	 
REQUEST		POST /elasticsearch/sheet/insertDoc	1705926398676	1705926399715	OK	 
REQUEST		POST /elasticsearch/insertDoc	1705926399503	1705926399563	OK	 
REQUEST		POST /elasticsearch/sheet/delete	1705926399644	1705926399704	OK	 
REQUEST		POST /elasticsearch/sheet/delete	1705926399606	1705926399699	OK	 
REQUEST		PATCH /elasticsearch/workbook/delete	1705926399695	1705926399762	OK	 
REQUEST		PATCH /elasticsearch/workbook/delete	1705926399710	1705926399779	OK	 
REQUEST		POST /elasticsearch/sheet/delete	1705926399634	1705926399706	OK	 
USER	ServiceTest	END	1705926399825
USER	ServiceTest	END	1705926399825
REQUEST		PATCH /elasticsearch/workbook/delete	1705926399723	1705926399759	OK	 
REQUEST		POST /auth/getToken	1705926396967	1705926397033	OK	 
USER	ServiceTest	END	1705926399837
REQUEST		POST /elasticsearch/sheet/delete	1705926399644	1705926399715	OK	 
REQUEST		POST /elasticsearch/sheet/delete	1705926399606	1705926399714	OK	 
REQUEST		PATCH /elasticsearch/workbook/delete	1705926399756	1705926399822	OK	 
REQUEST		PATCH /elasticsearch/workbook/delete	1705926399756	1705926399816	OK	 
USER	ServiceTest	END	1705926399848
USER	ServiceTest	END	1705926399849
REQUEST		PATCH /elasticsearch/workbook/delete	1705926399753	1705926399814	OK	 
USER	ServiceTest	END	1705926399852
REQUEST		POST /elasticsearch/sheet/delete	1705926399753	1705926399798	OK	 
REQUEST		POST /elasticsearch/sheet/delete	1705926399740	1705926399786	OK	 
REQUEST		POST /elasticsearch/sheet/delete	1705926399762	1705926399814	OK	 
REQUEST		POST /elasticsearch/sheet/delete	1705926399644	1705926399714	OK	 
REQUEST		POST /elasticsearch/sheet/delete	1705926399606	1705926399696	OK	 
REQUEST		POST /elasticsearch/sheet/insertDoc	1705926396079	1705926397235	OK	 
REQUEST		PATCH /elasticsearch/workbook/delete	1705926399813	1705926399885	OK	 
USER	ServiceTest	END	1705926400015
REQUEST		PATCH /elasticsearch/workbook/delete	1705926399809	1705926399926	OK	 
REQUEST		PATCH /elasticsearch/workbook/delete	1705926399795	1705926399924	OK	 
USER	ServiceTest	END	1705926400016
USER	ServiceTest	END	1705926400016
REQUEST		PATCH /elasticsearch/workbook/delete	1705926399817	1705926399916	OK	 
REQUEST		PATCH /elasticsearch/workbook/delete	1705926399795	1705926399915	OK	 
USER	ServiceTest	END	1705926400016
USER	ServiceTest	END	1705926400016
REQUEST		POST /elasticsearch/sheet/insertDoc	1705926398909	1705926399934	OK	 
REQUEST		PATCH /elasticsearch/workbook/delete	1705926399768	1705926399846	OK	 
REQUEST		PATCH /elasticsearch/workbook/delete	1705926399769	1705926399846	OK	 
USER	ServiceTest	END	1705926400031
USER	ServiceTest	END	1705926400031
REQUEST		POST /elasticsearch/workbook	1705926399281	1705926399833	OK	 
REQUEST		POST /elasticsearch/sheet/delete	1705926399996	1705926400019	OK	 
REQUEST		PATCH /elasticsearch/workbook/delete	1705926400022	1705926400049	OK	 
USER	ServiceTest	END	1705926400076
REQUEST		POST /elasticsearch/insertDoc	1705926400001	1705926400034	OK	 
REQUEST		POST /auth/getToken	1705926399192	1705926399236	OK	 
REQUEST		POST /elasticsearch/sheet/insertDoc	1705926395959	1705926397142	OK	 
REQUEST		POST /elasticsearch/sheet/insertDoc	1705926395956	1705926397168	OK	 
REQUEST		POST /elasticsearch/sheet/insertDoc	1705926395973	1705926397111	OK	 
REQUEST		POST /elasticsearch/sheet/insertDoc	1705926395958	1705926397124	OK	 
REQUEST		POST /elasticsearch/sheet/insertDoc	1705926395970	1705926397097	OK	 
REQUEST		POST /elasticsearch/sheet/insertDoc	1705926395942	1705926397084	OK	 
REQUEST		POST /elasticsearch/sheet/insertDoc	1705926395866	1705926396971	OK	 
REQUEST		POST /elasticsearch/sheet/insertDoc	1705926395937	1705926397056	OK	 
REQUEST		POST /elasticsearch/sheet/insertDoc	1705926395972	1705926397112	OK	 
REQUEST		POST /elasticsearch/sheet/insertDoc	1705926395882	1705926396972	OK	 
REQUEST		POST /elasticsearch/sheet/insertDoc	1705926395935	1705926397056	OK	 
REQUEST		POST /elasticsearch/sheet/insertDoc	1705926395973	1705926397112	OK	 
REQUEST		POST /elasticsearch/sheet/insertDoc	1705926395957	1705926397152	OK	 
REQUEST		POST /elasticsearch/sheet/insertDoc	1705926395944	1705926397097	OK	 
REQUEST		POST /elasticsearch/sheet/insertDoc	1705926395864	1705926396992	OK	 
REQUEST		POST /elasticsearch/sheet/insertDoc	1705926395941	1705926397084	OK	 
REQUEST		POST /elasticsearch/sheet/insertDoc	1705926395937	1705926397100	OK	 
REQUEST		POST /elasticsearch/sheet/insertDoc	1705926395958	1705926397152	OK	 
REQUEST		POST /elasticsearch/sheet/insertDoc	1705926395957	1705926397119	OK	 
REQUEST		POST /elasticsearch/sheet/insertDoc	1705926395958	1705926397096	OK	 
REQUEST		POST /elasticsearch/sheet/insertDoc	1705926395959	1705926397139	OK	 
REQUEST		POST /auth/getToken	1705926399710	1705926399779	OK	 
REQUEST		POST /elasticsearch/sheet/insertDoc	1705926396075	1705926397231	OK	 
REQUEST		POST /elasticsearch/sheet/insertDoc	1705926396153	1705926397240	OK	 
REQUEST		POST /elasticsearch/sheet/insertDoc	1705926396148	1705926397245	OK	 
REQUEST		POST /auth/getToken	1705926399657	1705926399713	OK	 
REQUEST		POST /elasticsearch/sheet/insertDoc	1705926399308	1705926400343	OK	 
REQUEST		POST /elasticsearch/workbook	1705926399692	1705926400196	OK	 
REQUEST		POST /auth/getToken	1705926399813	1705926399869	OK	 
REQUEST		POST /elasticsearch/sheet/insertDoc	1705926399296	1705926400327	OK	 
REQUEST		POST /elasticsearch/sheet/insertDoc	1705926399281	1705926400322	OK	 
REQUEST		POST /elasticsearch/workbook	1705926399824	1705926400346	OK	 
REQUEST		POST /elasticsearch/sheet/insertDoc	1705926399263	1705926400321	OK	 
REQUEST		POST /elasticsearch/sheet/insertDoc	1705926399267	1705926400322	OK	 
REQUEST		POST /elasticsearch/sheet/insertDoc	1705926396450	1705926397566	OK	 
REQUEST		POST /elasticsearch/sheet/insertDoc	1705926399226	1705926400319	OK	 
REQUEST		POST /elasticsearch/sheet/insertDoc	1705926396212	1705926397312	OK	 
REQUEST		POST /elasticsearch/sheet/insertDoc	1705926399223	1705926400307	OK	 
REQUEST		POST /elasticsearch/sheet/insertDoc	1705926399222	1705926400307	OK	 
REQUEST		POST /elasticsearch/sheet/insertDoc	1705926399211	1705926400304	OK	 
REQUEST		POST /elasticsearch/sheet/insertDoc	1705926396468	1705926397569	OK	 
REQUEST		POST /elasticsearch/sheet/insertDoc	1705926395974	1705926397261	OK	 
REQUEST		PATCH /elasticsearch/update	1705926398412	1705926398460	OK	 
REQUEST		PATCH /elasticsearch/update	1705926398417	1705926398470	OK	 
REQUEST		PATCH /elasticsearch/update	1705926398397	1705926398450	OK	 
REQUEST		PATCH /elasticsearch/update	1705926398368	1705926398400	OK	 
REQUEST		POST /elasticsearch/sheet/insertDoc	1705926396586	1705926397701	OK	 
REQUEST		POST /elasticsearch/sheet/insertDoc	1705926399293	1705926400322	OK	 
REQUEST		POST /elasticsearch/sheet/insertDoc	1705926396150	1705926397251	OK	 
REQUEST		POST /elasticsearch/sheet/insertDoc	1705926396166	1705926397254	OK	 
REQUEST		PATCH /elasticsearch/update	1705926398463	1705926398492	OK	 
REQUEST		POST /elasticsearch/sheet/insertDoc	1705926399264	1705926400322	OK	 
REQUEST		POST /elasticsearch/sheet/insertDoc	1705926399300	1705926400337	OK	 
REQUEST		POST /elasticsearch/sheet/insertDoc	1705926399302	1705926400338	OK	 
REQUEST		POST /elasticsearch/sheet/insertDoc	1705926399263	1705926400322	OK	 
REQUEST		POST /elasticsearch/sheet/insertDoc	1705926396285	1705926397359	OK	 
REQUEST		POST /elasticsearch/sheet/insertDoc	1705926399242	1705926400321	OK	 
REQUEST		POST /elasticsearch/sheet/insertDoc	1705926399267	1705926400321	OK	 
REQUEST		POST /elasticsearch/sheet/insertDoc	1705926399276	1705926400321	OK	 
REQUEST		POST /elasticsearch/sheet/insertDoc	1705926399211	1705926400306	OK	 
REQUEST		POST /elasticsearch/sheet/insertDoc	1705926396429	1705926397495	OK	 
REQUEST		POST /elasticsearch/sheet/insertDoc	1705926399194	1705926400231	OK	 
REQUEST		POST /elasticsearch/sheet/insertDoc	1705926399194	1705926400243	OK	 
REQUEST		POST /elasticsearch/sheet/insertDoc	1705926399208	1705926400255	OK	 
REQUEST		POST /elasticsearch/sheet/insertDoc	1705926396432	1705926397563	OK	 
REQUEST		POST /elasticsearch/sheet/insertDoc	1705926396464	1705926397565	OK	 
REQUEST		POST /elasticsearch/sheet/insertDoc	1705926396432	1705926397491	OK	 
REQUEST		POST /elasticsearch/sheet/insertDoc	1705926396249	1705926397312	OK	 
REQUEST		POST /elasticsearch/sheet/insertDoc	1705926396161	1705926397251	OK	 
REQUEST		POST /elasticsearch/sheet/insertDoc	1705926396549	1705926397695	OK	 
REQUEST		POST /elasticsearch/sheet/insertDoc	1705926396520	1705926397663	OK	 
REQUEST		POST /elasticsearch/sheet/insertDoc	1705926396218	1705926397312	OK	 
REQUEST		POST /elasticsearch/sheet/insertDoc	1705926396527	1705926397663	OK	 
REQUEST		POST /elasticsearch/sheet/insertDoc	1705926396539	1705926397665	OK	 
REQUEST		POST /auth/getToken	1705926399804	1705926399844	OK	 
REQUEST		PATCH /elasticsearch/update	1705926399222	1705926399289	OK	 
REQUEST		PATCH /elasticsearch/update	1705926399308	1705926399344	OK	 
REQUEST		PATCH /elasticsearch/update	1705926399523	1705926399574	OK	 
REQUEST		PATCH /elasticsearch/update	1705926399690	1705926399729	OK	 
REQUEST		PATCH /elasticsearch/update	1705926399602	1705926399715	OK	 
REQUEST		PATCH /elasticsearch/update	1705926399756	1705926399814	OK	 
REQUEST		PATCH /elasticsearch/update	1705926399692	1705926399739	OK	 
REQUEST		POST /elasticsearch/sheet/delete	1705926400358	1705926400394	OK	 
REQUEST		POST /elasticsearch/workbook	1705926400032	1705926400469	OK	 
REQUEST		POST /elasticsearch/insertDoc	1705926400361	1705926400396	OK	 
REQUEST		PATCH /elasticsearch/workbook/delete	1705926400928	1705926400970	OK	 
USER	ServiceTest	END	1705926401167
REQUEST		POST /elasticsearch/sheet/insertDoc	1705926399328	1705926400369	OK	 
REQUEST		POST /elasticsearch/sheet/insertDoc	1705926399323	1705926400362	OK	 
REQUEST		POST /elasticsearch/sheet/insertDoc	1705926399326	1705926400367	OK	 
REQUEST		POST /elasticsearch/workbook	1705926399826	1705926400367	OK	 
REQUEST		POST /elasticsearch/insertDoc	1705926400944	1705926400974	OK	 
REQUEST		PATCH /elasticsearch/update	1705926400063	1705926400167	OK	 
REQUEST		POST /elasticsearch/sheet/insertDoc	1705926399602	1705926400711	OK	 
REQUEST		POST /elasticsearch/sheet/insertDoc	1705926399592	1705926400708	OK	 
REQUEST		POST /elasticsearch/sheet/insertDoc	1705926399601	1705926400711	OK	 
REQUEST		POST /elasticsearch/workbook	1705926400033	1705926400716	OK	 
REQUEST		POST /elasticsearch/sheet/insertDoc	1705926399601	1705926400708	OK	 
REQUEST		POST /elasticsearch/sheet/insertDoc	1705926399596	1705926400705	OK	 
REQUEST		POST /elasticsearch/sheet/insertDoc	1705926399598	1705926400704	OK	 
REQUEST		POST /elasticsearch/sheet/insertDoc	1705926399592	1705926400708	OK	 
REQUEST		POST /elasticsearch/sheet/insertDoc	1705926399595	1705926400708	OK	 
REQUEST		POST /elasticsearch/sheet/insertDoc	1705926399598	1705926400705	OK	 
REQUEST		POST /elasticsearch/sheet/insertDoc	1705926399598	1705926400698	OK	 
REQUEST		POST /elasticsearch/sheet/insertDoc	1705926399600	1705926400708	OK	 
REQUEST		POST /elasticsearch/sheet/delete	1705926400590	1705926400702	OK	 
REQUEST		POST /elasticsearch/sheet/delete	1705926400582	1705926400702	OK	 
REQUEST		POST /elasticsearch/sheet/insertDoc	1705926399595	1705926400678	OK	 
REQUEST		POST /elasticsearch/sheet/delete	1705926400579	1705926400690	OK	 
REQUEST		POST /elasticsearch/sheet/delete	1705926400534	1705926400683	OK	 
REQUEST		POST /elasticsearch/sheet/delete	1705926400533	1705926400681	OK	 
REQUEST		POST /elasticsearch/sheet/delete	1705926400531	1705926400677	OK	 
REQUEST		POST /elasticsearch/sheet/delete	1705926400523	1705926400667	OK	 
REQUEST		POST /elasticsearch/sheet/insertDoc	1705926399589	1705926400664	OK	 
REQUEST		POST /elasticsearch/sheet/insertDoc	1705926399584	1705926400663	OK	 
REQUEST		POST /elasticsearch/sheet/delete	1705926400526	1705926400662	OK	 
REQUEST		PATCH /elasticsearch/workbook/delete	1705926401367	1705926401409	OK	 
USER	ServiceTest	END	1705926401447
REQUEST		POST /elasticsearch/sheet/insertDoc	1705926399567	1705926400660	OK	 
REQUEST		POST /elasticsearch/sheet/insertDoc	1705926399583	1705926400639	OK	 
REQUEST		POST /elasticsearch/sheet/insertDoc	1705926399540	1705926400628	OK	 
REQUEST		POST /elasticsearch/sheet/insertDoc	1705926399541	1705926400609	OK	 
REQUEST		POST /elasticsearch/sheet/delete	1705926400528	1705926400584	OK	 
REQUEST		POST /elasticsearch/sheet/insertDoc	1705926399540	1705926400601	OK	 
REQUEST		POST /elasticsearch/sheet/delete	1705926400529	1705926400600	OK	 
REQUEST		POST /elasticsearch/sheet/delete	1705926400528	1705926400583	OK	 
REQUEST		POST /elasticsearch/sheet/delete	1705926400561	1705926400602	OK	 
REQUEST		POST /elasticsearch/sheet/delete	1705926401422	1705926401472	OK	 
REQUEST		PATCH /elasticsearch/workbook/delete	1705926401406	1705926401446	OK	 
REQUEST		PATCH /elasticsearch/workbook/delete	1705926401481	1705926401524	OK	 
REQUEST		PATCH /elasticsearch/workbook/delete	1705926401394	1705926401433	OK	 
USER	ServiceTest	END	1705926401556
REQUEST		PATCH /elasticsearch/workbook/delete	1705926401394	1705926401430	OK	 
USER	ServiceTest	END	1705926401556
USER	ServiceTest	END	1705926401557
USER	ServiceTest	END	1705926401558
REQUEST		POST /elasticsearch/sheet/delete	1705926401421	1705926401457	OK	 
REQUEST		POST /elasticsearch/sheet/delete	1705926401411	1705926401453	OK	 
REQUEST		POST /elasticsearch/sheet/delete	1705926401470	1705926401507	OK	 
REQUEST		POST /elasticsearch/sheet/delete	1705926401406	1705926401440	OK	 
REQUEST		PATCH /elasticsearch/workbook/delete	1705926401373	1705926401410	OK	 
REQUEST		PATCH /elasticsearch/workbook/delete	1705926401377	1705926401415	OK	 
USER	ServiceTest	END	1705926401577
USER	ServiceTest	END	1705926401577
REQUEST		POST /elasticsearch/sheet/delete	1705926400576	1705926400626	OK	 
REQUEST		POST /elasticsearch/sheet/delete	1705926400527	1705926400676	OK	 
REQUEST		POST /elasticsearch/sheet/delete	1705926400527	1705926400673	OK	 
REQUEST		POST /elasticsearch/sheet/delete	1705926401378	1705926401408	OK	 
REQUEST		POST /elasticsearch/sheet/delete	1705926400567	1705926400626	OK	 
REQUEST		POST /elasticsearch/sheet/delete	1705926400579	1705926400628	OK	 
REQUEST		PATCH /elasticsearch/workbook/delete	1705926401330	1705926401390	OK	 
USER	ServiceTest	END	1705926401599
REQUEST		PATCH /elasticsearch/workbook/delete	1705926401334	1705926401390	OK	 
REQUEST		POST /elasticsearch/sheet/delete	1705926401331	1705926401389	OK	 
REQUEST		POST /elasticsearch/sheet/delete	1705926401344	1705926401389	OK	 
USER	ServiceTest	END	1705926401603
REQUEST		POST /elasticsearch/sheet/delete	1705926401329	1705926401383	OK	 
REQUEST		POST /elasticsearch/sheet/delete	1705926401329	1705926401382	OK	 
REQUEST		POST /elasticsearch/sheet/delete	1705926400532	1705926400682	OK	 
REQUEST		POST /elasticsearch/sheet/delete	1705926401329	1705926401380	OK	 
REQUEST		POST /elasticsearch/sheet/delete	1705926401325	1705926401370	OK	 
REQUEST		POST /elasticsearch/sheet/delete	1705926401312	1705926401361	OK	 
REQUEST		PATCH /elasticsearch/workbook/delete	1705926401607	1705926401646	OK	 
REQUEST		PATCH /elasticsearch/workbook/delete	1705926401606	1705926401638	OK	 
USER	ServiceTest	END	1705926401674
USER	ServiceTest	END	1705926401674
REQUEST		POST /elasticsearch/sheet/delete	1705926401317	1705926401361	OK	 
REQUEST		POST /elasticsearch/sheet/delete	1705926400593	1705926400700	OK	 
REQUEST		PATCH /elasticsearch/workbook/delete	1705926401607	1705926401647	OK	 
USER	ServiceTest	END	1705926401690
REQUEST		POST /elasticsearch/sheet/delete	1705926401146	1705926401178	OK	 
REQUEST		POST /elasticsearch/sheet/delete	1705926401145	1705926401174	OK	 
REQUEST		PATCH /elasticsearch/workbook/delete	1705926401621	1705926401655	OK	 
REQUEST		PATCH /elasticsearch/workbook/delete	1705926401613	1705926401648	OK	 
USER	ServiceTest	END	1705926401706
USER	ServiceTest	END	1705926401707
REQUEST		POST /elasticsearch/insertDoc	1705926401317	1705926401370	OK	 
REQUEST		PATCH /elasticsearch/workbook/delete	1705926401571	1705926401600	OK	 
USER	ServiceTest	END	1705926401711
REQUEST		PATCH /elasticsearch/workbook/delete	1705926401590	1705926401625	OK	 
USER	ServiceTest	END	1705926401712
REQUEST		PATCH /elasticsearch/workbook/delete	1705926401532	1705926401598	OK	 
REQUEST		PATCH /elasticsearch/workbook/delete	1705926401571	1705926401600	OK	 
USER	ServiceTest	END	1705926401714
USER	ServiceTest	END	1705926401714
REQUEST		POST /elasticsearch/sheet/delete	1705926401313	1705926401363	OK	 
REQUEST		POST /elasticsearch/sheet/delete	1705926401331	1705926401382	OK	 
REQUEST		PATCH /elasticsearch/workbook/delete	1705926401527	1705926401596	OK	 
USER	ServiceTest	END	1705926401721
REQUEST		PATCH /elasticsearch/workbook/delete	1705926401547	1705926401591	OK	 
REQUEST		PATCH /elasticsearch/workbook/delete	1705926401544	1705926401591	OK	 
USER	ServiceTest	END	1705926401725
REQUEST		POST /elasticsearch/sheet/delete	1705926401145	1705926401174	OK	 
USER	ServiceTest	END	1705926401726
REQUEST		POST /elasticsearch/sheet/delete	1705926401324	1705926401389	OK	 
REQUEST		PATCH /elasticsearch/workbook/delete	1705926401544	1705926401581	OK	 
USER	ServiceTest	END	1705926401747
REQUEST		PATCH /elasticsearch/workbook/delete	1705926401510	1705926401564	OK	 
USER	ServiceTest	END	1705926401748
REQUEST		PATCH /elasticsearch/workbook/delete	1705926401514	1705926401565	OK	 
USER	ServiceTest	END	1705926401750
REQUEST		PATCH /elasticsearch/workbook/delete	1705926401518	1705926401578	OK	 
REQUEST		POST /elasticsearch/sheet/delete	1705926401407	1705926401444	OK	 
REQUEST		POST /elasticsearch/insertDoc	1705926401152	1705926401183	OK	 
USER	ServiceTest	END	1705926401755
REQUEST		PATCH /elasticsearch/workbook/delete	1705926401492	1705926401537	OK	 
REQUEST		PATCH /elasticsearch/workbook/delete	1705926401493	1705926401562	OK	 
USER	ServiceTest	END	1705926401758
USER	ServiceTest	END	1705926401758
REQUEST		PATCH /elasticsearch/workbook/delete	1705926401503	1705926401563	OK	 
USER	ServiceTest	END	1705926401759
REQUEST		PATCH /elasticsearch/workbook/delete	1705926401672	1705926401720	OK	 
USER	ServiceTest	END	1705926401762
REQUEST		PATCH /elasticsearch/workbook/delete	1705926401664	1705926401726	OK	 
REQUEST		PATCH /elasticsearch/workbook/delete	1705926401673	1705926401718	OK	 
REQUEST		PATCH /elasticsearch/workbook/delete	1705926401492	1705926401535	OK	 
USER	ServiceTest	END	1705926401765
USER	ServiceTest	END	1705926401765
USER	ServiceTest	END	1705926401766
REQUEST		PATCH /elasticsearch/workbook/delete	1705926401459	1705926401488	OK	 
REQUEST		PATCH /elasticsearch/workbook/delete	1705926401479	1705926401516	OK	 
USER	ServiceTest	END	1705926401773
USER	ServiceTest	END	1705926401773
REQUEST		POST /elasticsearch/sheet/delete	1705926401459	1705926401485	OK	 
REQUEST		POST /elasticsearch/sheet/delete	1705926400530	1705926400599	OK	 
REQUEST		PATCH /elasticsearch/workbook/delete	1705926401693	1705926401739	OK	 
REQUEST		PATCH /elasticsearch/workbook/delete	1705926401665	1705926401704	OK	 
USER	ServiceTest	END	1705926401777
REQUEST		PATCH /elasticsearch/workbook/delete	1705926401729	1705926401755	OK	 
USER	ServiceTest	END	1705926401777
USER	ServiceTest	END	1705926401777
REQUEST		PATCH /elasticsearch/workbook/delete	1705926401632	1705926401687	OK	 
USER	ServiceTest	END	1705926401788
REQUEST		PATCH /elasticsearch/workbook/delete	1705926401632	1705926401688	OK	 
USER	ServiceTest	END	1705926401790
REQUEST		PATCH /elasticsearch/workbook/delete	1705926401666	1705926401699	OK	 
USER	ServiceTest	END	1705926401796
REQUEST		PATCH /elasticsearch/workbook/delete	1705926401731	1705926401774	OK	 
USER	ServiceTest	END	1705926401806
REQUEST		PATCH /elasticsearch/workbook/delete	1705926401730	1705926401774	OK	 
USER	ServiceTest	END	1705926401807
REQUEST		POST /elasticsearch/insertDoc	1705926400525	1705926400585	OK	 
REQUEST		POST /elasticsearch/sheet/insertDoc	1705926399793	1705926400894	OK	 
REQUEST		POST /elasticsearch/sheet/insertDoc	1705926399777	1705926400886	OK	 
REQUEST		POST /elasticsearch/sheet/insertDoc	1705926399674	1705926400742	OK	 
REQUEST		POST /elasticsearch/sheet/insertDoc	1705926399839	1705926400921	OK	 
REQUEST		PATCH /elasticsearch/update	1705926400954	1705926400978	OK	 
REQUEST		POST /elasticsearch/sheet/insertDoc	1705926401193	1705926402244	OK	 
REQUEST		POST /elasticsearch/sheet/insertDoc	1705926401188	1705926402245	OK	 
REQUEST		POST /elasticsearch/sheet/insertDoc	1705926401188	1705926402245	OK	 
REQUEST		POST /elasticsearch/sheet/insertDoc	1705926401187	1705926402241	OK	 
REQUEST		POST /elasticsearch/sheet/delete	1705926402247	1705926402268	OK	 
REQUEST		POST /elasticsearch/sheet/delete	1705926402246	1705926402274	OK	 
REQUEST		POST /elasticsearch/sheet/delete	1705926402244	1705926402274	OK	 
REQUEST		POST /elasticsearch/sheet/delete	1705926402247	1705926402274	OK	 
REQUEST		PATCH /elasticsearch/workbook/delete	1705926402273	1705926402304	OK	 
REQUEST		PATCH /elasticsearch/workbook/delete	1705926402277	1705926402309	OK	 
REQUEST		PATCH /elasticsearch/workbook/delete	1705926402279	1705926402308	OK	 
USER	ServiceTest	END	1705926402331
USER	ServiceTest	END	1705926402331
USER	ServiceTest	END	1705926402331
REQUEST		PATCH /elasticsearch/workbook/delete	1705926402277	1705926402314	OK	 
USER	ServiceTest	END	1705926402346
REQUEST		POST /elasticsearch/sheet/insertDoc	1705926399581	1705926400639	OK	 
REQUEST		POST /elasticsearch/sheet/insertDoc	1705926399582	1705926400649	OK	 
REQUEST		POST /elasticsearch/sheet/insertDoc	1705926401447	1705926402477	OK	 
REQUEST		POST /elasticsearch/sheet/insertDoc	1705926401445	1705926402473	OK	 
REQUEST		POST /elasticsearch/sheet/insertDoc	1705926399582	1705926400662	OK	 
REQUEST		POST /elasticsearch/sheet/delete	1705926402476	1705926402500	OK	 
REQUEST		POST /elasticsearch/sheet/insertDoc	1705926401457	1705926402505	OK	 
REQUEST		POST /elasticsearch/sheet/delete	1705926402479	1705926402499	OK	 
REQUEST		POST /elasticsearch/sheet/delete	1705926402507	1705926402524	OK	 
REQUEST		PATCH /elasticsearch/workbook/delete	1705926402502	1705926402524	OK	 
USER	ServiceTest	END	1705926402546
REQUEST		PATCH /elasticsearch/workbook/delete	1705926402503	1705926402528	OK	 
USER	ServiceTest	END	1705926402561
REQUEST		PATCH /elasticsearch/workbook/delete	1705926402526	1705926402545	OK	 
USER	ServiceTest	END	1705926402577
REQUEST		POST /elasticsearch/sheet/insertDoc	1705926399534	1705926400658	OK	 
REQUEST		POST /elasticsearch/sheet/insertDoc	1705926399571	1705926400649	OK	 
REQUEST		POST /elasticsearch/sheet/insertDoc	1705926401577	1705926402606	OK	 
REQUEST		POST /elasticsearch/sheet/insertDoc	1705926401587	1705926402615	OK	 
REQUEST		POST /elasticsearch/sheet/delete	1705926402609	1705926402629	OK	 
REQUEST		POST /elasticsearch/sheet/delete	1705926402618	1705926402638	OK	 
REQUEST		PATCH /elasticsearch/workbook/delete	1705926402640	1705926402659	OK	 
REQUEST		PATCH /elasticsearch/workbook/delete	1705926402630	1705926402651	OK	 
USER	ServiceTest	END	1705926402685
USER	ServiceTest	END	1705926402686
REQUEST		POST /elasticsearch/sheet/insertDoc	1705926400204	1705926401252	OK	 
REQUEST		POST /elasticsearch/sheet/insertDoc	1705926401676	1705926402705	OK	 
REQUEST		POST /elasticsearch/sheet/insertDoc	1705926399738	1705926400798	OK	 
REQUEST		POST /elasticsearch/sheet/insertDoc	1705926399855	1705926400918	OK	 
REQUEST		POST /elasticsearch/sheet/insertDoc	1705926399679	1705926400735	OK	 
REQUEST		POST /elasticsearch/sheet/insertDoc	1705926401697	1705926402728	OK	 
REQUEST		POST /elasticsearch/sheet/delete	1705926402708	1705926402726	OK	 
REQUEST		PATCH /elasticsearch/update	1705926401191	1705926401239	OK	 
REQUEST		PATCH /elasticsearch/workbook/delete	1705926402727	1705926402749	OK	 
REQUEST		POST /elasticsearch/sheet/insertDoc	1705926401709	1705926402746	OK	 
USER	ServiceTest	END	1705926402776
REQUEST		POST /elasticsearch/sheet/insertDoc	1705926401697	1705926402743	OK	 
REQUEST		POST /elasticsearch/sheet/delete	1705926402730	1705926402748	OK	 
REQUEST		PATCH /elasticsearch/workbook/delete	1705926402749	1705926402780	OK	 
USER	ServiceTest	END	1705926402807
REQUEST		POST /elasticsearch/sheet/delete	1705926402748	1705926402777	OK	 
REQUEST		POST /elasticsearch/sheet/delete	1705926402746	1705926402777	OK	 
REQUEST		PATCH /elasticsearch/workbook/delete	1705926402778	1705926402807	OK	 
REQUEST		PATCH /elasticsearch/workbook/delete	1705926402778	1705926402808	OK	 
USER	ServiceTest	END	1705926402838
USER	ServiceTest	END	1705926402838
REQUEST		PATCH /elasticsearch/update	1705926401658	1705926401709	OK	 
REQUEST		PATCH /elasticsearch/update	1705926401725	1705926401755	OK	 
REQUEST		PATCH /elasticsearch/update	1705926401773	1705926401852	OK	 
REQUEST		POST /elasticsearch/sheet/insertDoc	1705926401172	1705926402251	OK	 
REQUEST		POST /elasticsearch/sheet/insertDoc	1705926402290	1705926403313	OK	 
REQUEST		POST /elasticsearch/sheet/delete	1705926403315	1705926403334	OK	 
REQUEST		PATCH /elasticsearch/workbook/delete	1705926403337	1705926403361	OK	 
USER	ServiceTest	END	1705926403392
REQUEST		POST /elasticsearch/sheet/insertDoc	1705926401682	1705926402756	OK	 
REQUEST		POST /elasticsearch/sheet/insertDoc	1705926402793	1705926403813	OK	 
REQUEST		POST /elasticsearch/sheet/delete	1705926403816	1705926403836	OK	 
REQUEST		PATCH /elasticsearch/workbook/delete	1705926403838	1705926403863	OK	 
USER	ServiceTest	END	1705926403888
REQUEST		POST /elasticsearch/sheet/insertDoc	1705926401771	1705926402848	OK	 
REQUEST		POST /elasticsearch/sheet/insertDoc	1705926401782	1705926402853	OK	 
REQUEST		POST /elasticsearch/sheet/insertDoc	1705926402886	1705926403911	OK	 
REQUEST		POST /elasticsearch/sheet/insertDoc	1705926402886	1705926403917	OK	 
REQUEST		POST /elasticsearch/sheet/delete	1705926403914	1705926403937	OK	 
REQUEST		POST /elasticsearch/sheet/delete	1705926403920	1705926403954	OK	 
REQUEST		PATCH /elasticsearch/workbook/delete	1705926403939	1705926403963	OK	 
USER	ServiceTest	END	1705926403994
REQUEST		PATCH /elasticsearch/workbook/delete	1705926403956	1705926403978	OK	 
USER	ServiceTest	END	1705926404010
REQUEST		POST /elasticsearch/sheet/insertDoc	1705926401883	1705926402963	OK	 
REQUEST		POST /elasticsearch/sheet/insertDoc	1705926402993	1705926404022	OK	 
REQUEST		POST /elasticsearch/sheet/delete	1705926404024	1705926404045	OK	 
REQUEST		PATCH /elasticsearch/workbook/delete	1705926404047	1705926404072	OK	 
USER	ServiceTest	END	1705926404102
