RUN	Runner.TDG_UKAF_demo	tdg-ukaf-demo	1707131850658	 	3.7.4
USER	ServiceTest	START	1707131851284
USER	ServiceTest	START	1707131851184
USER	ServiceTest	START	1707131850913
USER	ServiceTest	START	1707131852138
USER	ServiceTest	START	1707131850983
USER	ServiceTest	START	1707131850788
USER	ServiceTest	START	1707131852165
USER	ServiceTest	START	1707131851485
USER	ServiceTest	START	1707131852139
USER	ServiceTest	START	1707131851083
USER	ServiceTest	START	1707131851394
USER	ServiceTest	START	1707131852154
USER	ServiceTest	START	1707131852150
USER	ServiceTest	START	1707131852180
USER	ServiceTest	START	1707131852181
USER	ServiceTest	START	1707131852270
USER	ServiceTest	START	1707131852377
USER	ServiceTest	START	1707131852488
USER	ServiceTest	START	1707131852570
USER	ServiceTest	START	1707131852670
USER	ServiceTest	START	1707131852769
USER	ServiceTest	START	1707131852845
USER	ServiceTest	START	1707131852942
USER	ServiceTest	START	1707131853052
USER	ServiceTest	START	1707131853143
USER	ServiceTest	START	1707131853242
USER	ServiceTest	START	1707131853342
USER	ServiceTest	START	1707131853443
USER	ServiceTest	START	1707131853594
USER	ServiceTest	START	1707131853671
USER	ServiceTest	START	1707131853850
USER	ServiceTest	START	1707131853881
USER	ServiceTest	START	1707131853943
USER	ServiceTest	START	1707131854043
USER	ServiceTest	START	1707131854144
USER	ServiceTest	START	1707131854244
USER	ServiceTest	START	1707131854392
USER	ServiceTest	START	1707131854444
USER	ServiceTest	START	1707131854668
USER	ServiceTest	START	1707131854730
USER	ServiceTest	START	1707131854758
USER	ServiceTest	START	1707131854870
USER	ServiceTest	START	1707131854956
USER	ServiceTest	START	1707131855059
USER	ServiceTest	START	1707131855153
USER	ServiceTest	START	1707131855245
USER	ServiceTest	START	1707131855405
USER	ServiceTest	START	1707131855456
USER	ServiceTest	START	1707131855572
USER	ServiceTest	START	1707131855652
USER	ServiceTest	START	1707131855912
USER	ServiceTest	START	1707131855920
USER	ServiceTest	START	1707131855941
USER	ServiceTest	START	1707131856042
USER	ServiceTest	START	1707131856142
USER	ServiceTest	START	1707131856248
USER	ServiceTest	START	1707131856343
USER	ServiceTest	START	1707131856443
USER	ServiceTest	START	1707131856558
USER	ServiceTest	START	1707131856650
USER	ServiceTest	START	1707131856743
USER	ServiceTest	START	1707131856900
USER	ServiceTest	START	1707131856946
USER	ServiceTest	START	1707131857055
USER	ServiceTest	START	1707131857148
USER	ServiceTest	START	1707131857257
USER	ServiceTest	START	1707131857350
USER	ServiceTest	START	1707131857445
USER	ServiceTest	START	1707131857553
USER	ServiceTest	START	1707131857647
USER	ServiceTest	START	1707131857758
USER	ServiceTest	START	1707131857850
USER	ServiceTest	START	1707131857945
USER	ServiceTest	START	1707131858053
USER	ServiceTest	START	1707131858148
USER	ServiceTest	START	1707131858241
USER	ServiceTest	START	1707131858350
USER	ServiceTest	START	1707131858443
USER	ServiceTest	START	1707131858552
USER	ServiceTest	START	1707131858645
USER	ServiceTest	START	1707131858753
USER	ServiceTest	START	1707131858847
USER	ServiceTest	START	1707131858955
USER	ServiceTest	START	1707131859050
USER	ServiceTest	START	1707131859142
USER	ServiceTest	START	1707131859251
USER	ServiceTest	START	1707131859343
USER	ServiceTest	START	1707131859451
USER	ServiceTest	START	1707131859544
USER	ServiceTest	START	1707131859651
USER	ServiceTest	START	1707131859743
USER	ServiceTest	START	1707131859853
USER	ServiceTest	START	1707131859946
USER	ServiceTest	START	1707131860055
USER	ServiceTest	START	1707131860148
USER	ServiceTest	START	1707131860256
USER	ServiceTest	START	1707131860349
USER	ServiceTest	START	1707131860443
USER	ServiceTest	START	1707131860550
USER	ServiceTest	START	1707131860657
REQUEST		POST /auth/getToken	1707131855191	1707131861800	KO	Features/TDG_UKAF_Chainning.feature:22 method POST
REQUEST		POST /auth/getToken	1707131855190	1707131861786	KO	Features/TDG_UKAF_Chainning.feature:22 method POST
REQUEST		POST /auth/getToken	1707131855191	1707131861805	KO	Features/TDG_UKAF_Chainning.feature:22 method POST
REQUEST		POST /auth/getToken	1707131855459	1707131861786	KO	Features/TDG_UKAF_Chainning.feature:22 method POST
REQUEST		POST /auth/getToken	1707131855200	1707131861805	KO	Features/TDG_UKAF_Chainning.feature:22 method POST
REQUEST		POST /auth/getToken	1707131855190	1707131861793	KO	Features/TDG_UKAF_Chainning.feature:22 method POST
REQUEST		POST /auth/getToken	1707131855190	1707131861793	KO	Features/TDG_UKAF_Chainning.feature:22 method POST
REQUEST		POST /auth/getToken	1707131855190	1707131861788	KO	Features/TDG_UKAF_Chainning.feature:22 method POST
REQUEST		POST /auth/getToken	1707131855190	1707131861786	KO	Features/TDG_UKAF_Chainning.feature:22 method POST
REQUEST		POST /auth/getToken	1707131855190	1707131861809	KO	Features/TDG_UKAF_Chainning.feature:22 method POST
USER	ServiceTest	END	1707131861811
USER	ServiceTest	END	1707131861811
USER	ServiceTest	END	1707131861811
USER	ServiceTest	END	1707131861811
USER	ServiceTest	END	1707131861811
USER	ServiceTest	END	1707131861811
USER	ServiceTest	END	1707131861811
USER	ServiceTest	END	1707131861811
USER	ServiceTest	END	1707131861811
USER	ServiceTest	END	1707131861811
REQUEST		POST /auth/getToken	1707131855302	1707131861817	KO	Features/TDG_UKAF_Chainning.feature:22 method POST
USER	ServiceTest	END	1707131861819
REQUEST		POST /auth/getToken	1707131855190	1707131861821	KO	Features/TDG_UKAF_Chainning.feature:22 method POST
REQUEST		POST /auth/getToken	1707131855190	1707131861820	KO	Features/TDG_UKAF_Chainning.feature:22 method POST
REQUEST		POST /auth/getToken	1707131855632	1707131861821	KO	Features/TDG_UKAF_Chainning.feature:22 method POST
REQUEST		POST /auth/getToken	1707131855191	1707131861820	KO	Features/TDG_UKAF_Chainning.feature:22 method POST
USER	ServiceTest	END	1707131861821
USER	ServiceTest	END	1707131861821
USER	ServiceTest	END	1707131861821
USER	ServiceTest	END	1707131861821
REQUEST		POST /auth/getToken	1707131855190	1707131861824	KO	Features/TDG_UKAF_Chainning.feature:22 method POST
REQUEST		POST /auth/getToken	1707131855190	1707131861825	KO	Features/TDG_UKAF_Chainning.feature:22 method POST
USER	ServiceTest	END	1707131861825
USER	ServiceTest	END	1707131861825
REQUEST		POST /auth/getToken	1707131855190	1707131861834	KO	Features/TDG_UKAF_Chainning.feature:22 method POST
REQUEST		POST /auth/getToken	1707131855188	1707131861835	KO	Features/TDG_UKAF_Chainning.feature:22 method POST
REQUEST		POST /auth/getToken	1707131855191	1707131861836	KO	Features/TDG_UKAF_Chainning.feature:22 method POST
USER	ServiceTest	END	1707131861836
REQUEST		POST /auth/getToken	1707131855190	1707131861836	KO	Features/TDG_UKAF_Chainning.feature:22 method POST
USER	ServiceTest	END	1707131861836
USER	ServiceTest	END	1707131861836
REQUEST		POST /auth/getToken	1707131855190	1707131861837	KO	Features/TDG_UKAF_Chainning.feature:22 method POST
REQUEST		POST /auth/getToken	1707131855190	1707131861838	KO	Features/TDG_UKAF_Chainning.feature:22 method POST
USER	ServiceTest	END	1707131861838
USER	ServiceTest	END	1707131861838
USER	ServiceTest	END	1707131861838
REQUEST		POST /auth/getToken	1707131855190	1707131861840	KO	Features/TDG_UKAF_Chainning.feature:22 method POST
REQUEST		POST /auth/getToken	1707131855190	1707131861841	KO	Features/TDG_UKAF_Chainning.feature:22 method POST
REQUEST		POST /auth/getToken	1707131855191	1707131861842	KO	Features/TDG_UKAF_Chainning.feature:22 method POST
REQUEST		POST /auth/getToken	1707131855190	1707131861842	KO	Features/TDG_UKAF_Chainning.feature:22 method POST
USER	ServiceTest	END	1707131861843
USER	ServiceTest	END	1707131861843
USER	ServiceTest	END	1707131861843
USER	ServiceTest	END	1707131861843
REQUEST		POST /auth/getToken	1707131855190	1707131861849	KO	Features/TDG_UKAF_Chainning.feature:22 method POST
REQUEST		POST /auth/getToken	1707131855190	1707131861850	KO	Features/TDG_UKAF_Chainning.feature:22 method POST
REQUEST		POST /auth/getToken	1707131855190	1707131861851	KO	Features/TDG_UKAF_Chainning.feature:22 method POST
REQUEST		POST /auth/getToken	1707131855190	1707131861852	KO	Features/TDG_UKAF_Chainning.feature:22 method POST
USER	ServiceTest	END	1707131861853
USER	ServiceTest	END	1707131861853
USER	ServiceTest	END	1707131861853
USER	ServiceTest	END	1707131861853
REQUEST		POST /auth/getToken	1707131855190	1707131861855	KO	Features/TDG_UKAF_Chainning.feature:22 method POST
REQUEST		POST /auth/getToken	1707131855190	1707131861855	KO	Features/TDG_UKAF_Chainning.feature:22 method POST
REQUEST		POST /auth/getToken	1707131855190	1707131861855	KO	Features/TDG_UKAF_Chainning.feature:22 method POST
REQUEST		POST /auth/getToken	1707131855190	1707131861855	KO	Features/TDG_UKAF_Chainning.feature:22 method POST
USER	ServiceTest	END	1707131861857
USER	ServiceTest	END	1707131861857
USER	ServiceTest	END	1707131861857
USER	ServiceTest	END	1707131861858
REQUEST		POST /auth/getToken	1707131855190	1707131861867	KO	Features/TDG_UKAF_Chainning.feature:22 method POST
REQUEST		POST /auth/getToken	1707131855190	1707131861868	KO	Features/TDG_UKAF_Chainning.feature:22 method POST
REQUEST		POST /auth/getToken	1707131855183	1707131861867	KO	Features/TDG_UKAF_Chainning.feature:22 method POST
REQUEST		POST /auth/getToken	1707131855190	1707131861867	KO	Features/TDG_UKAF_Chainning.feature:22 method POST
USER	ServiceTest	END	1707131861868
USER	ServiceTest	END	1707131861868
USER	ServiceTest	END	1707131861868
USER	ServiceTest	END	1707131861868
REQUEST		POST /auth/getToken	1707131855520	1707131861869	KO	Features/TDG_UKAF_Chainning.feature:22 method POST
REQUEST		POST /auth/getToken	1707131855190	1707131861869	KO	Features/TDG_UKAF_Chainning.feature:22 method POST
REQUEST		POST /auth/getToken	1707131855190	1707131861870	KO	Features/TDG_UKAF_Chainning.feature:22 method POST
USER	ServiceTest	END	1707131861870
USER	ServiceTest	END	1707131861870
USER	ServiceTest	END	1707131861870
REQUEST		POST /auth/getToken	1707131855689	1707131861871	KO	Features/TDG_UKAF_Chainning.feature:22 method POST
USER	ServiceTest	END	1707131861871
REQUEST		POST /auth/getToken	1707131855190	1707131861882	KO	Features/TDG_UKAF_Chainning.feature:22 method POST
REQUEST		POST /auth/getToken	1707131855190	1707131861885	KO	Features/TDG_UKAF_Chainning.feature:22 method POST
REQUEST		POST /auth/getToken	1707131855191	1707131861885	KO	Features/TDG_UKAF_Chainning.feature:22 method POST
REQUEST		POST /auth/getToken	1707131855190	1707131861888	KO	Features/TDG_UKAF_Chainning.feature:22 method POST
REQUEST		POST /auth/getToken	1707131855190	1707131861890	KO	Features/TDG_UKAF_Chainning.feature:22 method POST
USER	ServiceTest	END	1707131861889
REQUEST		POST /auth/getToken	1707131855190	1707131861890	KO	Features/TDG_UKAF_Chainning.feature:22 method POST
USER	ServiceTest	END	1707131861890
USER	ServiceTest	END	1707131861891
USER	ServiceTest	END	1707131861891
USER	ServiceTest	END	1707131861891
USER	ServiceTest	END	1707131861891
REQUEST		POST /auth/getToken	1707131855190	1707131861915	KO	Features/TDG_UKAF_Chainning.feature:22 method POST
USER	ServiceTest	END	1707131861916
REQUEST		POST /auth/getToken	1707131855933	1707131861946	KO	Features/TDG_UKAF_Chainning.feature:22 method POST
USER	ServiceTest	END	1707131861946
REQUEST		POST /auth/getToken	1707131855940	1707131861962	KO	Features/TDG_UKAF_Chainning.feature:22 method POST
USER	ServiceTest	END	1707131861962
REQUEST		POST /auth/getToken	1707131855960	1707131861977	KO	Features/TDG_UKAF_Chainning.feature:22 method POST
USER	ServiceTest	END	1707131861977
REQUEST		POST /auth/getToken	1707131856071	1707131862087	KO	Features/TDG_UKAF_Chainning.feature:22 method POST
USER	ServiceTest	END	1707131862087
REQUEST		POST /auth/getToken	1707131856198	1707131862210	KO	Features/TDG_UKAF_Chainning.feature:22 method POST
USER	ServiceTest	END	1707131862212
REQUEST		POST /auth/getToken	1707131856269	1707131862288	KO	Features/TDG_UKAF_Chainning.feature:22 method POST
USER	ServiceTest	END	1707131862289
REQUEST		POST /auth/getToken	1707131856361	1707131862381	KO	Features/TDG_UKAF_Chainning.feature:22 method POST
USER	ServiceTest	END	1707131862384
REQUEST		POST /auth/getToken	1707131856486	1707131862505	KO	Features/TDG_UKAF_Chainning.feature:22 method POST
USER	ServiceTest	END	1707131862505
REQUEST		POST /auth/getToken	1707131856576	1707131862599	KO	Features/TDG_UKAF_Chainning.feature:22 method POST
USER	ServiceTest	END	1707131862598
REQUEST		POST /auth/getToken	1707131856700	1707131862710	KO	Features/TDG_UKAF_Chainning.feature:22 method POST
USER	ServiceTest	END	1707131862711
REQUEST		POST /auth/getToken	1707131856759	1707131862770	KO	Features/TDG_UKAF_Chainning.feature:22 method POST
USER	ServiceTest	END	1707131862770
REQUEST		POST /auth/getToken	1707131856927	1707131862941	KO	Features/TDG_UKAF_Chainning.feature:22 method POST
USER	ServiceTest	END	1707131862941
REQUEST		POST /auth/getToken	1707131856965	1707131862971	KO	Features/TDG_UKAF_Chainning.feature:22 method POST
USER	ServiceTest	END	1707131862971
REQUEST		POST /auth/getToken	1707131857069	1707131863080	KO	Features/TDG_UKAF_Chainning.feature:22 method POST
USER	ServiceTest	END	1707131863080
REQUEST		POST /auth/getToken	1707131857171	1707131863188	KO	Features/TDG_UKAF_Chainning.feature:22 method POST
USER	ServiceTest	END	1707131863189
REQUEST		POST /auth/getToken	1707131857277	1707131863282	KO	Features/TDG_UKAF_Chainning.feature:22 method POST
USER	ServiceTest	END	1707131863282
REQUEST		POST /auth/getToken	1707131857373	1707131863391	KO	Features/TDG_UKAF_Chainning.feature:22 method POST
USER	ServiceTest	END	1707131863391
REQUEST		POST /auth/getToken	1707131857464	1707131863484	KO	Features/TDG_UKAF_Chainning.feature:22 method POST
USER	ServiceTest	END	1707131863485
REQUEST		POST /auth/getToken	1707131857577	1707131863594	KO	Features/TDG_UKAF_Chainning.feature:22 method POST
USER	ServiceTest	END	1707131863594
REQUEST		POST /auth/getToken	1707131857673	1707131863686	KO	Features/TDG_UKAF_Chainning.feature:22 method POST
USER	ServiceTest	END	1707131863686
REQUEST		POST /auth/getToken	1707131857786	1707131863797	KO	Features/TDG_UKAF_Chainning.feature:22 method POST
USER	ServiceTest	END	1707131863797
REQUEST		POST /auth/getToken	1707131857869	1707131863889	KO	Features/TDG_UKAF_Chainning.feature:22 method POST
USER	ServiceTest	END	1707131863889
REQUEST		POST /auth/getToken	1707131857967	1707131863983	KO	Features/TDG_UKAF_Chainning.feature:22 method POST
USER	ServiceTest	END	1707131863982
REQUEST		POST /auth/getToken	1707131858071	1707131864091	KO	Features/TDG_UKAF_Chainning.feature:22 method POST
USER	ServiceTest	END	1707131864092
REQUEST		POST /auth/getToken	1707131858167	1707131864184	KO	Features/TDG_UKAF_Chainning.feature:22 method POST
USER	ServiceTest	END	1707131864185
REQUEST		POST /auth/getToken	1707131858265	1707131864277	KO	Features/TDG_UKAF_Chainning.feature:22 method POST
USER	ServiceTest	END	1707131864278
REQUEST		POST /auth/getToken	1707131858368	1707131864385	KO	Features/TDG_UKAF_Chainning.feature:22 method POST
USER	ServiceTest	END	1707131864385
REQUEST		POST /auth/getToken	1707131858455	1707131864479	KO	Features/TDG_UKAF_Chainning.feature:22 method POST
USER	ServiceTest	END	1707131864479
REQUEST		POST /auth/getToken	1707131858572	1707131864588	KO	Features/TDG_UKAF_Chainning.feature:22 method POST
USER	ServiceTest	END	1707131864588
REQUEST		POST /auth/getToken	1707131858658	1707131864666	KO	Features/TDG_UKAF_Chainning.feature:22 method POST
USER	ServiceTest	END	1707131864666
REQUEST		POST /auth/getToken	1707131858775	1707131864789	KO	Features/TDG_UKAF_Chainning.feature:22 method POST
USER	ServiceTest	END	1707131864790
REQUEST		POST /auth/getToken	1707131858860	1707131864868	KO	Features/TDG_UKAF_Chainning.feature:22 method POST
USER	ServiceTest	END	1707131864868
REQUEST		POST /auth/getToken	1707131858980	1707131864991	KO	Features/TDG_UKAF_Chainning.feature:22 method POST
USER	ServiceTest	END	1707131864991
REQUEST		POST /auth/getToken	1707131859065	1707131865084	KO	Features/TDG_UKAF_Chainning.feature:22 method POST
USER	ServiceTest	END	1707131865085
REQUEST		POST /auth/getToken	1707131859162	1707131865176	KO	Features/TDG_UKAF_Chainning.feature:22 method POST
USER	ServiceTest	END	1707131865177
REQUEST		POST /auth/getToken	1707131859270	1707131865286	KO	Features/TDG_UKAF_Chainning.feature:22 method POST
USER	ServiceTest	END	1707131865287
REQUEST		POST /auth/getToken	1707131859362	1707131865378	KO	Features/TDG_UKAF_Chainning.feature:22 method POST
USER	ServiceTest	END	1707131865379
REQUEST		POST /auth/getToken	1707131859470	1707131865487	KO	Features/TDG_UKAF_Chainning.feature:22 method POST
USER	ServiceTest	END	1707131865488
REQUEST		POST /auth/getToken	1707131859557	1707131865565	KO	Features/TDG_UKAF_Chainning.feature:22 method POST
USER	ServiceTest	END	1707131865565
REQUEST		POST /auth/getToken	1707131859667	1707131865690	KO	Features/TDG_UKAF_Chainning.feature:22 method POST
USER	ServiceTest	END	1707131865691
REQUEST		POST /auth/getToken	1707131859771	1707131865782	KO	Features/TDG_UKAF_Chainning.feature:22 method POST
USER	ServiceTest	END	1707131865782
REQUEST		POST /auth/getToken	1707131859881	1707131865905	KO	Features/TDG_UKAF_Chainning.feature:22 method POST
USER	ServiceTest	END	1707131865906
REQUEST		POST /auth/getToken	1707131859961	1707131865968	KO	Features/TDG_UKAF_Chainning.feature:22 method POST
USER	ServiceTest	END	1707131865969
REQUEST		POST /auth/getToken	1707131860074	1707131866093	KO	Features/TDG_UKAF_Chainning.feature:22 method POST
USER	ServiceTest	END	1707131866093
REQUEST		POST /auth/getToken	1707131860163	1707131866185	KO	Features/TDG_UKAF_Chainning.feature:22 method POST
USER	ServiceTest	END	1707131866186
REQUEST		POST /auth/getToken	1707131860276	1707131866295	KO	Features/TDG_UKAF_Chainning.feature:22 method POST
USER	ServiceTest	END	1707131866295
REQUEST		POST /auth/getToken	1707131860370	1707131866387	KO	Features/TDG_UKAF_Chainning.feature:22 method POST
USER	ServiceTest	END	1707131866387
REQUEST		POST /auth/getToken	1707131860463	1707131866482	KO	Features/TDG_UKAF_Chainning.feature:22 method POST
USER	ServiceTest	END	1707131866482
REQUEST		POST /auth/getToken	1707131860567	1707131866575	KO	Features/TDG_UKAF_Chainning.feature:22 method POST
USER	ServiceTest	END	1707131866575
REQUEST		POST /auth/getToken	1707131860672	1707131866684	KO	Features/TDG_UKAF_Chainning.feature:22 method POST
USER	ServiceTest	END	1707131866685
Failed due to the 'ko' value exceeded the threshold: 100
