ASSERTION	AAMAAQ1jcmVhdGVBbmRSZWFkAgADBQAAAAAAAAAAAA==
RUN	Runner.CatsChainedSimulation	catschainedsimulation	1696492813396	test	3.7.4
USER	createAndRead	START	1696492818519
USER	createAndRead	START	1696492818519
USER	createAndRead	START	1696492818519
USER	createAndRead	START	1696492818519
USER	createAndRead	START	1696492818519
USER	createAndRead	START	1696492818519
USER	createAndRead	START	1696492818527
USER	createAndRead	START	1696492818519
USER	createAndRead	START	1696492818527
USER	createAndRead	START	1696492818528
USER	createAndRead	START	1696492818519
GROUP	createAndRead	1696492818522	1696492818666	0	KO
USER	createAndRead	END	1696492818669
GROUP	createAndRead	1696492818522	1696492818682	0	KO
USER	createAndRead	END	1696492818682
GROUP	createAndRead	1696492818527	1696492818697	0	KO
USER	createAndRead	END	1696492818697
GROUP	createAndRead	1696492818522	1696492818714	0	KO
USER	createAndRead	END	1696492818714
GROUP	createAndRead	1696492818522	1696492818717	0	KO
USER	createAndRead	END	1696492818718
GROUP	createAndRead	1696492818522	1696492818723	0	KO
USER	createAndRead	END	1696492818723
GROUP	createAndRead	1696492818522	1696492818725	0	KO
USER	createAndRead	END	1696492818725
GROUP	createAndRead	1696492818522	1696492818729	0	KO
USER	createAndRead	END	1696492818729
GROUP	createAndRead	1696492818522	1696492818737	0	KO
USER	createAndRead	END	1696492818737
GROUP	createAndRead	1696492818527	1696492818747	0	KO
USER	createAndRead	END	1696492818748
GROUP	createAndRead	1696492818528	1696492818750	0	KO
USER	createAndRead	END	1696492818750
USER	createAndRead	START	1696492819009
GROUP	createAndRead	1696492819009	1696492819019	0	KO
USER	createAndRead	END	1696492819019
USER	createAndRead	START	1696492819508
GROUP	createAndRead	1696492819508	1696492819519	0	KO
USER	createAndRead	END	1696492819520
USER	createAndRead	START	1696492819990
GROUP	createAndRead	1696492819990	1696492820004	0	KO
USER	createAndRead	END	1696492820004
USER	createAndRead	START	1696492820502
GROUP	createAndRead	1696492820502	1696492820513	0	KO
USER	createAndRead	END	1696492820513
USER	createAndRead	START	1696492821499
GROUP	createAndRead	1696492821499	1696492821508	0	KO
USER	createAndRead	END	1696492821509
USER	createAndRead	START	1696492822000
GROUP	createAndRead	1696492822000	1696492822028	0	KO
USER	createAndRead	END	1696492822028
USER	createAndRead	START	1696492822496
GROUP	createAndRead	1696492822496	1696492822503	0	KO
USER	createAndRead	END	1696492822504
USER	createAndRead	START	1696492822996
GROUP	createAndRead	1696492822996	1696492823004	0	KO
USER	createAndRead	END	1696492823004
USER	createAndRead	START	1696492823494
GROUP	createAndRead	1696492823494	1696492823502	0	KO
USER	createAndRead	END	1696492823502
USER	createAndRead	START	1696492824501
GROUP	createAndRead	1696492824501	1696492824509	0	KO
USER	createAndRead	END	1696492824509
USER	createAndRead	START	1696492824999
GROUP	createAndRead	1696492824999	1696492825007	0	KO
USER	createAndRead	END	1696492825007
USER	createAndRead	START	1696492825514
GROUP	createAndRead	1696492825514	1696492825522	0	KO
USER	createAndRead	END	1696492825522
USER	createAndRead	START	1696492825996
GROUP	createAndRead	1696492825996	1696492826003	0	KO
USER	createAndRead	END	1696492826003
USER	createAndRead	START	1696492826493
GROUP	createAndRead	1696492826493	1696492826502	0	KO
USER	createAndRead	END	1696492826502
USER	createAndRead	START	1696492827503
GROUP	createAndRead	1696492827503	1696492827512	0	KO
USER	createAndRead	END	1696492827512
USER	createAndRead	START	1696492828001
GROUP	createAndRead	1696492828001	1696492828009	0	KO
USER	createAndRead	END	1696492828009
USER	createAndRead	START	1696492828502
GROUP	createAndRead	1696492828502	1696492828521	0	KO
USER	createAndRead	END	1696492828522
USER	createAndRead	START	1696492829000
GROUP	createAndRead	1696492829000	1696492829008	0	KO
USER	createAndRead	END	1696492829008
USER	createAndRead	START	1696492829502
GROUP	createAndRead	1696492829502	1696492829513	0	KO
USER	createAndRead	END	1696492829513
USER	createAndRead	START	1696492830498
GROUP	createAndRead	1696492830498	1696492830505	0	KO
USER	createAndRead	END	1696492830505
USER	createAndRead	START	1696492830997
GROUP	createAndRead	1696492830997	1696492831004	0	KO
USER	createAndRead	END	1696492831004
USER	createAndRead	START	1696492831495
GROUP	createAndRead	1696492831495	1696492831503	0	KO
USER	createAndRead	END	1696492831503
USER	createAndRead	START	1696492831993
GROUP	createAndRead	1696492831994	1696492832003	0	KO
USER	createAndRead	END	1696492832003
USER	createAndRead	START	1696492832492
GROUP	createAndRead	1696492832492	1696492832499	0	KO
USER	createAndRead	END	1696492832499
USER	createAndRead	START	1696492833493
GROUP	createAndRead	1696492833493	1696492833500	0	KO
USER	createAndRead	END	1696492833500
USER	createAndRead	START	1696492833993
GROUP	createAndRead	1696492833993	1696492834000	0	KO
USER	createAndRead	END	1696492834000
USER	createAndRead	START	1696492834502
GROUP	createAndRead	1696492834502	1696492834509	0	KO
USER	createAndRead	END	1696492834509
USER	createAndRead	START	1696492834999
GROUP	createAndRead	1696492834999	1696492835007	0	KO
USER	createAndRead	END	1696492835007
USER	createAndRead	START	1696492835504
GROUP	createAndRead	1696492835504	1696492835510	0	KO
USER	createAndRead	END	1696492835510
USER	createAndRead	START	1696492836494
GROUP	createAndRead	1696492836494	1696492836501	0	KO
USER	createAndRead	END	1696492836501
USER	createAndRead	START	1696492836994
GROUP	createAndRead	1696492836994	1696492837003	0	KO
USER	createAndRead	END	1696492837003
USER	createAndRead	START	1696492837492
GROUP	createAndRead	1696492837492	1696492837499	0	KO
USER	createAndRead	END	1696492837499
USER	createAndRead	START	1696492837990
GROUP	createAndRead	1696492837990	1696492837998	0	KO
USER	createAndRead	END	1696492837998
USER	createAndRead	START	1696492838490
GROUP	createAndRead	1696492838490	1696492838497	0	KO
USER	createAndRead	END	1696492838497
USER	createAndRead	START	1696492839501
GROUP	createAndRead	1696492839501	1696492839508	0	KO
USER	createAndRead	END	1696492839508
USER	createAndRead	START	1696492840000
GROUP	createAndRead	1696492840000	1696492840007	0	KO
USER	createAndRead	END	1696492840007
USER	createAndRead	START	1696492840504
GROUP	createAndRead	1696492840504	1696492840511	0	KO
USER	createAndRead	END	1696492840511
USER	createAndRead	START	1696492840993
GROUP	createAndRead	1696492840993	1696492841007	0	KO
USER	createAndRead	END	1696492841007
USER	createAndRead	START	1696492841503
GROUP	createAndRead	1696492841503	1696492841513	0	KO
USER	createAndRead	END	1696492841513
USER	createAndRead	START	1696492842502
GROUP	createAndRead	1696492842502	1696492842513	0	KO
USER	createAndRead	END	1696492842513
USER	createAndRead	START	1696492842997
GROUP	createAndRead	1696492842997	1696492843002	0	KO
USER	createAndRead	END	1696492843002
USER	createAndRead	START	1696492843495
GROUP	createAndRead	1696492843495	1696492843504	0	KO
USER	createAndRead	END	1696492843504
USER	createAndRead	START	1696492843989
GROUP	createAndRead	1696492843989	1696492843999	0	KO
USER	createAndRead	END	1696492843999
USER	createAndRead	START	1696492844502
GROUP	createAndRead	1696492844502	1696492844509	0	KO
USER	createAndRead	END	1696492844509
USER	createAndRead	START	1696492845494
GROUP	createAndRead	1696492845494	1696492845505	0	KO
USER	createAndRead	END	1696492845505
USER	createAndRead	START	1696492846004
GROUP	createAndRead	1696492846004	1696492846016	0	KO
USER	createAndRead	END	1696492846016
USER	createAndRead	START	1696492846503
GROUP	createAndRead	1696492846504	1696492846512	0	KO
USER	createAndRead	END	1696492846512
USER	createAndRead	START	1696492846998
GROUP	createAndRead	1696492846998	1696492847010	0	KO
USER	createAndRead	END	1696492847010
USER	createAndRead	START	1696492847513
GROUP	createAndRead	1696492847513	1696492847525	0	KO
USER	createAndRead	END	1696492847525
