RUN	Runner.Demo3	demo3	1707915953262	 	3.7.4
USER	UKAF_EndToEnd	START	1707915953585
USER	UKAF_EndToEnd	START	1707915953878
USER	UKAF_EndToEnd	START	1707915953477
USER	UKAF_EndToEnd	START	1707915953996
USER	UKAF_EndToEnd	START	1707915953778
USER	UKAF_EndToEnd	START	1707915954080
USER	UKAF_EndToEnd	START	1707915953678
USER	UKAF_EndToEnd	START	1707915955239
USER	UKAF_EndToEnd	START	1707915953379
USER	UKAF_EndToEnd	START	1707915955245
REQUEST	UKAF_EndToEnd,01_HomePage	POST /auth/getToken	1707915958649	1707915958978	OK	 
REQUEST	UKAF_EndToEnd,01_HomePage	POST /auth/getToken	1707915958649	1707915958927	OK	 
REQUEST	UKAF_EndToEnd,01_HomePage	POST /auth/getToken	1707915958650	1707915958886	OK	 
REQUEST	UKAF_EndToEnd,01_HomePage	POST /auth/getToken	1707915958650	1707915959045	OK	 
REQUEST	UKAF_EndToEnd,01_HomePage	POST /auth/getToken	1707915958649	1707915958921	OK	 
REQUEST	UKAF_EndToEnd,01_HomePage	POST /auth/getToken	1707915958650	1707915958964	OK	 
REQUEST	UKAF_EndToEnd,01_HomePage	POST /auth/getToken	1707915958649	1707915958971	OK	 
REQUEST	UKAF_EndToEnd,01_HomePage	POST /auth/getToken	1707915958650	1707915958877	OK	 
REQUEST	UKAF_EndToEnd,01_HomePage	POST /auth/getToken	1707915958650	1707915958943	OK	 
REQUEST	UKAF_EndToEnd,01_HomePage	POST /auth/getToken	1707915958650	1707915958979	OK	 
REQUEST	UKAF_EndToEnd,01_HomePage	POST /notification/getNotifications	1707915958996	1707915959611	OK	 
REQUEST	UKAF_EndToEnd,01_HomePage	POST /notification/getNotifications	1707915959023	1707915959626	OK	 
REQUEST	UKAF_EndToEnd,01_HomePage	POST /notification/getNotifications	1707915959054	1707915959681	OK	 
REQUEST	UKAF_EndToEnd,01_HomePage	POST /notification/getNotifications	1707915959004	1707915959674	OK	 
REQUEST	UKAF_EndToEnd,01_HomePage	POST /notification/getNotifications	1707915959014	1707915959679	OK	 
REQUEST	UKAF_EndToEnd,01_HomePage	POST /notification/getNotifications	1707915959085	1707915959728	OK	 
REQUEST	UKAF_EndToEnd,01_HomePage	POST /notification/getNotifications	1707915959091	1707915959727	OK	 
REQUEST	UKAF_EndToEnd,01_HomePage	POST /notification/getNotifications	1707915959093	1707915959753	OK	 
REQUEST	UKAF_EndToEnd,01_HomePage	POST /notification/getNotifications	1707915959024	1707915959692	OK	 
REQUEST	UKAF_EndToEnd,01_HomePage	POST /notification/getNotifications	1707915959083	1707915959723	OK	 
REQUEST	UKAF_EndToEnd,01_HomePage	POST /access/getAccessInfo	1707915959622	1707915959771	OK	 
REQUEST	UKAF_EndToEnd,01_HomePage	POST /elasticsearch/workbook	1707915959785	1707915965845	KO	Features/01_HomePage.feature:39 method POST
REQUEST	UKAF_EndToEnd,01_HomePage	POST /access/getAccessInfo	1707915959632	1707915959809	OK	 
REQUEST	UKAF_EndToEnd,01_HomePage	POST /elasticsearch/workbook	1707915959815	1707915965861	KO	Features/01_HomePage.feature:39 method POST
GROUP	UKAF_EndToEnd,01_HomePage	1707915953383	1707915965862	0	KO
GROUP	UKAF_EndToEnd,01_HomePage	1707915953585	1707915965863	0	KO
GROUP	UKAF_EndToEnd	1707915953381	1707915965863	0	KO
GROUP	UKAF_EndToEnd	1707915953585	1707915965864	0	KO
USER	UKAF_EndToEnd	END	1707915965867
USER	UKAF_EndToEnd	END	1707915965868
USER	UKAF_EndToEnd	START	1707915965870
USER	UKAF_EndToEnd	START	1707915965868
REQUEST	UKAF_EndToEnd,01_HomePage	POST /access/getAccessInfo	1707915959687	1707915959866	OK	 
REQUEST	UKAF_EndToEnd,01_HomePage	POST /elasticsearch/workbook	1707915959871	1707915965967	KO	Features/01_HomePage.feature:39 method POST
GROUP	UKAF_EndToEnd,01_HomePage	1707915954080	1707915965974	0	KO
GROUP	UKAF_EndToEnd	1707915954080	1707915965974	0	KO
USER	UKAF_EndToEnd	END	1707915965974
USER	UKAF_EndToEnd	START	1707915965977
REQUEST	UKAF_EndToEnd,01_HomePage	POST /access/getAccessInfo	1707915959709	1707915959884	OK	 
REQUEST	UKAF_EndToEnd,01_HomePage	POST /elasticsearch/workbook	1707915959889	1707915965984	KO	Features/01_HomePage.feature:39 method POST
GROUP	UKAF_EndToEnd,01_HomePage	1707915953996	1707915965989	0	KO
GROUP	UKAF_EndToEnd	1707915953996	1707915965989	0	KO
REQUEST	UKAF_EndToEnd,01_HomePage	POST /access/getAccessInfo	1707915959722	1707915959880	OK	 
REQUEST	UKAF_EndToEnd,01_HomePage	POST /elasticsearch/workbook	1707915959892	1707915966014	KO	Features/01_HomePage.feature:39 method POST
USER	UKAF_EndToEnd	END	1707915965989
REQUEST	UKAF_EndToEnd,01_HomePage	POST /access/getAccessInfo	1707915959772	1707915959925	OK	 
REQUEST	UKAF_EndToEnd,01_HomePage	POST /elasticsearch/workbook	1707915959938	1707915966016	KO	Features/01_HomePage.feature:39 method POST
GROUP	UKAF_EndToEnd,01_HomePage	1707915955245	1707915966018	0	KO
GROUP	UKAF_EndToEnd	1707915955245	1707915966018	0	KO
REQUEST	UKAF_EndToEnd,01_HomePage	POST /access/getAccessInfo	1707915959733	1707915959909	OK	 
REQUEST	UKAF_EndToEnd,01_HomePage	POST /elasticsearch/workbook	1707915959913	1707915966018	KO	Features/01_HomePage.feature:39 method POST
USER	UKAF_EndToEnd	END	1707915966018
GROUP	UKAF_EndToEnd,01_HomePage	1707915953778	1707915966021	0	KO
GROUP	UKAF_EndToEnd	1707915953778	1707915966021	0	KO
USER	UKAF_EndToEnd	START	1707915966019
GROUP	UKAF_EndToEnd,01_HomePage	1707915953678	1707915966022	0	KO
GROUP	UKAF_EndToEnd	1707915953678	1707915966022	0	KO
USER	UKAF_EndToEnd	START	1707915966022
REQUEST	UKAF_EndToEnd,01_HomePage	POST /access/getAccessInfo	1707915959714	1707915959910	OK	 
REQUEST	UKAF_EndToEnd,01_HomePage	POST /elasticsearch/workbook	1707915959955	1707915966029	KO	Features/01_HomePage.feature:39 method POST
USER	UKAF_EndToEnd	END	1707915966021
USER	UKAF_EndToEnd	START	1707915966040
GROUP	UKAF_EndToEnd,01_HomePage	1707915953477	1707915966040	0	KO
GROUP	UKAF_EndToEnd	1707915953477	1707915966051	0	KO
REQUEST	UKAF_EndToEnd,01_HomePage	POST /access/getAccessInfo	1707915959760	1707915959912	OK	 
REQUEST	UKAF_EndToEnd,01_HomePage	POST /elasticsearch/workbook	1707915959917	1707915966059	KO	Features/01_HomePage.feature:39 method POST
REQUEST	UKAF_EndToEnd,01_HomePage	POST /access/getAccessInfo	1707915959736	1707915959919	OK	 
REQUEST	UKAF_EndToEnd,01_HomePage	POST /elasticsearch/workbook	1707915959959	1707915966056	KO	Features/01_HomePage.feature:39 method POST
USER	UKAF_EndToEnd	END	1707915966022
GROUP	UKAF_EndToEnd,01_HomePage	1707915953878	1707915966074	0	KO
GROUP	UKAF_EndToEnd	1707915953878	1707915966074	0	KO
GROUP	UKAF_EndToEnd,01_HomePage	1707915955240	1707915966074	0	KO
GROUP	UKAF_EndToEnd	1707915955240	1707915966074	0	KO
USER	UKAF_EndToEnd	START	1707915966074
USER	UKAF_EndToEnd	END	1707915966051
USER	UKAF_EndToEnd	START	1707915966156
USER	UKAF_EndToEnd	END	1707915966074
USER	UKAF_EndToEnd	START	1707915966171
USER	UKAF_EndToEnd	END	1707915966074
USER	UKAF_EndToEnd	START	1707915966205
REQUEST	UKAF_EndToEnd,01_HomePage	POST /auth/getToken	1707915966002	1707915966214	OK	 
REQUEST	UKAF_EndToEnd,01_HomePage	POST /auth/getToken	1707915966075	1707915966215	OK	 
REQUEST	UKAF_EndToEnd,01_HomePage	POST /auth/getToken	1707915966084	1707915966196	OK	 
REQUEST	UKAF_EndToEnd,01_HomePage	POST /notification/getNotifications	1707915966218	1707915966363	OK	 
REQUEST	UKAF_EndToEnd,01_HomePage	POST /auth/getToken	1707915966074	1707915966230	OK	 
REQUEST	UKAF_EndToEnd,01_HomePage	POST /notification/getNotifications	1707915966242	1707915966381	OK	 
REQUEST	UKAF_EndToEnd,01_HomePage	POST /auth/getToken	1707915965942	1707915966182	OK	 
REQUEST	UKAF_EndToEnd,01_HomePage	POST /auth/getToken	1707915965935	1707915966196	OK	 
REQUEST	UKAF_EndToEnd,01_HomePage	POST /notification/getNotifications	1707915966209	1707915966404	OK	 
REQUEST	UKAF_EndToEnd,01_HomePage	POST /auth/getToken	1707915966337	1707915966634	OK	 
REQUEST	UKAF_EndToEnd,01_HomePage	POST /auth/getToken	1707915966592	1707915966682	OK	 
REQUEST	UKAF_EndToEnd,01_HomePage	POST /notification/getNotifications	1707915966238	1707915966406	OK	 
REQUEST	UKAF_EndToEnd,01_HomePage	POST /notification/getNotifications	1707915966190	1707915966433	OK	 
REQUEST	UKAF_EndToEnd,01_HomePage	POST /notification/getNotifications	1707915966208	1707915966432	OK	 
REQUEST	UKAF_EndToEnd,01_HomePage	POST /auth/getToken	1707915966726	1707915966821	OK	 
REQUEST	UKAF_EndToEnd,01_HomePage	POST /notification/getNotifications	1707915966719	1707915966851	OK	 
REQUEST	UKAF_EndToEnd,01_HomePage	POST /notification/getNotifications	1707915966641	1707915966830	OK	 
REQUEST	UKAF_EndToEnd,01_HomePage	POST /notification/getNotifications	1707915966839	1707915966973	OK	 
REQUEST	UKAF_EndToEnd,01_HomePage	POST /auth/getToken	1707915966920	1707915967085	OK	 
REQUEST	UKAF_EndToEnd,01_HomePage	POST /notification/getNotifications	1707915967093	1707915967219	OK	 
REQUEST	UKAF_EndToEnd,01_HomePage	POST /access/getAccessInfo	1707915966373	1707915966501	OK	 
REQUEST	UKAF_EndToEnd,01_HomePage	POST /elasticsearch/workbook	1707915966512	1707915972612	KO	Features/01_HomePage.feature:39 method POST
GROUP	UKAF_EndToEnd,01_HomePage	1707915965978	1707915972613	0	KO
GROUP	UKAF_EndToEnd	1707915965978	1707915972613	0	KO
USER	UKAF_EndToEnd	END	1707915972613
USER	UKAF_EndToEnd	START	1707915972614
REQUEST	UKAF_EndToEnd,01_HomePage	POST /access/getAccessInfo	1707915966470	1707915966607	OK	 
REQUEST	UKAF_EndToEnd,01_HomePage	POST /elasticsearch/workbook	1707915966617	1707915972654	KO	Features/01_HomePage.feature:39 method POST
GROUP	UKAF_EndToEnd,01_HomePage	1707915966019	1707915972655	0	KO
GROUP	UKAF_EndToEnd	1707915966019	1707915972655	0	KO
USER	UKAF_EndToEnd	END	1707915972655
USER	UKAF_EndToEnd	START	1707915972655
REQUEST	UKAF_EndToEnd,01_HomePage	POST /access/getAccessInfo	1707915966656	1707915966791	OK	 
REQUEST	UKAF_EndToEnd,01_HomePage	POST /elasticsearch/workbook	1707915966796	1707915972853	KO	Features/01_HomePage.feature:39 method POST
GROUP	UKAF_EndToEnd,01_HomePage	1707915966041	1707915973505	0	KO
GROUP	UKAF_EndToEnd	1707915966041	1707915973505	0	KO
USER	UKAF_EndToEnd	END	1707915973505
USER	UKAF_EndToEnd	START	1707915973505
REQUEST	UKAF_EndToEnd,01_HomePage	POST /access/getAccessInfo	1707915966753	1707915966883	OK	 
REQUEST	UKAF_EndToEnd,01_HomePage	POST /elasticsearch/workbook	1707915966888	1707915972929	KO	Features/01_HomePage.feature:39 method POST
GROUP	UKAF_EndToEnd,01_HomePage	1707915965870	1707915973511	0	KO
GROUP	UKAF_EndToEnd	1707915965870	1707915973511	0	KO
USER	UKAF_EndToEnd	END	1707915973511
USER	UKAF_EndToEnd	START	1707915973520
REQUEST	UKAF_EndToEnd,01_HomePage	POST /access/getAccessInfo	1707915966702	1707915966866	OK	 
REQUEST	UKAF_EndToEnd,01_HomePage	POST /elasticsearch/workbook	1707915966869	1707915972929	KO	Features/01_HomePage.feature:39 method POST
GROUP	UKAF_EndToEnd,01_HomePage	1707915966022	1707915973556	0	KO
GROUP	UKAF_EndToEnd	1707915966022	1707915973556	0	KO
REQUEST	UKAF_EndToEnd,01_HomePage	POST /auth/getToken	1707915972649	1707915972716	OK	 
USER	UKAF_EndToEnd	END	1707915973556
USER	UKAF_EndToEnd	START	1707915973590
REQUEST	UKAF_EndToEnd,01_HomePage	POST /auth/getToken	1707915972679	1707915972759	OK	 
REQUEST	UKAF_EndToEnd,01_HomePage	POST /access/getAccessInfo	1707915966741	1707915966886	OK	 
REQUEST	UKAF_EndToEnd,01_HomePage	POST /elasticsearch/workbook	1707915966891	1707915972949	KO	Features/01_HomePage.feature:39 method POST
GROUP	UKAF_EndToEnd,01_HomePage	1707915965868	1707915973634	0	KO
GROUP	UKAF_EndToEnd	1707915965868	1707915973634	0	KO
USER	UKAF_EndToEnd	END	1707915973634
USER	UKAF_EndToEnd	START	1707915973635
REQUEST	UKAF_EndToEnd,01_HomePage	POST /access/getAccessInfo	1707915966857	1707915967015	OK	 
REQUEST	UKAF_EndToEnd,01_HomePage	POST /elasticsearch/workbook	1707915967023	1707915973098	KO	Features/01_HomePage.feature:39 method POST
GROUP	UKAF_EndToEnd,01_HomePage	1707915966074	1707915973696	0	KO
GROUP	UKAF_EndToEnd	1707915966074	1707915973696	0	KO
USER	UKAF_EndToEnd	END	1707915973696
USER	UKAF_EndToEnd	START	1707915973696
REQUEST	UKAF_EndToEnd,01_HomePage	POST /notification/getNotifications	1707915973415	1707915973572	OK	 
REQUEST	UKAF_EndToEnd,01_HomePage	POST /notification/getNotifications	1707915973487	1707915973618	OK	 
REQUEST	UKAF_EndToEnd,01_HomePage	POST /access/getAccessInfo	1707915966836	1707915967062	OK	 
REQUEST	UKAF_EndToEnd,01_HomePage	POST /elasticsearch/workbook	1707915967070	1707915973143	KO	Features/01_HomePage.feature:39 method POST
GROUP	UKAF_EndToEnd,01_HomePage	1707915966156	1707915973789	0	KO
GROUP	UKAF_EndToEnd	1707915966156	1707915973789	0	KO
USER	UKAF_EndToEnd	END	1707915973789
USER	UKAF_EndToEnd	START	1707915973789
REQUEST	UKAF_EndToEnd,01_HomePage	POST /access/getAccessInfo	1707915966981	1707915967119	OK	 
REQUEST	UKAF_EndToEnd,01_HomePage	POST /elasticsearch/workbook	1707915967124	1707915973174	KO	Features/01_HomePage.feature:39 method POST
REQUEST	UKAF_EndToEnd,01_HomePage	POST /auth/getToken	1707915973536	1707915973661	OK	 
GROUP	UKAF_EndToEnd,01_HomePage	1707915966205	1707915973814	0	KO
GROUP	UKAF_EndToEnd	1707915966205	1707915973814	0	KO
USER	UKAF_EndToEnd	END	1707915973814
USER	UKAF_EndToEnd	START	1707915973830
REQUEST	UKAF_EndToEnd,01_HomePage	POST /access/getAccessInfo	1707915967225	1707915967341	OK	 
REQUEST	UKAF_EndToEnd,01_HomePage	POST /elasticsearch/workbook	1707915967348	1707915973398	KO	Features/01_HomePage.feature:39 method POST
GROUP	UKAF_EndToEnd,01_HomePage	1707915966171	1707915973836	0	KO
GROUP	UKAF_EndToEnd	1707915966171	1707915973836	0	KO
USER	UKAF_EndToEnd	END	1707915973836
USER	UKAF_EndToEnd	START	1707915973862
REQUEST	UKAF_EndToEnd,01_HomePage	POST /auth/getToken	1707915973639	1707915973706	OK	 
REQUEST	UKAF_EndToEnd,01_HomePage	POST /auth/getToken	1707915973771	1707915974129	OK	 
REQUEST	UKAF_EndToEnd,01_HomePage	POST /auth/getToken	1707915973710	1707915973780	OK	 
REQUEST	UKAF_EndToEnd,01_HomePage	POST /notification/getNotifications	1707915973672	1707915973810	OK	 
REQUEST	UKAF_EndToEnd,01_HomePage	POST /auth/getToken	1707915973836	1707915974148	OK	 
REQUEST	UKAF_EndToEnd,01_HomePage	POST /notification/getNotifications	1707915974485	1707915974656	OK	 
REQUEST	UKAF_EndToEnd,01_HomePage	POST /auth/getToken	1707915973847	1707915974175	OK	 
REQUEST	UKAF_EndToEnd,01_HomePage	POST /notification/getNotifications	1707915973804	1707915974114	OK	 
REQUEST	UKAF_EndToEnd,01_HomePage	POST /notification/getNotifications	1707915973792	1707915974113	OK	 
REQUEST	UKAF_EndToEnd,01_HomePage	POST /notification/getNotifications	1707915974569	1707915974741	OK	 
REQUEST	UKAF_EndToEnd,01_HomePage	POST /auth/getToken	1707915974224	1707915974298	OK	 
REQUEST	UKAF_EndToEnd,01_HomePage	POST /notification/getNotifications	1707915974685	1707915974818	OK	 
REQUEST	UKAF_EndToEnd,01_HomePage	POST /auth/getToken	1707915974736	1707915974919	OK	 
REQUEST	UKAF_EndToEnd,01_HomePage	POST /notification/getNotifications	1707915974868	1707915975013	OK	 
REQUEST	UKAF_EndToEnd,01_HomePage	POST /notification/getNotifications	1707915974925	1707915975077	OK	 
REQUEST	UKAF_EndToEnd,01_HomePage	POST /access/getAccessInfo	1707915973576	1707915973721	OK	 
REQUEST	UKAF_EndToEnd,01_HomePage	POST /elasticsearch/workbook	1707915973724	1707915979773	KO	Features/01_HomePage.feature:39 method POST
GROUP	UKAF_EndToEnd,01_HomePage	1707915972614	1707915979774	0	KO
GROUP	UKAF_EndToEnd	1707915972614	1707915979774	0	KO
USER	UKAF_EndToEnd	END	1707915979774
USER	UKAF_EndToEnd	START	1707915979774
REQUEST	UKAF_EndToEnd,01_HomePage	POST /access/getAccessInfo	1707915973622	1707915973751	OK	 
REQUEST	UKAF_EndToEnd,01_HomePage	POST /elasticsearch/workbook	1707915973756	1707915979804	KO	Features/01_HomePage.feature:39 method POST
GROUP	UKAF_EndToEnd,01_HomePage	1707915972655	1707915979804	0	KO
GROUP	UKAF_EndToEnd	1707915972655	1707915979804	0	KO
USER	UKAF_EndToEnd	END	1707915979804
USER	UKAF_EndToEnd	START	1707915979804
REQUEST	UKAF_EndToEnd,01_HomePage	POST /auth/getToken	1707915979785	1707915979850	OK	 
REQUEST	UKAF_EndToEnd,01_HomePage	POST /auth/getToken	1707915979824	1707915979878	OK	 
REQUEST	UKAF_EndToEnd,01_HomePage	POST /notification/getNotifications	1707915979857	1707915979977	OK	 
REQUEST	UKAF_EndToEnd,01_HomePage	POST /notification/getNotifications	1707915979884	1707915980001	OK	 
REQUEST	UKAF_EndToEnd,01_HomePage	POST /access/getAccessInfo	1707915974661	1707915974792	OK	 
REQUEST	UKAF_EndToEnd,01_HomePage	POST /elasticsearch/workbook	1707915974803	1707915980884	KO	Features/01_HomePage.feature:39 method POST
GROUP	UKAF_EndToEnd,01_HomePage	1707915973635	1707915980884	0	KO
GROUP	UKAF_EndToEnd	1707915973635	1707915980884	0	KO
USER	UKAF_EndToEnd	END	1707915980884
USER	UKAF_EndToEnd	START	1707915980884
REQUEST	UKAF_EndToEnd,01_HomePage	POST /access/getAccessInfo	1707915973815	1707915974213	OK	 
REQUEST	UKAF_EndToEnd,01_HomePage	POST /elasticsearch/workbook	1707915974731	1707915980899	KO	Features/01_HomePage.feature:39 method POST
GROUP	UKAF_EndToEnd,01_HomePage	1707915973505	1707915980899	0	KO
GROUP	UKAF_EndToEnd	1707915973505	1707915980899	0	KO
USER	UKAF_EndToEnd	END	1707915980899
USER	UKAF_EndToEnd	START	1707915980899
REQUEST	UKAF_EndToEnd,01_HomePage	POST /access/getAccessInfo	1707915974255	1707915974468	OK	 
REQUEST	UKAF_EndToEnd,01_HomePage	POST /access/getAccessInfo	1707915974688	1707915974861	OK	 
REQUEST	UKAF_EndToEnd,01_HomePage	POST /elasticsearch/workbook	1707915974863	1707915980913	KO	Features/01_HomePage.feature:39 method POST
REQUEST	UKAF_EndToEnd,01_HomePage	POST /elasticsearch/workbook	1707915974868	1707915980913	KO	Features/01_HomePage.feature:39 method POST
GROUP	UKAF_EndToEnd,01_HomePage	1707915973696	1707915980914	0	KO
GROUP	UKAF_EndToEnd	1707915973696	1707915980914	0	KO
USER	UKAF_EndToEnd	END	1707915980914
GROUP	UKAF_EndToEnd,01_HomePage	1707915973520	1707915980914	0	KO
GROUP	UKAF_EndToEnd	1707915973520	1707915980914	0	KO
USER	UKAF_EndToEnd	START	1707915980914
USER	UKAF_EndToEnd	END	1707915980914
USER	UKAF_EndToEnd	START	1707915980918
REQUEST	UKAF_EndToEnd,01_HomePage	POST /access/getAccessInfo	1707915974749	1707915974890	OK	 
REQUEST	UKAF_EndToEnd,01_HomePage	POST /elasticsearch/workbook	1707915974893	1707915980929	KO	Features/01_HomePage.feature:39 method POST
GROUP	UKAF_EndToEnd,01_HomePage	1707915973789	1707915980929	0	KO
GROUP	UKAF_EndToEnd	1707915973789	1707915980929	0	KO
USER	UKAF_EndToEnd	END	1707915980929
USER	UKAF_EndToEnd	START	1707915980929
REQUEST	UKAF_EndToEnd,01_HomePage	POST /access/getAccessInfo	1707915974834	1707915975028	OK	 
REQUEST	UKAF_EndToEnd,01_HomePage	POST /elasticsearch/workbook	1707915975050	1707915981096	KO	Features/01_HomePage.feature:39 method POST
REQUEST	UKAF_EndToEnd,01_HomePage	POST /auth/getToken	1707915980904	1707915980967	OK	 
GROUP	UKAF_EndToEnd,01_HomePage	1707915973830	1707915981126	0	KO
GROUP	UKAF_EndToEnd	1707915973830	1707915981126	0	KO
REQUEST	UKAF_EndToEnd,01_HomePage	POST /auth/getToken	1707915980926	1707915980980	OK	 
REQUEST	UKAF_EndToEnd,01_HomePage	POST /auth/getToken	1707915980919	1707915980990	OK	 
USER	UKAF_EndToEnd	END	1707915981126
USER	UKAF_EndToEnd	START	1707915981163
REQUEST	UKAF_EndToEnd,01_HomePage	POST /access/getAccessInfo	1707915975029	1707915975194	OK	 
REQUEST	UKAF_EndToEnd,01_HomePage	POST /elasticsearch/workbook	1707915975198	1707915981244	KO	Features/01_HomePage.feature:39 method POST
GROUP	UKAF_EndToEnd,01_HomePage	1707915973590	1707915981245	0	KO
GROUP	UKAF_EndToEnd	1707915973590	1707915981245	0	KO
USER	UKAF_EndToEnd	END	1707915981245
USER	UKAF_EndToEnd	START	1707915981247
REQUEST	UKAF_EndToEnd,01_HomePage	POST /access/getAccessInfo	1707915975094	1707915975251	OK	 
REQUEST	UKAF_EndToEnd,01_HomePage	POST /elasticsearch/workbook	1707915975253	1707915981275	KO	Features/01_HomePage.feature:39 method POST
REQUEST	UKAF_EndToEnd,01_HomePage	POST /notification/getNotifications	1707915980997	1707915981129	OK	 
GROUP	UKAF_EndToEnd,01_HomePage	1707915973862	1707915981280	0	KO
GROUP	UKAF_EndToEnd	1707915973862	1707915981280	0	KO
REQUEST	UKAF_EndToEnd,01_HomePage	POST /notification/getNotifications	1707915980986	1707915981129	OK	 
REQUEST	UKAF_EndToEnd,01_HomePage	POST /notification/getNotifications	1707915980973	1707915981124	OK	 
USER	UKAF_EndToEnd	END	1707915981280
USER	UKAF_EndToEnd	START	1707915981316
REQUEST	UKAF_EndToEnd,01_HomePage	POST /auth/getToken	1707915981230	1707915981336	OK	 
REQUEST	UKAF_EndToEnd,01_HomePage	POST /auth/getToken	1707915981258	1707915981335	OK	 
REQUEST	UKAF_EndToEnd,01_HomePage	POST /auth/getToken	1707915981359	1707915981472	OK	 
REQUEST	UKAF_EndToEnd,01_HomePage	POST /notification/getNotifications	1707915981342	1707915981472	OK	 
REQUEST	UKAF_EndToEnd,01_HomePage	POST /auth/getToken	1707915980955	1707915981016	OK	 
REQUEST	UKAF_EndToEnd,01_HomePage	POST /notification/getNotifications	1707915981340	1707915981498	OK	 
REQUEST	UKAF_EndToEnd,01_HomePage	POST /auth/getToken	1707915980953	1707915981010	OK	 
REQUEST	UKAF_EndToEnd,01_HomePage	POST /notification/getNotifications	1707915981476	1707915981589	OK	 
REQUEST	UKAF_EndToEnd,01_HomePage	POST /notification/getNotifications	1707915981021	1707915981625	OK	 
REQUEST	UKAF_EndToEnd,01_HomePage	POST /notification/getNotifications	1707915981014	1707915981666	OK	 
REQUEST	UKAF_EndToEnd,01_HomePage	POST /access/getAccessInfo	1707915979981	1707915980080	OK	 
REQUEST	UKAF_EndToEnd,01_HomePage	POST /elasticsearch/workbook	1707915980083	1707915986116	KO	Features/01_HomePage.feature:39 method POST
GROUP	UKAF_EndToEnd,01_HomePage	1707915979774	1707915986117	0	KO
GROUP	UKAF_EndToEnd	1707915979774	1707915986117	0	KO
USER	UKAF_EndToEnd	END	1707915986117
USER	UKAF_EndToEnd	START	1707915986117
REQUEST	UKAF_EndToEnd,01_HomePage	POST /access/getAccessInfo	1707915980006	1707915980105	OK	 
REQUEST	UKAF_EndToEnd,01_HomePage	POST /elasticsearch/workbook	1707915980107	1707915986162	KO	Features/01_HomePage.feature:39 method POST
GROUP	UKAF_EndToEnd,01_HomePage	1707915979805	1707915986163	0	KO
GROUP	UKAF_EndToEnd	1707915979805	1707915986163	0	KO
USER	UKAF_EndToEnd	END	1707915986163
USER	UKAF_EndToEnd	START	1707915986163
REQUEST	UKAF_EndToEnd,01_HomePage	POST /auth/getToken	1707915986130	1707915986184	OK	 
REQUEST	UKAF_EndToEnd,01_HomePage	POST /auth/getToken	1707915986173	1707915986209	OK	 
REQUEST	UKAF_EndToEnd,01_HomePage	POST /notification/getNotifications	1707915986188	1707915986292	OK	 
REQUEST	UKAF_EndToEnd,01_HomePage	POST /notification/getNotifications	1707915986212	1707915986319	OK	 
REQUEST	UKAF_EndToEnd,01_HomePage	POST /access/getAccessInfo	1707915981140	1707915981277	OK	 
REQUEST	UKAF_EndToEnd,01_HomePage	POST /access/getAccessInfo	1707915981147	1707915981279	OK	 
REQUEST	UKAF_EndToEnd,01_HomePage	POST /access/getAccessInfo	1707915981133	1707915981278	OK	 
REQUEST	UKAF_EndToEnd,01_HomePage	POST /elasticsearch/workbook	1707915981292	1707915987337	KO	Features/01_HomePage.feature:39 method POST
REQUEST	UKAF_EndToEnd,01_HomePage	POST /elasticsearch/workbook	1707915981300	1707915987338	KO	Features/01_HomePage.feature:39 method POST
REQUEST	UKAF_EndToEnd,01_HomePage	POST /elasticsearch/workbook	1707915981281	1707915987337	KO	Features/01_HomePage.feature:39 method POST
GROUP	UKAF_EndToEnd,01_HomePage	1707915980914	1707915987338	0	KO
GROUP	UKAF_EndToEnd	1707915980914	1707915987338	0	KO
GROUP	UKAF_EndToEnd,01_HomePage	1707915980884	1707915987338	0	KO
GROUP	UKAF_EndToEnd	1707915980884	1707915987338	0	KO
USER	UKAF_EndToEnd	END	1707915987338
GROUP	UKAF_EndToEnd,01_HomePage	1707915980899	1707915987338	0	KO
GROUP	UKAF_EndToEnd	1707915980899	1707915987338	0	KO
USER	UKAF_EndToEnd	END	1707915987338
USER	UKAF_EndToEnd	END	1707915987338
USER	UKAF_EndToEnd	START	1707915987338
USER	UKAF_EndToEnd	START	1707915987338
USER	UKAF_EndToEnd	START	1707915987338
REQUEST	UKAF_EndToEnd,01_HomePage	POST /auth/getToken	1707915987356	1707915987412	OK	 
REQUEST	UKAF_EndToEnd,01_HomePage	POST /auth/getToken	1707915987358	1707915987412	OK	 
REQUEST	UKAF_EndToEnd,01_HomePage	POST /auth/getToken	1707915987369	1707915987435	OK	 
REQUEST	UKAF_EndToEnd,01_HomePage	POST /access/getAccessInfo	1707915981478	1707915981594	OK	 
REQUEST	UKAF_EndToEnd,01_HomePage	POST /elasticsearch/workbook	1707915981596	1707915987640	KO	Features/01_HomePage.feature:39 method POST
GROUP	UKAF_EndToEnd,01_HomePage	1707915981163	1707915987641	0	KO
GROUP	UKAF_EndToEnd	1707915981163	1707915987641	0	KO
USER	UKAF_EndToEnd	END	1707915987641
USER	UKAF_EndToEnd	START	1707915987641
REQUEST	UKAF_EndToEnd,01_HomePage	POST /notification/getNotifications	1707915987416	1707915987540	OK	 
REQUEST	UKAF_EndToEnd,01_HomePage	POST /notification/getNotifications	1707915987416	1707915987539	OK	 
REQUEST	UKAF_EndToEnd,01_HomePage	POST /notification/getNotifications	1707915987438	1707915987564	OK	 
REQUEST	UKAF_EndToEnd,01_HomePage	POST /access/getAccessInfo	1707915981501	1707915981640	OK	 
REQUEST	UKAF_EndToEnd,01_HomePage	POST /elasticsearch/workbook	1707915981643	1707915987703	KO	Features/01_HomePage.feature:39 method POST
GROUP	UKAF_EndToEnd,01_HomePage	1707915981247	1707915987703	0	KO
GROUP	UKAF_EndToEnd	1707915981247	1707915987703	0	KO
USER	UKAF_EndToEnd	END	1707915987703
USER	UKAF_EndToEnd	START	1707915987704
REQUEST	UKAF_EndToEnd,01_HomePage	POST /access/getAccessInfo	1707915981593	1707915981707	OK	 
REQUEST	UKAF_EndToEnd,01_HomePage	POST /elasticsearch/workbook	1707915981709	1707915987730	KO	Features/01_HomePage.feature:39 method POST
GROUP	UKAF_EndToEnd,01_HomePage	1707915981316	1707915987731	0	KO
GROUP	UKAF_EndToEnd	1707915981316	1707915987731	0	KO
USER	UKAF_EndToEnd	END	1707915987731
USER	UKAF_EndToEnd	START	1707915987732
REQUEST	UKAF_EndToEnd,01_HomePage	POST /access/getAccessInfo	1707915981629	1707915981755	OK	 
REQUEST	UKAF_EndToEnd,01_HomePage	POST /elasticsearch/workbook	1707915981758	1707915987791	KO	Features/01_HomePage.feature:39 method POST
GROUP	UKAF_EndToEnd,01_HomePage	1707915980918	1707915987792	0	KO
GROUP	UKAF_EndToEnd	1707915980918	1707915987792	0	KO
USER	UKAF_EndToEnd	END	1707915987792
USER	UKAF_EndToEnd	START	1707915987792
REQUEST	UKAF_EndToEnd,01_HomePage	POST /access/getAccessInfo	1707915981670	1707915981785	OK	 
REQUEST	UKAF_EndToEnd,01_HomePage	POST /elasticsearch/workbook	1707915981787	1707915987822	KO	Features/01_HomePage.feature:39 method POST
GROUP	UKAF_EndToEnd,01_HomePage	1707915980929	1707915987825	0	KO
GROUP	UKAF_EndToEnd	1707915980929	1707915987825	0	KO
USER	UKAF_EndToEnd	END	1707915987825
USER	UKAF_EndToEnd	START	1707915987826
REQUEST	UKAF_EndToEnd,01_HomePage	POST /auth/getToken	1707915987651	1707915987716	OK	 
REQUEST	UKAF_EndToEnd,01_HomePage	POST /auth/getToken	1707915987724	1707915987789	OK	 
REQUEST	UKAF_EndToEnd,01_HomePage	POST /auth/getToken	1707915987777	1707915987822	OK	 
REQUEST	UKAF_EndToEnd,01_HomePage	POST /notification/getNotifications	1707915987718	1707915987852	OK	 
REQUEST	UKAF_EndToEnd,01_HomePage	POST /auth/getToken	1707915987816	1707915987882	OK	 
REQUEST	UKAF_EndToEnd,01_HomePage	POST /auth/getToken	1707915987857	1707915987903	OK	 
REQUEST	UKAF_EndToEnd,01_HomePage	POST /notification/getNotifications	1707915987799	1707915987926	OK	 
REQUEST	UKAF_EndToEnd,01_HomePage	POST /notification/getNotifications	1707915987828	1707915987957	OK	 
REQUEST	UKAF_EndToEnd,01_HomePage	POST /notification/getNotifications	1707915987887	1707915987988	OK	 
REQUEST	UKAF_EndToEnd,01_HomePage	POST /notification/getNotifications	1707915987906	1707915988017	OK	 
REQUEST	UKAF_EndToEnd,01_HomePage	POST /access/getAccessInfo	1707915986295	1707915986415	OK	 
REQUEST	UKAF_EndToEnd,01_HomePage	POST /elasticsearch/workbook	1707915986418	1707915992445	KO	Features/01_HomePage.feature:39 method POST
GROUP	UKAF_EndToEnd,01_HomePage	1707915986117	1707915992445	0	KO
GROUP	UKAF_EndToEnd	1707915986117	1707915992445	0	KO
USER	UKAF_EndToEnd	END	1707915992445
USER	UKAF_EndToEnd	START	1707915992445
REQUEST	UKAF_EndToEnd,01_HomePage	POST /access/getAccessInfo	1707915986321	1707915986428	OK	 
REQUEST	UKAF_EndToEnd,01_HomePage	POST /elasticsearch/workbook	1707915986430	1707915992460	KO	Features/01_HomePage.feature:39 method POST
GROUP	UKAF_EndToEnd,01_HomePage	1707915986163	1707915992460	0	KO
GROUP	UKAF_EndToEnd	1707915986163	1707915992460	0	KO
USER	UKAF_EndToEnd	END	1707915992460
USER	UKAF_EndToEnd	START	1707915992460
REQUEST	UKAF_EndToEnd,01_HomePage	POST /auth/getToken	1707915992456	1707915992483	OK	 
REQUEST	UKAF_EndToEnd,01_HomePage	POST /auth/getToken	1707915992473	1707915992512	OK	 
REQUEST	UKAF_EndToEnd,01_HomePage	POST /notification/getNotifications	1707915992486	1707915992586	OK	 
REQUEST	UKAF_EndToEnd,01_HomePage	POST /notification/getNotifications	1707915992515	1707915992627	OK	 
REQUEST	UKAF_EndToEnd,01_HomePage	POST /access/getAccessInfo	1707915987543	1707915987656	OK	 
REQUEST	UKAF_EndToEnd,01_HomePage	POST /access/getAccessInfo	1707915987544	1707915987656	OK	 
REQUEST	UKAF_EndToEnd,01_HomePage	POST /elasticsearch/workbook	1707915987658	1707915993689	KO	Features/01_HomePage.feature:39 method POST
REQUEST	UKAF_EndToEnd,01_HomePage	POST /elasticsearch/workbook	1707915987658	1707915993689	KO	Features/01_HomePage.feature:39 method POST
GROUP	UKAF_EndToEnd,01_HomePage	1707915987338	1707915993690	0	KO
GROUP	UKAF_EndToEnd,01_HomePage	1707915987338	1707915993690	0	KO
GROUP	UKAF_EndToEnd	1707915987338	1707915993690	0	KO
GROUP	UKAF_EndToEnd	1707915987338	1707915993690	0	KO
USER	UKAF_EndToEnd	END	1707915993690
USER	UKAF_EndToEnd	END	1707915993690
USER	UKAF_EndToEnd	START	1707915993690
USER	UKAF_EndToEnd	START	1707915993690
REQUEST	UKAF_EndToEnd,01_HomePage	POST /access/getAccessInfo	1707915987567	1707915987690	OK	 
REQUEST	UKAF_EndToEnd,01_HomePage	POST /elasticsearch/workbook	1707915987703	1707915993764	KO	Features/01_HomePage.feature:39 method POST
GROUP	UKAF_EndToEnd,01_HomePage	1707915987338	1707915993765	0	KO
GROUP	UKAF_EndToEnd	1707915987338	1707915993765	0	KO
USER	UKAF_EndToEnd	END	1707915993765
USER	UKAF_EndToEnd	START	1707915993765
REQUEST	UKAF_EndToEnd,01_HomePage	POST /auth/getToken	1707915993709	1707915993750	OK	 
REQUEST	UKAF_EndToEnd,01_HomePage	POST /auth/getToken	1707915993707	1707915993764	OK	 
REQUEST	UKAF_EndToEnd,01_HomePage	POST /auth/getToken	1707915993785	1707915993833	OK	 
REQUEST	UKAF_EndToEnd,01_HomePage	POST /notification/getNotifications	1707915993753	1707915993866	OK	 
REQUEST	UKAF_EndToEnd,01_HomePage	POST /notification/getNotifications	1707915993768	1707915993887	OK	 
REQUEST	UKAF_EndToEnd,01_HomePage	POST /access/getAccessInfo	1707915987859	1707915987984	OK	 
REQUEST	UKAF_EndToEnd,01_HomePage	POST /elasticsearch/workbook	1707915987986	1707915994025	KO	Features/01_HomePage.feature:39 method POST
GROUP	UKAF_EndToEnd,01_HomePage	1707915987641	1707915994025	0	KO
GROUP	UKAF_EndToEnd	1707915987641	1707915994025	0	KO
USER	UKAF_EndToEnd	END	1707915994025
USER	UKAF_EndToEnd	START	1707915994025
REQUEST	UKAF_EndToEnd,01_HomePage	POST /access/getAccessInfo	1707915987929	1707915988036	OK	 
REQUEST	UKAF_EndToEnd,01_HomePage	POST /elasticsearch/workbook	1707915988038	1707915994071	KO	Features/01_HomePage.feature:39 method POST
GROUP	UKAF_EndToEnd,01_HomePage	1707915987704	1707915994072	0	KO
GROUP	UKAF_EndToEnd	1707915987704	1707915994072	0	KO
USER	UKAF_EndToEnd	END	1707915994072
USER	UKAF_EndToEnd	START	1707915994072
REQUEST	UKAF_EndToEnd,01_HomePage	POST /access/getAccessInfo	1707915987960	1707915988061	OK	 
REQUEST	UKAF_EndToEnd,01_HomePage	POST /elasticsearch/workbook	1707915988063	1707915994087	KO	Features/01_HomePage.feature:39 method POST
REQUEST	UKAF_EndToEnd,01_HomePage	POST /notification/getNotifications	1707915993837	1707915993963	OK	 
GROUP	UKAF_EndToEnd,01_HomePage	1707915987732	1707915994088	0	KO
GROUP	UKAF_EndToEnd	1707915987732	1707915994088	0	KO
USER	UKAF_EndToEnd	END	1707915994088
USER	UKAF_EndToEnd	START	1707915994088
REQUEST	UKAF_EndToEnd,01_HomePage	POST /access/getAccessInfo	1707915987992	1707915988110	OK	 
REQUEST	UKAF_EndToEnd,01_HomePage	POST /elasticsearch/workbook	1707915988112	1707915994132	KO	Features/01_HomePage.feature:39 method POST
GROUP	UKAF_EndToEnd,01_HomePage	1707915987793	1707915994132	0	KO
GROUP	UKAF_EndToEnd	1707915987793	1707915994132	0	KO
USER	UKAF_EndToEnd	END	1707915994133
USER	UKAF_EndToEnd	START	1707915994133
REQUEST	UKAF_EndToEnd,01_HomePage	POST /access/getAccessInfo	1707915988022	1707915988129	OK	 
REQUEST	UKAF_EndToEnd,01_HomePage	POST /elasticsearch/workbook	1707915988131	1707915994162	KO	Features/01_HomePage.feature:39 method POST
GROUP	UKAF_EndToEnd,01_HomePage	1707915987826	1707915994163	0	KO
GROUP	UKAF_EndToEnd	1707915987826	1707915994163	0	KO
REQUEST	UKAF_EndToEnd,01_HomePage	POST /auth/getToken	1707915994032	1707915994055	OK	 
USER	UKAF_EndToEnd	END	1707915994163
USER	UKAF_EndToEnd	START	1707915994163
REQUEST	UKAF_EndToEnd,01_HomePage	POST /auth/getToken	1707915994099	1707915994133	OK	 
REQUEST	UKAF_EndToEnd,01_HomePage	POST /notification/getNotifications	1707915994058	1707915994162	OK	 
REQUEST	UKAF_EndToEnd,01_HomePage	POST /auth/getToken	1707915994105	1707915994147	OK	 
REQUEST	UKAF_EndToEnd,01_HomePage	POST /auth/getToken	1707915994138	1707915994193	OK	 
REQUEST	UKAF_EndToEnd,01_HomePage	POST /auth/getToken	1707915994170	1707915994237	OK	 
REQUEST	UKAF_EndToEnd,01_HomePage	POST /notification/getNotifications	1707915994150	1707915994288	OK	 
REQUEST	UKAF_EndToEnd,01_HomePage	POST /notification/getNotifications	1707915994136	1707915994267	OK	 
REQUEST	UKAF_EndToEnd,01_HomePage	POST /notification/getNotifications	1707915994196	1707915994310	OK	 
REQUEST	UKAF_EndToEnd,01_HomePage	POST /notification/getNotifications	1707915994241	1707915994346	OK	 
REQUEST	UKAF_EndToEnd,01_HomePage	POST /access/getAccessInfo	1707915992589	1707915992709	OK	 
REQUEST	UKAF_EndToEnd,01_HomePage	POST /elasticsearch/workbook	1707915992712	1707915998732	KO	Features/01_HomePage.feature:39 method POST
GROUP	UKAF_EndToEnd,01_HomePage	1707915992445	1707915998733	0	KO
GROUP	UKAF_EndToEnd	1707915992445	1707915998733	0	KO
USER	UKAF_EndToEnd	END	1707915998733
USER	UKAF_EndToEnd	START	1707915998733
REQUEST	UKAF_EndToEnd,01_HomePage	POST /access/getAccessInfo	1707915992631	1707915992741	OK	 
REQUEST	UKAF_EndToEnd,01_HomePage	POST /elasticsearch/workbook	1707915992743	1707915998779	KO	Features/01_HomePage.feature:39 method POST
GROUP	UKAF_EndToEnd,01_HomePage	1707915992460	1707915998779	0	KO
GROUP	UKAF_EndToEnd	1707915992460	1707915998779	0	KO
USER	UKAF_EndToEnd	END	1707915998779
USER	UKAF_EndToEnd	START	1707915998780
REQUEST	UKAF_EndToEnd,01_HomePage	POST /auth/getToken	1707915998744	1707915998786	OK	 
REQUEST	UKAF_EndToEnd,01_HomePage	POST /auth/getToken	1707915998790	1707915998825	OK	 
REQUEST	UKAF_EndToEnd,01_HomePage	POST /notification/getNotifications	1707915998789	1707915998898	OK	 
REQUEST	UKAF_EndToEnd,01_HomePage	POST /notification/getNotifications	1707915998828	1707915998924	OK	 
REQUEST	UKAF_EndToEnd,01_HomePage	POST /access/getAccessInfo	1707915993869	1707915993969	OK	 
REQUEST	UKAF_EndToEnd,01_HomePage	POST /elasticsearch/workbook	1707915993974	1707916000000	KO	Features/01_HomePage.feature:39 method POST
GROUP	UKAF_EndToEnd,01_HomePage	1707915993690	1707916000001	0	KO
GROUP	UKAF_EndToEnd	1707915993690	1707916000001	0	KO
USER	UKAF_EndToEnd	END	1707916000001
USER	UKAF_EndToEnd	START	1707916000001
REQUEST	UKAF_EndToEnd,01_HomePage	POST /access/getAccessInfo	1707915993890	1707915994022	OK	 
REQUEST	UKAF_EndToEnd,01_HomePage	POST /elasticsearch/workbook	1707915994024	1707916000047	KO	Features/01_HomePage.feature:39 method POST
GROUP	UKAF_EndToEnd,01_HomePage	1707915993690	1707916000047	0	KO
GROUP	UKAF_EndToEnd	1707915993690	1707916000047	0	KO
USER	UKAF_EndToEnd	END	1707916000047
USER	UKAF_EndToEnd	START	1707916000047
REQUEST	UKAF_EndToEnd,01_HomePage	POST /access/getAccessInfo	1707915993967	1707915994087	OK	 
REQUEST	UKAF_EndToEnd,01_HomePage	POST /elasticsearch/workbook	1707915994088	1707916000122	KO	Features/01_HomePage.feature:39 method POST
GROUP	UKAF_EndToEnd,01_HomePage	1707915993765	1707916000122	0	KO
GROUP	UKAF_EndToEnd	1707915993765	1707916000122	0	KO
USER	UKAF_EndToEnd	END	1707916000122
USER	UKAF_EndToEnd	START	1707916000122
REQUEST	UKAF_EndToEnd,01_HomePage	POST /auth/getToken	1707916000015	1707916000072	OK	 
REQUEST	UKAF_EndToEnd,01_HomePage	POST /auth/getToken	1707916000062	1707916000108	OK	 
REQUEST	UKAF_EndToEnd,01_HomePage	POST /notification/getNotifications	1707916000076	1707916000177	OK	 
REQUEST	UKAF_EndToEnd,01_HomePage	POST /access/getAccessInfo	1707915994165	1707915994269	OK	 
REQUEST	UKAF_EndToEnd,01_HomePage	POST /elasticsearch/workbook	1707915994270	1707916000305	KO	Features/01_HomePage.feature:39 method POST
GROUP	UKAF_EndToEnd,01_HomePage	1707915994025	1707916000310	0	KO
GROUP	UKAF_EndToEnd	1707915994025	1707916000310	0	KO
USER	UKAF_EndToEnd	END	1707916000310
USER	UKAF_EndToEnd	START	1707916000311
REQUEST	UKAF_EndToEnd,01_HomePage	POST /notification/getNotifications	1707916000112	1707916000237	OK	 
REQUEST	UKAF_EndToEnd,01_HomePage	POST /auth/getToken	1707916000148	1707916000198	OK	 
REQUEST	UKAF_EndToEnd,01_HomePage	POST /access/getAccessInfo	1707915994292	1707915994390	OK	 
REQUEST	UKAF_EndToEnd,01_HomePage	POST /elasticsearch/workbook	1707915994396	1707916000425	KO	Features/01_HomePage.feature:39 method POST
GROUP	UKAF_EndToEnd,01_HomePage	1707915994088	1707916000426	0	KO
GROUP	UKAF_EndToEnd	1707915994088	1707916000426	0	KO
USER	UKAF_EndToEnd	END	1707916000426
USER	UKAF_EndToEnd	START	1707916000426
REQUEST	UKAF_EndToEnd,01_HomePage	POST /access/getAccessInfo	1707915994278	1707915994406	OK	 
REQUEST	UKAF_EndToEnd,01_HomePage	POST /elasticsearch/workbook	1707915994409	1707916000455	KO	Features/01_HomePage.feature:39 method POST
GROUP	UKAF_EndToEnd,01_HomePage	1707915994072	1707916000456	0	KO
GROUP	UKAF_EndToEnd	1707915994072	1707916000456	0	KO
USER	UKAF_EndToEnd	END	1707916000456
USER	UKAF_EndToEnd	START	1707916000456
REQUEST	UKAF_EndToEnd,01_HomePage	POST /access/getAccessInfo	1707915994350	1707915994457	OK	 
REQUEST	UKAF_EndToEnd,01_HomePage	POST /elasticsearch/workbook	1707915994459	1707916000486	KO	Features/01_HomePage.feature:39 method POST
REQUEST	UKAF_EndToEnd,01_HomePage	POST /auth/getToken	1707916000328	1707916000365	OK	 
REQUEST	UKAF_EndToEnd,01_HomePage	POST /access/getAccessInfo	1707915994312	1707915994435	OK	 
REQUEST	UKAF_EndToEnd,01_HomePage	POST /elasticsearch/workbook	1707915994437	1707916000487	KO	Features/01_HomePage.feature:39 method POST
GROUP	UKAF_EndToEnd,01_HomePage	1707915994163	1707916000488	0	KO
GROUP	UKAF_EndToEnd	1707915994163	1707916000488	0	KO
GROUP	UKAF_EndToEnd,01_HomePage	1707915994133	1707916000488	0	KO
GROUP	UKAF_EndToEnd	1707915994133	1707916000489	0	KO
USER	UKAF_EndToEnd	END	1707916000488
USER	UKAF_EndToEnd	END	1707916000489
USER	UKAF_EndToEnd	START	1707916000491
USER	UKAF_EndToEnd	START	1707916000490
REQUEST	UKAF_EndToEnd,01_HomePage	POST /notification/getNotifications	1707916000202	1707916000359	OK	 
REQUEST	UKAF_EndToEnd,01_HomePage	POST /notification/getNotifications	1707916000369	1707916000486	OK	 
REQUEST	UKAF_EndToEnd,01_HomePage	POST /auth/getToken	1707916000435	1707916000520	OK	 
REQUEST	UKAF_EndToEnd,01_HomePage	POST /auth/getToken	1707916000464	1707916000533	OK	 
REQUEST	UKAF_EndToEnd,01_HomePage	POST /auth/getToken	1707916000546	1707916000594	OK	 
REQUEST	UKAF_EndToEnd,01_HomePage	POST /auth/getToken	1707916000559	1707916000606	OK	 
REQUEST	UKAF_EndToEnd,01_HomePage	POST /notification/getNotifications	1707916000524	1707916000654	OK	 
REQUEST	UKAF_EndToEnd,01_HomePage	POST /notification/getNotifications	1707916000536	1707916000658	OK	 
REQUEST	UKAF_EndToEnd,01_HomePage	POST /notification/getNotifications	1707916000598	1707916000722	OK	 
REQUEST	UKAF_EndToEnd,01_HomePage	POST /notification/getNotifications	1707916000610	1707916000727	OK	 
REQUEST	UKAF_EndToEnd,01_HomePage	POST /access/getAccessInfo	1707915998901	1707915999007	OK	 
REQUEST	UKAF_EndToEnd,01_HomePage	POST /elasticsearch/workbook	1707915999009	1707916005062	KO	Features/01_HomePage.feature:39 method POST
GROUP	UKAF_EndToEnd,01_HomePage	1707915998733	1707916005066	0	KO
GROUP	UKAF_EndToEnd	1707915998733	1707916005066	0	KO
REQUEST	UKAF_EndToEnd,01_HomePage	POST /access/getAccessInfo	1707915998926	1707915999040	OK	 
REQUEST	UKAF_EndToEnd,01_HomePage	POST /elasticsearch/workbook	1707915999042	1707916005077	KO	Features/01_HomePage.feature:39 method POST
USER	UKAF_EndToEnd	END	1707916005066
GROUP	UKAF_EndToEnd,01_HomePage	1707915998780	1707916005080	0	KO
GROUP	UKAF_EndToEnd	1707915998780	1707916005081	0	KO
USER	UKAF_EndToEnd	START	1707916005081
USER	UKAF_EndToEnd	END	1707916005081
USER	UKAF_EndToEnd	START	1707916005084
REQUEST	UKAF_EndToEnd,01_HomePage	POST /auth/getToken	1707916005094	1707916005167	OK	 
REQUEST	UKAF_EndToEnd,01_HomePage	POST /auth/getToken	1707916005151	1707916005258	OK	 
REQUEST	UKAF_EndToEnd,01_HomePage	POST /notification/getNotifications	1707916005169	1707916005334	OK	 
REQUEST	UKAF_EndToEnd,01_HomePage	POST /notification/getNotifications	1707916005263	1707916005396	OK	 
REQUEST	UKAF_EndToEnd,01_HomePage	POST /access/getAccessInfo	1707916000180	1707916000286	OK	 
REQUEST	UKAF_EndToEnd,01_HomePage	POST /elasticsearch/workbook	1707916000290	1707916006369	KO	Features/01_HomePage.feature:39 method POST
GROUP	UKAF_EndToEnd,01_HomePage	1707916000001	1707916006371	0	KO
GROUP	UKAF_EndToEnd	1707916000001	1707916006371	0	KO
USER	UKAF_EndToEnd	END	1707916006372
USER	UKAF_EndToEnd	START	1707916006373
REQUEST	UKAF_EndToEnd,01_HomePage	POST /access/getAccessInfo	1707916000241	1707916000359	OK	 
REQUEST	UKAF_EndToEnd,01_HomePage	POST /elasticsearch/workbook	1707916000360	1707916006408	KO	Features/01_HomePage.feature:39 method POST
GROUP	UKAF_EndToEnd,01_HomePage	1707916000047	1707916006412	0	KO
GROUP	UKAF_EndToEnd	1707916000047	1707916006412	0	KO
USER	UKAF_EndToEnd	END	1707916006412
USER	UKAF_EndToEnd	START	1707916006442
REQUEST	UKAF_EndToEnd,01_HomePage	POST /access/getAccessInfo	1707916000361	1707916000502	OK	 
REQUEST	UKAF_EndToEnd,01_HomePage	POST /elasticsearch/workbook	1707916000505	1707916006558	KO	Features/01_HomePage.feature:39 method POST
GROUP	UKAF_EndToEnd,01_HomePage	1707916000122	1707916006559	0	KO
GROUP	UKAF_EndToEnd	1707916000122	1707916006559	0	KO
USER	UKAF_EndToEnd	END	1707916006559
USER	UKAF_EndToEnd	START	1707916006561
REQUEST	UKAF_EndToEnd,01_HomePage	POST /auth/getToken	1707916006420	1707916006499	OK	 
REQUEST	UKAF_EndToEnd,01_HomePage	POST /access/getAccessInfo	1707916000490	1707916000612	OK	 
REQUEST	UKAF_EndToEnd,01_HomePage	POST /elasticsearch/workbook	1707916000614	1707916006648	KO	Features/01_HomePage.feature:39 method POST
GROUP	UKAF_EndToEnd,01_HomePage	1707916000311	1707916006650	0	KO
GROUP	UKAF_EndToEnd	1707916000311	1707916006650	0	KO
USER	UKAF_EndToEnd	END	1707916006650
USER	UKAF_EndToEnd	START	1707916006658
REQUEST	UKAF_EndToEnd,01_HomePage	POST /auth/getToken	1707916006466	1707916006572	OK	 
REQUEST	UKAF_EndToEnd,01_HomePage	POST /notification/getNotifications	1707916006503	1707916006621	OK	 
REQUEST	UKAF_EndToEnd,01_HomePage	POST /access/getAccessInfo	1707916000656	1707916000772	OK	 
REQUEST	UKAF_EndToEnd,01_HomePage	POST /elasticsearch/workbook	1707916000774	1707916006801	KO	Features/01_HomePage.feature:39 method POST
GROUP	UKAF_EndToEnd,01_HomePage	1707916000427	1707916006802	0	KO
GROUP	UKAF_EndToEnd	1707916000426	1707916006802	0	KO
USER	UKAF_EndToEnd	END	1707916006802
USER	UKAF_EndToEnd	START	1707916006803
REQUEST	UKAF_EndToEnd,01_HomePage	POST /access/getAccessInfo	1707916000660	1707916000787	OK	 
REQUEST	UKAF_EndToEnd,01_HomePage	POST /elasticsearch/workbook	1707916000789	1707916006816	KO	Features/01_HomePage.feature:39 method POST
REQUEST	UKAF_EndToEnd,01_HomePage	POST /auth/getToken	1707916006570	1707916006633	OK	 
GROUP	UKAF_EndToEnd,01_HomePage	1707916000456	1707916006825	0	KO
GROUP	UKAF_EndToEnd	1707916000456	1707916006825	0	KO
USER	UKAF_EndToEnd	END	1707916006825
USER	UKAF_EndToEnd	START	1707916006837
REQUEST	UKAF_EndToEnd,01_HomePage	POST /notification/getNotifications	1707916006577	1707916006724	OK	 
REQUEST	UKAF_EndToEnd,01_HomePage	POST /access/getAccessInfo	1707916000727	1707916000832	OK	 
REQUEST	UKAF_EndToEnd,01_HomePage	POST /elasticsearch/workbook	1707916000834	1707916006879	KO	Features/01_HomePage.feature:39 method POST
REQUEST	UKAF_EndToEnd,01_HomePage	POST /access/getAccessInfo	1707916000730	1707916000834	OK	 
REQUEST	UKAF_EndToEnd,01_HomePage	POST /elasticsearch/workbook	1707916000835	1707916006886	KO	Features/01_HomePage.feature:39 method POST
GROUP	UKAF_EndToEnd,01_HomePage	1707916000490	1707916006890	0	KO
GROUP	UKAF_EndToEnd,01_HomePage	1707916000491	1707916006890	0	KO
GROUP	UKAF_EndToEnd	1707916000491	1707916006891	0	KO
GROUP	UKAF_EndToEnd	1707916000490	1707916006891	0	KO
USER	UKAF_EndToEnd	END	1707916006891
USER	UKAF_EndToEnd	END	1707916006891
USER	UKAF_EndToEnd	START	1707916006912
USER	UKAF_EndToEnd	START	1707916006913
REQUEST	UKAF_EndToEnd,01_HomePage	POST /auth/getToken	1707916006673	1707916006784	OK	 
REQUEST	UKAF_EndToEnd,01_HomePage	POST /notification/getNotifications	1707916006642	1707916006820	OK	 
REQUEST	UKAF_EndToEnd,01_HomePage	POST /notification/getNotifications	1707916006788	1707916006920	OK	 
REQUEST	UKAF_EndToEnd,01_HomePage	POST /auth/getToken	1707916006829	1707916006935	OK	 
REQUEST	UKAF_EndToEnd,01_HomePage	POST /auth/getToken	1707916006931	1707916006996	OK	 
REQUEST	UKAF_EndToEnd,01_HomePage	POST /auth/getToken	1707916006961	1707916007057	OK	 
REQUEST	UKAF_EndToEnd,01_HomePage	POST /notification/getNotifications	1707916007003	1707916007126	OK	 
REQUEST	UKAF_EndToEnd,01_HomePage	POST /notification/getNotifications	1707916006938	1707916007072	OK	 
REQUEST	UKAF_EndToEnd,01_HomePage	POST /auth/getToken	1707916006927	1707916007150	OK	 
REQUEST	UKAF_EndToEnd,01_HomePage	POST /notification/getNotifications	1707916007061	1707916007244	OK	 
REQUEST	UKAF_EndToEnd,01_HomePage	POST /notification/getNotifications	1707916007154	1707916007266	OK	 
REQUEST	UKAF_EndToEnd,01_HomePage	POST /access/getAccessInfo	1707916005339	1707916005469	OK	 
REQUEST	UKAF_EndToEnd,01_HomePage	POST /elasticsearch/workbook	1707916005471	1707916011515	KO	Features/01_HomePage.feature:39 method POST
GROUP	UKAF_EndToEnd,01_HomePage	1707916005081	1707916011515	0	KO
GROUP	UKAF_EndToEnd	1707916005081	1707916011515	0	KO
USER	UKAF_EndToEnd	END	1707916011515
USER	UKAF_EndToEnd	START	1707916011515
REQUEST	UKAF_EndToEnd,01_HomePage	POST /access/getAccessInfo	1707916005400	1707916005536	OK	 
REQUEST	UKAF_EndToEnd,01_HomePage	POST /elasticsearch/workbook	1707916005539	1707916011577	KO	Features/01_HomePage.feature:39 method POST
GROUP	UKAF_EndToEnd,01_HomePage	1707916005084	1707916011577	0	KO
GROUP	UKAF_EndToEnd	1707916005084	1707916011577	0	KO
USER	UKAF_EndToEnd	END	1707916011577
USER	UKAF_EndToEnd	START	1707916011577
REQUEST	UKAF_EndToEnd,01_HomePage	POST /auth/getToken	1707916011527	1707916011567	OK	 
REQUEST	UKAF_EndToEnd,01_HomePage	POST /auth/getToken	1707916011583	1707916011616	OK	 
REQUEST	UKAF_EndToEnd,01_HomePage	POST /notification/getNotifications	1707916011577	1707916011676	OK	 
REQUEST	UKAF_EndToEnd,01_HomePage	POST /notification/getNotifications	1707916011618	1707916011717	OK	 
REQUEST	UKAF_EndToEnd,01_HomePage	POST /access/getAccessInfo	1707916006626	1707916006743	OK	 
REQUEST	UKAF_EndToEnd,01_HomePage	POST /elasticsearch/workbook	1707916006746	1707916012788	KO	Features/01_HomePage.feature:39 method POST
GROUP	UKAF_EndToEnd,01_HomePage	1707916006373	1707916012789	0	KO
GROUP	UKAF_EndToEnd	1707916006373	1707916012789	0	KO
USER	UKAF_EndToEnd	END	1707916012789
USER	UKAF_EndToEnd	START	1707916012789
REQUEST	UKAF_EndToEnd,01_HomePage	POST /access/getAccessInfo	1707916006728	1707916006861	OK	 
REQUEST	UKAF_EndToEnd,01_HomePage	POST /elasticsearch/workbook	1707916006864	1707916012913	KO	Features/01_HomePage.feature:39 method POST
GROUP	UKAF_EndToEnd,01_HomePage	1707916006442	1707916012913	0	KO
GROUP	UKAF_EndToEnd	1707916006442	1707916012913	0	KO
USER	UKAF_EndToEnd	END	1707916012914
USER	UKAF_EndToEnd	START	1707916012914
REQUEST	UKAF_EndToEnd,01_HomePage	POST /auth/getToken	1707916012794	1707916012824	OK	 
REQUEST	UKAF_EndToEnd,01_HomePage	POST /access/getAccessInfo	1707916006827	1707916006950	OK	 
REQUEST	UKAF_EndToEnd,01_HomePage	POST /elasticsearch/workbook	1707916006953	1707916012988	KO	Features/01_HomePage.feature:39 method POST
GROUP	UKAF_EndToEnd,01_HomePage	1707916006561	1707916012988	0	KO
GROUP	UKAF_EndToEnd	1707916006561	1707916012988	0	KO
USER	UKAF_EndToEnd	END	1707916012988
USER	UKAF_EndToEnd	START	1707916012988
REQUEST	UKAF_EndToEnd,01_HomePage	POST /notification/getNotifications	1707916012828	1707916012935	OK	 
REQUEST	UKAF_EndToEnd,01_HomePage	POST /auth/getToken	1707916012924	1707916012966	OK	 
REQUEST	UKAF_EndToEnd,01_HomePage	POST /access/getAccessInfo	1707916006923	1707916007043	OK	 
REQUEST	UKAF_EndToEnd,01_HomePage	POST /elasticsearch/workbook	1707916007046	1707916013126	KO	Features/01_HomePage.feature:39 method POST
REQUEST	UKAF_EndToEnd,01_HomePage	POST /auth/getToken	1707916012994	1707916013019	OK	 
GROUP	UKAF_EndToEnd,01_HomePage	1707916006658	1707916013127	0	KO
GROUP	UKAF_EndToEnd	1707916006658	1707916013127	0	KO
USER	UKAF_EndToEnd	END	1707916013127
USER	UKAF_EndToEnd	START	1707916013127
REQUEST	UKAF_EndToEnd,01_HomePage	POST /notification/getNotifications	1707916012969	1707916013068	OK	 
REQUEST	UKAF_EndToEnd,01_HomePage	POST /notification/getNotifications	1707916013023	1707916013126	OK	 
REQUEST	UKAF_EndToEnd,01_HomePage	POST /access/getAccessInfo	1707916007129	1707916007244	OK	 
REQUEST	UKAF_EndToEnd,01_HomePage	POST /elasticsearch/workbook	1707916007245	1707916013294	KO	Features/01_HomePage.feature:39 method POST
GROUP	UKAF_EndToEnd,01_HomePage	1707916006913	1707916013295	0	KO
GROUP	UKAF_EndToEnd	1707916006913	1707916013295	0	KO
USER	UKAF_EndToEnd	END	1707916013295
USER	UKAF_EndToEnd	START	1707916013295
REQUEST	UKAF_EndToEnd,01_HomePage	POST /auth/getToken	1707916013133	1707916013202	OK	 
REQUEST	UKAF_EndToEnd,01_HomePage	POST /access/getAccessInfo	1707916007100	1707916007210	OK	 
REQUEST	UKAF_EndToEnd,01_HomePage	POST /elasticsearch/workbook	1707916007262	1707916013385	KO	Features/01_HomePage.feature:39 method POST
GROUP	UKAF_EndToEnd,01_HomePage	1707916006803	1707916013386	0	KO
GROUP	UKAF_EndToEnd	1707916006803	1707916013386	0	KO
USER	UKAF_EndToEnd	END	1707916013386
REQUEST	UKAF_EndToEnd,01_HomePage	POST /notification/getNotifications	1707916013205	1707916013314	OK	 
REQUEST	UKAF_EndToEnd,01_HomePage	POST /auth/getToken	1707916013315	1707916013346	OK	 
REQUEST	UKAF_EndToEnd,01_HomePage	POST /access/getAccessInfo	1707916007246	1707916007385	OK	 
REQUEST	UKAF_EndToEnd,01_HomePage	POST /elasticsearch/workbook	1707916007391	1707916013461	KO	Features/01_HomePage.feature:39 method POST
GROUP	UKAF_EndToEnd,01_HomePage	1707916006912	1707916013462	0	KO
GROUP	UKAF_EndToEnd	1707916006912	1707916013462	0	KO
USER	UKAF_EndToEnd	END	1707916013462
REQUEST	UKAF_EndToEnd,01_HomePage	POST /access/getAccessInfo	1707916007273	1707916007434	OK	 
REQUEST	UKAF_EndToEnd,01_HomePage	POST /elasticsearch/workbook	1707916007436	1707916013491	KO	Features/01_HomePage.feature:39 method POST
GROUP	UKAF_EndToEnd,01_HomePage	1707916006837	1707916013492	0	KO
GROUP	UKAF_EndToEnd	1707916006837	1707916013492	0	KO
USER	UKAF_EndToEnd	END	1707916013492
REQUEST	UKAF_EndToEnd,01_HomePage	POST /notification/getNotifications	1707916013349	1707916013452	OK	 
REQUEST	UKAF_EndToEnd,01_HomePage	POST /access/getAccessInfo	1707916011679	1707916011785	OK	 
REQUEST	UKAF_EndToEnd,01_HomePage	POST /elasticsearch/workbook	1707916011788	1707916017807	KO	Features/01_HomePage.feature:39 method POST
GROUP	UKAF_EndToEnd,01_HomePage	1707916011515	1707916017808	0	KO
GROUP	UKAF_EndToEnd	1707916011515	1707916017808	0	KO
USER	UKAF_EndToEnd	END	1707916017808
REQUEST	UKAF_EndToEnd,01_HomePage	POST /access/getAccessInfo	1707916011719	1707916011815	OK	 
REQUEST	UKAF_EndToEnd,01_HomePage	POST /elasticsearch/workbook	1707916011818	1707916017839	KO	Features/01_HomePage.feature:39 method POST
GROUP	UKAF_EndToEnd,01_HomePage	1707916011577	1707916017839	0	KO
GROUP	UKAF_EndToEnd	1707916011577	1707916017839	0	KO
USER	UKAF_EndToEnd	END	1707916017839
REQUEST	UKAF_EndToEnd,01_HomePage	POST /access/getAccessInfo	1707916012938	1707916013043	OK	 
REQUEST	UKAF_EndToEnd,01_HomePage	POST /elasticsearch/workbook	1707916013046	1707916019076	KO	Features/01_HomePage.feature:39 method POST
GROUP	UKAF_EndToEnd,01_HomePage	1707916012789	1707916019076	0	KO
GROUP	UKAF_EndToEnd	1707916012789	1707916019076	0	KO
USER	UKAF_EndToEnd	END	1707916019076
REQUEST	UKAF_EndToEnd,01_HomePage	POST /access/getAccessInfo	1707916013072	1707916013175	OK	 
REQUEST	UKAF_EndToEnd,01_HomePage	POST /elasticsearch/workbook	1707916013176	1707916019216	KO	Features/01_HomePage.feature:39 method POST
GROUP	UKAF_EndToEnd,01_HomePage	1707916012914	1707916019216	0	KO
GROUP	UKAF_EndToEnd	1707916012914	1707916019216	0	KO
USER	UKAF_EndToEnd	END	1707916019217
REQUEST	UKAF_EndToEnd,01_HomePage	POST /access/getAccessInfo	1707916013128	1707916013242	OK	 
REQUEST	UKAF_EndToEnd,01_HomePage	POST /elasticsearch/workbook	1707916013244	1707916019278	KO	Features/01_HomePage.feature:39 method POST
GROUP	UKAF_EndToEnd,01_HomePage	1707916012989	1707916019278	0	KO
GROUP	UKAF_EndToEnd	1707916012989	1707916019279	0	KO
USER	UKAF_EndToEnd	END	1707916019279
REQUEST	UKAF_EndToEnd,01_HomePage	POST /access/getAccessInfo	1707916013316	1707916013428	OK	 
REQUEST	UKAF_EndToEnd,01_HomePage	POST /elasticsearch/workbook	1707916013430	1707916019464	KO	Features/01_HomePage.feature:39 method POST
GROUP	UKAF_EndToEnd,01_HomePage	1707916013127	1707916019465	0	KO
GROUP	UKAF_EndToEnd	1707916013127	1707916019465	0	KO
USER	UKAF_EndToEnd	END	1707916019465
REQUEST	UKAF_EndToEnd,01_HomePage	POST /access/getAccessInfo	1707916013455	1707916013562	OK	 
REQUEST	UKAF_EndToEnd,01_HomePage	POST /elasticsearch/workbook	1707916013564	1707916019586	KO	Features/01_HomePage.feature:39 method POST
GROUP	UKAF_EndToEnd,01_HomePage	1707916013295	1707916019587	0	KO
GROUP	UKAF_EndToEnd	1707916013295	1707916019587	0	KO
USER	UKAF_EndToEnd	END	1707916019587
Failed due to the 'ko' value exceeded the threshold: 25
