RUN	Runner.Demo3	demo3	1707917728810	 	3.7.4
USER	UKAF_EndToEnd	START	1707917729167
USER	UKAF_EndToEnd	START	1707917729372
USER	UKAF_EndToEnd	START	1707917729777
USER	UKAF_EndToEnd	START	1707917729254
USER	UKAF_EndToEnd	START	1707917729517
USER	UKAF_EndToEnd	START	1707917729142
USER	UKAF_EndToEnd	START	1707917729573
USER	UKAF_EndToEnd	START	1707917729672
USER	UKAF_EndToEnd	START	1707917731124
USER	UKAF_EndToEnd	START	1707917731144
REQUEST	UKAF_EndToEnd,01_HomePage	POST /auth/getToken	1707917733453	1707917733832	OK	 
REQUEST	UKAF_EndToEnd,01_HomePage	POST /auth/getToken	1707917733452	1707917733832	OK	 
REQUEST	UKAF_EndToEnd,01_HomePage	POST /auth/getToken	1707917733453	1707917733832	OK	 
REQUEST	UKAF_EndToEnd,01_HomePage	POST /auth/getToken	1707917733452	1707917733832	OK	 
REQUEST	UKAF_EndToEnd,01_HomePage	POST /auth/getToken	1707917733453	1707917733855	OK	 
REQUEST	UKAF_EndToEnd,01_HomePage	POST /auth/getToken	1707917733452	1707917733832	OK	 
REQUEST	UKAF_EndToEnd,01_HomePage	POST /auth/getToken	1707917733450	1707917733832	OK	 
REQUEST	UKAF_EndToEnd,01_HomePage	POST /auth/getToken	1707917733452	1707917733855	OK	 
REQUEST	UKAF_EndToEnd,01_HomePage	POST /auth/getToken	1707917733452	1707917733832	OK	 
REQUEST	UKAF_EndToEnd,01_HomePage	POST /auth/getToken	1707917733450	1707917733832	OK	 
REQUEST	UKAF_EndToEnd,01_HomePage	POST /notification/getNotifications	1707917733876	1707917734638	OK	 
REQUEST	UKAF_EndToEnd,01_HomePage	POST /notification/getNotifications	1707917733902	1707917734645	OK	 
REQUEST	UKAF_EndToEnd,01_HomePage	POST /notification/getNotifications	1707917733887	1707917734644	OK	 
REQUEST	UKAF_EndToEnd,01_HomePage	POST /notification/getNotifications	1707917733891	1707917734645	OK	 
REQUEST	UKAF_EndToEnd,01_HomePage	POST /notification/getNotifications	1707917733901	1707917734642	OK	 
REQUEST	UKAF_EndToEnd,01_HomePage	POST /notification/getNotifications	1707917733876	1707917734641	OK	 
REQUEST	UKAF_EndToEnd,01_HomePage	POST /notification/getNotifications	1707917733888	1707917734633	OK	 
REQUEST	UKAF_EndToEnd,01_HomePage	POST /notification/getNotifications	1707917733879	1707917734630	OK	 
REQUEST	UKAF_EndToEnd,01_HomePage	POST /notification/getNotifications	1707917733886	1707917734646	OK	 
REQUEST	UKAF_EndToEnd,01_HomePage	POST /notification/getNotifications	1707917733876	1707917734642	OK	 
REQUEST	UKAF_EndToEnd,01_HomePage	POST /access/getAccessInfo	1707917734678	1707917735057	OK	 
REQUEST	UKAF_EndToEnd,01_HomePage	POST /access/getAccessInfo	1707917734703	1707917735061	OK	 
REQUEST	UKAF_EndToEnd,01_HomePage	POST /access/getAccessInfo	1707917734667	1707917735071	OK	 
REQUEST	UKAF_EndToEnd,01_HomePage	POST /elasticsearch/search	1707917735078	1707917735996	OK	 
REQUEST	UKAF_EndToEnd,01_HomePage	POST /access/getAccessInfo	1707917734679	1707917735040	OK	 
REQUEST	UKAF_EndToEnd,01_HomePage	POST /elasticsearch/sheet/searchByWorkbookId	1707917736256	1707917736430	OK	 
GROUP	UKAF_EndToEnd,01_HomePage	1707917729167	1707917736434	0	OK
REQUEST	UKAF_EndToEnd,01_HomePage	POST /access/getAccessInfo	1707917734732	1707917735146	OK	 
REQUEST	UKAF_EndToEnd,01_HomePage	POST /access/getAccessInfo	1707917734665	1707917735064	OK	 
REQUEST	UKAF_EndToEnd,01_HomePage	POST /access/getAccessInfo	1707917734694	1707917735053	OK	 
REQUEST	UKAF_EndToEnd,01_HomePage	POST /access/getAccessInfo	1707917734729	1707917735145	OK	 
REQUEST	UKAF_EndToEnd,01_HomePage	POST /elasticsearch/search	1707917735093	1707917736277	OK	 
REQUEST	UKAF_EndToEnd,01_HomePage	POST /elasticsearch/sheet/searchByWorkbookId	1707917736492	1707917736614	OK	 
GROUP	UKAF_EndToEnd,01_HomePage	1707917729145	1707917736699	0	OK
REQUEST	UKAF_EndToEnd,01_HomePage	POST /elasticsearch/search	1707917735066	1707917735975	OK	 
REQUEST	UKAF_EndToEnd,01_HomePage	POST /elasticsearch/sheet/searchByWorkbookId	1707917736411	1707917736709	OK	 
GROUP	UKAF_EndToEnd,01_HomePage	1707917729517	1707917736713	0	OK
REQUEST	UKAF_EndToEnd,01_HomePage	POST /access/getAccessInfo	1707917734691	1707917735053	OK	 
REQUEST	UKAF_EndToEnd,01_HomePage	POST /elasticsearch/search	1707917735156	1707917736205	OK	 
REQUEST	UKAF_EndToEnd,01_HomePage	POST /elasticsearch/sheet/searchByWorkbookId	1707917736646	1707917736788	OK	 
REQUEST	UKAF_EndToEnd,01_HomePage	POST /elasticsearch/search	1707917735059	1707917736355	OK	 
REQUEST	UKAF_EndToEnd,01_HomePage	POST /elasticsearch/sheet/searchByWorkbookId	1707917736683	1707917736802	OK	 
GROUP	UKAF_EndToEnd,01_HomePage	1707917729373	1707917736807	0	OK
GROUP	UKAF_EndToEnd,01_HomePage	1707917729673	1707917736807	0	OK
REQUEST	UKAF_EndToEnd,01_HomePage	POST /access/getAccessInfo	1707917734679	1707917735068	OK	 
REQUEST	UKAF_EndToEnd,01_HomePage	POST /elasticsearch/search	1707917735156	1707917736469	OK	 
REQUEST	UKAF_EndToEnd,01_HomePage	POST /elasticsearch/search	1707917735076	1707917736308	OK	 
REQUEST	UKAF_EndToEnd,01_HomePage	POST /elasticsearch/sheet/searchByWorkbookId	1707917736630	1707917742764	KO	Features/01_HomePage.feature:49 method POST
REQUEST	UKAF_EndToEnd,01_HomePage	POST /elasticsearch/sheet/searchByWorkbookId	1707917736694	1707917742764	KO	Features/01_HomePage.feature:49 method POST
GROUP	UKAF_EndToEnd,01_HomePage	1707917729777	1707917742772	0	KO
GROUP	UKAF_EndToEnd,01_HomePage	1707917731125	1707917742772	0	KO
GROUP	UKAF_EndToEnd	1707917729777	1707917742772	0	KO
GROUP	UKAF_EndToEnd	1707917731125	1707917742772	0	KO
USER	UKAF_EndToEnd	END	1707917742775
USER	UKAF_EndToEnd	END	1707917742775
USER	UKAF_EndToEnd	START	1707917742775
USER	UKAF_EndToEnd	START	1707917742776
REQUEST	UKAF_EndToEnd,01_HomePage	POST /elasticsearch/search	1707917735097	1707917736723	OK	 
REQUEST	UKAF_EndToEnd,01_HomePage	POST /elasticsearch/sheet/searchByWorkbookId	1707917736779	1707917742886	KO	Features/01_HomePage.feature:49 method POST
GROUP	UKAF_EndToEnd,01_HomePage	1707917729573	1707917742887	0	KO
GROUP	UKAF_EndToEnd	1707917729573	1707917742887	0	KO
USER	UKAF_EndToEnd	END	1707917742887
USER	UKAF_EndToEnd	START	1707917742887
REQUEST	UKAF_EndToEnd,01_HomePage	POST /elasticsearch/search	1707917735079	1707917736780	OK	 
REQUEST	UKAF_EndToEnd,01_HomePage	POST /elasticsearch/sheet/searchByWorkbookId	1707917736838	1707917742902	KO	Features/01_HomePage.feature:49 method POST
GROUP	UKAF_EndToEnd,01_HomePage	1707917729254	1707917742904	0	KO
GROUP	UKAF_EndToEnd	1707917729254	1707917742904	0	KO
USER	UKAF_EndToEnd	END	1707917742904
USER	UKAF_EndToEnd	START	1707917742917
REQUEST	UKAF_EndToEnd,01_HomePage	POST /auth/getToken	1707917742797	1707917742903	OK	 
REQUEST	UKAF_EndToEnd,01_HomePage	POST /auth/getToken	1707917742799	1707917742931	OK	 
REQUEST	UKAF_EndToEnd,01_HomePage	POST /auth/getToken	1707917742915	1707917743036	OK	 
REQUEST	UKAF_EndToEnd,01_HomePage	POST /notification/getNotifications	1707917742908	1707917743066	OK	 
REQUEST	UKAF_EndToEnd,01_HomePage	POST /notification/getNotifications	1707917742938	1707917743096	OK	 
REQUEST	UKAF_EndToEnd,01_HomePage	POST /elasticsearch/search	1707917735053	1707917736280	OK	 
REQUEST	UKAF_EndToEnd,01_HomePage	POST /elasticsearch/sheet/searchByWorkbookId	1707917736564	1707917743322	KO	Features/01_HomePage.feature:49 method POST
GROUP	UKAF_EndToEnd,01_HomePage	1707917731144	1707917743324	0	KO
GROUP	UKAF_EndToEnd	1707917731144	1707917743324	0	KO
USER	UKAF_EndToEnd	END	1707917743324
USER	UKAF_EndToEnd	START	1707917743324
REQUEST	UKAF_EndToEnd,01_HomePage	POST /notification/getNotifications	1707917743048	1707917743201	OK	 
REQUEST	UKAF_EndToEnd,01_HomePage	POST /auth/getToken	1707917743386	1707917743491	OK	 
REQUEST	UKAF_EndToEnd,01_HomePage	POST /notification/getNotifications	1707917743502	1707917743655	OK	 
REQUEST	UKAF_EndToEnd,01_HomePage	POST /auth/getToken	1707917742944	1707917743066	OK	 
REQUEST	UKAF_EndToEnd,01_HomePage	POST /notification/getNotifications	1707917743087	1707917744385	OK	 
REQUEST	UKAF_EndToEnd,02_InsertWorkbook	POST /auth/getToken	1707917738909	1707917739061	OK	 
REQUEST	UKAF_EndToEnd,02_InsertWorkbook	POST /elasticsearch/insertDoc	1707917739067	1707917745142	KO	Features/InsertWorkbook.feature:30 method post
GROUP	UKAF_EndToEnd,02_InsertWorkbook	1707917738709	1707917745142	0	KO
GROUP	UKAF_EndToEnd	1707917729143	1707917745143	0	KO
USER	UKAF_EndToEnd	END	1707917745143
USER	UKAF_EndToEnd	START	1707917745143
REQUEST	UKAF_EndToEnd,02_InsertWorkbook	POST /auth/getToken	1707917738942	1707917739068	OK	 
REQUEST	UKAF_EndToEnd,02_InsertWorkbook	POST /auth/getToken	1707917738900	1707917739061	OK	 
REQUEST	UKAF_EndToEnd,02_InsertWorkbook	POST /elasticsearch/insertDoc	1707917739085	1707917745157	KO	Features/InsertWorkbook.feature:30 method post
REQUEST	UKAF_EndToEnd,02_InsertWorkbook	POST /elasticsearch/insertDoc	1707917739072	1707917745157	KO	Features/InsertWorkbook.feature:30 method post
REQUEST	UKAF_EndToEnd,02_InsertWorkbook	POST /auth/getToken	1707917738919	1707917739062	OK	 
REQUEST	UKAF_EndToEnd,02_InsertWorkbook	POST /elasticsearch/insertDoc	1707917739079	1707917745157	KO	Features/InsertWorkbook.feature:30 method post
GROUP	UKAF_EndToEnd,02_InsertWorkbook	1707917738725	1707917745158	0	KO
GROUP	UKAF_EndToEnd,02_InsertWorkbook	1707917738820	1707917745158	0	KO
GROUP	UKAF_EndToEnd	1707917729517	1707917745158	0	KO
GROUP	UKAF_EndToEnd	1707917729372	1707917745158	0	KO
GROUP	UKAF_EndToEnd,02_InsertWorkbook	1707917738444	1707917745158	0	KO
GROUP	UKAF_EndToEnd	1707917729167	1707917745158	0	KO
USER	UKAF_EndToEnd	END	1707917745158
USER	UKAF_EndToEnd	START	1707917745159
USER	UKAF_EndToEnd	END	1707917745158
USER	UKAF_EndToEnd	END	1707917745158
USER	UKAF_EndToEnd	START	1707917745164
USER	UKAF_EndToEnd	START	1707917745164
REQUEST	UKAF_EndToEnd,02_InsertWorkbook	POST /auth/getToken	1707917738905	1707917739061	OK	 
REQUEST	UKAF_EndToEnd,02_InsertWorkbook	POST /elasticsearch/insertDoc	1707917739067	1707917745172	KO	Features/InsertWorkbook.feature:30 method post
GROUP	UKAF_EndToEnd,02_InsertWorkbook	1707917738820	1707917745173	0	KO
GROUP	UKAF_EndToEnd	1707917729672	1707917745173	0	KO
USER	UKAF_EndToEnd	END	1707917745173
USER	UKAF_EndToEnd	START	1707917745174
REQUEST	UKAF_EndToEnd,01_HomePage	POST /auth/getToken	1707917745156	1707917745266	OK	 
REQUEST	UKAF_EndToEnd,01_HomePage	POST /auth/getToken	1707917745183	1707917745287	OK	 
REQUEST	UKAF_EndToEnd,01_HomePage	POST /auth/getToken	1707917745197	1707917745310	OK	 
REQUEST	UKAF_EndToEnd,01_HomePage	POST /auth/getToken	1707917745195	1707917745310	OK	 
REQUEST	UKAF_EndToEnd,01_HomePage	POST /notification/getNotifications	1707917745271	1707917745417	OK	 
REQUEST	UKAF_EndToEnd,01_HomePage	POST /notification/getNotifications	1707917745292	1707917745478	OK	 
REQUEST	UKAF_EndToEnd,01_HomePage	POST /notification/getNotifications	1707917745327	1707917745510	OK	 
REQUEST	UKAF_EndToEnd,01_HomePage	POST /notification/getNotifications	1707917745318	1707917745480	OK	 
REQUEST	UKAF_EndToEnd,01_HomePage	POST /auth/getToken	1707917745192	1707917745310	OK	 
REQUEST	UKAF_EndToEnd,01_HomePage	POST /notification/getNotifications	1707917745315	1707917746113	OK	 
REQUEST	UKAF_EndToEnd,01_HomePage	POST /access/getAccessInfo	1707917745520	1707917745683	OK	 
REQUEST	UKAF_EndToEnd,01_HomePage	POST /access/getAccessInfo	1707917744388	1707917744523	OK	 
REQUEST	UKAF_EndToEnd,01_HomePage	POST /access/getAccessInfo	1707917745485	1707917745683	OK	 
REQUEST	UKAF_EndToEnd,01_HomePage	POST /access/getAccessInfo	1707917743073	1707917743232	OK	 
REQUEST	UKAF_EndToEnd,01_HomePage	POST /access/getAccessInfo	1707917743205	1707917743355	OK	 
REQUEST	UKAF_EndToEnd,01_HomePage	POST /access/getAccessInfo	1707917745508	1707917745683	OK	 
REQUEST	UKAF_EndToEnd,01_HomePage	POST /access/getAccessInfo	1707917743100	1707917743232	OK	 
REQUEST	UKAF_EndToEnd,01_HomePage	POST /elasticsearch/search	1707917745712	1707917747750	OK	 
REQUEST	UKAF_EndToEnd,01_HomePage	POST /elasticsearch/sheet/searchByWorkbookId	1707917747811	1707917747939	OK	 
GROUP	UKAF_EndToEnd,01_HomePage	1707917745159	1707917747944	0	OK
REQUEST	UKAF_EndToEnd,01_HomePage	POST /access/getAccessInfo	1707917746117	1707917746296	OK	 
REQUEST	UKAF_EndToEnd,01_HomePage	POST /access/getAccessInfo	1707917745422	1707917745571	OK	 
REQUEST	UKAF_EndToEnd,01_HomePage	POST /elasticsearch/search	1707917745688	1707917747768	OK	 
REQUEST	UKAF_EndToEnd,01_HomePage	POST /elasticsearch/sheet/searchByWorkbookId	1707917747849	1707917747981	OK	 
GROUP	UKAF_EndToEnd,01_HomePage	1707917745164	1707917748031	0	OK
REQUEST	UKAF_EndToEnd,01_HomePage	POST /elasticsearch/search	1707917743364	1707917747817	OK	 
REQUEST	UKAF_EndToEnd,01_HomePage	POST /elasticsearch/sheet/searchByWorkbookId	1707917747902	1707917748062	OK	 
REQUEST	UKAF_EndToEnd,01_HomePage	POST /elasticsearch/search	1707917743236	1707917747814	OK	 
REQUEST	UKAF_EndToEnd,01_HomePage	POST /elasticsearch/sheet/searchByWorkbookId	1707917747895	1707917748063	OK	 
REQUEST	UKAF_EndToEnd,01_HomePage	POST /access/getAccessInfo	1707917743659	1707917743799	OK	 
GROUP	UKAF_EndToEnd,01_HomePage	1707917742887	1707917748067	0	OK
REQUEST	UKAF_EndToEnd,01_HomePage	POST /elasticsearch/search	1707917744526	1707917747768	OK	 
REQUEST	UKAF_EndToEnd,01_HomePage	POST /elasticsearch/sheet/searchByWorkbookId	1707917747919	1707917748063	OK	 
GROUP	UKAF_EndToEnd,01_HomePage	1707917742776	1707917748068	0	OK
GROUP	UKAF_EndToEnd,01_HomePage	1707917742917	1707917748068	0	OK
REQUEST	UKAF_EndToEnd,01_HomePage	POST /elasticsearch/search	1707917743802	1707917748040	OK	 
REQUEST	UKAF_EndToEnd,01_HomePage	POST /elasticsearch/search	1707917745574	1707917747973	OK	 
REQUEST	UKAF_EndToEnd,01_HomePage	POST /elasticsearch/sheet/searchByWorkbookId	1707917748095	1707917753158	OK	 
REQUEST	UKAF_EndToEnd,01_HomePage	POST /elasticsearch/sheet/searchByWorkbookId	1707917748053	1707917753158	OK	 
GROUP	UKAF_EndToEnd,01_HomePage	1707917743324	1707917753160	0	OK
GROUP	UKAF_EndToEnd,01_HomePage	1707917745143	1707917753160	0	OK
REQUEST	UKAF_EndToEnd,01_HomePage	POST /elasticsearch/search	1707917745702	1707917747857	OK	 
REQUEST	UKAF_EndToEnd,01_HomePage	POST /elasticsearch/search	1707917743236	1707917747820	OK	 
REQUEST	UKAF_EndToEnd,01_HomePage	POST /elasticsearch/sheet/searchByWorkbookId	1707917747943	1707917754031	KO	Features/01_HomePage.feature:49 method POST
REQUEST	UKAF_EndToEnd,01_HomePage	POST /elasticsearch/sheet/searchByWorkbookId	1707917747951	1707917754031	KO	Features/01_HomePage.feature:49 method POST
GROUP	UKAF_EndToEnd,01_HomePage	1707917745164	1707917754032	0	KO
GROUP	UKAF_EndToEnd,01_HomePage	1707917742775	1707917754032	0	KO
GROUP	UKAF_EndToEnd	1707917742775	1707917754032	0	KO
GROUP	UKAF_EndToEnd	1707917745164	1707917754032	0	KO
USER	UKAF_EndToEnd	END	1707917754032
USER	UKAF_EndToEnd	END	1707917754032
USER	UKAF_EndToEnd	START	1707917754032
USER	UKAF_EndToEnd	START	1707917754032
REQUEST	UKAF_EndToEnd,01_HomePage	POST /elasticsearch/search	1707917746298	1707917747961	OK	 
REQUEST	UKAF_EndToEnd,01_HomePage	POST /elasticsearch/sheet/searchByWorkbookId	1707917748046	1707917754109	KO	Features/01_HomePage.feature:49 method POST
GROUP	UKAF_EndToEnd,01_HomePage	1707917745174	1707917754110	0	KO
GROUP	UKAF_EndToEnd	1707917745174	1707917754110	0	KO
USER	UKAF_EndToEnd	END	1707917754110
USER	UKAF_EndToEnd	START	1707917754110
REQUEST	UKAF_EndToEnd,01_HomePage	POST /auth/getToken	1707917754046	1707917754185	OK	 
REQUEST	UKAF_EndToEnd,01_HomePage	POST /auth/getToken	1707917754041	1707917754185	OK	 
REQUEST	UKAF_EndToEnd,01_HomePage	POST /auth/getToken	1707917754122	1707917754231	OK	 
REQUEST	UKAF_EndToEnd,01_HomePage	POST /notification/getNotifications	1707917754193	1707917754327	OK	 
REQUEST	UKAF_EndToEnd,01_HomePage	POST /notification/getNotifications	1707917754191	1707917754338	OK	 
REQUEST	UKAF_EndToEnd,01_HomePage	POST /notification/getNotifications	1707917754236	1707917754413	OK	 
REQUEST	UKAF_EndToEnd,02_InsertWorkbook	POST /auth/getToken	1707917749981	1707917750112	OK	 
REQUEST	UKAF_EndToEnd,02_InsertWorkbook	POST /elasticsearch/insertDoc	1707917750116	1707917756182	KO	Features/InsertWorkbook.feature:30 method post
GROUP	UKAF_EndToEnd,02_InsertWorkbook	1707917749958	1707917756184	0	KO
GROUP	UKAF_EndToEnd	1707917745159	1707917756184	0	KO
USER	UKAF_EndToEnd	END	1707917756184
USER	UKAF_EndToEnd	START	1707917756184
REQUEST	UKAF_EndToEnd,02_InsertWorkbook	POST /auth/getToken	1707917750146	1707917750279	OK	 
REQUEST	UKAF_EndToEnd,02_InsertWorkbook	POST /elasticsearch/insertDoc	1707917750281	1707917756350	KO	Features/InsertWorkbook.feature:30 method post
GROUP	UKAF_EndToEnd,02_InsertWorkbook	1707917750082	1707917756352	0	KO
GROUP	UKAF_EndToEnd	1707917742917	1707917756353	0	KO
USER	UKAF_EndToEnd	END	1707917756353
USER	UKAF_EndToEnd	START	1707917756353
REQUEST	UKAF_EndToEnd,02_InsertWorkbook	POST /auth/getToken	1707917750071	1707917750324	OK	 
REQUEST	UKAF_EndToEnd,02_InsertWorkbook	POST /elasticsearch/insertDoc	1707917750327	1707917756382	KO	Features/InsertWorkbook.feature:30 method post
REQUEST	UKAF_EndToEnd,02_InsertWorkbook	POST /auth/getToken	1707917750168	1707917750324	OK	 
REQUEST	UKAF_EndToEnd,02_InsertWorkbook	POST /elasticsearch/insertDoc	1707917750327	1707917756387	KO	Features/InsertWorkbook.feature:30 method post
GROUP	UKAF_EndToEnd,02_InsertWorkbook	1707917750036	1707917756390	0	KO
GROUP	UKAF_EndToEnd	1707917745164	1707917756390	0	KO
GROUP	UKAF_EndToEnd,02_InsertWorkbook	1707917750082	1707917756390	0	KO
GROUP	UKAF_EndToEnd	1707917742776	1707917756390	0	KO
USER	UKAF_EndToEnd	END	1707917756390
USER	UKAF_EndToEnd	END	1707917756390
USER	UKAF_EndToEnd	START	1707917756397
USER	UKAF_EndToEnd	START	1707917756397
REQUEST	UKAF_EndToEnd,02_InsertWorkbook	POST /auth/getToken	1707917750213	1707917750379	OK	 
REQUEST	UKAF_EndToEnd,02_InsertWorkbook	POST /elasticsearch/insertDoc	1707917750384	1707917756442	KO	Features/InsertWorkbook.feature:30 method post
GROUP	UKAF_EndToEnd,02_InsertWorkbook	1707917750081	1707917756444	0	KO
GROUP	UKAF_EndToEnd	1707917742887	1707917756444	0	KO
USER	UKAF_EndToEnd	END	1707917756444
USER	UKAF_EndToEnd	START	1707917756452
REQUEST	UKAF_EndToEnd,01_HomePage	POST /auth/getToken	1707917756210	1707917756366	OK	 
REQUEST	UKAF_EndToEnd,01_HomePage	POST /notification/getNotifications	1707917756373	1707917756595	OK	 
REQUEST	UKAF_EndToEnd,01_HomePage	POST /auth/getToken	1707917756417	1707917756632	OK	 
REQUEST	UKAF_EndToEnd,01_HomePage	POST /notification/getNotifications	1707917756639	1707917756854	OK	 
REQUEST	UKAF_EndToEnd,01_HomePage	POST /auth/getToken	1707917756478	1707917756654	OK	 
REQUEST	UKAF_EndToEnd,01_HomePage	POST /auth/getToken	1707917756464	1707917756639	OK	 
REQUEST	UKAF_EndToEnd,01_HomePage	POST /auth/getToken	1707917756435	1707917756641	OK	 
REQUEST	UKAF_EndToEnd,01_HomePage	POST /notification/getNotifications	1707917756660	1707917757348	OK	 
REQUEST	UKAF_EndToEnd,01_HomePage	POST /notification/getNotifications	1707917756645	1707917757348	OK	 
REQUEST	UKAF_EndToEnd,01_HomePage	POST /notification/getNotifications	1707917756648	1707917757374	OK	 
REQUEST	UKAF_EndToEnd,02_InsertWorkbook	POST /auth/getToken	1707917755243	1707917755512	OK	 
REQUEST	UKAF_EndToEnd,02_InsertWorkbook	POST /auth/getToken	1707917755190	1707917755358	OK	 
REQUEST	UKAF_EndToEnd,02_InsertWorkbook	POST /elasticsearch/insertDoc	1707917755519	1707917758292	OK	 
REQUEST	UKAF_EndToEnd,02_InsertWorkbook	POST /elasticsearch/insertDoc	1707917755366	1707917758292	OK	 
REQUEST	UKAF_EndToEnd,01_HomePage	POST /access/getAccessInfo	1707917757375	1707917757561	OK	 
REQUEST	UKAF_EndToEnd,01_HomePage	POST /access/getAccessInfo	1707917756602	1707917756775	OK	 
REQUEST	UKAF_EndToEnd,01_HomePage	POST /access/getAccessInfo	1707917754340	1707917754489	OK	 
REQUEST	UKAF_EndToEnd,01_HomePage	POST /access/getAccessInfo	1707917757354	1707917757526	OK	 
REQUEST	UKAF_EndToEnd,01_HomePage	POST /access/getAccessInfo	1707917756860	1707917757067	OK	 
REQUEST	UKAF_EndToEnd,01_HomePage	POST /access/getAccessInfo	1707917754330	1707917754478	OK	 
REQUEST	UKAF_EndToEnd,01_HomePage	POST /elasticsearch/search	1707917757565	1707917758860	OK	 
REQUEST	UKAF_EndToEnd,01_HomePage	POST /access/getAccessInfo	1707917757382	1707917757561	OK	 
REQUEST	UKAF_EndToEnd,01_HomePage	POST /access/getAccessInfo	1707917754416	1707917754579	OK	 
REQUEST	UKAF_EndToEnd,02_InsertWorkbook	POST /elasticsearch/sheet/searchByWorkbookId	1707917758301	1707917758489	OK	 
REQUEST	UKAF_EndToEnd,01_HomePage	POST /elasticsearch/sheet/searchByWorkbookId	1707917758990	1707917759119	OK	 
REQUEST	UKAF_EndToEnd,02_InsertWorkbook	POST /elasticsearch/sheet/searchByWorkbookId	1707917758301	1707917758489	OK	 
GROUP	UKAF_EndToEnd,01_HomePage	1707917756397	1707917761767	0	OK
REQUEST	UKAF_EndToEnd,01_HomePage	POST /elasticsearch/search	1707917756780	1707917759037	OK	 
REQUEST	UKAF_EndToEnd,01_HomePage	POST /elasticsearch/search	1707917754492	1707917759037	OK	 
REQUEST	UKAF_EndToEnd,01_HomePage	POST /elasticsearch/sheet/searchByWorkbookId	1707917761827	1707917761941	OK	 
REQUEST	UKAF_EndToEnd,01_HomePage	POST /elasticsearch/sheet/searchByWorkbookId	1707917761827	1707917761941	OK	 
GROUP	UKAF_EndToEnd,01_HomePage	1707917756184	1707917761942	0	OK
GROUP	UKAF_EndToEnd,01_HomePage	1707917754032	1707917761943	0	OK
REQUEST	UKAF_EndToEnd,01_HomePage	POST /elasticsearch/search	1707917757071	1707917759044	OK	 
REQUEST	UKAF_EndToEnd,01_HomePage	POST /elasticsearch/search	1707917757530	1707917759044	OK	 
REQUEST	UKAF_EndToEnd,01_HomePage	POST /elasticsearch/sheet/searchByWorkbookId	1707917761864	1707917761955	OK	 
REQUEST	UKAF_EndToEnd,01_HomePage	POST /elasticsearch/sheet/searchByWorkbookId	1707917761864	1707917761955	OK	 
GROUP	UKAF_EndToEnd,01_HomePage	1707917756452	1707917761957	0	OK
GROUP	UKAF_EndToEnd,01_HomePage	1707917756353	1707917761957	0	OK
REQUEST	UKAF_EndToEnd,01_HomePage	POST /elasticsearch/search	1707917754482	1707917759074	OK	 
REQUEST	UKAF_EndToEnd,01_HomePage	POST /elasticsearch/sheet/searchByWorkbookId	1707917761864	1707917761973	OK	 
GROUP	UKAF_EndToEnd,01_HomePage	1707917754032	1707917761975	0	OK
REQUEST	UKAF_EndToEnd,01_HomePage	POST /elasticsearch/search	1707917757567	1707917759205	OK	 
REQUEST	UKAF_EndToEnd,01_HomePage	POST /elasticsearch/sheet/searchByWorkbookId	1707917761904	1707917762018	OK	 
GROUP	UKAF_EndToEnd,01_HomePage	1707917756397	1707917762020	0	OK
REQUEST	UKAF_EndToEnd,01_HomePage	POST /elasticsearch/search	1707917754582	1707917759205	OK	 
REQUEST	UKAF_EndToEnd,01_HomePage	POST /elasticsearch/sheet/searchByWorkbookId	1707917761904	1707917762024	OK	 
GROUP	UKAF_EndToEnd,01_HomePage	1707917754110	1707917762026	0	OK
REQUEST	UKAF_EndToEnd,02_InsertWorkbook	POST /elasticsearch/sheet/insertDoc	1707917758495	1707917759712	OK	 
REQUEST	UKAF_EndToEnd,02_InsertWorkbook	POST /elasticsearch/sheetrow/searchBySheetId	1707917761883	1707917763902	OK	 
GROUP	UKAF_EndToEnd,02_InsertWorkbook	1707917755161	1707917763921	0	OK
REQUEST	UKAF_EndToEnd,02_InsertWorkbook	POST /elasticsearch/sheet/insertDoc	1707917758495	1707917759712	OK	 
REQUEST	UKAF_EndToEnd,02_InsertWorkbook	POST /elasticsearch/sheetrow/searchBySheetId	1707917761864	1707917764182	OK	 
GROUP	UKAF_EndToEnd,02_InsertWorkbook	1707917755161	1707917764201	0	OK
REQUEST	UKAF_EndToEnd,01_HomePage	POST /auth/getToken	1707917763935	1707917764105	OK	 
REQUEST	UKAF_EndToEnd,02_InsertWorkbook	POST /auth/getToken	1707917763994	1707917764347	OK	 
REQUEST	UKAF_EndToEnd,02_InsertWorkbook	POST /elasticsearch/insertDoc	1707917764354	1707917764487	OK	 
REQUEST	UKAF_EndToEnd,01_HomePage	POST /notification/getNotifications	1707917764110	1707917764322	OK	 
REQUEST	UKAF_EndToEnd,02_InsertWorkbook	POST /auth/getToken	1707917764027	1707917764413	OK	 
REQUEST	UKAF_EndToEnd,02_InsertWorkbook	POST /elasticsearch/insertDoc	1707917764423	1707917764576	OK	 
REQUEST	UKAF_EndToEnd,02_InsertWorkbook	POST /auth/getToken	1707917764047	1707917764412	OK	 
REQUEST	UKAF_EndToEnd,02_InsertWorkbook	POST /elasticsearch/insertDoc	1707917764420	1707917764579	OK	 
REQUEST	UKAF_EndToEnd,02_InsertWorkbook	POST /auth/getToken	1707917764121	1707917764415	OK	 
REQUEST	UKAF_EndToEnd,02_InsertWorkbook	POST /elasticsearch/insertDoc	1707917764443	1707917764624	OK	 
REQUEST	UKAF_EndToEnd,02_InsertWorkbook	POST /auth/getToken	1707917763820	1707917764412	OK	 
REQUEST	UKAF_EndToEnd,02_InsertWorkbook	POST /auth/getToken	1707917764129	1707917764440	OK	 
REQUEST	UKAF_EndToEnd,02_InsertWorkbook	POST /elasticsearch/insertDoc	1707917764449	1707917764632	OK	 
REQUEST	UKAF_EndToEnd,02_InsertWorkbook	POST /elasticsearch/insertDoc	1707917764419	1707917764631	OK	 
REQUEST	UKAF_EndToEnd,02_InsertWorkbook	POST /auth/getToken	1707917764077	1707917764414	OK	 
REQUEST	UKAF_EndToEnd,02_InsertWorkbook	POST /elasticsearch/insertDoc	1707917764472	1707917764643	OK	 
REQUEST	UKAF_EndToEnd,02_InsertWorkbook	POST /auth/getToken	1707917764108	1707917764412	OK	 
REQUEST	UKAF_EndToEnd,02_InsertWorkbook	POST /elasticsearch/insertDoc	1707917764462	1707917764645	OK	 
REQUEST	UKAF_EndToEnd,01_HomePage	POST /auth/getToken	1707917764225	1707917764415	OK	 
REQUEST	UKAF_EndToEnd,01_HomePage	POST /notification/getNotifications	1707917764443	1707917764687	OK	 
REQUEST	UKAF_EndToEnd,01_HomePage	POST /access/getAccessInfo	1707917764328	1707917764564	OK	 
REQUEST	UKAF_EndToEnd,02_InsertWorkbook	POST /elasticsearch/sheet/searchByWorkbookId	1707917764494	1707917764688	OK	 
REQUEST	UKAF_EndToEnd,01_HomePage	POST /elasticsearch/search	1707917764568	1707917765452	OK	 
REQUEST	UKAF_EndToEnd,01_HomePage	POST /elasticsearch/sheet/searchByWorkbookId	1707917765499	1707917765994	OK	 
REQUEST	UKAF_EndToEnd,02_InsertWorkbook	POST /elasticsearch/sheet/searchByWorkbookId	1707917764593	1707917764749	OK	 
GROUP	UKAF_EndToEnd,01_HomePage	1707917763921	1707917766005	0	OK
REQUEST	UKAF_EndToEnd,02_InsertWorkbook	POST /elasticsearch/sheet/searchByWorkbookId	1707917764631	1707917764777	OK	 
REQUEST	UKAF_EndToEnd,02_InsertWorkbook	POST /elasticsearch/sheet/searchByWorkbookId	1707917764647	1707917764820	OK	 
REQUEST	UKAF_EndToEnd,02_InsertWorkbook	POST /elasticsearch/sheet/searchByWorkbookId	1707917764672	1707917764822	OK	 
REQUEST	UKAF_EndToEnd,01_HomePage	POST /access/getAccessInfo	1707917764691	1707917764880	OK	 
REQUEST	UKAF_EndToEnd,02_InsertWorkbook	POST /elasticsearch/sheet/searchByWorkbookId	1707917764656	1707917764829	OK	 
REQUEST	UKAF_EndToEnd,02_InsertWorkbook	POST /elasticsearch/sheet/searchByWorkbookId	1707917764647	1707917764794	OK	 
REQUEST	UKAF_EndToEnd,01_HomePage	POST /elasticsearch/search	1707917764896	1707917766096	OK	 
REQUEST	UKAF_EndToEnd,01_HomePage	POST /elasticsearch/sheet/searchByWorkbookId	1707917766192	1707917766388	OK	 
GROUP	UKAF_EndToEnd,01_HomePage	1707917764201	1707917766391	0	OK
REQUEST	UKAF_EndToEnd,02_InsertWorkbook	POST /elasticsearch/sheet/searchByWorkbookId	1707917764586	1707917764749	OK	 
REQUEST	UKAF_EndToEnd,02_InsertWorkbook	POST /elasticsearch/sheet/insertDoc	1707917764693	1707917765888	OK	 
REQUEST	UKAF_EndToEnd,02_InsertWorkbook	POST /elasticsearch/sheetrow/searchBySheetId	1707917765892	1707917768975	OK	 
GROUP	UKAF_EndToEnd,02_InsertWorkbook	1707917763951	1707917769009	0	OK
REQUEST	UKAF_EndToEnd,01_HomePage	POST /auth/getToken	1707917769015	1707917769094	OK	 
REQUEST	UKAF_EndToEnd,01_HomePage	POST /notification/getNotifications	1707917769097	1707917769242	OK	 
REQUEST	UKAF_EndToEnd,02_InsertWorkbook	POST /elasticsearch/sheet/insertDoc	1707917764757	1707917765997	OK	 
REQUEST	UKAF_EndToEnd,02_InsertWorkbook	POST /elasticsearch/sheetrow/searchBySheetId	1707917766000	1707917769388	OK	 
GROUP	UKAF_EndToEnd,02_InsertWorkbook	1707917763951	1707917769396	0	OK
REQUEST	UKAF_EndToEnd,03_UpdateWorkbook	POST /auth/getToken	1707917768035	1707917769218	OK	 
REQUEST	UKAF_EndToEnd,03_UpdateWorkbook	POST /elasticsearch/insertDoc	1707917769222	1707917769404	OK	 
REQUEST	UKAF_EndToEnd,03_UpdateWorkbook	PATCH /elasticsearch/update	1707917769417	1707917769580	OK	 
GROUP	UKAF_EndToEnd,03_UpdateWorkbook	1707917768011	1707917769583	0	OK
REQUEST	UKAF_EndToEnd,01_HomePage	POST /auth/getToken	1707917769404	1707917769573	OK	 
REQUEST	UKAF_EndToEnd,02_InsertWorkbook	POST /elasticsearch/sheet/insertDoc	1707917764865	1707917766072	OK	 
REQUEST	UKAF_EndToEnd,02_InsertWorkbook	POST /elasticsearch/sheetrow/searchBySheetId	1707917766082	1707917770050	OK	 
GROUP	UKAF_EndToEnd,02_InsertWorkbook	1707917764057	1707917770059	0	OK
REQUEST	UKAF_EndToEnd,03_UpdateWorkbook	POST /auth/getToken	1707917768417	1707917769598	OK	 
REQUEST	UKAF_EndToEnd,01_HomePage	POST /notification/getNotifications	1707917769578	1707917769965	OK	 
REQUEST	UKAF_EndToEnd,03_UpdateWorkbook	POST /elasticsearch/insertDoc	1707917769601	1707917770165	OK	 
REQUEST	UKAF_EndToEnd,02_InsertWorkbook	POST /elasticsearch/sheet/insertDoc	1707917764830	1707917766068	OK	 
REQUEST	UKAF_EndToEnd,02_InsertWorkbook	POST /elasticsearch/sheetrow/searchBySheetId	1707917766072	1707917770196	OK	 
GROUP	UKAF_EndToEnd,02_InsertWorkbook	1707917764061	1707917770204	0	OK
REQUEST	UKAF_EndToEnd,01_HomePage	POST /auth/getToken	1707917770068	1707917770233	OK	 
REQUEST	UKAF_EndToEnd,01_HomePage	POST /access/getAccessInfo	1707917769246	1707917769380	OK	 
REQUEST	UKAF_EndToEnd,03_UpdateWorkbook	PATCH /elasticsearch/update	1707917770169	1707917770471	OK	 
GROUP	UKAF_EndToEnd,03_UpdateWorkbook	1707917768398	1707917770473	0	OK
REQUEST	UKAF_EndToEnd,01_HomePage	POST /auth/getToken	1707917770252	1707917770333	OK	 
REQUEST	UKAF_EndToEnd,02_InsertWorkbook	POST /elasticsearch/sheet/insertDoc	1707917764884	1707917766169	OK	 
REQUEST	UKAF_EndToEnd,02_InsertWorkbook	POST /elasticsearch/sheetrow/searchBySheetId	1707917766194	1707917770529	OK	 
GROUP	UKAF_EndToEnd,02_InsertWorkbook	1707917763968	1707917770537	0	OK
REQUEST	UKAF_EndToEnd,01_HomePage	POST /notification/getNotifications	1707917770336	1707917770500	OK	 
REQUEST	UKAF_EndToEnd,01_HomePage	POST /elasticsearch/search	1707917769384	1707917770423	OK	 
REQUEST	UKAF_EndToEnd,01_HomePage	POST /elasticsearch/sheet/searchByWorkbookId	1707917770462	1707917770725	OK	 
GROUP	UKAF_EndToEnd,01_HomePage	1707917769009	1707917770727	0	OK
REQUEST	UKAF_EndToEnd,01_HomePage	POST /auth/getToken	1707917770547	1707917770667	OK	 
REQUEST	UKAF_EndToEnd,02_InsertWorkbook	POST /elasticsearch/sheet/insertDoc	1707917764805	1707917766364	OK	 
REQUEST	UKAF_EndToEnd,02_InsertWorkbook	POST /elasticsearch/sheetrow/searchBySheetId	1707917766367	1707917770817	OK	 
GROUP	UKAF_EndToEnd,02_InsertWorkbook	1707917763782	1707917770830	0	OK
REQUEST	UKAF_EndToEnd,01_HomePage	POST /notification/getNotifications	1707917770670	1707917770803	OK	 
REQUEST	UKAF_EndToEnd,01_HomePage	POST /auth/getToken	1707917770851	1707917770944	OK	 
REQUEST	UKAF_EndToEnd,01_HomePage	POST /notification/getNotifications	1707917770239	1707917770387	OK	 
REQUEST	UKAF_EndToEnd,01_HomePage	POST /access/getAccessInfo	1707917769968	1707917770165	OK	 
REQUEST	UKAF_EndToEnd,02_InsertWorkbook	POST /elasticsearch/sheet/insertDoc	1707917764755	1707917767117	OK	 
REQUEST	UKAF_EndToEnd,02_InsertWorkbook	POST /elasticsearch/sheetrow/searchBySheetId	1707917767121	1707917771260	OK	 
GROUP	UKAF_EndToEnd,02_InsertWorkbook	1707917763967	1707917771271	0	OK
REQUEST	UKAF_EndToEnd,01_HomePage	POST /notification/getNotifications	1707917770949	1707917771121	OK	 
REQUEST	UKAF_EndToEnd,01_HomePage	POST /access/getAccessInfo	1707917770505	1707917770636	OK	 
REQUEST	UKAF_EndToEnd,01_HomePage	POST /elasticsearch/search	1707917770167	1707917771140	OK	 
REQUEST	UKAF_EndToEnd,01_HomePage	POST /elasticsearch/sheet/searchByWorkbookId	1707917771182	1707917771527	OK	 
REQUEST	UKAF_EndToEnd,01_HomePage	POST /auth/getToken	1707917771279	1707917771369	OK	 
GROUP	UKAF_EndToEnd,01_HomePage	1707917769396	1707917771530	0	OK
REQUEST	UKAF_EndToEnd,02_InsertWorkbook	POST /elasticsearch/sheet/insertDoc	1707917764781	1707917766013	OK	 
REQUEST	UKAF_EndToEnd,02_InsertWorkbook	POST /elasticsearch/sheetrow/searchBySheetId	1707917766016	1707917771612	OK	 
GROUP	UKAF_EndToEnd,02_InsertWorkbook	1707917763992	1707917771621	0	OK
REQUEST	UKAF_EndToEnd,01_HomePage	POST /notification/getNotifications	1707917771372	1707917771529	OK	 
REQUEST	UKAF_EndToEnd,01_HomePage	POST /access/getAccessInfo	1707917770389	1707917771127	OK	 
REQUEST	UKAF_EndToEnd,01_HomePage	POST /elasticsearch/search	1707917771131	1707917771871	OK	 
REQUEST	UKAF_EndToEnd,01_HomePage	POST /elasticsearch/sheet/searchByWorkbookId	1707917771910	1707917772020	OK	 
GROUP	UKAF_EndToEnd,01_HomePage	1707917770059	1707917772022	0	OK
REQUEST	UKAF_EndToEnd,01_HomePage	POST /access/getAccessInfo	1707917771127	1707917771277	OK	 
REQUEST	UKAF_EndToEnd,01_HomePage	POST /auth/getToken	1707917771632	1707917771970	OK	 
REQUEST	UKAF_EndToEnd,01_HomePage	POST /elasticsearch/search	1707917771279	1707917772080	OK	 
REQUEST	UKAF_EndToEnd,01_HomePage	POST /elasticsearch/sheet/searchByWorkbookId	1707917772116	1707917772246	OK	 
GROUP	UKAF_EndToEnd,01_HomePage	1707917770830	1707917772247	0	OK
REQUEST	UKAF_EndToEnd,01_HomePage	POST /access/getAccessInfo	1707917770806	1707917771107	OK	 
REQUEST	UKAF_EndToEnd,01_HomePage	POST /notification/getNotifications	1707917771974	1707917772141	OK	 
REQUEST	UKAF_EndToEnd,01_HomePage	POST /elasticsearch/search	1707917771112	1707917772331	OK	 
REQUEST	UKAF_EndToEnd,01_HomePage	POST /elasticsearch/sheet/searchByWorkbookId	1707917772367	1707917772437	OK	 
GROUP	UKAF_EndToEnd,01_HomePage	1707917770537	1707917772438	0	OK
REQUEST	UKAF_EndToEnd,01_HomePage	POST /access/getAccessInfo	1707917771532	1707917771720	OK	 
REQUEST	UKAF_EndToEnd,01_HomePage	POST /elasticsearch/search	1707917771722	1707917772488	OK	 
REQUEST	UKAF_EndToEnd,01_HomePage	POST /elasticsearch/search	1707917770639	1707917771454	OK	 
REQUEST	UKAF_EndToEnd,01_HomePage	POST /elasticsearch/sheet/searchByWorkbookId	1707917772531	1707917772638	OK	 
REQUEST	UKAF_EndToEnd,01_HomePage	POST /elasticsearch/sheet/searchByWorkbookId	1707917771490	1707917772638	OK	 
GROUP	UKAF_EndToEnd,01_HomePage	1707917771271	1707917772640	0	OK
GROUP	UKAF_EndToEnd,01_HomePage	1707917770204	1707917772640	0	OK
REQUEST	UKAF_EndToEnd,04_UpdateSheet	POST /auth/getToken	1707917772550	1707917772686	OK	 
REQUEST	UKAF_EndToEnd,04_UpdateSheet	POST /elasticsearch/insertDoc	1707917772689	1707917772777	OK	 
REQUEST	UKAF_EndToEnd,03_UpdateWorkbook	POST /auth/getToken	1707917772750	1707917772859	OK	 
REQUEST	UKAF_EndToEnd,03_UpdateWorkbook	POST /elasticsearch/insertDoc	1707917772863	1707917772960	OK	 
REQUEST	UKAF_EndToEnd,04_UpdateSheet	POST /auth/getToken	1707917771680	1707917772929	OK	 
REQUEST	UKAF_EndToEnd,04_UpdateSheet	POST /elasticsearch/insertDoc	1707917772932	1707917773043	OK	 
REQUEST	UKAF_EndToEnd,03_UpdateWorkbook	PATCH /elasticsearch/update	1707917772965	1707917773093	OK	 
GROUP	UKAF_EndToEnd,03_UpdateWorkbook	1707917772733	1707917773095	0	OK
REQUEST	UKAF_EndToEnd,01_HomePage	POST /access/getAccessInfo	1707917772142	1707917772367	OK	 
REQUEST	UKAF_EndToEnd,01_HomePage	POST /elasticsearch/search	1707917772369	1707917773444	OK	 
REQUEST	UKAF_EndToEnd,01_HomePage	POST /elasticsearch/sheet/searchByWorkbookId	1707917773485	1707917773578	OK	 
GROUP	UKAF_EndToEnd,01_HomePage	1707917771621	1707917773580	0	OK
REQUEST	UKAF_EndToEnd,03_UpdateWorkbook	POST /auth/getToken	1707917773544	1707917773649	OK	 
REQUEST	UKAF_EndToEnd,03_UpdateWorkbook	POST /elasticsearch/insertDoc	1707917773652	1707917773765	OK	 
REQUEST	UKAF_EndToEnd,03_UpdateWorkbook	PATCH /elasticsearch/update	1707917773769	1707917773883	OK	 
GROUP	UKAF_EndToEnd,03_UpdateWorkbook	1707917773531	1707917773886	0	OK
REQUEST	UKAF_EndToEnd,03_UpdateWorkbook	POST /auth/getToken	1707917774054	1707917774141	OK	 
REQUEST	UKAF_EndToEnd,03_UpdateWorkbook	POST /elasticsearch/insertDoc	1707917774146	1707917774216	OK	 
REQUEST	UKAF_EndToEnd,03_UpdateWorkbook	PATCH /elasticsearch/update	1707917774219	1707917774314	OK	 
GROUP	UKAF_EndToEnd,03_UpdateWorkbook	1707917774038	1707917774315	0	OK
REQUEST	UKAF_EndToEnd,03_UpdateWorkbook	POST /auth/getToken	1707917774271	1707917774354	OK	 
REQUEST	UKAF_EndToEnd,03_UpdateWorkbook	POST /elasticsearch/insertDoc	1707917774358	1707917774437	OK	 
REQUEST	UKAF_EndToEnd,03_UpdateWorkbook	PATCH /elasticsearch/update	1707917774441	1707917774565	OK	 
GROUP	UKAF_EndToEnd,03_UpdateWorkbook	1707917774255	1707917774567	0	OK
REQUEST	UKAF_EndToEnd,03_UpdateWorkbook	POST /auth/getToken	1707917774459	1707917774596	OK	 
REQUEST	UKAF_EndToEnd,03_UpdateWorkbook	POST /elasticsearch/insertDoc	1707917774600	1707917774702	OK	 
REQUEST	UKAF_EndToEnd,03_UpdateWorkbook	PATCH /elasticsearch/update	1707917774706	1707917774819	OK	 
GROUP	UKAF_EndToEnd,03_UpdateWorkbook	1707917774443	1707917774821	0	OK
REQUEST	UKAF_EndToEnd,03_UpdateWorkbook	POST /auth/getToken	1707917774663	1707917774777	OK	 
REQUEST	UKAF_EndToEnd,03_UpdateWorkbook	POST /auth/getToken	1707917774663	1707917774777	OK	 
REQUEST	UKAF_EndToEnd,03_UpdateWorkbook	POST /elasticsearch/insertDoc	1707917774780	1707917774879	OK	 
REQUEST	UKAF_EndToEnd,03_UpdateWorkbook	POST /elasticsearch/insertDoc	1707917774780	1707917774879	OK	 
REQUEST	UKAF_EndToEnd,03_UpdateWorkbook	PATCH /elasticsearch/update	1707917774888	1707917775002	OK	 
REQUEST	UKAF_EndToEnd,03_UpdateWorkbook	PATCH /elasticsearch/update	1707917774885	1707917775002	OK	 
GROUP	UKAF_EndToEnd,03_UpdateWorkbook	1707917774641	1707917775005	0	OK
GROUP	UKAF_EndToEnd,03_UpdateWorkbook	1707917774641	1707917775005	0	OK
REQUEST	UKAF_EndToEnd,04_UpdateSheet	POST /elasticsearch/sheet/insertDoc	1707917772784	1707917773966	OK	 
REQUEST	UKAF_EndToEnd,04_UpdateSheet	POST /elasticsearch/sheet/insertDoc	1707917773970	1707917775044	OK	 
GROUP	UKAF_EndToEnd,04_UpdateSheet	1707917772489	1707917775045	0	OK
REQUEST	UKAF_EndToEnd,04_UpdateSheet	POST /elasticsearch/sheet/insertDoc	1707917773050	1707917774211	OK	 
REQUEST	UKAF_EndToEnd,04_UpdateSheet	POST /elasticsearch/sheet/insertDoc	1707917774214	1707917775298	OK	 
GROUP	UKAF_EndToEnd,04_UpdateSheet	1707917771597	1707917775299	0	OK
REQUEST	UKAF_EndToEnd,04_UpdateSheet	POST /auth/getToken	1707917775112	1707917775216	OK	 
REQUEST	UKAF_EndToEnd,04_UpdateSheet	POST /elasticsearch/insertDoc	1707917775219	1707917775303	OK	 
REQUEST	UKAF_EndToEnd,03_UpdateWorkbook	POST /auth/getToken	1707917775594	1707917775672	OK	 
REQUEST	UKAF_EndToEnd,03_UpdateWorkbook	POST /elasticsearch/insertDoc	1707917775675	1707917775759	OK	 
REQUEST	UKAF_EndToEnd,03_UpdateWorkbook	PATCH /elasticsearch/update	1707917775763	1707917775857	OK	 
GROUP	UKAF_EndToEnd,03_UpdateWorkbook	1707917775580	1707917775859	0	OK
REQUEST	UKAF_EndToEnd,04_UpdateSheet	POST /auth/getToken	1707917775906	1707917776011	OK	 
REQUEST	UKAF_EndToEnd,04_UpdateSheet	POST /elasticsearch/insertDoc	1707917776015	1707917776111	OK	 
REQUEST	UKAF_EndToEnd,04_UpdateSheet	POST /auth/getToken	1707917776332	1707917776434	OK	 
REQUEST	UKAF_EndToEnd,04_UpdateSheet	POST /elasticsearch/insertDoc	1707917776436	1707917776536	OK	 
REQUEST	UKAF_EndToEnd,04_UpdateSheet	POST /auth/getToken	1707917776607	1707917776748	OK	 
REQUEST	UKAF_EndToEnd,04_UpdateSheet	POST /elasticsearch/insertDoc	1707917776751	1707917776877	OK	 
REQUEST	UKAF_EndToEnd,04_UpdateSheet	POST /auth/getToken	1707917776845	1707917777078	OK	 
REQUEST	UKAF_EndToEnd,04_UpdateSheet	POST /elasticsearch/insertDoc	1707917777080	1707917777235	OK	 
REQUEST	UKAF_EndToEnd,04_UpdateSheet	POST /auth/getToken	1707917777044	1707917777194	OK	 
REQUEST	UKAF_EndToEnd,04_UpdateSheet	POST /elasticsearch/insertDoc	1707917777197	1707917777323	OK	 
REQUEST	UKAF_EndToEnd,04_UpdateSheet	POST /auth/getToken	1707917777044	1707917777221	OK	 
REQUEST	UKAF_EndToEnd,04_UpdateSheet	POST /elasticsearch/insertDoc	1707917777224	1707917777343	OK	 
REQUEST	UKAF_EndToEnd,05_DeleteSheet	POST /auth/getToken	1707917777086	1707917777235	OK	 
REQUEST	UKAF_EndToEnd,05_DeleteSheet	POST /elasticsearch/insertDoc	1707917777239	1707917777369	OK	 
REQUEST	UKAF_EndToEnd,04_UpdateSheet	POST /elasticsearch/sheet/insertDoc	1707917775308	1707917776454	OK	 
REQUEST	UKAF_EndToEnd,04_UpdateSheet	POST /elasticsearch/sheet/insertDoc	1707917776458	1707917777540	OK	 
GROUP	UKAF_EndToEnd,04_UpdateSheet	1707917775100	1707917777541	0	OK
REQUEST	UKAF_EndToEnd,05_DeleteSheet	POST /auth/getToken	1707917777339	1707917777441	OK	 
REQUEST	UKAF_EndToEnd,05_DeleteSheet	POST /elasticsearch/insertDoc	1707917777450	1707917777582	OK	 
REQUEST	UKAF_EndToEnd,04_UpdateSheet	POST /auth/getToken	1707917777875	1707917778009	OK	 
REQUEST	UKAF_EndToEnd,04_UpdateSheet	POST /elasticsearch/insertDoc	1707917778012	1707917778144	OK	 
REQUEST	UKAF_EndToEnd,04_UpdateSheet	POST /elasticsearch/sheet/insertDoc	1707917776117	1707917777300	OK	 
REQUEST	UKAF_EndToEnd,04_UpdateSheet	POST /elasticsearch/sheet/insertDoc	1707917777304	1707917778434	OK	 
GROUP	UKAF_EndToEnd,04_UpdateSheet	1707917775887	1707917778435	0	OK
REQUEST	UKAF_EndToEnd,04_UpdateSheet	POST /elasticsearch/sheet/insertDoc	1707917776540	1707917777705	OK	 
REQUEST	UKAF_EndToEnd,04_UpdateSheet	POST /elasticsearch/sheet/insertDoc	1707917777709	1707917778821	OK	 
GROUP	UKAF_EndToEnd,04_UpdateSheet	1707917776319	1707917778822	0	OK
REQUEST	UKAF_EndToEnd,04_UpdateSheet	POST /elasticsearch/sheet/insertDoc	1707917776880	1707917778144	OK	 
REQUEST	UKAF_EndToEnd,04_UpdateSheet	POST /elasticsearch/sheet/insertDoc	1707917778147	1707917779253	OK	 
GROUP	UKAF_EndToEnd,04_UpdateSheet	1707917776581	1707917779256	0	OK
REQUEST	UKAF_EndToEnd,04_UpdateSheet	POST /elasticsearch/sheet/insertDoc	1707917777241	1707917778434	OK	 
REQUEST	UKAF_EndToEnd,04_UpdateSheet	POST /elasticsearch/sheet/insertDoc	1707917778437	1707917779600	OK	 
GROUP	UKAF_EndToEnd,04_UpdateSheet	1707917776829	1707917779601	0	OK
REQUEST	UKAF_EndToEnd,04_UpdateSheet	POST /elasticsearch/sheet/insertDoc	1707917777347	1707917778525	OK	 
REQUEST	UKAF_EndToEnd,04_UpdateSheet	POST /elasticsearch/sheet/insertDoc	1707917777330	1707917778525	OK	 
REQUEST	UKAF_EndToEnd,04_UpdateSheet	POST /elasticsearch/sheet/insertDoc	1707917778528	1707917779624	OK	 
REQUEST	UKAF_EndToEnd,04_UpdateSheet	POST /elasticsearch/sheet/insertDoc	1707917778528	1707917779624	OK	 
GROUP	UKAF_EndToEnd,04_UpdateSheet	1707917777016	1707917779626	0	OK
GROUP	UKAF_EndToEnd,04_UpdateSheet	1707917777016	1707917779626	0	OK
REQUEST	UKAF_EndToEnd,05_DeleteSheet	POST /elasticsearch/sheet/insertDoc	1707917777373	1707917778557	OK	 
REQUEST	UKAF_EndToEnd,05_DeleteSheet	POST /elasticsearch/sheet/insertDoc	1707917778561	1707917779693	OK	 
REQUEST	UKAF_EndToEnd,05_DeleteSheet	POST /auth/getToken	1707917779570	1707917779657	OK	 
REQUEST	UKAF_EndToEnd,05_DeleteSheet	POST /elasticsearch/insertDoc	1707917779660	1707917779763	OK	 
REQUEST	UKAF_EndToEnd,05_DeleteSheet	POST /elasticsearch/sheet/delete	1707917779695	1707917779832	OK	 
GROUP	UKAF_EndToEnd,05_DeleteSheet	1707917777060	1707917779839	0	OK
REQUEST	UKAF_EndToEnd,05_DeleteSheet	POST /elasticsearch/sheet/insertDoc	1707917777586	1707917778795	OK	 
REQUEST	UKAF_EndToEnd,05_DeleteSheet	POST /elasticsearch/sheet/insertDoc	1707917778798	1707917779900	OK	 
REQUEST	UKAF_EndToEnd,05_DeleteSheet	POST /elasticsearch/sheet/delete	1707917779904	1707917780005	OK	 
GROUP	UKAF_EndToEnd,05_DeleteSheet	1707917777314	1707917780007	0	OK
REQUEST	UKAF_EndToEnd,04_UpdateSheet	POST /elasticsearch/sheet/insertDoc	1707917778147	1707917779345	OK	 
REQUEST	UKAF_EndToEnd,04_UpdateSheet	POST /elasticsearch/sheet/insertDoc	1707917779348	1707917780490	OK	 
GROUP	UKAF_EndToEnd,04_UpdateSheet	1707917777864	1707917780491	0	OK
REQUEST	UKAF_EndToEnd,05_DeleteSheet	POST /auth/getToken	1707917780448	1707917780566	OK	 
REQUEST	UKAF_EndToEnd,05_DeleteSheet	POST /elasticsearch/insertDoc	1707917780568	1707917780667	OK	 
REQUEST	UKAF_EndToEnd,05_DeleteSheet	POST /auth/getToken	1707917780856	1707917780990	OK	 
REQUEST	UKAF_EndToEnd,05_DeleteSheet	POST /elasticsearch/insertDoc	1707917780994	1707917781144	OK	 
REQUEST	UKAF_EndToEnd,05_DeleteSheet	POST /auth/getToken	1707917781284	1707917781387	OK	 
REQUEST	UKAF_EndToEnd,05_DeleteSheet	POST /elasticsearch/insertDoc	1707917781392	1707917781481	OK	 
REQUEST	UKAF_EndToEnd,05_DeleteSheet	POST /auth/getToken	1707917781627	1707917781749	OK	 
REQUEST	UKAF_EndToEnd,05_DeleteSheet	POST /elasticsearch/insertDoc	1707917781752	1707917781862	OK	 
REQUEST	UKAF_EndToEnd,05_DeleteSheet	POST /auth/getToken	1707917781664	1707917781807	OK	 
REQUEST	UKAF_EndToEnd,05_DeleteSheet	POST /elasticsearch/insertDoc	1707917781810	1707917781889	OK	 
REQUEST	UKAF_EndToEnd,05_DeleteSheet	POST /auth/getToken	1707917781664	1707917781807	OK	 
REQUEST	UKAF_EndToEnd,05_DeleteSheet	POST /elasticsearch/insertDoc	1707917781811	1707917781937	OK	 
REQUEST	UKAF_EndToEnd,05_DeleteSheet	POST /elasticsearch/sheet/insertDoc	1707917779767	1707917780930	OK	 
REQUEST	UKAF_EndToEnd,05_DeleteSheet	POST /elasticsearch/sheet/insertDoc	1707917780946	1707917782045	OK	 
REQUEST	UKAF_EndToEnd,06_DeleteWorkbook	POST /auth/getToken	1707917781878	1707917782002	OK	 
REQUEST	UKAF_EndToEnd,06_DeleteWorkbook	POST /elasticsearch/insertDoc	1707917782004	1707917782096	OK	 
REQUEST	UKAF_EndToEnd,05_DeleteSheet	POST /elasticsearch/sheet/delete	1707917782048	1707917782157	OK	 
GROUP	UKAF_EndToEnd,05_DeleteSheet	1707917779554	1707917782159	0	OK
REQUEST	UKAF_EndToEnd,06_DeleteWorkbook	PATCH /elasticsearch/workbook/delete	1707917782099	1707917782214	OK	 
GROUP	UKAF_EndToEnd,06_DeleteWorkbook	1707917781853	1707917782216	0	OK
REQUEST	UKAF_EndToEnd,06_DeleteWorkbook	POST /auth/getToken	1707917782035	1707917782127	OK	 
REQUEST	UKAF_EndToEnd,06_DeleteWorkbook	POST /elasticsearch/insertDoc	1707917782129	1707917782215	OK	 
REQUEST	UKAF_EndToEnd,06_DeleteWorkbook	PATCH /elasticsearch/workbook/delete	1707917782218	1707917782323	OK	 
GROUP	UKAF_EndToEnd,06_DeleteWorkbook	1707917782023	1707917782325	0	OK
REQUEST	UKAF_EndToEnd,05_DeleteSheet	POST /auth/getToken	1707917782508	1707917782605	OK	 
REQUEST	UKAF_EndToEnd,05_DeleteSheet	POST /elasticsearch/insertDoc	1707917782608	1707917782688	OK	 
REQUEST	UKAF_EndToEnd,05_DeleteSheet	POST /elasticsearch/sheet/insertDoc	1707917780672	1707917781849	OK	 
REQUEST	UKAF_EndToEnd,05_DeleteSheet	POST /elasticsearch/sheet/insertDoc	1707917781851	1707917782982	OK	 
REQUEST	UKAF_EndToEnd,05_DeleteSheet	POST /elasticsearch/sheet/delete	1707917782986	1707917783138	OK	 
GROUP	UKAF_EndToEnd,05_DeleteSheet	1707917780436	1707917783140	0	OK
REQUEST	UKAF_EndToEnd,05_DeleteSheet	POST /elasticsearch/sheet/insertDoc	1707917781150	1707917782355	OK	 
REQUEST	UKAF_EndToEnd,05_DeleteSheet	POST /elasticsearch/sheet/insertDoc	1707917782359	1707917783433	OK	 
REQUEST	UKAF_EndToEnd,05_DeleteSheet	POST /elasticsearch/sheet/delete	1707917783436	1707917783542	OK	 
GROUP	UKAF_EndToEnd,05_DeleteSheet	1707917780837	1707917783545	0	OK
REQUEST	UKAF_EndToEnd,05_DeleteSheet	POST /elasticsearch/sheet/insertDoc	1707917781485	1707917782635	OK	 
REQUEST	UKAF_EndToEnd,05_DeleteSheet	POST /elasticsearch/sheet/insertDoc	1707917782639	1707917783741	OK	 
REQUEST	UKAF_EndToEnd,05_DeleteSheet	POST /elasticsearch/sheet/delete	1707917783747	1707917783879	OK	 
GROUP	UKAF_EndToEnd,05_DeleteSheet	1707917781266	1707917783881	0	OK
REQUEST	UKAF_EndToEnd,05_DeleteSheet	POST /elasticsearch/sheet/insertDoc	1707917781893	1707917783077	OK	 
REQUEST	UKAF_EndToEnd,05_DeleteSheet	POST /elasticsearch/sheet/insertDoc	1707917781944	1707917783077	OK	 
REQUEST	UKAF_EndToEnd,05_DeleteSheet	POST /elasticsearch/sheet/insertDoc	1707917781866	1707917783068	OK	 
REQUEST	UKAF_EndToEnd,05_DeleteSheet	POST /elasticsearch/sheet/insertDoc	1707917783079	1707917784219	OK	 
REQUEST	UKAF_EndToEnd,05_DeleteSheet	POST /elasticsearch/sheet/insertDoc	1707917783070	1707917784219	OK	 
REQUEST	UKAF_EndToEnd,05_DeleteSheet	POST /elasticsearch/sheet/insertDoc	1707917783080	1707917784219	OK	 
GROUP	UKAF_EndToEnd	1707917745143	1707917784250	0	OK
USER	UKAF_EndToEnd	END	1707917784251
USER	UKAF_EndToEnd	START	1707917784251
GROUP	UKAF_EndToEnd	1707917743324	1707917784340	0	OK
USER	UKAF_EndToEnd	END	1707917784341
USER	UKAF_EndToEnd	START	1707917784341
REQUEST	UKAF_EndToEnd,05_DeleteSheet	POST /elasticsearch/sheet/delete	1707917784228	1707917784356	OK	 
REQUEST	UKAF_EndToEnd,05_DeleteSheet	POST /elasticsearch/sheet/delete	1707917784222	1707917784356	OK	 
REQUEST	UKAF_EndToEnd,05_DeleteSheet	POST /elasticsearch/sheet/delete	1707917784221	1707917784356	OK	 
GROUP	UKAF_EndToEnd,05_DeleteSheet	1707917781636	1707917784358	0	OK
GROUP	UKAF_EndToEnd,05_DeleteSheet	1707917781636	1707917784358	0	OK
GROUP	UKAF_EndToEnd,05_DeleteSheet	1707917781605	1707917784358	0	OK
REQUEST	UKAF_EndToEnd,06_DeleteWorkbook	POST /auth/getToken	1707917784242	1707917784345	OK	 
REQUEST	UKAF_EndToEnd,06_DeleteWorkbook	POST /elasticsearch/insertDoc	1707917784347	1707917784448	OK	 
REQUEST	UKAF_EndToEnd,06_DeleteWorkbook	PATCH /elasticsearch/workbook/delete	1707917784453	1707917784604	OK	 
GROUP	UKAF_EndToEnd,06_DeleteWorkbook	1707917784174	1707917784607	0	OK
REQUEST	UKAF_EndToEnd,05_DeleteSheet	POST /elasticsearch/sheet/insertDoc	1707917782693	1707917783866	OK	 
REQUEST	UKAF_EndToEnd,05_DeleteSheet	POST /elasticsearch/sheet/insertDoc	1707917783869	1707917784972	OK	 
REQUEST	UKAF_EndToEnd,05_DeleteSheet	POST /elasticsearch/sheet/delete	1707917784975	1707917785103	OK	 
GROUP	UKAF_EndToEnd,05_DeleteSheet	1707917782494	1707917785105	0	OK
REQUEST	UKAF_EndToEnd,01_HomePage	POST /auth/getToken	1707917784264	1707917784390	OK	 
REQUEST	UKAF_EndToEnd,01_HomePage	POST /auth/getToken	1707917784347	1707917784463	OK	 
REQUEST	UKAF_EndToEnd,01_HomePage	POST /notification/getNotifications	1707917784393	1707917785161	OK	 
REQUEST	UKAF_EndToEnd,01_HomePage	POST /notification/getNotifications	1707917784466	1707917785176	OK	 
REQUEST	UKAF_EndToEnd,06_DeleteWorkbook	POST /auth/getToken	1707917785157	1707917785257	OK	 
REQUEST	UKAF_EndToEnd,06_DeleteWorkbook	POST /elasticsearch/insertDoc	1707917785260	1707917785357	OK	 
REQUEST	UKAF_EndToEnd,06_DeleteWorkbook	PATCH /elasticsearch/workbook/delete	1707917785360	1707917785457	OK	 
GROUP	UKAF_EndToEnd,06_DeleteWorkbook	1707917785145	1707917785459	0	OK
REQUEST	UKAF_EndToEnd,06_DeleteWorkbook	POST /auth/getToken	1707917785570	1707917785687	OK	 
REQUEST	UKAF_EndToEnd,06_DeleteWorkbook	POST /elasticsearch/insertDoc	1707917785690	1707917785822	OK	 
REQUEST	UKAF_EndToEnd,06_DeleteWorkbook	PATCH /elasticsearch/workbook/delete	1707917785825	1707917785960	OK	 
GROUP	UKAF_EndToEnd,06_DeleteWorkbook	1707917785559	1707917785963	0	OK
REQUEST	UKAF_EndToEnd,06_DeleteWorkbook	POST /auth/getToken	1707917785902	1707917786022	OK	 
REQUEST	UKAF_EndToEnd,06_DeleteWorkbook	POST /elasticsearch/insertDoc	1707917786026	1707917786113	OK	 
REQUEST	UKAF_EndToEnd,01_HomePage	POST /access/getAccessInfo	1707917785179	1707917785325	OK	 
REQUEST	UKAF_EndToEnd,06_DeleteWorkbook	PATCH /elasticsearch/workbook/delete	1707917786116	1707917786233	OK	 
GROUP	UKAF_EndToEnd,06_DeleteWorkbook	1707917785883	1707917786235	0	OK
REQUEST	UKAF_EndToEnd,01_HomePage	POST /access/getAccessInfo	1707917785163	1707917785312	OK	 
REQUEST	UKAF_EndToEnd,01_HomePage	POST /elasticsearch/search	1707917785327	1707917786206	OK	 
REQUEST	UKAF_EndToEnd,01_HomePage	POST /elasticsearch/sheet/searchByWorkbookId	1707917786242	1707917786326	OK	 
GROUP	UKAF_EndToEnd,01_HomePage	1707917784341	1707917786327	0	OK
REQUEST	UKAF_EndToEnd,01_HomePage	POST /elasticsearch/search	1707917785315	1707917786233	OK	 
REQUEST	UKAF_EndToEnd,01_HomePage	POST /elasticsearch/sheet/searchByWorkbookId	1707917786269	1707917786336	OK	 
GROUP	UKAF_EndToEnd,01_HomePage	1707917784251	1707917786337	0	OK
REQUEST	UKAF_EndToEnd,06_DeleteWorkbook	POST /auth/getToken	1707917786382	1707917786473	OK	 
REQUEST	UKAF_EndToEnd,06_DeleteWorkbook	POST /elasticsearch/insertDoc	1707917786475	1707917786573	OK	 
REQUEST	UKAF_EndToEnd,06_DeleteWorkbook	POST /auth/getToken	1707917786395	1707917786495	OK	 
REQUEST	UKAF_EndToEnd,06_DeleteWorkbook	POST /elasticsearch/insertDoc	1707917786497	1707917786609	OK	 
REQUEST	UKAF_EndToEnd,06_DeleteWorkbook	POST /auth/getToken	1707917786397	1707917786500	OK	 
REQUEST	UKAF_EndToEnd,06_DeleteWorkbook	POST /elasticsearch/insertDoc	1707917786503	1707917786623	OK	 
GROUP	UKAF_EndToEnd	1707917756184	1707917786637	0	OK
USER	UKAF_EndToEnd	END	1707917786637
USER	UKAF_EndToEnd	START	1707917786637
REQUEST	UKAF_EndToEnd,06_DeleteWorkbook	PATCH /elasticsearch/workbook/delete	1707917786627	1707917786738	OK	 
REQUEST	UKAF_EndToEnd,06_DeleteWorkbook	PATCH /elasticsearch/workbook/delete	1707917786578	1707917786738	OK	 
REQUEST	UKAF_EndToEnd,06_DeleteWorkbook	PATCH /elasticsearch/workbook/delete	1707917786613	1707917786738	OK	 
GROUP	UKAF_EndToEnd,06_DeleteWorkbook	1707917786372	1707917786740	0	OK
GROUP	UKAF_EndToEnd,06_DeleteWorkbook	1707917786372	1707917786740	0	OK
GROUP	UKAF_EndToEnd,06_DeleteWorkbook	1707917786372	1707917786740	0	OK
REQUEST	UKAF_EndToEnd,01_HomePage	POST /auth/getToken	1707917786645	1707917786753	OK	 
REQUEST	UKAF_EndToEnd,01_HomePage	POST /notification/getNotifications	1707917786756	1707917786902	OK	 
REQUEST	UKAF_EndToEnd,06_DeleteWorkbook	POST /auth/getToken	1707917787141	1707917787272	OK	 
REQUEST	UKAF_EndToEnd,06_DeleteWorkbook	POST /elasticsearch/insertDoc	1707917787275	1707917787344	OK	 
GROUP	UKAF_EndToEnd	1707917754032	1707917787462	0	OK
USER	UKAF_EndToEnd	END	1707917787462
USER	UKAF_EndToEnd	START	1707917787463
REQUEST	UKAF_EndToEnd,06_DeleteWorkbook	PATCH /elasticsearch/workbook/delete	1707917787350	1707917787506	OK	 
GROUP	UKAF_EndToEnd,06_DeleteWorkbook	1707917787109	1707917787508	0	OK
REQUEST	UKAF_EndToEnd,01_HomePage	POST /auth/getToken	1707917787469	1707917787563	OK	 
REQUEST	UKAF_EndToEnd,01_HomePage	POST /notification/getNotifications	1707917787567	1707917787738	OK	 
GROUP	UKAF_EndToEnd	1707917754110	1707917787968	0	OK
USER	UKAF_EndToEnd	END	1707917787969
USER	UKAF_EndToEnd	START	1707917787969
REQUEST	UKAF_EndToEnd,01_HomePage	POST /access/getAccessInfo	1707917786904	1707917787079	OK	 
GROUP	UKAF_EndToEnd	1707917756397	1707917788250	0	OK
USER	UKAF_EndToEnd	END	1707917788250
USER	UKAF_EndToEnd	START	1707917788251
REQUEST	UKAF_EndToEnd,01_HomePage	POST /auth/getToken	1707917787981	1707917788172	OK	 
REQUEST	UKAF_EndToEnd,01_HomePage	POST /notification/getNotifications	1707917788175	1707917788370	OK	 
REQUEST	UKAF_EndToEnd,01_HomePage	POST /auth/getToken	1707917788284	1707917788453	OK	 
GROUP	UKAF_EndToEnd	1707917756397	1707917788749	0	OK
GROUP	UKAF_EndToEnd	1707917756353	1707917788749	0	OK
GROUP	UKAF_EndToEnd	1707917756452	1707917788749	0	OK
USER	UKAF_EndToEnd	END	1707917788749
USER	UKAF_EndToEnd	END	1707917788749
USER	UKAF_EndToEnd	END	1707917788749
USER	UKAF_EndToEnd	START	1707917788749
USER	UKAF_EndToEnd	START	1707917788749
USER	UKAF_EndToEnd	START	1707917788750
REQUEST	UKAF_EndToEnd,01_HomePage	POST /notification/getNotifications	1707917788458	1707917788642	OK	 
REQUEST	UKAF_EndToEnd,01_HomePage	POST /access/getAccessInfo	1707917787742	1707917787938	OK	 
REQUEST	UKAF_EndToEnd,01_HomePage	POST /auth/getToken	1707917788770	1707917788891	OK	 
REQUEST	UKAF_EndToEnd,01_HomePage	POST /auth/getToken	1707917788762	1707917788887	OK	 
REQUEST	UKAF_EndToEnd,01_HomePage	POST /notification/getNotifications	1707917788896	1707917789057	OK	 
REQUEST	UKAF_EndToEnd,01_HomePage	POST /notification/getNotifications	1707917788892	1707917789072	OK	 
GROUP	UKAF_EndToEnd	1707917754032	1707917789524	0	OK
USER	UKAF_EndToEnd	END	1707917789524
REQUEST	UKAF_EndToEnd,01_HomePage	POST /auth/getToken	1707917788761	1707917788887	OK	 
REQUEST	UKAF_EndToEnd,01_HomePage	POST /notification/getNotifications	1707917788892	1707917789621	OK	 
REQUEST	UKAF_EndToEnd,02_InsertWorkbook	POST /auth/getToken	1707917788358	1707917788551	OK	 
REQUEST	UKAF_EndToEnd,01_HomePage	POST /elasticsearch/search	1707917787942	1707917788927	OK	 
REQUEST	UKAF_EndToEnd,02_InsertWorkbook	POST /auth/getToken	1707917788424	1707917788690	OK	 
REQUEST	UKAF_EndToEnd,01_HomePage	POST /elasticsearch/sheet/searchByWorkbookId	1707917788996	1707917793610	OK	 
GROUP	UKAF_EndToEnd,01_HomePage	1707917787463	1707917793612	0	OK
REQUEST	UKAF_EndToEnd,02_InsertWorkbook	POST /elasticsearch/insertDoc	1707917788694	1707917793610	OK	 
REQUEST	UKAF_EndToEnd,02_InsertWorkbook	POST /elasticsearch/insertDoc	1707917788555	1707917793610	OK	 
REQUEST	UKAF_EndToEnd,01_HomePage	POST /elasticsearch/search	1707917787085	1707917788203	OK	 
REQUEST	UKAF_EndToEnd,01_HomePage	POST /elasticsearch/sheet/searchByWorkbookId	1707917788276	1707917794371	KO	Features/01_HomePage.feature:49 method POST
GROUP	UKAF_EndToEnd,01_HomePage	1707917786637	1707917794372	0	KO
GROUP	UKAF_EndToEnd	1707917786637	1707917794372	0	KO
USER	UKAF_EndToEnd	END	1707917794372
REQUEST	UKAF_EndToEnd,01_HomePage	POST /access/getAccessInfo	1707917788373	1707917788552	OK	 
REQUEST	UKAF_EndToEnd,01_HomePage	POST /access/getAccessInfo	1707917789060	1707917789226	OK	 
REQUEST	UKAF_EndToEnd,01_HomePage	POST /elasticsearch/search	1707917788555	1707917794586	OK	 
REQUEST	UKAF_EndToEnd,01_HomePage	POST /elasticsearch/sheet/searchByWorkbookId	1707917794623	1707917794704	OK	 
GROUP	UKAF_EndToEnd,01_HomePage	1707917787969	1707917794708	0	OK
REQUEST	UKAF_EndToEnd,01_HomePage	POST /access/getAccessInfo	1707917789075	1707917789241	OK	 
REQUEST	UKAF_EndToEnd,01_HomePage	POST /access/getAccessInfo	1707917788646	1707917788816	OK	 
REQUEST	UKAF_EndToEnd,01_HomePage	POST /elasticsearch/search	1707917789229	1707917794678	OK	 
REQUEST	UKAF_EndToEnd,01_HomePage	POST /elasticsearch/sheet/searchByWorkbookId	1707917794712	1707917794805	OK	 
GROUP	UKAF_EndToEnd,01_HomePage	1707917788750	1707917794806	0	OK
REQUEST	UKAF_EndToEnd,01_HomePage	POST /elasticsearch/search	1707917789245	1707917794697	OK	 
REQUEST	UKAF_EndToEnd,01_HomePage	POST /elasticsearch/sheet/searchByWorkbookId	1707917794737	1707917794820	OK	 
GROUP	UKAF_EndToEnd,01_HomePage	1707917788749	1707917794821	0	OK
REQUEST	UKAF_EndToEnd,02_InsertWorkbook	POST /elasticsearch/sheet/searchByWorkbookId	1707917793613	1707917793721	OK	 
REQUEST	UKAF_EndToEnd,02_InsertWorkbook	POST /elasticsearch/sheet/searchByWorkbookId	1707917793613	1707917793694	OK	 
REQUEST	UKAF_EndToEnd,01_HomePage	POST /access/getAccessInfo	1707917789625	1707917789776	OK	 
REQUEST	UKAF_EndToEnd,01_HomePage	POST /elasticsearch/search	1707917788819	1707917794759	OK	 
REQUEST	UKAF_EndToEnd,01_HomePage	POST /elasticsearch/sheet/searchByWorkbookId	1707917794794	1707917794895	OK	 
GROUP	UKAF_EndToEnd,01_HomePage	1707917788251	1707917794897	0	OK
REQUEST	UKAF_EndToEnd,01_HomePage	POST /elasticsearch/search	1707917789779	1707917794850	OK	 
REQUEST	UKAF_EndToEnd,01_HomePage	POST /elasticsearch/sheet/searchByWorkbookId	1707917794884	1707917794989	OK	 
GROUP	UKAF_EndToEnd,01_HomePage	1707917788749	1707917794991	0	OK
REQUEST	UKAF_EndToEnd,02_InsertWorkbook	POST /auth/getToken	1707917795635	1707917795759	OK	 
REQUEST	UKAF_EndToEnd,02_InsertWorkbook	POST /elasticsearch/insertDoc	1707917795761	1707917795924	OK	 
REQUEST	UKAF_EndToEnd,02_InsertWorkbook	POST /elasticsearch/sheet/insertDoc	1707917793723	1707917794850	OK	 
REQUEST	UKAF_EndToEnd,02_InsertWorkbook	POST /elasticsearch/sheetrow/searchBySheetId	1707917794854	1707917796873	OK	 
GROUP	UKAF_EndToEnd,02_InsertWorkbook	1707917788339	1707917796881	0	OK
REQUEST	UKAF_EndToEnd,02_InsertWorkbook	POST /auth/getToken	1707917796730	1707917796827	OK	 
REQUEST	UKAF_EndToEnd,02_InsertWorkbook	POST /elasticsearch/insertDoc	1707917796829	1707917796920	OK	 
REQUEST	UKAF_EndToEnd,02_InsertWorkbook	POST /auth/getToken	1707917796821	1707917796906	OK	 
REQUEST	UKAF_EndToEnd,02_InsertWorkbook	POST /elasticsearch/insertDoc	1707917796908	1707917796997	OK	 
REQUEST	UKAF_EndToEnd,02_InsertWorkbook	POST /elasticsearch/sheet/insertDoc	1707917793696	1707917794850	OK	 
REQUEST	UKAF_EndToEnd,02_InsertWorkbook	POST /elasticsearch/sheetrow/searchBySheetId	1707917794854	1707917797003	OK	 
GROUP	UKAF_EndToEnd,02_InsertWorkbook	1707917788383	1707917797014	0	OK
REQUEST	UKAF_EndToEnd,02_InsertWorkbook	POST /auth/getToken	1707917796914	1707917797013	OK	 
REQUEST	UKAF_EndToEnd,02_InsertWorkbook	POST /elasticsearch/insertDoc	1707917797016	1707917797084	OK	 
REQUEST	UKAF_EndToEnd,02_InsertWorkbook	POST /auth/getToken	1707917796842	1707917796979	OK	 
REQUEST	UKAF_EndToEnd,02_InsertWorkbook	POST /elasticsearch/insertDoc	1707917796982	1707917797100	OK	 
REQUEST	UKAF_EndToEnd,01_HomePage	POST /auth/getToken	1707917796886	1707917796997	OK	 
REQUEST	UKAF_EndToEnd,02_InsertWorkbook	POST /elasticsearch/sheet/searchByWorkbookId	1707917795928	1707917796029	OK	 
REQUEST	UKAF_EndToEnd,02_InsertWorkbook	POST /auth/getToken	1707917797050	1707917797136	OK	 
REQUEST	UKAF_EndToEnd,02_InsertWorkbook	POST /elasticsearch/insertDoc	1707917797138	1707917797216	OK	 
REQUEST	UKAF_EndToEnd,01_HomePage	POST /auth/getToken	1707917797043	1707917797159	OK	 
REQUEST	UKAF_EndToEnd,01_HomePage	POST /notification/getNotifications	1707917797016	1707917797159	OK	 
REQUEST	UKAF_EndToEnd,01_HomePage	POST /notification/getNotifications	1707917797161	1707917797302	OK	 
REQUEST	UKAF_EndToEnd,02_InsertWorkbook	POST /elasticsearch/sheet/searchByWorkbookId	1707917796922	1707917797041	OK	 
REQUEST	UKAF_EndToEnd,02_InsertWorkbook	POST /elasticsearch/sheet/searchByWorkbookId	1707917797003	1707917797101	OK	 
REQUEST	UKAF_EndToEnd,01_HomePage	POST /access/getAccessInfo	1707917797161	1707917797303	OK	 
REQUEST	UKAF_EndToEnd,02_InsertWorkbook	POST /elasticsearch/sheet/searchByWorkbookId	1707917797088	1707917797197	OK	 
REQUEST	UKAF_EndToEnd,02_InsertWorkbook	POST /elasticsearch/sheet/searchByWorkbookId	1707917797104	1707917797216	OK	 
REQUEST	UKAF_EndToEnd,01_HomePage	POST /access/getAccessInfo	1707917797305	1707917797501	OK	 
REQUEST	UKAF_EndToEnd,02_InsertWorkbook	POST /elasticsearch/sheet/searchByWorkbookId	1707917797220	1707917797325	OK	 
REQUEST	UKAF_EndToEnd,02_InsertWorkbook	POST /elasticsearch/sheet/insertDoc	1707917796031	1707917797189	OK	 
REQUEST	UKAF_EndToEnd,02_InsertWorkbook	POST /elasticsearch/sheetrow/searchBySheetId	1707917797192	1707917798920	OK	 
GROUP	UKAF_EndToEnd,02_InsertWorkbook	1707917795620	1707917798930	0	OK
REQUEST	UKAF_EndToEnd,01_HomePage	POST /auth/getToken	1707917798961	1707917799120	OK	 
REQUEST	UKAF_EndToEnd,01_HomePage	POST /notification/getNotifications	1707917799122	1707917799286	OK	 
REQUEST	UKAF_EndToEnd,02_InsertWorkbook	POST /elasticsearch/sheet/insertDoc	1707917797043	1707917798199	OK	 
REQUEST	UKAF_EndToEnd,02_InsertWorkbook	POST /elasticsearch/sheetrow/searchBySheetId	1707917798201	1707917804238	KO	Features/02_InsertWorkbook.feature:40 method POST
GROUP	UKAF_EndToEnd,02_InsertWorkbook	1707917796718	1707917804239	0	KO
GROUP	UKAF_EndToEnd	1707917787969	1707917804239	0	KO
USER	UKAF_EndToEnd	END	1707917804239
REQUEST	UKAF_EndToEnd,02_InsertWorkbook	POST /elasticsearch/sheet/insertDoc	1707917797104	1707917798210	OK	 
REQUEST	UKAF_EndToEnd,02_InsertWorkbook	POST /elasticsearch/sheetrow/searchBySheetId	1707917798212	1707917804252	KO	Features/02_InsertWorkbook.feature:40 method POST
GROUP	UKAF_EndToEnd,02_InsertWorkbook	1707917796811	1707917804253	0	KO
GROUP	UKAF_EndToEnd	1707917788750	1707917804253	0	KO
USER	UKAF_EndToEnd	END	1707917804253
REQUEST	UKAF_EndToEnd,02_InsertWorkbook	POST /elasticsearch/sheet/insertDoc	1707917797204	1707917798383	OK	 
REQUEST	UKAF_EndToEnd,01_HomePage	POST /elasticsearch/search	1707917797305	1707917798302	OK	 
REQUEST	UKAF_EndToEnd,01_HomePage	POST /elasticsearch/sheet/searchByWorkbookId	1707917798385	1707917804439	KO	Features/01_HomePage.feature:49 method POST
REQUEST	UKAF_EndToEnd,02_InsertWorkbook	POST /elasticsearch/sheetrow/searchBySheetId	1707917798385	1707917804439	KO	Features/02_InsertWorkbook.feature:40 method POST
REQUEST	UKAF_EndToEnd,02_InsertWorkbook	POST /elasticsearch/sheet/insertDoc	1707917797220	1707917798383	OK	 
REQUEST	UKAF_EndToEnd,02_InsertWorkbook	POST /elasticsearch/sheetrow/searchBySheetId	1707917798385	1707917804439	KO	Features/02_InsertWorkbook.feature:40 method POST
GROUP	UKAF_EndToEnd,02_InsertWorkbook	1707917796904	1707917804439	0	KO
GROUP	UKAF_EndToEnd	1707917788251	1707917804439	0	KO
USER	UKAF_EndToEnd	END	1707917804439
GROUP	UKAF_EndToEnd,01_HomePage	1707917796881	1707917804439	0	KO
GROUP	UKAF_EndToEnd	1707917784251	1707917804439	0	KO
USER	UKAF_EndToEnd	END	1707917804439
GROUP	UKAF_EndToEnd,02_InsertWorkbook	1707917796826	1707917804439	0	KO
GROUP	UKAF_EndToEnd	1707917788749	1707917804439	0	KO
USER	UKAF_EndToEnd	END	1707917804439
REQUEST	UKAF_EndToEnd,01_HomePage	POST /access/getAccessInfo	1707917799289	1707917799457	OK	 
REQUEST	UKAF_EndToEnd,01_HomePage	POST /elasticsearch/search	1707917797504	1707917798462	OK	 
REQUEST	UKAF_EndToEnd,01_HomePage	POST /elasticsearch/sheet/searchByWorkbookId	1707917798495	1707917804561	KO	Features/01_HomePage.feature:49 method POST
GROUP	UKAF_EndToEnd,01_HomePage	1707917797015	1707917804561	0	KO
GROUP	UKAF_EndToEnd	1707917784341	1707917804561	0	KO
USER	UKAF_EndToEnd	END	1707917804561
REQUEST	UKAF_EndToEnd,01_HomePage	POST /elasticsearch/search	1707917799459	1707917804500	OK	 
REQUEST	UKAF_EndToEnd,01_HomePage	POST /elasticsearch/sheet/searchByWorkbookId	1707917804535	1707917804657	OK	 
GROUP	UKAF_EndToEnd,01_HomePage	1707917798930	1707917804658	0	OK
REQUEST	UKAF_EndToEnd,02_InsertWorkbook	POST /elasticsearch/sheet/insertDoc	1707917797328	1707917798733	OK	 
REQUEST	UKAF_EndToEnd,02_InsertWorkbook	POST /elasticsearch/sheetrow/searchBySheetId	1707917798734	1707917804811	KO	Features/02_InsertWorkbook.feature:40 method POST
GROUP	UKAF_EndToEnd,02_InsertWorkbook	1707917797028	1707917804811	0	KO
GROUP	UKAF_EndToEnd	1707917788749	1707917804811	0	KO
USER	UKAF_EndToEnd	END	1707917804811
REQUEST	UKAF_EndToEnd,03_UpdateWorkbook	POST /auth/getToken	1707917806673	1707917806761	OK	 
REQUEST	UKAF_EndToEnd,03_UpdateWorkbook	POST /elasticsearch/insertDoc	1707917806763	1707917806853	OK	 
REQUEST	UKAF_EndToEnd,03_UpdateWorkbook	PATCH /elasticsearch/update	1707917806856	1707917806999	OK	 
GROUP	UKAF_EndToEnd,03_UpdateWorkbook	1707917806663	1707917807001	0	OK
REQUEST	UKAF_EndToEnd,04_UpdateSheet	POST /auth/getToken	1707917809019	1707917809163	OK	 
REQUEST	UKAF_EndToEnd,04_UpdateSheet	POST /elasticsearch/insertDoc	1707917809168	1707917809285	OK	 
REQUEST	UKAF_EndToEnd,04_UpdateSheet	POST /elasticsearch/sheet/insertDoc	1707917809289	1707917810503	OK	 
REQUEST	UKAF_EndToEnd,04_UpdateSheet	POST /elasticsearch/sheet/insertDoc	1707917810507	1707917811637	OK	 
GROUP	UKAF_EndToEnd,04_UpdateSheet	1707917809004	1707917811639	0	OK
REQUEST	UKAF_EndToEnd,05_DeleteSheet	POST /auth/getToken	1707917813658	1707917813763	OK	 
REQUEST	UKAF_EndToEnd,05_DeleteSheet	POST /elasticsearch/insertDoc	1707917813767	1707917813856	OK	 
REQUEST	UKAF_EndToEnd,05_DeleteSheet	POST /elasticsearch/sheet/insertDoc	1707917813860	1707917815021	OK	 
REQUEST	UKAF_EndToEnd,05_DeleteSheet	POST /elasticsearch/sheet/insertDoc	1707917815024	1707917816237	OK	 
REQUEST	UKAF_EndToEnd,05_DeleteSheet	POST /elasticsearch/sheet/delete	1707917816240	1707917816380	OK	 
GROUP	UKAF_EndToEnd,05_DeleteSheet	1707917813639	1707917816381	0	OK
REQUEST	UKAF_EndToEnd,06_DeleteWorkbook	POST /auth/getToken	1707917818410	1707917818508	OK	 
REQUEST	UKAF_EndToEnd,06_DeleteWorkbook	POST /elasticsearch/insertDoc	1707917818510	1707917818590	OK	 
REQUEST	UKAF_EndToEnd,06_DeleteWorkbook	PATCH /elasticsearch/workbook/delete	1707917818593	1707917818733	OK	 
GROUP	UKAF_EndToEnd,06_DeleteWorkbook	1707917818395	1707917818735	0	OK
GROUP	UKAF_EndToEnd	1707917787463	1707917820740	0	OK
USER	UKAF_EndToEnd	END	1707917820740
Failed due to the 'ko' value exceeded the threshold: 5
