RUN	Runner.TDG_UKAF_demo	tdg-ukaf-demo	1708083183346	 	3.7.4
USER	ServiceTest	START	1708083183653
USER	ServiceTest	START	1708083183803
USER	ServiceTest	START	1708083185552
USER	ServiceTest	START	1708083183758
USER	ServiceTest	START	1708083184243
USER	ServiceTest	START	1708083185568
USER	ServiceTest	START	1708083184313
USER	ServiceTest	START	1708083185611
USER	ServiceTest	START	1708083185606
USER	ServiceTest	START	1708083183918
USER	ServiceTest	START	1708083185605
USER	ServiceTest	START	1708083184111
USER	ServiceTest	START	1708083185619
USER	ServiceTest	START	1708083185576
USER	ServiceTest	START	1708083184024
USER	ServiceTest	START	1708083185626
USER	ServiceTest	START	1708083185646
USER	ServiceTest	START	1708083185578
USER	ServiceTest	START	1708083185629
USER	ServiceTest	START	1708083185655
USER	ServiceTest	START	1708083185657
USER	ServiceTest	START	1708083185693
USER	ServiceTest	START	1708083185818
USER	ServiceTest	START	1708083185878
USER	ServiceTest	START	1708083185970
USER	ServiceTest	START	1708083186077
USER	ServiceTest	START	1708083186170
USER	ServiceTest	START	1708083186278
USER	ServiceTest	START	1708083186375
USER	ServiceTest	START	1708083186482
USER	ServiceTest	START	1708083186619
USER	ServiceTest	START	1708083186713
USER	ServiceTest	START	1708083186768
USER	ServiceTest	START	1708083186868
USER	ServiceTest	START	1708083186975
USER	ServiceTest	START	1708083187073
USER	ServiceTest	START	1708083187169
USER	ServiceTest	START	1708083187292
USER	ServiceTest	START	1708083187444
USER	ServiceTest	START	1708083187579
USER	ServiceTest	START	1708083187667
USER	ServiceTest	START	1708083187768
USER	ServiceTest	START	1708083187841
USER	ServiceTest	START	1708083187869
USER	ServiceTest	START	1708083187968
USER	ServiceTest	START	1708083188076
USER	ServiceTest	START	1708083188171
USER	ServiceTest	START	1708083188377
USER	ServiceTest	START	1708083188401
USER	ServiceTest	START	1708083188492
USER	ServiceTest	START	1708083188630
USER	ServiceTest	START	1708083188964
USER	ServiceTest	START	1708083188968
USER	ServiceTest	START	1708083188969
USER	ServiceTest	START	1708083188978
USER	ServiceTest	START	1708083189085
USER	ServiceTest	START	1708083189182
USER	ServiceTest	START	1708083189289
USER	ServiceTest	START	1708083189378
USER	ServiceTest	START	1708083189483
USER	ServiceTest	START	1708083189587
USER	ServiceTest	START	1708083189680
USER	ServiceTest	START	1708083189781
USER	ServiceTest	START	1708083189963
USER	ServiceTest	START	1708083189967
USER	ServiceTest	START	1708083190071
USER	ServiceTest	START	1708083190265
USER	ServiceTest	START	1708083190283
USER	ServiceTest	START	1708083190653
USER	ServiceTest	START	1708083190654
USER	ServiceTest	START	1708083190371
USER	ServiceTest	START	1708083190793
USER	ServiceTest	START	1708083191516
USER	ServiceTest	START	1708083191516
USER	ServiceTest	START	1708083191520
USER	ServiceTest	START	1708083191520
USER	ServiceTest	START	1708083191524
USER	ServiceTest	START	1708083191563
USER	ServiceTest	START	1708083191567
USER	ServiceTest	START	1708083191622
USER	ServiceTest	START	1708083191702
USER	ServiceTest	START	1708083191751
USER	ServiceTest	START	1708083191900
USER	ServiceTest	START	1708083192002
USER	ServiceTest	START	1708083192170
USER	ServiceTest	START	1708083192186
USER	ServiceTest	START	1708083192344
USER	ServiceTest	START	1708083192595
USER	ServiceTest	START	1708083192679
USER	ServiceTest	START	1708083192702
USER	ServiceTest	START	1708083192757
USER	ServiceTest	START	1708083192811
USER	ServiceTest	START	1708083192916
USER	ServiceTest	START	1708083192919
USER	ServiceTest	START	1708083193005
USER	ServiceTest	START	1708083193068
USER	ServiceTest	START	1708083193175
USER	ServiceTest	START	1708083193280
USER	ServiceTest	START	1708083193371
USER	ServiceTest	START	1708083193479
REQUEST		POST /auth/getToken	1708083190077	1708083190419	OK	 
REQUEST		POST /elasticsearch/workbook	1708083190422	1708083196515	KO	Features/TDG_UKAF_Chainning.feature:33 method POST
USER	ServiceTest	END	1708083196525
REQUEST		POST /auth/getToken	1708083190075	1708083190492	OK	 
REQUEST		POST /auth/getToken	1708083190076	1708083190511	OK	 
REQUEST		POST /auth/getToken	1708083190078	1708083190494	OK	 
REQUEST		POST /elasticsearch/workbook	1708083190514	1708083196592	KO	Features/TDG_UKAF_Chainning.feature:33 method POST
REQUEST		POST /elasticsearch/workbook	1708083190496	1708083196592	KO	Features/TDG_UKAF_Chainning.feature:33 method POST
REQUEST		POST /elasticsearch/workbook	1708083190498	1708083196592	KO	Features/TDG_UKAF_Chainning.feature:33 method POST
USER	ServiceTest	END	1708083196592
USER	ServiceTest	END	1708083196592
USER	ServiceTest	END	1708083196592
REQUEST		POST /auth/getToken	1708083190072	1708083190526	OK	 
REQUEST		POST /elasticsearch/workbook	1708083190529	1708083196624	KO	Features/TDG_UKAF_Chainning.feature:33 method POST
REQUEST		POST /auth/getToken	1708083190070	1708083190532	OK	 
REQUEST		POST /elasticsearch/workbook	1708083190535	1708083196624	KO	Features/TDG_UKAF_Chainning.feature:33 method POST
USER	ServiceTest	END	1708083196625
USER	ServiceTest	END	1708083196625
REQUEST		POST /auth/getToken	1708083190065	1708083190521	OK	 
REQUEST		POST /auth/getToken	1708083190070	1708083190510	OK	 
REQUEST		POST /elasticsearch/workbook	1708083190525	1708083196639	KO	Features/TDG_UKAF_Chainning.feature:33 method POST
REQUEST		POST /elasticsearch/workbook	1708083190514	1708083196639	KO	Features/TDG_UKAF_Chainning.feature:33 method POST
USER	ServiceTest	END	1708083196640
USER	ServiceTest	END	1708083196640
REQUEST		POST /auth/getToken	1708083190072	1708083190542	OK	 
REQUEST		POST /auth/getToken	1708083190075	1708083190539	OK	 
REQUEST		POST /auth/getToken	1708083190078	1708083190582	OK	 
REQUEST		POST /elasticsearch/workbook	1708083190541	1708083196655	KO	Features/TDG_UKAF_Chainning.feature:33 method POST
REQUEST		POST /auth/getToken	1708083190069	1708083190538	OK	 
REQUEST		POST /elasticsearch/workbook	1708083190541	1708083196655	KO	Features/TDG_UKAF_Chainning.feature:33 method POST
REQUEST		POST /elasticsearch/workbook	1708083190547	1708083196655	KO	Features/TDG_UKAF_Chainning.feature:33 method POST
REQUEST		POST /elasticsearch/workbook	1708083190589	1708083196655	KO	Features/TDG_UKAF_Chainning.feature:33 method POST
USER	ServiceTest	END	1708083196656
REQUEST		POST /auth/getToken	1708083190408	1708083190547	OK	 
USER	ServiceTest	END	1708083196656
USER	ServiceTest	END	1708083196656
REQUEST		POST /elasticsearch/workbook	1708083190551	1708083196655	KO	Features/TDG_UKAF_Chainning.feature:33 method POST
USER	ServiceTest	END	1708083196657
USER	ServiceTest	END	1708083196657
REQUEST		POST /auth/getToken	1708083190069	1708083190586	OK	 
REQUEST		POST /auth/getToken	1708083190069	1708083190593	OK	 
REQUEST		POST /auth/getToken	1708083190064	1708083190461	OK	 
REQUEST		POST /elasticsearch/workbook	1708083190598	1708083196702	KO	Features/TDG_UKAF_Chainning.feature:33 method POST
REQUEST		POST /elasticsearch/workbook	1708083190594	1708083196702	KO	Features/TDG_UKAF_Chainning.feature:33 method POST
REQUEST		POST /elasticsearch/workbook	1708083190466	1708083196702	KO	Features/TDG_UKAF_Chainning.feature:33 method POST
USER	ServiceTest	END	1708083196703
USER	ServiceTest	END	1708083196703
USER	ServiceTest	END	1708083196703
REQUEST		POST /auth/getToken	1708083190068	1708083190615	OK	 
REQUEST		POST /elasticsearch/workbook	1708083190621	1708083196733	KO	Features/TDG_UKAF_Chainning.feature:33 method POST
USER	ServiceTest	END	1708083196734
REQUEST		POST /auth/getToken	1708083190065	1708083190461	OK	 
REQUEST		POST /elasticsearch/workbook	1708083190653	1708083196765	KO	Features/TDG_UKAF_Chainning.feature:33 method POST
USER	ServiceTest	END	1708083196766
REQUEST		POST /auth/getToken	1708083190463	1708083190693	OK	 
REQUEST		POST /elasticsearch/workbook	1708083190698	1708083196780	KO	Features/TDG_UKAF_Chainning.feature:33 method POST
USER	ServiceTest	END	1708083196781
REQUEST		POST /auth/getToken	1708083190065	1708083190742	OK	 
REQUEST		POST /elasticsearch/workbook	1708083190745	1708083196827	KO	Features/TDG_UKAF_Chainning.feature:33 method POST
USER	ServiceTest	END	1708083196828
REQUEST		POST /auth/getToken	1708083190071	1708083190765	OK	 
REQUEST		POST /elasticsearch/workbook	1708083190772	1708083196848	KO	Features/TDG_UKAF_Chainning.feature:33 method POST
USER	ServiceTest	END	1708083196849
REQUEST		POST /auth/getToken	1708083190075	1708083190491	OK	 
REQUEST		POST /elasticsearch/workbook	1708083190793	1708083196888	KO	Features/TDG_UKAF_Chainning.feature:33 method POST
USER	ServiceTest	END	1708083196889
REQUEST		POST /auth/getToken	1708083190077	1708083190802	OK	 
REQUEST		POST /elasticsearch/workbook	1708083190806	1708083196899	KO	Features/TDG_UKAF_Chainning.feature:33 method POST
USER	ServiceTest	END	1708083196899
REQUEST		POST /auth/getToken	1708083190067	1708083190818	OK	 
REQUEST		POST /elasticsearch/workbook	1708083190822	1708083196943	KO	Features/TDG_UKAF_Chainning.feature:33 method POST
USER	ServiceTest	END	1708083196943
REQUEST		POST /auth/getToken	1708083190073	1708083190822	OK	 
REQUEST		POST /elasticsearch/workbook	1708083190825	1708083196948	KO	Features/TDG_UKAF_Chainning.feature:33 method POST
USER	ServiceTest	END	1708083196949
REQUEST		POST /auth/getToken	1708083190069	1708083190819	OK	 
REQUEST		POST /elasticsearch/workbook	1708083190822	1708083196952	KO	Features/TDG_UKAF_Chainning.feature:33 method POST
USER	ServiceTest	END	1708083196953
REQUEST		POST /auth/getToken	1708083190073	1708083190879	OK	 
REQUEST		POST /elasticsearch/workbook	1708083190882	1708083196982	KO	Features/TDG_UKAF_Chainning.feature:33 method POST
USER	ServiceTest	END	1708083196983
REQUEST		POST /auth/getToken	1708083190064	1708083190865	OK	 
REQUEST		POST /auth/getToken	1708083190068	1708083190886	OK	 
REQUEST		POST /auth/getToken	1708083190077	1708083190877	OK	 
REQUEST		POST /elasticsearch/workbook	1708083190880	1708083196989	KO	Features/TDG_UKAF_Chainning.feature:33 method POST
REQUEST		POST /elasticsearch/workbook	1708083190872	1708083196989	KO	Features/TDG_UKAF_Chainning.feature:33 method POST
REQUEST		POST /elasticsearch/workbook	1708083190890	1708083196989	KO	Features/TDG_UKAF_Chainning.feature:33 method POST
USER	ServiceTest	END	1708083196989
USER	ServiceTest	END	1708083196989
USER	ServiceTest	END	1708083196990
REQUEST		POST /auth/getToken	1708083190075	1708083190904	OK	 
REQUEST		POST /elasticsearch/workbook	1708083190909	1708083196999	KO	Features/TDG_UKAF_Chainning.feature:33 method POST
USER	ServiceTest	END	1708083197000
REQUEST		POST /auth/getToken	1708083190065	1708083190922	OK	 
REQUEST		POST /elasticsearch/workbook	1708083190925	1708083197011	KO	Features/TDG_UKAF_Chainning.feature:33 method POST
USER	ServiceTest	END	1708083197011
REQUEST		POST /auth/getToken	1708083190065	1708083190921	OK	 
REQUEST		POST /elasticsearch/workbook	1708083190928	1708083197014	KO	Features/TDG_UKAF_Chainning.feature:33 method POST
USER	ServiceTest	END	1708083197014
REQUEST		POST /auth/getToken	1708083190069	1708083190940	OK	 
REQUEST		POST /elasticsearch/workbook	1708083190944	1708083197021	KO	Features/TDG_UKAF_Chainning.feature:33 method POST
USER	ServiceTest	END	1708083197022
REQUEST		POST /auth/getToken	1708083190073	1708083190945	OK	 
REQUEST		POST /elasticsearch/workbook	1708083190948	1708083197025	KO	Features/TDG_UKAF_Chainning.feature:33 method POST
USER	ServiceTest	END	1708083197026
REQUEST		POST /auth/getToken	1708083190075	1708083190954	OK	 
REQUEST		POST /elasticsearch/workbook	1708083190958	1708083197049	KO	Features/TDG_UKAF_Chainning.feature:33 method POST
USER	ServiceTest	END	1708083197050
REQUEST		POST /auth/getToken	1708083190070	1708083190971	OK	 
REQUEST		POST /auth/getToken	1708083190074	1708083190971	OK	 
REQUEST		POST /elasticsearch/workbook	1708083190975	1708083197052	KO	Features/TDG_UKAF_Chainning.feature:33 method POST
REQUEST		POST /elasticsearch/workbook	1708083190975	1708083197052	KO	Features/TDG_UKAF_Chainning.feature:33 method POST
USER	ServiceTest	END	1708083197053
USER	ServiceTest	END	1708083197053
REQUEST		POST /auth/getToken	1708083190068	1708083190957	OK	 
REQUEST		POST /elasticsearch/workbook	1708083190960	1708083197061	KO	Features/TDG_UKAF_Chainning.feature:33 method POST
USER	ServiceTest	END	1708083197061
REQUEST		POST /auth/getToken	1708083190071	1708083190996	OK	 
REQUEST		POST /elasticsearch/workbook	1708083191001	1708083197074	KO	Features/TDG_UKAF_Chainning.feature:33 method POST
USER	ServiceTest	END	1708083197075
REQUEST		POST /auth/getToken	1708083190077	1708083191007	OK	 
REQUEST		POST /elasticsearch/workbook	1708083191010	1708083197089	KO	Features/TDG_UKAF_Chainning.feature:33 method POST
USER	ServiceTest	END	1708083197089
REQUEST		POST /auth/getToken	1708083190065	1708083191020	OK	 
REQUEST		POST /elasticsearch/workbook	1708083191024	1708083197090	KO	Features/TDG_UKAF_Chainning.feature:33 method POST
USER	ServiceTest	END	1708083197090
REQUEST		POST /auth/getToken	1708083190072	1708083191010	OK	 
REQUEST		POST /auth/getToken	1708083190071	1708083190988	OK	 
REQUEST		POST /auth/getToken	1708083190067	1708083190547	OK	 
REQUEST		POST /elasticsearch/workbook	1708083190859	1708083197092	KO	Features/TDG_UKAF_Chainning.feature:33 method POST
REQUEST		POST /elasticsearch/workbook	1708083190992	1708083197092	KO	Features/TDG_UKAF_Chainning.feature:33 method POST
REQUEST		POST /elasticsearch/workbook	1708083191015	1708083197092	KO	Features/TDG_UKAF_Chainning.feature:33 method POST
USER	ServiceTest	END	1708083197092
USER	ServiceTest	END	1708083197092
USER	ServiceTest	END	1708083197092
REQUEST		POST /auth/getToken	1708083190078	1708083191008	OK	 
REQUEST		POST /auth/getToken	1708083190797	1708083191022	OK	 
REQUEST		POST /elasticsearch/workbook	1708083191030	1708083197105	KO	Features/TDG_UKAF_Chainning.feature:33 method POST
REQUEST		POST /elasticsearch/workbook	1708083191039	1708083197105	KO	Features/TDG_UKAF_Chainning.feature:33 method POST
USER	ServiceTest	END	1708083197106
USER	ServiceTest	END	1708083197106
REQUEST		POST /auth/getToken	1708083190071	1708083190549	OK	 
REQUEST		POST /elasticsearch/workbook	1708083190552	1708083197131	KO	Features/TDG_UKAF_Chainning.feature:33 method POST
USER	ServiceTest	END	1708083197134
REQUEST		POST /auth/getToken	1708083190075	1708083191090	OK	 
REQUEST		POST /auth/getToken	1708083190075	1708083191089	OK	 
REQUEST		POST /elasticsearch/workbook	1708083191093	1708083197214	KO	Features/TDG_UKAF_Chainning.feature:33 method POST
REQUEST		POST /elasticsearch/workbook	1708083191092	1708083197214	KO	Features/TDG_UKAF_Chainning.feature:33 method POST
USER	ServiceTest	END	1708083197215
USER	ServiceTest	END	1708083197215
REQUEST		POST /auth/getToken	1708083190067	1708083191199	OK	 
REQUEST		POST /elasticsearch/workbook	1708083191205	1708083197348	KO	Features/TDG_UKAF_Chainning.feature:33 method POST
USER	ServiceTest	END	1708083197348
REQUEST		POST /auth/getToken	1708083190077	1708083191202	OK	 
REQUEST		POST /elasticsearch/workbook	1708083191206	1708083197348	KO	Features/TDG_UKAF_Chainning.feature:33 method POST
USER	ServiceTest	END	1708083197349
REQUEST		POST /auth/getToken	1708083190068	1708083191213	OK	 
REQUEST		POST /elasticsearch/workbook	1708083191218	1708083197349	KO	Features/TDG_UKAF_Chainning.feature:33 method POST
USER	ServiceTest	END	1708083197350
REQUEST		POST /auth/getToken	1708083190075	1708083191209	OK	 
REQUEST		POST /auth/getToken	1708083190067	1708083191222	OK	 
REQUEST		POST /elasticsearch/workbook	1708083191213	1708083197385	KO	Features/TDG_UKAF_Chainning.feature:33 method POST
REQUEST		POST /elasticsearch/workbook	1708083191226	1708083197385	KO	Features/TDG_UKAF_Chainning.feature:33 method POST
USER	ServiceTest	END	1708083197385
USER	ServiceTest	END	1708083197385
REQUEST		POST /auth/getToken	1708083190068	1708083190989	OK	 
REQUEST		POST /elasticsearch/workbook	1708083191262	1708083197389	KO	Features/TDG_UKAF_Chainning.feature:33 method POST
USER	ServiceTest	END	1708083197389
REQUEST		POST /auth/getToken	1708083190073	1708083191156	OK	 
REQUEST		POST /elasticsearch/workbook	1708083191161	1708083197414	KO	Features/TDG_UKAF_Chainning.feature:33 method POST
USER	ServiceTest	END	1708083197415
REQUEST		POST /auth/getToken	1708083190067	1708083191148	OK	 
REQUEST		POST /elasticsearch/workbook	1708083191154	1708083197441	KO	Features/TDG_UKAF_Chainning.feature:33 method POST
USER	ServiceTest	END	1708083197441
REQUEST		POST /auth/getToken	1708083190066	1708083191323	OK	 
REQUEST		POST /elasticsearch/workbook	1708083191326	1708083197446	KO	Features/TDG_UKAF_Chainning.feature:33 method POST
USER	ServiceTest	END	1708083197446
REQUEST		POST /auth/getToken	1708083190065	1708083191317	OK	 
REQUEST		POST /auth/getToken	1708083190073	1708083190877	OK	 
REQUEST		POST /elasticsearch/workbook	1708083191281	1708083197458	KO	Features/TDG_UKAF_Chainning.feature:33 method POST
REQUEST		POST /elasticsearch/workbook	1708083191321	1708083197458	KO	Features/TDG_UKAF_Chainning.feature:33 method POST
USER	ServiceTest	END	1708083197458
USER	ServiceTest	END	1708083197458
REQUEST		POST /auth/getToken	1708083191083	1708083191374	OK	 
REQUEST		POST /elasticsearch/workbook	1708083191381	1708083197492	KO	Features/TDG_UKAF_Chainning.feature:33 method POST
USER	ServiceTest	END	1708083197493
REQUEST		POST /auth/getToken	1708083190064	1708083191417	OK	 
REQUEST		POST /elasticsearch/workbook	1708083191431	1708083197512	KO	Features/TDG_UKAF_Chainning.feature:33 method POST
USER	ServiceTest	END	1708083197513
REQUEST		POST /auth/getToken	1708083191069	1708083191452	OK	 
REQUEST		POST /elasticsearch/workbook	1708083191460	1708083197521	KO	Features/TDG_UKAF_Chainning.feature:33 method POST
REQUEST		POST /auth/getToken	1708083190066	1708083191415	OK	 
REQUEST		POST /auth/getToken	1708083190073	1708083191446	OK	 
REQUEST		POST /elasticsearch/workbook	1708083191455	1708083197524	KO	Features/TDG_UKAF_Chainning.feature:33 method POST
REQUEST		POST /elasticsearch/workbook	1708083191446	1708083197523	KO	Features/TDG_UKAF_Chainning.feature:33 method POST
USER	ServiceTest	END	1708083197525
USER	ServiceTest	END	1708083197525
USER	ServiceTest	END	1708083197525
REQUEST		POST /auth/getToken	1708083191243	1708083191487	OK	 
REQUEST		POST /elasticsearch/workbook	1708083191492	1708083197574	KO	Features/TDG_UKAF_Chainning.feature:33 method POST
USER	ServiceTest	END	1708083197574
REQUEST		POST /auth/getToken	1708083190077	1708083191453	OK	 
REQUEST		POST /auth/getToken	1708083190119	1708083191633	OK	 
REQUEST		POST /elasticsearch/workbook	1708083191642	1708083197738	KO	Features/TDG_UKAF_Chainning.feature:33 method POST
REQUEST		POST /elasticsearch/workbook	1708083191455	1708083197738	KO	Features/TDG_UKAF_Chainning.feature:33 method POST
USER	ServiceTest	END	1708083197738
USER	ServiceTest	END	1708083197739
REQUEST		POST /auth/getToken	1708083190077	1708083191707	OK	 
REQUEST		POST /elasticsearch/workbook	1708083191710	1708083197755	KO	Features/TDG_UKAF_Chainning.feature:33 method POST
USER	ServiceTest	END	1708083197755
REQUEST		POST /auth/getToken	1708083191561	1708083191830	OK	 
REQUEST		POST /elasticsearch/workbook	1708083191837	1708083197924	KO	Features/TDG_UKAF_Chainning.feature:33 method POST
USER	ServiceTest	END	1708083197924
REQUEST		POST /auth/getToken	1708083191690	1708083191878	OK	 
REQUEST		POST /elasticsearch/workbook	1708083191885	1708083197955	KO	Features/TDG_UKAF_Chainning.feature:33 method POST
USER	ServiceTest	END	1708083197956
REQUEST		POST /auth/getToken	1708083191771	1708083191906	OK	 
REQUEST		POST /elasticsearch/workbook	1708083191915	1708083198055	KO	Features/TDG_UKAF_Chainning.feature:33 method POST
USER	ServiceTest	END	1708083198055
REQUEST		POST /auth/getToken	1708083190072	1708083190393	OK	 
REQUEST		POST /elasticsearch/workbook	1708083190418	1708083198079	KO	Features/TDG_UKAF_Chainning.feature:33 method POST
USER	ServiceTest	END	1708083198079
REQUEST		POST /auth/getToken	1708083191863	1708083192048	OK	 
REQUEST		POST /elasticsearch/workbook	1708083192072	1708083198171	KO	Features/TDG_UKAF_Chainning.feature:33 method POST
USER	ServiceTest	END	1708083198172
REQUEST		POST /auth/getToken	1708083191783	1708083191924	OK	 
REQUEST		POST /elasticsearch/workbook	1708083191927	1708083198233	KO	Features/TDG_UKAF_Chainning.feature:33 method POST
USER	ServiceTest	END	1708083198234
REQUEST		POST /auth/getToken	1708083191960	1708083192127	OK	 
REQUEST		POST /elasticsearch/workbook	1708083192141	1708083198239	KO	Features/TDG_UKAF_Chainning.feature:33 method POST
USER	ServiceTest	END	1708083198241
REQUEST		POST /auth/getToken	1708083192026	1708083192311	OK	 
REQUEST		POST /auth/getToken	1708083191730	1708083192325	OK	 
REQUEST		POST /elasticsearch/workbook	1708083192333	1708083198419	KO	Features/TDG_UKAF_Chainning.feature:33 method POST
REQUEST		POST /elasticsearch/workbook	1708083192318	1708083198419	KO	Features/TDG_UKAF_Chainning.feature:33 method POST
USER	ServiceTest	END	1708083198419
USER	ServiceTest	END	1708083198419
REQUEST		POST /auth/getToken	1708083192246	1708083192464	OK	 
REQUEST		POST /elasticsearch/workbook	1708083192467	1708083198543	KO	Features/TDG_UKAF_Chainning.feature:33 method POST
USER	ServiceTest	END	1708083198544
REQUEST		POST /auth/getToken	1708083192342	1708083192492	OK	 
REQUEST		POST /elasticsearch/workbook	1708083192496	1708083198560	KO	Features/TDG_UKAF_Chainning.feature:33 method POST
USER	ServiceTest	END	1708083198560
REQUEST		POST /auth/getToken	1708083192362	1708083192523	OK	 
REQUEST		POST /elasticsearch/workbook	1708083192528	1708083198606	KO	Features/TDG_UKAF_Chainning.feature:33 method POST
USER	ServiceTest	END	1708083198606
REQUEST		POST /auth/getToken	1708083192418	1708083192579	OK	 
REQUEST		POST /auth/getToken	1708083192429	1708083192573	OK	 
REQUEST		POST /elasticsearch/workbook	1708083192593	1708083198668	KO	Features/TDG_UKAF_Chainning.feature:33 method POST
REQUEST		POST /elasticsearch/workbook	1708083192579	1708083198668	KO	Features/TDG_UKAF_Chainning.feature:33 method POST
USER	ServiceTest	END	1708083198668
USER	ServiceTest	END	1708083198668
REQUEST		POST /auth/getToken	1708083192368	1708083192560	OK	 
REQUEST		POST /elasticsearch/workbook	1708083192593	1708083198699	KO	Features/TDG_UKAF_Chainning.feature:33 method POST
USER	ServiceTest	END	1708083198699
REQUEST		POST /auth/getToken	1708083192501	1708083192672	OK	 
REQUEST		POST /elasticsearch/workbook	1708083192675	1708083198730	KO	Features/TDG_UKAF_Chainning.feature:33 method POST
USER	ServiceTest	END	1708083198730
REQUEST		POST /auth/getToken	1708083192482	1708083192672	OK	 
REQUEST		POST /elasticsearch/workbook	1708083192679	1708083198762	KO	Features/TDG_UKAF_Chainning.feature:33 method POST
USER	ServiceTest	END	1708083198762
REQUEST		POST /auth/getToken	1708083192665	1708083192818	OK	 
REQUEST		POST /elasticsearch/workbook	1708083192823	1708083198887	KO	Features/TDG_UKAF_Chainning.feature:33 method POST
USER	ServiceTest	END	1708083198888
REQUEST		POST /auth/getToken	1708083192703	1708083192836	OK	 
REQUEST		POST /elasticsearch/workbook	1708083192840	1708083198917	KO	Features/TDG_UKAF_Chainning.feature:33 method POST
USER	ServiceTest	END	1708083198918
REQUEST		POST /auth/getToken	1708083192801	1708083192906	OK	 
REQUEST		POST /elasticsearch/workbook	1708083192910	1708083198980	KO	Features/TDG_UKAF_Chainning.feature:33 method POST
USER	ServiceTest	END	1708083198980
REQUEST		POST /auth/getToken	1708083192728	1708083192901	OK	 
REQUEST		POST /elasticsearch/workbook	1708083192904	1708083198994	KO	Features/TDG_UKAF_Chainning.feature:33 method POST
USER	ServiceTest	END	1708083198994
REQUEST		POST /auth/getToken	1708083192865	1708083193003	OK	 
REQUEST		POST /elasticsearch/workbook	1708083193005	1708083199087	KO	Features/TDG_UKAF_Chainning.feature:33 method POST
USER	ServiceTest	END	1708083199088
REQUEST		POST /auth/getToken	1708083192954	1708083193066	OK	 
REQUEST		POST /auth/getToken	1708083192936	1708083193058	OK	 
REQUEST		POST /elasticsearch/workbook	1708083193068	1708083199134	KO	Features/TDG_UKAF_Chainning.feature:33 method POST
REQUEST		POST /elasticsearch/workbook	1708083193061	1708083199134	KO	Features/TDG_UKAF_Chainning.feature:33 method POST
USER	ServiceTest	END	1708083199135
USER	ServiceTest	END	1708083199135
REQUEST		POST /auth/getToken	1708083193051	1708083193160	OK	 
REQUEST		POST /elasticsearch/workbook	1708083193163	1708083199243	KO	Features/TDG_UKAF_Chainning.feature:33 method POST
USER	ServiceTest	END	1708083199244
REQUEST		POST /auth/getToken	1708083193087	1708083193206	OK	 
REQUEST		POST /elasticsearch/workbook	1708083193210	1708083199274	KO	Features/TDG_UKAF_Chainning.feature:33 method POST
USER	ServiceTest	END	1708083199275
REQUEST		POST /auth/getToken	1708083193198	1708083193311	OK	 
REQUEST		POST /elasticsearch/workbook	1708083193313	1708083199369	KO	Features/TDG_UKAF_Chainning.feature:33 method POST
USER	ServiceTest	END	1708083199369
REQUEST		POST /auth/getToken	1708083193297	1708083193378	OK	 
REQUEST		POST /elasticsearch/workbook	1708083193381	1708083199446	KO	Features/TDG_UKAF_Chainning.feature:33 method POST
USER	ServiceTest	END	1708083199446
REQUEST		POST /auth/getToken	1708083193408	1708083193516	OK	 
REQUEST		POST /elasticsearch/workbook	1708083193518	1708083199586	KO	Features/TDG_UKAF_Chainning.feature:33 method POST
USER	ServiceTest	END	1708083199587
REQUEST		POST /auth/getToken	1708083193494	1708083193588	OK	 
REQUEST		POST /elasticsearch/workbook	1708083193592	1708083199678	KO	Features/TDG_UKAF_Chainning.feature:33 method POST
USER	ServiceTest	END	1708083199679
