RUN	Runner.TDG_UKAF_demo	tdg-ukaf-demo	1705576165279	 	3.7.4
USER	ServiceTest	START	1705576165942
USER	ServiceTest	START	1705576165645
USER	ServiceTest	START	1705576166041
USER	ServiceTest	START	1705576165841
USER	ServiceTest	START	1705576165740
USER	ServiceTest	START	1705576165470
USER	ServiceTest	START	1705576165546
USER	ServiceTest	START	1705576167053
USER	ServiceTest	START	1705576167052
USER	ServiceTest	START	1705576167053
USER	ServiceTest	START	1705576167052
USER	ServiceTest	START	1705576167052
USER	ServiceTest	START	1705576167067
USER	ServiceTest	START	1705576167053
USER	ServiceTest	START	1705576167067
USER	ServiceTest	START	1705576166141
USER	ServiceTest	START	1705576167102
USER	ServiceTest	START	1705576167172
USER	ServiceTest	START	1705576167253
USER	ServiceTest	START	1705576167355
USER	ServiceTest	START	1705576167445
USER	ServiceTest	START	1705576167537
USER	ServiceTest	START	1705576167642
USER	ServiceTest	START	1705576167734
USER	ServiceTest	START	1705576167843
USER	ServiceTest	START	1705576167938
USER	ServiceTest	START	1705576168042
USER	ServiceTest	START	1705576168133
USER	ServiceTest	START	1705576168240
USER	ServiceTest	START	1705576168382
USER	ServiceTest	START	1705576168486
USER	ServiceTest	START	1705576168532
USER	ServiceTest	START	1705576168635
USER	ServiceTest	START	1705576168731
USER	ServiceTest	START	1705576168831
USER	ServiceTest	START	1705576168931
USER	ServiceTest	START	1705576169031
USER	ServiceTest	START	1705576169133
USER	ServiceTest	START	1705576169251
USER	ServiceTest	START	1705576169509
USER	ServiceTest	START	1705576169482
USER	ServiceTest	START	1705576169755
USER	ServiceTest	START	1705576169755
USER	ServiceTest	START	1705576169759
USER	ServiceTest	START	1705576169845
USER	ServiceTest	START	1705576169937
USER	ServiceTest	START	1705576170044
USER	ServiceTest	START	1705576170152
USER	ServiceTest	START	1705576170240
USER	ServiceTest	START	1705576170356
USER	ServiceTest	START	1705576170449
USER	ServiceTest	START	1705576170575
REQUEST		POST /auth/getToken	1705576170418	1705576170710	OK	 
USER	ServiceTest	START	1705576170835
REQUEST		POST /auth/getToken	1705576170329	1705576170692	OK	 
REQUEST		POST /auth/getToken	1705576170433	1705576170711	OK	 
REQUEST		POST /auth/getToken	1705576170596	1705576170710	OK	 
REQUEST		POST /auth/getToken	1705576170471	1705576170695	OK	 
REQUEST		POST /auth/getToken	1705576170455	1705576170692	OK	 
USER	ServiceTest	START	1705576170918
USER	ServiceTest	START	1705576170934
USER	ServiceTest	START	1705576170918
REQUEST		POST /auth/getToken	1705576170673	1705576170725	OK	 
REQUEST		POST /auth/getToken	1705576170414	1705576170923	OK	 
REQUEST		POST /auth/getToken	1705576170836	1705576170952	OK	 
REQUEST		POST /auth/getToken	1705576170433	1705576170923	OK	 
REQUEST		POST /auth/getToken	1705576170435	1705576170921	OK	 
REQUEST		POST /auth/getToken	1705576170417	1705576170923	OK	 
REQUEST		POST /auth/getToken	1705576170369	1705576170915	OK	 
REQUEST		POST /auth/getToken	1705576170326	1705576170921	OK	 
USER	ServiceTest	START	1705576171035
REQUEST		POST /auth/getToken	1705576170339	1705576170913	OK	 
USER	ServiceTest	START	1705576171141
REQUEST		POST /elasticsearch/insertDoc	1705576170989	1705576171065	OK	 
REQUEST		POST /auth/getToken	1705576170402	1705576170909	OK	 
REQUEST		POST /auth/getToken	1705576170328	1705576170911	OK	 
REQUEST		POST /auth/getToken	1705576170458	1705576170914	OK	 
REQUEST		POST /auth/getToken	1705576170405	1705576170911	OK	 
REQUEST		POST /auth/getToken	1705576170414	1705576170898	OK	 
REQUEST		POST /auth/getToken	1705576170417	1705576170894	OK	 
REQUEST		POST /elasticsearch/insertDoc	1705576170993	1705576171067	OK	 
USER	ServiceTest	START	1705576171235
REQUEST		POST /auth/getToken	1705576170403	1705576170906	OK	 
REQUEST		POST /auth/getToken	1705576170657	1705576170900	OK	 
REQUEST		POST /auth/getToken	1705576170414	1705576170885	OK	 
REQUEST		POST /auth/getToken	1705576170415	1705576170885	OK	 
REQUEST		POST /auth/getToken	1705576170416	1705576170881	OK	 
REQUEST		POST /auth/getToken	1705576170415	1705576170881	OK	 
REQUEST		POST /auth/getToken	1705576170416	1705576170879	OK	 
REQUEST		POST /auth/getToken	1705576170399	1705576170874	OK	 
USER	ServiceTest	START	1705576171335
REQUEST		POST /auth/getToken	1705576170403	1705576170877	OK	 
REQUEST		POST /auth/getToken	1705576170401	1705576170872	OK	 
REQUEST		POST /elasticsearch/insertDoc	1705576170766	1705576170862	OK	 
REQUEST		POST /auth/getToken	1705576170804	1705576170869	OK	 
REQUEST		POST /auth/getToken	1705576170400	1705576170870	OK	 
REQUEST		POST /auth/getToken	1705576170405	1705576170845	OK	 
REQUEST		POST /elasticsearch/insertDoc	1705576170773	1705576170830	OK	 
REQUEST		POST /elasticsearch/insertDoc	1705576171300	1705576171350	OK	 
REQUEST		POST /auth/getToken	1705576170405	1705576170845	OK	 
REQUEST		POST /elasticsearch/insertDoc	1705576170766	1705576170830	OK	 
REQUEST		POST /auth/getToken	1705576170345	1705576170831	OK	 
USER	ServiceTest	START	1705576171488
REQUEST		POST /auth/getToken	1705576170481	1705576170785	OK	 
REQUEST		POST /auth/getToken	1705576170416	1705576170830	OK	 
REQUEST		POST /auth/getToken	1705576170475	1705576170790	OK	 
REQUEST		POST /auth/getToken	1705576170417	1705576170831	OK	 
REQUEST		POST /auth/getToken	1705576170448	1705576170792	OK	 
REQUEST		POST /auth/getToken	1705576170671	1705576170774	OK	 
USER	ServiceTest	START	1705576171560
REQUEST		POST /elasticsearch/insertDoc	1705576170765	1705576170818	OK	 
REQUEST		POST /auth/getToken	1705576170451	1705576170740	OK	 
REQUEST		POST /auth/getToken	1705576170690	1705576170740	OK	 
REQUEST		POST /elasticsearch/insertDoc	1705576171500	1705576171544	OK	 
REQUEST		POST /elasticsearch/insertDoc	1705576171502	1705576171548	OK	 
REQUEST		POST /auth/getToken	1705576170356	1705576170726	OK	 
REQUEST		POST /auth/getToken	1705576170446	1705576170727	OK	 
REQUEST		POST /auth/getToken	1705576171508	1705576171619	OK	 
REQUEST		POST /elasticsearch/insertDoc	1705576171376	1705576171448	OK	 
REQUEST		POST /elasticsearch/insertDoc	1705576171433	1705576171474	OK	 
REQUEST		POST /elasticsearch/insertDoc	1705576171458	1705576171514	OK	 
USER	ServiceTest	START	1705576171752
REQUEST		POST /auth/getToken	1705576170371	1705576170725	OK	 
REQUEST		POST /auth/getToken	1705576170417	1705576170725	OK	 
REQUEST		POST /auth/getToken	1705576170329	1705576170725	OK	 
REQUEST		POST /elasticsearch/insertDoc	1705576171467	1705576171548	OK	 
REQUEST		POST /elasticsearch/insertDoc	1705576171321	1705576171382	OK	 
REQUEST		POST /elasticsearch/insertDoc	1705576171455	1705576171525	OK	 
USER	ServiceTest	START	1705576171786
REQUEST		POST /elasticsearch/insertDoc	1705576171458	1705576171520	OK	 
USER	ServiceTest	START	1705576171831
REQUEST		POST /elasticsearch/insertDoc	1705576171291	1705576171341	OK	 
REQUEST		POST /elasticsearch/insertDoc	1705576170769	1705576170831	OK	 
REQUEST		POST /elasticsearch/insertDoc	1705576171180	1705576171241	OK	 
REQUEST		POST /elasticsearch/insertDoc	1705576171180	1705576171240	OK	 
REQUEST		POST /elasticsearch/insertDoc	1705576171215	1705576171251	OK	 
REQUEST		POST /elasticsearch/insertDoc	1705576171092	1705576171213	OK	 
USER	ServiceTest	START	1705576171940
REQUEST		POST /elasticsearch/insertDoc	1705576171086	1705576171210	OK	 
REQUEST		POST /elasticsearch/insertDoc	1705576171099	1705576171201	OK	 
REQUEST		POST /elasticsearch/insertDoc	1705576170978	1705576171020	OK	 
REQUEST		POST /elasticsearch/insertDoc	1705576170773	1705576170892	OK	 
REQUEST		POST /elasticsearch/insertDoc	1705576170975	1705576171028	OK	 
REQUEST		POST /elasticsearch/insertDoc	1705576171073	1705576171135	OK	 
REQUEST		POST /elasticsearch/insertDoc	1705576171096	1705576171201	OK	 
USER	ServiceTest	START	1705576172051
REQUEST		POST /elasticsearch/insertDoc	1705576170954	1705576170998	OK	 
REQUEST		POST /elasticsearch/insertDoc	1705576170958	1705576171015	OK	 
REQUEST		POST /elasticsearch/insertDoc	1705576170988	1705576171033	OK	 
REQUEST		POST /elasticsearch/insertDoc	1705576171176	1705576171225	OK	 
REQUEST		POST /elasticsearch/insertDoc	1705576170996	1705576171075	OK	 
USER	ServiceTest	START	1705576172155
REQUEST		POST /elasticsearch/insertDoc	1705576171272	1705576171310	OK	 
REQUEST		POST /elasticsearch/insertDoc	1705576171253	1705576171289	OK	 
REQUEST		POST /elasticsearch/insertDoc	1705576171250	1705576171280	OK	 
REQUEST		POST /elasticsearch/insertDoc	1705576171291	1705576171331	OK	 
REQUEST		POST /elasticsearch/insertDoc	1705576171191	1705576171233	OK	 
REQUEST		POST /elasticsearch/insertDoc	1705576171715	1705576171759	OK	 
REQUEST		POST /elasticsearch/insertDoc	1705576171299	1705576171337	OK	 
USER	ServiceTest	START	1705576172244
REQUEST		POST /auth/getToken	1705576171640	1705576171697	OK	 
REQUEST		POST /elasticsearch/insertDoc	1705576171651	1705576171700	OK	 
REQUEST		POST /elasticsearch/insertDoc	1705576171360	1705576171412	OK	 
REQUEST		POST /elasticsearch/insertDoc	1705576171320	1705576171378	OK	 
REQUEST		POST /elasticsearch/insertDoc	1705576171591	1705576171680	OK	 
REQUEST		POST /elasticsearch/insertDoc	1705576171581	1705576171672	OK	 
USER	ServiceTest	START	1705576172350
REQUEST		POST /elasticsearch/insertDoc	1705576171560	1705576171648	OK	 
USER	ServiceTest	START	1705576172476
REQUEST		POST /elasticsearch/insertDoc	1705576171733	1705576171760	OK	 
REQUEST		POST /elasticsearch/insertDoc	1705576171737	1705576171769	OK	 
REQUEST		POST /auth/getToken	1705576172278	1705576172307	OK	 
USER	ServiceTest	START	1705576172572
REQUEST		POST /elasticsearch/insertDoc	1705576172206	1705576172256	OK	 
REQUEST		POST /auth/getToken	1705576172268	1705576172294	OK	 
REQUEST		POST /elasticsearch/insertDoc	1705576171559	1705576171619	OK	 
REQUEST		POST /auth/getToken	1705576172506	1705576172559	OK	 
USER	ServiceTest	START	1705576172632
REQUEST		POST /auth/getToken	1705576172510	1705576172557	OK	 
REQUEST		POST /auth/getToken	1705576172496	1705576172551	OK	 
REQUEST		POST /auth/getToken	1705576172495	1705576172543	OK	 
USER	ServiceTest	START	1705576172735
REQUEST		PATCH /elasticsearch/update	1705576171505	1705576171619	OK	 
REQUEST		POST /elasticsearch/insertDoc	1705576172616	1705576172653	OK	 
REQUEST		PATCH /elasticsearch/update	1705576171383	1705576171440	OK	 
REQUEST		POST /auth/getToken	1705576172611	1705576172650	OK	 
REQUEST		POST /auth/getToken	1705576172616	1705576172653	OK	 
REQUEST		POST /elasticsearch/insertDoc	1705576172596	1705576172650	OK	 
REQUEST		PATCH /elasticsearch/update	1705576171410	1705576171469	OK	 
REQUEST		PATCH /elasticsearch/update	1705576171386	1705576171437	OK	 
REQUEST		POST /elasticsearch/insertDoc	1705576172526	1705576172580	OK	 
REQUEST		POST /elasticsearch/insertDoc	1705576172566	1705576172600	OK	 
REQUEST		POST /elasticsearch/insertDoc	1705576172623	1705576172666	OK	 
USER	ServiceTest	START	1705576172840
REQUEST		POST /auth/getToken	1705576172707	1705576172753	OK	 
REQUEST		PATCH /elasticsearch/update	1705576171323	1705576171362	OK	 
REQUEST		POST /elasticsearch/insertDoc	1705576172593	1705576172634	OK	 
USER	ServiceTest	START	1705576172933
REQUEST		PATCH /elasticsearch/update	1705576171137	1705576171232	OK	 
REQUEST		POST /auth/getToken	1705576172759	1705576172796	OK	 
REQUEST		POST /elasticsearch/sheet/insertDoc	1705576171654	1705576172743	OK	 
REQUEST		POST /elasticsearch/sheet/insertDoc	1705576171688	1705576172773	OK	 
REQUEST		POST /auth/getToken	1705576172676	1705576172731	OK	 
REQUEST		POST /elasticsearch/insertDoc	1705576172698	1705576172765	OK	 
REQUEST		POST /auth/getToken	1705576172719	1705576172773	OK	 
REQUEST		POST /elasticsearch/sheet/insertDoc	1705576171663	1705576172761	OK	 
REQUEST		POST /elasticsearch/insertDoc	1705576172781	1705576172861	OK	 
REQUEST		POST /elasticsearch/sheet/insertDoc	1705576171675	1705576172770	OK	 
REQUEST		POST /elasticsearch/sheet/insertDoc	1705576171790	1705576172872	OK	 
REQUEST		POST /elasticsearch/insertDoc	1705576172698	1705576172764	OK	 
REQUEST		PATCH /elasticsearch/workbook/delete	1705576172909	1705576172970	OK	 
REQUEST		PATCH /elasticsearch/workbook/delete	1705576172883	1705576172969	OK	 
REQUEST		PATCH /elasticsearch/workbook/delete	1705576172858	1705576172967	OK	 
REQUEST		POST /auth/getToken	1705576172838	1705576172925	OK	 
USER	ServiceTest	END	1705576173008
USER	ServiceTest	END	1705576173008
REQUEST		PATCH /elasticsearch/workbook/delete	1705576172821	1705576172952	OK	 
USER	ServiceTest	END	1705576173008
USER	ServiceTest	END	1705576173039
REQUEST		PATCH /elasticsearch/workbook/delete	1705576172855	1705576172957	OK	 
USER	ServiceTest	END	1705576173040
REQUEST		PATCH /elasticsearch/update	1705576171097	1705576171192	OK	 
REQUEST		PATCH /elasticsearch/update	1705576171920	1705576171969	OK	 
USER	ServiceTest	START	1705576173040
REQUEST		PATCH /elasticsearch/update	1705576171919	1705576171968	OK	 
REQUEST		POST /elasticsearch/insertDoc	1705576172848	1705576172963	OK	 
REQUEST		PATCH /elasticsearch/update	1705576171869	1705576171908	OK	 
REQUEST		PATCH /elasticsearch/update	1705576171795	1705576171848	OK	 
REQUEST		POST /auth/getToken	1705576172903	1705576172971	OK	 
REQUEST		POST /auth/getToken	1705576172822	1705576172921	OK	 
USER	ServiceTest	START	1705576173131
REQUEST		PATCH /elasticsearch/update	1705576171806	1705576171849	OK	 
REQUEST		PATCH /elasticsearch/update	1705576171854	1705576171914	OK	 
REQUEST		PATCH /elasticsearch/update	1705576171889	1705576171937	OK	 
REQUEST		PATCH /elasticsearch/update	1705576171759	1705576171802	OK	 
REQUEST		POST /auth/getToken	1705576172887	1705576172940	OK	 
REQUEST		PATCH /elasticsearch/update	1705576171851	1705576171888	OK	 
REQUEST		POST /elasticsearch/sheet/insertDoc	1705576171935	1705576173041	OK	 
REQUEST		POST /elasticsearch/insertDoc	1705576172823	1705576172952	OK	 
REQUEST		POST /auth/getToken	1705576172992	1705576173043	OK	 
REQUEST		POST /elasticsearch/insertDoc	1705576172975	1705576173031	OK	 
REQUEST		POST /elasticsearch/sheet/insertDoc	1705576171874	1705576172940	OK	 
REQUEST		POST /auth/getToken	1705576172938	1705576172980	OK	 
REQUEST		PATCH /elasticsearch/workbook/delete	1705576173146	1705576173181	OK	 
REQUEST		POST /elasticsearch/insertDoc	1705576172841	1705576172959	OK	 
REQUEST		POST /elasticsearch/sheet/insertDoc	1705576172003	1705576173106	OK	 
REQUEST		POST /elasticsearch/sheet/insertDoc	1705576172003	1705576173052	OK	 
REQUEST		POST /elasticsearch/sheet/insertDoc	1705576172034	1705576173107	OK	 
REQUEST		PATCH /elasticsearch/workbook/delete	1705576173138	1705576173176	OK	 
USER	ServiceTest	END	1705576173217
USER	ServiceTest	END	1705576173221
REQUEST		POST /elasticsearch/insertDoc	1705576173026	1705576173125	OK	 
REQUEST		PATCH /elasticsearch/workbook/delete	1705576173173	1705576173216	OK	 
REQUEST		PATCH /elasticsearch/workbook/delete	1705576173181	1705576173216	OK	 
REQUEST		PATCH /elasticsearch/workbook/delete	1705576173168	1705576173215	OK	 
REQUEST		PATCH /elasticsearch/update	1705576171743	1705576171781	OK	 
USER	ServiceTest	START	1705576173243
REQUEST		POST /auth/getToken	1705576173100	1705576173155	OK	 
REQUEST		PATCH /elasticsearch/update	1705576171747	1705576171771	OK	 
USER	ServiceTest	END	1705576173243
USER	ServiceTest	END	1705576173250
USER	ServiceTest	END	1705576173250
REQUEST		PATCH /elasticsearch/update	1705576171683	1705576171725	OK	 
REQUEST		PATCH /elasticsearch/update	1705576171753	1705576171782	OK	 
REQUEST		POST /elasticsearch/insertDoc	1705576173021	1705576173124	OK	 
REQUEST		PATCH /elasticsearch/update	1705576171677	1705576171735	OK	 
REQUEST		PATCH /elasticsearch/update	1705576172073	1705576172150	OK	 
REQUEST		PATCH /elasticsearch/update	1705576171661	1705576171724	OK	 
REQUEST		PATCH /elasticsearch/update	1705576172100	1705576172152	OK	 
USER	ServiceTest	START	1705576173334
REQUEST		POST /elasticsearch/sheet/insertDoc	1705576172099	1705576173164	OK	 
REQUEST		POST /elasticsearch/insertDoc	1705576173101	1705576173169	OK	 
REQUEST		POST /auth/getToken	1705576173085	1705576173150	OK	 
REQUEST		POST /elasticsearch/insertDoc	1705576173136	1705576173188	OK	 
REQUEST		POST /auth/getToken	1705576173089	1705576173154	OK	 
REQUEST		POST /elasticsearch/sheet/insertDoc	1705576172016	1705576173107	OK	 
REQUEST		POST /elasticsearch/sheet/insertDoc	1705576172126	1705576173262	OK	 
REQUEST		POST /elasticsearch/insertDoc	1705576173114	1705576173178	OK	 
REQUEST		POST /elasticsearch/insertDoc	1705576173198	1705576173248	OK	 
REQUEST		POST /elasticsearch/sheet/insertDoc	1705576172143	1705576173246	OK	 
REQUEST		POST /elasticsearch/sheet/insertDoc	1705576172077	1705576173169	OK	 
REQUEST		POST /elasticsearch/sheet/insertDoc	1705576172082	1705576173165	OK	 
REQUEST		POST /elasticsearch/sheet/insertDoc	1705576172158	1705576173248	OK	 
REQUEST		POST /elasticsearch/sheet/insertDoc	1705576172069	1705576173153	OK	 
REQUEST		POST /elasticsearch/sheet/insertDoc	1705576172185	1705576173261	OK	 
REQUEST		POST /elasticsearch/sheet/insertDoc	1705576172077	1705576173164	OK	 
REQUEST		POST /auth/getToken	1705576173206	1705576173297	OK	 
REQUEST		PATCH /elasticsearch/update	1705576172209	1705576172260	OK	 
REQUEST		PATCH /elasticsearch/workbook/delete	1705576173289	1705576173356	OK	 
REQUEST		PATCH /elasticsearch/workbook/delete	1705576173234	1705576173348	OK	 
USER	ServiceTest	END	1705576173398
USER	ServiceTest	END	1705576173398
REQUEST		POST /auth/getToken	1705576173220	1705576173286	OK	 
REQUEST		PATCH /elasticsearch/update	1705576172216	1705576172263	OK	 
REQUEST		PATCH /elasticsearch/update	1705576172166	1705576172234	OK	 
REQUEST		POST /auth/getToken	1705576173210	1705576173283	OK	 
REQUEST		PATCH /elasticsearch/update	1705576172189	1705576172238	OK	 
REQUEST		POST /elasticsearch/sheet/insertDoc	1705576172194	1705576173283	OK	 
REQUEST		POST /elasticsearch/sheet/insertDoc	1705576172175	1705576173274	OK	 
REQUEST		PATCH /elasticsearch/update	1705576171578	1705576171670	OK	 
REQUEST		PATCH /elasticsearch/update	1705576172207	1705576172260	OK	 
REQUEST		PATCH /elasticsearch/update	1705576171599	1705576171654	OK	 
REQUEST		POST /elasticsearch/sheet/insertDoc	1705576172185	1705576173274	OK	 
REQUEST		POST /auth/getToken	1705576173214	1705576173286	OK	 
USER	ServiceTest	START	1705576173448
REQUEST		PATCH /elasticsearch/workbook/delete	1705576173374	1705576173416	OK	 
USER	ServiceTest	END	1705576173454
REQUEST		PATCH /elasticsearch/workbook/delete	1705576173222	1705576173353	OK	 
USER	ServiceTest	END	1705576173455
REQUEST		PATCH /elasticsearch/workbook/delete	1705576173300	1705576173372	OK	 
REQUEST		PATCH /elasticsearch/workbook/delete	1705576173323	1705576173372	OK	 
USER	ServiceTest	END	1705576173466
USER	ServiceTest	END	1705576173466
REQUEST		PATCH /elasticsearch/workbook/delete	1705576173293	1705576173371	OK	 
USER	ServiceTest	END	1705576173469
REQUEST		PATCH /elasticsearch/workbook/delete	1705576173238	1705576173370	OK	 
REQUEST		PATCH /elasticsearch/workbook/delete	1705576173237	1705576173368	OK	 
USER	ServiceTest	END	1705576173472
USER	ServiceTest	END	1705576173473
REQUEST		PATCH /elasticsearch/workbook/delete	1705576173250	1705576173371	OK	 
USER	ServiceTest	END	1705576173475
REQUEST		PATCH /elasticsearch/update	1705576172159	1705576172226	OK	 
REQUEST		PATCH /elasticsearch/update	1705576172155	1705576172232	OK	 
REQUEST		PATCH /elasticsearch/update	1705576171956	1705576172046	OK	 
REQUEST		POST /elasticsearch/sheet/insertDoc	1705576172199	1705576173285	OK	 
REQUEST		PATCH /elasticsearch/update	1705576172153	1705576172231	OK	 
REQUEST		PATCH /elasticsearch/update	1705576172110	1705576172160	OK	 
REQUEST		PATCH /elasticsearch/update	1705576172120	1705576172160	OK	 
REQUEST		POST /elasticsearch/sheet/insertDoc	1705576172313	1705576173396	OK	 
REQUEST		POST /auth/getToken	1705576173206	1705576173320	OK	 
REQUEST		PATCH /elasticsearch/workbook/delete	1705576173280	1705576173365	OK	 
USER	ServiceTest	END	1705576173485
REQUEST		POST /elasticsearch/insertDoc	1705576173369	1705576173416	OK	 
REQUEST		POST /auth/getToken	1705576173235	1705576173317	OK	 
REQUEST		PATCH /elasticsearch/workbook/delete	1705576173359	1705576173405	OK	 
REQUEST		PATCH /elasticsearch/workbook/delete	1705576173366	1705576173407	OK	 
USER	ServiceTest	END	1705576173505
USER	ServiceTest	END	1705576173505
REQUEST		POST /elasticsearch/insertDoc	1705576173224	1705576173353	OK	 
REQUEST		PATCH /elasticsearch/update	1705576171950	1705576172030	OK	 
REQUEST		PATCH /elasticsearch/workbook/delete	1705576173385	1705576173479	OK	 
USER	ServiceTest	END	1705576173522
REQUEST		PATCH /elasticsearch/update	1705576171949	1705576172047	OK	 
REQUEST		PATCH /elasticsearch/update	1705576172082	1705576172126	OK	 
REQUEST		PATCH /elasticsearch/update	1705576172059	1705576172115	OK	 
REQUEST		PATCH /elasticsearch/workbook/delete	1705576173427	1705576173482	OK	 
USER	ServiceTest	END	1705576173536
USER	ServiceTest	START	1705576173536
REQUEST		POST /auth/getToken	1705576173416	1705576173452	OK	 
REQUEST		POST /elasticsearch/sheet/insertDoc	1705576172288	1705576173408	OK	 
REQUEST		POST /elasticsearch/sheet/insertDoc	1705576172293	1705576173411	OK	 
REQUEST		PATCH /elasticsearch/update	1705576172038	1705576172103	OK	 
REQUEST		POST /elasticsearch/sheet/insertDoc	1705576172306	1705576173410	OK	 
REQUEST		PATCH /elasticsearch/update	1705576172270	1705576172309	OK	 
REQUEST		PATCH /elasticsearch/update	1705576171985	1705576172028	OK	 
REQUEST		PATCH /elasticsearch/update	1705576172293	1705576172389	OK	 
REQUEST		POST /elasticsearch/sheet/insertDoc	1705576172414	1705576173478	OK	 
REQUEST		PATCH /elasticsearch/update	1705576171987	1705576172039	OK	 
REQUEST		POST /elasticsearch/sheet/insertDoc	1705576172366	1705576173476	OK	 
REQUEST		POST /elasticsearch/insertDoc	1705576173326	1705576173378	OK	 
REQUEST		POST /elasticsearch/sheet/insertDoc	1705576172373	1705576173481	OK	 
REQUEST		POST /elasticsearch/sheet/insertDoc	1705576172318	1705576173401	OK	 
REQUEST		POST /elasticsearch/sheet/insertDoc	1705576172382	1705576173480	OK	 
REQUEST		POST /elasticsearch/sheet/insertDoc	1705576172384	1705576173481	OK	 
REQUEST		PATCH /elasticsearch/workbook/delete	1705576173526	1705576173590	OK	 
REQUEST		PATCH /elasticsearch/workbook/delete	1705576173524	1705576173589	OK	 
USER	ServiceTest	END	1705576173626
USER	ServiceTest	END	1705576173626
REQUEST		POST /elasticsearch/sheet/insertDoc	1705576172321	1705576173405	OK	 
REQUEST		POST /elasticsearch/insertDoc	1705576173431	1705576173499	OK	 
REQUEST		PATCH /elasticsearch/update	1705576172243	1705576172282	OK	 
REQUEST		POST /elasticsearch/insertDoc	1705576173388	1705576173483	OK	 
REQUEST		POST /auth/getToken	1705576173472	1705576173514	OK	 
REQUEST		POST /elasticsearch/sheet/insertDoc	1705576172469	1705576173528	OK	 
REQUEST		POST /elasticsearch/sheet/insertDoc	1705576172417	1705576173520	OK	 
REQUEST		PATCH /elasticsearch/workbook/delete	1705576173502	1705576173572	OK	 
REQUEST		POST /elasticsearch/sheet/insertDoc	1705576172320	1705576173403	OK	 
USER	ServiceTest	START	1705576173635
REQUEST		POST /elasticsearch/insertDoc	1705576173359	1705576173405	OK	 
REQUEST		POST /elasticsearch/insertDoc	1705576173352	1705576173401	OK	 
REQUEST		POST /elasticsearch/insertDoc	1705576173211	1705576173353	OK	 
REQUEST		PATCH /elasticsearch/workbook/delete	1705576173506	1705576173565	OK	 
USER	ServiceTest	END	1705576173641
USER	ServiceTest	END	1705576173642
REQUEST		PATCH /elasticsearch/workbook/delete	1705576173551	1705576173618	OK	 
REQUEST		PATCH /elasticsearch/workbook/delete	1705576173522	1705576173617	OK	 
REQUEST		PATCH /elasticsearch/workbook/delete	1705576173524	1705576173618	OK	 
USER	ServiceTest	END	1705576173647
REQUEST		POST /elasticsearch/sheet/insertDoc	1705576172370	1705576173476	OK	 
REQUEST		PATCH /elasticsearch/update	1705576172443	1705576172516	OK	 
USER	ServiceTest	END	1705576173650
USER	ServiceTest	END	1705576173650
REQUEST		PATCH /elasticsearch/workbook/delete	1705576173540	1705576173608	OK	 
USER	ServiceTest	END	1705576173652
REQUEST		PATCH /elasticsearch/workbook/delete	1705576173502	1705576173565	OK	 
USER	ServiceTest	END	1705576173656
REQUEST		PATCH /elasticsearch/workbook/delete	1705576173571	1705576173627	OK	 
USER	ServiceTest	END	1705576173670
REQUEST		PATCH /elasticsearch/workbook/delete	1705576173600	1705576173649	OK	 
USER	ServiceTest	END	1705576173682
REQUEST		POST /elasticsearch/sheet/insertDoc	1705576172436	1705576173529	OK	 
REQUEST		PATCH /elasticsearch/workbook/delete	1705576173594	1705576173637	OK	 
USER	ServiceTest	END	1705576173706
REQUEST		PATCH /elasticsearch/workbook/delete	1705576173562	1705576173631	OK	 
USER	ServiceTest	END	1705576173707
REQUEST		PATCH /elasticsearch/workbook/delete	1705576173562	1705576173634	OK	 
USER	ServiceTest	END	1705576173716
REQUEST		POST /elasticsearch/insertDoc	1705576173502	1705576173559	OK	 
REQUEST		POST /auth/getToken	1705576173510	1705576173592	OK	 
REQUEST		POST /elasticsearch/sheet/insertDoc	1705576172535	1705576173589	OK	 
REQUEST		POST /elasticsearch/sheet/insertDoc	1705576172506	1705576173586	OK	 
REQUEST		POST /elasticsearch/sheet/insertDoc	1705576172472	1705576173567	OK	 
REQUEST		POST /elasticsearch/sheet/insertDoc	1705576172560	1705576173627	OK	 
REQUEST		POST /elasticsearch/sheet/insertDoc	1705576172417	1705576173590	OK	 
REQUEST		POST /elasticsearch/sheet/insertDoc	1705576172493	1705576173588	OK	 
REQUEST		POST /elasticsearch/sheet/insertDoc	1705576172592	1705576173649	OK	 
USER	ServiceTest	START	1705576173739
REQUEST		PATCH /elasticsearch/workbook/delete	1705576173623	1705576173703	OK	 
REQUEST		POST /elasticsearch/sheet/insertDoc	1705576172419	1705576173530	OK	 
USER	ServiceTest	END	1705576173744
REQUEST		PATCH /elasticsearch/update	1705576172439	1705576172516	OK	 
REQUEST		PATCH /elasticsearch/update	1705576172571	1705576172620	OK	 
REQUEST		PATCH /elasticsearch/workbook/delete	1705576173676	1705576173744	OK	 
REQUEST		PATCH /elasticsearch/workbook/delete	1705576173681	1705576173743	OK	 
USER	ServiceTest	END	1705576173776
USER	ServiceTest	END	1705576173776
REQUEST		POST /elasticsearch/insertDoc	1705576173552	1705576173631	OK	 
REQUEST		PATCH /elasticsearch/workbook/delete	1705576173637	1705576173727	OK	 
USER	ServiceTest	END	1705576173786
REQUEST		PATCH /elasticsearch/workbook/delete	1705576173654	1705576173727	OK	 
REQUEST		PATCH /elasticsearch/workbook/delete	1705576173639	1705576173727	OK	 
USER	ServiceTest	END	1705576173786
REQUEST		PATCH /elasticsearch/workbook/delete	1705576173658	1705576173725	OK	 
USER	ServiceTest	END	1705576173786
USER	ServiceTest	END	1705576173786
REQUEST		PATCH /elasticsearch/update	1705576172536	1705576172589	OK	 
REQUEST		PATCH /elasticsearch/workbook/delete	1705576173652	1705576173723	OK	 
USER	ServiceTest	END	1705576173806
REQUEST		PATCH /elasticsearch/workbook/delete	1705576173654	1705576173723	OK	 
USER	ServiceTest	END	1705576173813
REQUEST		POST /elasticsearch/insertDoc	1705576173623	1705576173719	OK	 
REQUEST		POST /auth/getToken	1705576173661	1705576173708	OK	 
REQUEST		POST /elasticsearch/sheet/insertDoc	1705576172658	1705576173756	OK	 
REQUEST		POST /elasticsearch/sheet/insertDoc	1705576172695	1705576173768	OK	 
REQUEST		POST /auth/getToken	1705576173699	1705576173755	OK	 
USER	ServiceTest	START	1705576173852
REQUEST		PATCH /elasticsearch/workbook/delete	1705576173806	1705576173842	OK	 
USER	ServiceTest	END	1705576173864
REQUEST		POST /auth/getToken	1705576173781	1705576173808	OK	 
REQUEST		PATCH /elasticsearch/update	1705576172684	1705576172748	OK	 
REQUEST		POST /elasticsearch/sheet/insertDoc	1705576172739	1705576173799	OK	 
REQUEST		PATCH /elasticsearch/workbook/delete	1705576173803	1705576173842	OK	 
USER	ServiceTest	END	1705576173880
REQUEST		POST /elasticsearch/insertDoc	1705576173747	1705576173833	OK	 
REQUEST		POST /elasticsearch/insertDoc	1705576173810	1705576173843	OK	 
REQUEST		PATCH /elasticsearch/workbook/delete	1705576173839	1705576173874	OK	 
USER	ServiceTest	END	1705576173913
USER	ServiceTest	START	1705576173935
REQUEST		POST /elasticsearch/insertDoc	1705576173832	1705576173873	OK	 
REQUEST		POST /elasticsearch/sheet/insertDoc	1705576172782	1705576173875	OK	 
REQUEST		PATCH /elasticsearch/update	1705576172699	1705576172767	OK	 
REQUEST		PATCH /elasticsearch/update	1705576172740	1705576172792	OK	 
REQUEST		PATCH /elasticsearch/update	1705576172738	1705576172787	OK	 
REQUEST		PATCH /elasticsearch/update	1705576172737	1705576172793	OK	 
REQUEST		PATCH /elasticsearch/update	1705576172792	1705576172873	OK	 
REQUEST		PATCH /elasticsearch/workbook/delete	1705576173918	1705576173951	OK	 
USER	ServiceTest	END	1705576173985
REQUEST		POST /auth/getToken	1705576173871	1705576173905	OK	 
REQUEST		POST /elasticsearch/sheet/insertDoc	1705576172848	1705576173959	OK	 
REQUEST		POST /elasticsearch/sheet/insertDoc	1705576172837	1705576173966	OK	 
REQUEST		POST /elasticsearch/sheet/insertDoc	1705576172854	1705576173957	OK	 
REQUEST		POST /elasticsearch/sheet/insertDoc	1705576172908	1705576173978	OK	 
USER	ServiceTest	START	1705576174041
REQUEST		POST /elasticsearch/sheet/insertDoc	1705576172851	1705576173962	OK	 
REQUEST		PATCH /elasticsearch/workbook/delete	1705576174008	1705576174037	OK	 
REQUEST		PATCH /elasticsearch/workbook/delete	1705576174006	1705576174039	OK	 
USER	ServiceTest	END	1705576174072
REQUEST		PATCH /elasticsearch/workbook/delete	1705576174001	1705576174047	OK	 
USER	ServiceTest	END	1705576174073
REQUEST		PATCH /elasticsearch/workbook/delete	1705576174016	1705576174047	OK	 
USER	ServiceTest	END	1705576174073
USER	ServiceTest	END	1705576174073
REQUEST		POST /auth/getToken	1705576173970	1705576174009	OK	 
REQUEST		POST /elasticsearch/insertDoc	1705576173939	1705576174025	OK	 
REQUEST		PATCH /elasticsearch/workbook/delete	1705576174000	1705576174051	OK	 
USER	ServiceTest	END	1705576174087
REQUEST		PATCH /elasticsearch/update	1705576172858	1705576172966	OK	 
REQUEST		PATCH /elasticsearch/update	1705576172884	1705576172963	OK	 
REQUEST		PATCH /elasticsearch/update	1705576172915	1705576172969	OK	 
USER	ServiceTest	START	1705576174133
REQUEST		POST /elasticsearch/insertDoc	1705576174043	1705576174074	OK	 
REQUEST		POST /elasticsearch/sheet/insertDoc	1705576173015	1705576174123	OK	 
REQUEST		POST /auth/getToken	1705576174070	1705576174086	OK	 
REQUEST		POST /elasticsearch/sheet/insertDoc	1705576173027	1705576174118	OK	 
REQUEST		POST /elasticsearch/sheet/insertDoc	1705576173013	1705576174123	OK	 
REQUEST		PATCH /elasticsearch/workbook/delete	1705576174150	1705576174201	OK	 
REQUEST		PATCH /elasticsearch/workbook/delete	1705576174152	1705576174198	OK	 
REQUEST		PATCH /elasticsearch/workbook/delete	1705576174151	1705576174195	OK	 
USER	ServiceTest	END	1705576174225
USER	ServiceTest	END	1705576174225
USER	ServiceTest	END	1705576174227
REQUEST		POST /auth/getToken	1705576174144	1705576174166	OK	 
USER	ServiceTest	START	1705576174240
REQUEST		POST /elasticsearch/insertDoc	1705576174123	1705576174196	OK	 
REQUEST		PATCH /elasticsearch/update	1705576173018	1705576173106	OK	 
REQUEST		POST /elasticsearch/insertDoc	1705576174196	1705576174228	OK	 
REQUEST		PATCH /elasticsearch/update	1705576173111	1705576173178	OK	 
USER	ServiceTest	START	1705576174347
REQUEST		PATCH /elasticsearch/update	1705576173138	1705576173176	OK	 
REQUEST		PATCH /elasticsearch/update	1705576173137	1705576173215	OK	 
REQUEST		POST /auth/getToken	1705576174252	1705576174286	OK	 
REQUEST		POST /elasticsearch/sheet/insertDoc	1705576173191	1705576174259	OK	 
REQUEST		PATCH /elasticsearch/update	1705576173186	1705576173226	OK	 
REQUEST		PATCH /elasticsearch/workbook/delete	1705576174287	1705576174370	OK	 
USER	ServiceTest	END	1705576174395
REQUEST		POST /elasticsearch/sheet/insertDoc	1705576173238	1705576174352	OK	 
REQUEST		POST /elasticsearch/sheet/insertDoc	1705576173212	1705576174350	OK	 
REQUEST		POST /elasticsearch/sheet/insertDoc	1705576173257	1705576174370	OK	 
REQUEST		POST /elasticsearch/sheet/insertDoc	1705576173245	1705576174355	OK	 
REQUEST		PATCH /elasticsearch/update	1705576173220	1705576173274	OK	 
REQUEST		POST /elasticsearch/insertDoc	1705576174318	1705576174365	OK	 
REQUEST		PATCH /elasticsearch/workbook/delete	1705576174382	1705576174413	OK	 
USER	ServiceTest	END	1705576174442
REQUEST		PATCH /elasticsearch/workbook/delete	1705576174381	1705576174404	OK	 
USER	ServiceTest	END	1705576174443
USER	ServiceTest	START	1705576174442
REQUEST		PATCH /elasticsearch/workbook/delete	1705576174397	1705576174431	OK	 
USER	ServiceTest	END	1705576174454
REQUEST		PATCH /elasticsearch/workbook/delete	1705576174395	1705576174432	OK	 
USER	ServiceTest	END	1705576174470
REQUEST		POST /auth/getToken	1705576174386	1705576174426	OK	 
REQUEST		PATCH /elasticsearch/update	1705576173234	1705576173349	OK	 
REQUEST		PATCH /elasticsearch/update	1705576173232	1705576173356	OK	 
REQUEST		PATCH /elasticsearch/update	1705576173226	1705576173353	OK	 
REQUEST		POST /elasticsearch/sheet/insertDoc	1705576173382	1705576174436	OK	 
REQUEST		POST /auth/getToken	1705576174455	1705576174474	OK	 
REQUEST		PATCH /elasticsearch/workbook/delete	1705576174471	1705576174500	OK	 
USER	ServiceTest	END	1705576174530
REQUEST		POST /elasticsearch/sheet/insertDoc	1705576173385	1705576174483	OK	 
REQUEST		POST /elasticsearch/insertDoc	1705576174455	1705576174481	OK	 
USER	ServiceTest	START	1705576174546
REQUEST		POST /elasticsearch/sheet/insertDoc	1705576173427	1705576174495	OK	 
REQUEST		POST /elasticsearch/sheet/insertDoc	1705576173430	1705576174495	OK	 
REQUEST		POST /elasticsearch/insertDoc	1705576174501	1705576174521	OK	 
REQUEST		PATCH /elasticsearch/update	1705576173276	1705576173366	OK	 
REQUEST		PATCH /elasticsearch/workbook/delete	1705576174531	1705576174552	OK	 
REQUEST		PATCH /elasticsearch/workbook/delete	1705576174517	1705576174542	OK	 
USER	ServiceTest	END	1705576174575
USER	ServiceTest	END	1705576174575
REQUEST		PATCH /elasticsearch/workbook/delete	1705576174531	1705576174561	OK	 
USER	ServiceTest	END	1705576174590
REQUEST		PATCH /elasticsearch/update	1705576173454	1705576173498	OK	 
REQUEST		PATCH /elasticsearch/update	1705576173450	1705576173513	OK	 
USER	ServiceTest	START	1705576174637
REQUEST		POST /elasticsearch/sheet/insertDoc	1705576173503	1705576174569	OK	 
REQUEST		POST /auth/getToken	1705576174557	1705576174579	OK	 
REQUEST		POST /elasticsearch/sheet/insertDoc	1705576173540	1705576174597	OK	 
REQUEST		PATCH /elasticsearch/workbook/delete	1705576174610	1705576174673	OK	 
USER	ServiceTest	END	1705576174697
REQUEST		POST /elasticsearch/sheet/insertDoc	1705576173553	1705576174638	OK	 
REQUEST		PATCH /elasticsearch/update	1705576173509	1705576173593	OK	 
REQUEST		PATCH /elasticsearch/workbook/delete	1705576174668	1705576174702	OK	 
USER	ServiceTest	END	1705576174729
REQUEST		PATCH /elasticsearch/workbook/delete	1705576174649	1705576174691	OK	 
USER	ServiceTest	END	1705576174731
REQUEST		PATCH /elasticsearch/update	1705576173556	1705576173628	OK	 
REQUEST		PATCH /elasticsearch/update	1705576173555	1705576173628	OK	 
USER	ServiceTest	START	1705576174743
REQUEST		POST /elasticsearch/insertDoc	1705576174607	1705576174684	OK	 
REQUEST		POST /auth/getToken	1705576174652	1705576174686	OK	 
REQUEST		PATCH /elasticsearch/update	1705576173597	1705576173640	OK	 
REQUEST		PATCH /elasticsearch/update	1705576173576	1705576173640	OK	 
REQUEST		POST /elasticsearch/sheet/insertDoc	1705576173674	1705576174741	OK	 
REQUEST		POST /elasticsearch/sheet/insertDoc	1705576173673	1705576174732	OK	 
REQUEST		POST /elasticsearch/sheet/insertDoc	1705576173623	1705576174722	OK	 
REQUEST		PATCH /elasticsearch/update	1705576173583	1705576173639	OK	 
REQUEST		POST /elasticsearch/insertDoc	1705576174715	1705576174755	OK	 
REQUEST		PATCH /elasticsearch/update	1705576173676	1705576173719	OK	 
REQUEST		PATCH /elasticsearch/workbook/delete	1705576174759	1705576174802	OK	 
USER	ServiceTest	END	1705576174833
REQUEST		PATCH /elasticsearch/workbook/delete	1705576174758	1705576174801	OK	 
REQUEST		PATCH /elasticsearch/workbook/delete	1705576174775	1705576174799	OK	 
USER	ServiceTest	END	1705576174834
USER	ServiceTest	END	1705576174834
USER	ServiceTest	START	1705576174831
REQUEST		POST /elasticsearch/sheet/insertDoc	1705576173706	1705576174785	OK	 
REQUEST		PATCH /elasticsearch/update	1705576173735	1705576173780	OK	 
REQUEST		POST /elasticsearch/sheet/insertDoc	1705576173714	1705576174797	OK	 
REQUEST		POST /auth/getToken	1705576174754	1705576174802	OK	 
REQUEST		PATCH /elasticsearch/workbook/delete	1705576174818	1705576174844	OK	 
USER	ServiceTest	END	1705576174878
REQUEST		POST /elasticsearch/sheet/insertDoc	1705576173753	1705576174821	OK	 
REQUEST		PATCH /elasticsearch/update	1705576173777	1705576173819	OK	 
REQUEST		PATCH /elasticsearch/workbook/delete	1705576174836	1705576174865	OK	 
USER	ServiceTest	END	1705576174897
REQUEST		POST /elasticsearch/sheet/insertDoc	1705576173758	1705576174827	OK	 
REQUEST		POST /elasticsearch/insertDoc	1705576174833	1705576174870	OK	 
REQUEST		PATCH /elasticsearch/workbook/delete	1705576174849	1705576174890	OK	 
USER	ServiceTest	END	1705576174931
USER	ServiceTest	START	1705576174944
REQUEST		POST /auth/getToken	1705576174842	1705576174874	OK	 
REQUEST		POST /elasticsearch/sheet/insertDoc	1705576173818	1705576174860	OK	 
REQUEST		PATCH /elasticsearch/workbook/delete	1705576174868	1705576174923	OK	 
USER	ServiceTest	END	1705576174963
REQUEST		POST /elasticsearch/sheet/insertDoc	1705576173849	1705576174893	OK	 
REQUEST		PATCH /elasticsearch/workbook/delete	1705576174898	1705576174956	OK	 
USER	ServiceTest	END	1705576174987
REQUEST		PATCH /elasticsearch/workbook/delete	1705576174928	1705576174983	OK	 
USER	ServiceTest	END	1705576175015
REQUEST		PATCH /elasticsearch/update	1705576173866	1705576173905	OK	 
REQUEST		POST /elasticsearch/insertDoc	1705576174909	1705576174954	OK	 
REQUEST		PATCH /elasticsearch/update	1705576173866	1705576173906	OK	 
USER	ServiceTest	START	1705576175047
REQUEST		PATCH /elasticsearch/update	1705576173910	1705576173950	OK	 
REQUEST		POST /auth/getToken	1705576174960	1705576175008	OK	 
REQUEST		POST /elasticsearch/sheet/insertDoc	1705576173937	1705576175038	OK	 
REQUEST		POST /elasticsearch/sheet/insertDoc	1705576173940	1705576175045	OK	 
REQUEST		POST /elasticsearch/sheet/insertDoc	1705576173987	1705576175060	OK	 
REQUEST		PATCH /elasticsearch/workbook/delete	1705576175081	1705576175110	OK	 
USER	ServiceTest	END	1705576175137
USER	ServiceTest	START	1705576175137
REQUEST		PATCH /elasticsearch/workbook/delete	1705576175079	1705576175115	OK	 
USER	ServiceTest	END	1705576175153
REQUEST		PATCH /elasticsearch/workbook/delete	1705576175098	1705576175126	OK	 
USER	ServiceTest	END	1705576175154
REQUEST		POST /auth/getToken	1705576175056	1705576175091	OK	 
REQUEST		POST /elasticsearch/insertDoc	1705576175049	1705576175093	OK	 
REQUEST		PATCH /elasticsearch/update	1705576174058	1705576174082	OK	 
REQUEST		POST /elasticsearch/insertDoc	1705576175124	1705576175157	OK	 
REQUEST		PATCH /elasticsearch/update	1705576174104	1705576174140	OK	 
USER	ServiceTest	START	1705576175241
REQUEST		POST /auth/getToken	1705576175161	1705576175191	OK	 
REQUEST		POST /elasticsearch/sheet/insertDoc	1705576174165	1705576175212	OK	 
REQUEST		POST /elasticsearch/sheet/insertDoc	1705576174121	1705576175205	OK	 
REQUEST		PATCH /elasticsearch/workbook/delete	1705576175246	1705576175281	OK	 
REQUEST		PATCH /elasticsearch/workbook/delete	1705576175243	1705576175270	OK	 
USER	ServiceTest	END	1705576175302
USER	ServiceTest	END	1705576175302
REQUEST		POST /elasticsearch/insertDoc	1705576175229	1705576175251	OK	 
REQUEST		POST /auth/getToken	1705576175254	1705576175270	OK	 
USER	ServiceTest	START	1705576175333
REQUEST		PATCH /elasticsearch/update	1705576174226	1705576174255	OK	 
REQUEST		PATCH /elasticsearch/update	1705576174256	1705576174301	OK	 
REQUEST		POST /elasticsearch/insertDoc	1705576175304	1705576175326	OK	 
REQUEST		POST /auth/getToken	1705576175341	1705576175358	OK	 
REQUEST		POST /elasticsearch/sheet/insertDoc	1705576174289	1705576175369	OK	 
REQUEST		PATCH /elasticsearch/workbook/delete	1705576175397	1705576175426	OK	 
USER	ServiceTest	END	1705576175455
REQUEST		POST /elasticsearch/sheet/insertDoc	1705576174333	1705576175382	OK	 
REQUEST		POST /elasticsearch/insertDoc	1705576175381	1705576175424	OK	 
REQUEST		PATCH /elasticsearch/update	1705576174398	1705576174436	OK	 
REQUEST		PATCH /elasticsearch/workbook/delete	1705576175411	1705576175492	OK	 
USER	ServiceTest	END	1705576175517
REQUEST		POST /elasticsearch/sheet/insertDoc	1705576174471	1705576175509	OK	 
REQUEST		PATCH /elasticsearch/workbook/delete	1705576175533	1705576175581	OK	 
USER	ServiceTest	END	1705576175609
REQUEST		PATCH /elasticsearch/update	1705576174517	1705576174548	OK	 
REQUEST		PATCH /elasticsearch/update	1705576174547	1705576174567	OK	 
REQUEST		POST /elasticsearch/sheet/insertDoc	1705576174577	1705576175618	OK	 
REQUEST		PATCH /elasticsearch/workbook/delete	1705576175641	1705576175662	OK	 
USER	ServiceTest	END	1705576175687
REQUEST		POST /elasticsearch/sheet/insertDoc	1705576174592	1705576175648	OK	 
REQUEST		PATCH /elasticsearch/workbook/delete	1705576175672	1705576175692	OK	 
USER	ServiceTest	END	1705576175718
REQUEST		PATCH /elasticsearch/update	1705576174715	1705576174754	OK	 
REQUEST		POST /elasticsearch/sheet/insertDoc	1705576174789	1705576175839	OK	 
REQUEST		PATCH /elasticsearch/update	1705576174791	1705576174824	OK	 
REQUEST		PATCH /elasticsearch/workbook/delete	1705576175873	1705576175895	OK	 
USER	ServiceTest	END	1705576175919
REQUEST		POST /elasticsearch/sheet/insertDoc	1705576174849	1705576175901	OK	 
REQUEST		PATCH /elasticsearch/workbook/delete	1705576175935	1705576175968	OK	 
USER	ServiceTest	END	1705576175995
REQUEST		PATCH /elasticsearch/update	1705576174894	1705576174923	OK	 
REQUEST		POST /elasticsearch/sheet/insertDoc	1705576174966	1705576176052	OK	 
REQUEST		PATCH /elasticsearch/update	1705576174990	1705576175045	OK	 
REQUEST		PATCH /elasticsearch/workbook/delete	1705576176089	1705576176110	OK	 
USER	ServiceTest	END	1705576176134
REQUEST		POST /elasticsearch/sheet/insertDoc	1705576175080	1705576176120	OK	 
REQUEST		PATCH /elasticsearch/workbook/delete	1705576176150	1705576176171	OK	 
USER	ServiceTest	END	1705576176196
REQUEST		PATCH /elasticsearch/update	1705576175123	1705576175157	OK	 
REQUEST		POST /elasticsearch/sheet/insertDoc	1705576175184	1705576176222	OK	 
REQUEST		PATCH /elasticsearch/update	1705576175185	1705576175210	OK	 
REQUEST		PATCH /elasticsearch/workbook/delete	1705576176257	1705576176278	OK	 
USER	ServiceTest	END	1705576176303
REQUEST		POST /elasticsearch/sheet/insertDoc	1705576175243	1705576176289	OK	 
REQUEST		PATCH /elasticsearch/workbook/delete	1705576176319	1705576176340	OK	 
USER	ServiceTest	END	1705576176364
REQUEST		PATCH /elasticsearch/update	1705576175288	1705576175309	OK	 
REQUEST		POST /elasticsearch/sheet/insertDoc	1705576175335	1705576176390	OK	 
REQUEST		PATCH /elasticsearch/workbook/delete	1705576176426	1705576176448	OK	 
USER	ServiceTest	END	1705576176472
REQUEST		PATCH /elasticsearch/update	1705576175350	1705576175384	OK	 
REQUEST		POST /elasticsearch/sheet/insertDoc	1705576175411	1705576176500	OK	 
REQUEST		PATCH /elasticsearch/workbook/delete	1705576176535	1705576176556	OK	 
USER	ServiceTest	END	1705576176580
REQUEST		PATCH /elasticsearch/update	1705576175456	1705576175492	OK	 
REQUEST		POST /elasticsearch/sheet/insertDoc	1705576175519	1705576176593	OK	 
REQUEST		PATCH /elasticsearch/workbook/delete	1705576176627	1705576176648	OK	 
USER	ServiceTest	END	1705576176673
