RUN	Runner.TDG_UKAF_demo	tdg-ukaf-demo	1705671625239	 	3.7.4
USER	ServiceTest	START	1705671625762
USER	ServiceTest	START	1705671625388
USER	ServiceTest	START	1705671625964
USER	ServiceTest	START	1705671625461
USER	ServiceTest	START	1705671625562
USER	ServiceTest	START	1705671625668
USER	ServiceTest	START	1705671626490
USER	ServiceTest	START	1705671625862
USER	ServiceTest	START	1705671626492
USER	ServiceTest	START	1705671626491
USER	ServiceTest	START	1705671626063
USER	ServiceTest	START	1705671626490
USER	ServiceTest	START	1705671626566
USER	ServiceTest	START	1705671626657
USER	ServiceTest	START	1705671626757
USER	ServiceTest	START	1705671626859
USER	ServiceTest	START	1705671626952
USER	ServiceTest	START	1705671627061
USER	ServiceTest	START	1705671627154
USER	ServiceTest	START	1705671627318
USER	ServiceTest	START	1705671627364
USER	ServiceTest	START	1705671627450
USER	ServiceTest	START	1705671627543
USER	ServiceTest	START	1705671627651
USER	ServiceTest	START	1705671627743
USER	ServiceTest	START	1705671627861
USER	ServiceTest	START	1705671627947
USER	ServiceTest	START	1705671628039
USER	ServiceTest	START	1705671628187
USER	ServiceTest	START	1705671628272
USER	ServiceTest	START	1705671628366
USER	ServiceTest	START	1705671628439
USER	ServiceTest	START	1705671628538
USER	ServiceTest	START	1705671628639
USER	ServiceTest	START	1705671628742
USER	ServiceTest	START	1705671628839
USER	ServiceTest	START	1705671628939
USER	ServiceTest	START	1705671629104
USER	ServiceTest	START	1705671629160
USER	ServiceTest	START	1705671629299
USER	ServiceTest	START	1705671629367
USER	ServiceTest	START	1705671629446
USER	ServiceTest	START	1705671629558
USER	ServiceTest	START	1705671629654
USER	ServiceTest	START	1705671629742
USER	ServiceTest	START	1705671629853
USER	ServiceTest	START	1705671629944
USER	ServiceTest	START	1705671630053
USER	ServiceTest	START	1705671630140
USER	ServiceTest	START	1705671630240
USER	ServiceTest	START	1705671630340
USER	ServiceTest	START	1705671630439
USER	ServiceTest	START	1705671630544
USER	ServiceTest	START	1705671630653
USER	ServiceTest	START	1705671630747
USER	ServiceTest	START	1705671630840
USER	ServiceTest	START	1705671630948
USER	ServiceTest	START	1705671631040
REQUEST		POST /auth/getToken	1705671628928	1705671629163	OK	 
REQUEST		POST /auth/getToken	1705671628928	1705671629165	OK	 
USER	ServiceTest	START	1705671631154
REQUEST		POST /auth/getToken	1705671628928	1705671629164	OK	 
USER	ServiceTest	START	1705671631254
REQUEST		POST /auth/getToken	1705671628928	1705671629164	OK	 
REQUEST		POST /auth/getToken	1705671628928	1705671629163	OK	 
USER	ServiceTest	START	1705671631349
USER	ServiceTest	START	1705671631439
USER	ServiceTest	START	1705671631540
USER	ServiceTest	START	1705671631639
REQUEST		POST /elasticsearch/workbook	1705671629230	1705671631118	OK	 
USER	ServiceTest	START	1705671631738
USER	ServiceTest	START	1705671631841
REQUEST		POST /elasticsearch/workbook	1705671629253	1705671631303	OK	 
USER	ServiceTest	START	1705671631939
REQUEST		POST /auth/getToken	1705671628928	1705671629224	OK	 
REQUEST		POST /auth/getToken	1705671628928	1705671629163	OK	 
REQUEST		POST /auth/getToken	1705671628928	1705671629163	OK	 
REQUEST		POST /auth/getToken	1705671628928	1705671629223	OK	 
USER	ServiceTest	START	1705671632055
REQUEST		POST /auth/getToken	1705671628928	1705671629216	OK	 
USER	ServiceTest	START	1705671632139
REQUEST		POST /auth/getToken	1705671628928	1705671629204	OK	 
REQUEST		POST /elasticsearch/insertDoc	1705671631622	1705671631872	OK	 
REQUEST		POST /elasticsearch/workbook	1705671629256	1705671631098	OK	 
REQUEST		POST /auth/getToken	1705671629985	1705671630054	OK	 
REQUEST		POST /auth/getToken	1705671628928	1705671629164	OK	 
USER	ServiceTest	START	1705671632240
REQUEST		POST /elasticsearch/insertDoc	1705671631428	1705671631691	OK	 
REQUEST		POST /auth/getToken	1705671628928	1705671629219	OK	 
REQUEST		POST /auth/getToken	1705671628928	1705671629164	OK	 
REQUEST		POST /auth/getToken	1705671629766	1705671629841	OK	 
REQUEST		POST /elasticsearch/workbook	1705671629355	1705671632015	OK	 
USER	ServiceTest	START	1705671632340
REQUEST		POST /auth/getToken	1705671628928	1705671629164	OK	 
REQUEST		POST /auth/getToken	1705671630161	1705671630241	OK	 
REQUEST		POST /auth/getToken	1705671630277	1705671630363	OK	 
USER	ServiceTest	START	1705671632446
REQUEST		POST /elasticsearch/workbook	1705671629522	1705671632171	OK	 
USER	ServiceTest	START	1705671632549
REQUEST		POST /elasticsearch/workbook	1705671629484	1705671632088	OK	 
REQUEST		POST /auth/getToken	1705671629596	1705671629694	OK	 
REQUEST		POST /auth/getToken	1705671628928	1705671629213	OK	 
REQUEST		POST /auth/getToken	1705671628928	1705671629215	OK	 
REQUEST		POST /auth/getToken	1705671628928	1705671629211	OK	 
USER	ServiceTest	START	1705671632651
REQUEST		POST /elasticsearch/workbook	1705671629285	1705671631330	OK	 
REQUEST		POST /auth/getToken	1705671628928	1705671629164	OK	 
REQUEST		POST /auth/getToken	1705671630966	1705671631270	OK	 
REQUEST		POST /auth/getToken	1705671628928	1705671629221	OK	 
USER	ServiceTest	START	1705671632741
REQUEST		POST /elasticsearch/workbook	1705671629233	1705671631168	OK	 
REQUEST		POST /auth/getToken	1705671628928	1705671629219	OK	 
REQUEST		POST /auth/getToken	1705671630473	1705671630575	OK	 
REQUEST		POST /auth/getToken	1705671629887	1705671629946	OK	 
USER	ServiceTest	START	1705671632846
REQUEST		POST /auth/getToken	1705671628928	1705671629227	OK	 
REQUEST		POST /auth/getToken	1705671629682	1705671629784	OK	 
REQUEST		POST /auth/getToken	1705671628928	1705671629206	OK	 
REQUEST		POST /auth/getToken	1705671629611	1705671629676	OK	 
REQUEST		POST /auth/getToken	1705671628928	1705671629221	OK	 
REQUEST		POST /auth/getToken	1705671629592	1705671629685	OK	 
USER	ServiceTest	START	1705671632961
REQUEST		POST /elasticsearch/workbook	1705671629315	1705671632032	OK	 
REQUEST		POST /auth/getToken	1705671629577	1705671629697	OK	 
REQUEST		POST /auth/getToken	1705671628928	1705671629218	OK	 
USER	ServiceTest	START	1705671633045
REQUEST		POST /auth/getToken	1705671628928	1705671629217	OK	 
REQUEST		POST /auth/getToken	1705671630572	1705671630690	OK	 
REQUEST		POST /auth/getToken	1705671629615	1705671629689	OK	 
USER	ServiceTest	START	1705671633154
REQUEST		POST /elasticsearch/workbook	1705671629236	1705671632017	OK	 
REQUEST		POST /auth/getToken	1705671628928	1705671629221	OK	 
REQUEST		POST /auth/getToken	1705671628982	1705671629164	OK	 
REQUEST		POST /auth/getToken	1705671630875	1705671631346	OK	 
USER	ServiceTest	START	1705671633263
REQUEST		POST /auth/getToken	1705671628928	1705671629208	OK	 
REQUEST		POST /auth/getToken	1705671630669	1705671630746	OK	 
REQUEST		POST /elasticsearch/workbook	1705671629456	1705671633016	OK	 
REQUEST		POST /auth/getToken	1705671628928	1705671629213	OK	 
USER	ServiceTest	START	1705671633345
REQUEST		PATCH /elasticsearch/update	1705671632000	1705671632187	OK	 
REQUEST		POST /auth/getToken	1705671628928	1705671629211	OK	 
REQUEST		POST /elasticsearch/workbook	1705671629740	1705671632986	OK	 
REQUEST		POST /auth/getToken	1705671630373	1705671630500	OK	 
USER	ServiceTest	START	1705671633446
REQUEST		POST /elasticsearch/workbook	1705671629512	1705671633293	OK	 
REQUEST		POST /elasticsearch/insertDoc	1705671632865	1705671632968	OK	 
REQUEST		POST /auth/getToken	1705671628928	1705671629220	OK	 
REQUEST		POST /auth/getToken	1705671630772	1705671630859	OK	 
USER	ServiceTest	START	1705671633539
REQUEST		POST /auth/getToken	1705671628928	1705671629167	OK	 
REQUEST		POST /auth/getToken	1705671628928	1705671629163	OK	 
REQUEST		POST /auth/getToken	1705671628928	1705671629166	OK	 
REQUEST		POST /auth/getToken	1705671630093	1705671630165	OK	 
REQUEST		POST /auth/getToken	1705671629150	1705671629291	OK	 
REQUEST		POST /elasticsearch/workbook	1705671629718	1705671632956	OK	 
USER	ServiceTest	START	1705671633648
REQUEST		POST /elasticsearch/workbook	1705671629416	1705671632950	OK	 
REQUEST		POST /elasticsearch/workbook	1705671629295	1705671632893	OK	 
REQUEST		POST /elasticsearch/workbook	1705671629704	1705671632937	OK	 
REQUEST		POST /elasticsearch/workbook	1705671629809	1705671632894	OK	 
REQUEST		POST /elasticsearch/workbook	1705671629392	1705671632933	OK	 
REQUEST		POST /elasticsearch/workbook	1705671629979	1705671632833	OK	 
REQUEST		POST /elasticsearch/workbook	1705671630608	1705671632797	OK	 
REQUEST		POST /elasticsearch/workbook	1705671629442	1705671632760	OK	 
USER	ServiceTest	START	1705671633754
REQUEST		POST /elasticsearch/insertDoc	1705671633570	1705671633648	OK	 
REQUEST		POST /elasticsearch/workbook	1705671629402	1705671632738	OK	 
REQUEST		POST /elasticsearch/workbook	1705671629319	1705671632693	OK	 
REQUEST		POST /elasticsearch/workbook	1705671631640	1705671632714	OK	 
REQUEST		POST /elasticsearch/workbook	1705671629498	1705671632651	OK	 
REQUEST		POST /elasticsearch/insertDoc	1705671631531	1705671632674	OK	 
USER	ServiceTest	START	1705671633854
REQUEST		POST /elasticsearch/workbook	1705671629370	1705671632599	OK	 
REQUEST		POST /elasticsearch/workbook	1705671629492	1705671632609	OK	 
REQUEST		POST /elasticsearch/workbook	1705671629736	1705671632578	OK	 
REQUEST		POST /elasticsearch/workbook	1705671630400	1705671632445	OK	 
REQUEST		POST /elasticsearch/workbook	1705671629375	1705671632036	OK	 
REQUEST		POST /elasticsearch/workbook	1705671630272	1705671632436	OK	 
REQUEST		POST /elasticsearch/insertDoc	1705671633626	1705671633738	OK	 
REQUEST		POST /elasticsearch/workbook	1705671629227	1705671632360	OK	 
REQUEST		POST /elasticsearch/insertDoc	1705671632476	1705671632587	OK	 
REQUEST		POST /elasticsearch/insertDoc	1705671633713	1705671633806	OK	 
REQUEST		POST /elasticsearch/insertDoc	1705671633706	1705671633815	OK	 
USER	ServiceTest	START	1705671633950
REQUEST		POST /elasticsearch/workbook	1705671629874	1705671632313	OK	 
REQUEST		POST /elasticsearch/workbook	1705671629439	1705671632279	OK	 
REQUEST		POST /elasticsearch/insertDoc	1705671633716	1705671633817	OK	 
REQUEST		POST /elasticsearch/workbook	1705671629530	1705671632279	OK	 
REQUEST		POST /elasticsearch/workbook	1705671629232	1705671632230	OK	 
REQUEST		POST /elasticsearch/insertDoc	1705671633747	1705671633860	OK	 
REQUEST		POST /elasticsearch/insertDoc	1705671633762	1705671633860	OK	 
USER	ServiceTest	START	1705671634057
REQUEST		POST /auth/getToken	1705671628928	1705671629163	OK	 
REQUEST		POST /elasticsearch/workbook	1705671630219	1705671633584	OK	 
REQUEST		POST /elasticsearch/workbook	1705671629237	1705671633555	OK	 
USER	ServiceTest	START	1705671634157
REQUEST		POST /elasticsearch/workbook	1705671630088	1705671632207	OK	 
REQUEST		POST /auth/getToken	1705671628928	1705671629223	OK	 
REQUEST		POST /elasticsearch/workbook	1705671629309	1705671633544	OK	 
REQUEST		POST /elasticsearch/insertDoc	1705671632355	1705671632502	OK	 
REQUEST		POST /elasticsearch/workbook	1705671629313	1705671633578	OK	 
REQUEST		POST /elasticsearch/insertDoc	1705671633884	1705671633980	OK	 
REQUEST		POST /elasticsearch/insertDoc	1705671631772	1705671632753	OK	 
REQUEST		POST /elasticsearch/insertDoc	1705671632636	1705671633890	OK	 
REQUEST		POST /elasticsearch/insertDoc	1705671633765	1705671633875	OK	 
REQUEST		POST /elasticsearch/insertDoc	1705671632201	1705671632333	OK	 
REQUEST		POST /elasticsearch/insertDoc	1705671633635	1705671633723	OK	 
REQUEST		POST /elasticsearch/insertDoc	1705671633795	1705671633881	OK	 
REQUEST		POST /elasticsearch/workbook	1705671629583	1705671633618	OK	 
REQUEST		POST /elasticsearch/insertDoc	1705671633626	1705671633724	OK	 
REQUEST		POST /elasticsearch/insertDoc	1705671633737	1705671633829	OK	 
REQUEST		POST /elasticsearch/insertDoc	1705671633651	1705671633753	OK	 
REQUEST		POST /elasticsearch/insertDoc	1705671633654	1705671633753	OK	 
REQUEST		POST /elasticsearch/insertDoc	1705671633639	1705671633723	OK	 
REQUEST		POST /elasticsearch/insertDoc	1705671631971	1705671632194	OK	 
REQUEST		POST /elasticsearch/insertDoc	1705671633843	1705671633967	OK	 
REQUEST		POST /elasticsearch/insertDoc	1705671633796	1705671633904	OK	 
REQUEST		POST /elasticsearch/insertDoc	1705671633822	1705671633909	OK	 
USER	ServiceTest	START	1705671634330
REQUEST		POST /elasticsearch/workbook	1705671629446	1705671633513	OK	 
REQUEST		POST /elasticsearch/workbook	1705671629251	1705671634036	OK	 
USER	ServiceTest	START	1705671634447
REQUEST		POST /elasticsearch/workbook	1705671630892	1705671633513	OK	 
REQUEST		POST /elasticsearch/workbook	1705671629507	1705671633388	OK	 
REQUEST		POST /elasticsearch/workbook	1705671630534	1705671633416	OK	 
REQUEST		POST /elasticsearch/workbook	1705671629497	1705671633308	OK	 
REQUEST		POST /elasticsearch/workbook	1705671630781	1705671633297	OK	 
USER	ServiceTest	START	1705671634501
REQUEST		POST /elasticsearch/workbook	1705671629308	1705671633247	OK	 
REQUEST		POST /elasticsearch/workbook	1705671629431	1705671633238	OK	 
REQUEST		POST /elasticsearch/workbook	1705671629718	1705671633139	OK	 
REQUEST		POST /elasticsearch/workbook	1705671630717	1705671633130	OK	 
REQUEST		POST /elasticsearch/workbook	1705671631428	1705671633263	OK	 
REQUEST		POST /elasticsearch/workbook	1705671629478	1705671633090	OK	 
REQUEST		POST /elasticsearch/workbook	1705671629362	1705671634199	OK	 
REQUEST		POST /elasticsearch/insertDoc	1705671634288	1705671634464	OK	 
REQUEST		POST /elasticsearch/insertDoc	1705671634002	1705671634221	OK	 
REQUEST		POST /elasticsearch/insertDoc	1705671634055	1705671634153	OK	 
USER	ServiceTest	START	1705671634646
USER	ServiceTest	START	1705671634674
REQUEST		POST /elasticsearch/insertDoc	1705671634081	1705671634211	OK	 
REQUEST		POST /elasticsearch/insertDoc	1705671633977	1705671634097	OK	 
REQUEST		POST /elasticsearch/insertDoc	1705671633924	1705671634198	OK	 
REQUEST		POST /elasticsearch/insertDoc	1705671633902	1705671633998	OK	 
REQUEST		POST /elasticsearch/insertDoc	1705671634273	1705671634433	OK	 
REQUEST		POST /elasticsearch/insertDoc	1705671633854	1705671633967	OK	 
REQUEST		POST /elasticsearch/insertDoc	1705671633428	1705671633499	OK	 
REQUEST		POST /elasticsearch/insertDoc	1705671634395	1705671634542	OK	 
REQUEST		POST /elasticsearch/insertDoc	1705671634443	1705671634584	OK	 
REQUEST		POST /elasticsearch/insertDoc	1705671633072	1705671633179	OK	 
REQUEST		POST /elasticsearch/insertDoc	1705671633312	1705671633417	OK	 
REQUEST		POST /elasticsearch/insertDoc	1705671634385	1705671634541	OK	 
REQUEST		POST /elasticsearch/insertDoc	1705671634380	1705671634543	OK	 
REQUEST		POST /elasticsearch/insertDoc	1705671634406	1705671634550	OK	 
REQUEST		POST /elasticsearch/insertDoc	1705671633177	1705671633303	OK	 
REQUEST		POST /elasticsearch/insertDoc	1705671634399	1705671634543	OK	 
REQUEST		POST /elasticsearch/insertDoc	1705671634322	1705671634427	OK	 
REQUEST		POST /elasticsearch/insertDoc	1705671634372	1705671634492	OK	 
REQUEST		POST /elasticsearch/insertDoc	1705671634338	1705671634468	OK	 
REQUEST		POST /elasticsearch/insertDoc	1705671634369	1705671634491	OK	 
REQUEST		POST /elasticsearch/insertDoc	1705671633963	1705671634243	OK	 
REQUEST		POST /elasticsearch/insertDoc	1705671634383	1705671634539	OK	 
USER	ServiceTest	START	1705671634793
USER	ServiceTest	START	1705671634884
REQUEST		PATCH /elasticsearch/update	1705671633684	1705671633789	OK	 
REQUEST		POST /auth/getToken	1705671631063	1705671632634	OK	 
USER	ServiceTest	START	1705671634969
REQUEST		POST /elasticsearch/workbook	1705671634117	1705671634938	OK	 
USER	ServiceTest	START	1705671635063
REQUEST		PATCH /elasticsearch/update	1705671633846	1705671633937	OK	 
REQUEST		PATCH /elasticsearch/update	1705671633915	1705671634011	OK	 
REQUEST		PATCH /elasticsearch/update	1705671633773	1705671633906	OK	 
USER	ServiceTest	START	1705671635260
REQUEST		PATCH /elasticsearch/update	1705671633798	1705671633905	OK	 
REQUEST		POST /auth/getToken	1705671633933	1705671634280	OK	 
REQUEST		POST /elasticsearch/insertDoc	1705671634955	1705671635055	OK	 
REQUEST		PATCH /elasticsearch/update	1705671633832	1705671633935	OK	 
REQUEST		PATCH /elasticsearch/update	1705671633750	1705671633831	OK	 
REQUEST		POST /elasticsearch/insertDoc	1705671633645	1705671633739	OK	 
REQUEST		POST /elasticsearch/insertDoc	1705671633624	1705671633695	OK	 
REQUEST		POST /auth/getToken	1705671633942	1705671634070	OK	 
REQUEST		PATCH /elasticsearch/update	1705671632071	1705671632250	OK	 
REQUEST		PATCH /elasticsearch/update	1705671633918	1705671634013	OK	 
REQUEST		POST /elasticsearch/insertDoc	1705671634358	1705671634467	OK	 
REQUEST		POST /elasticsearch/workbook	1705671634320	1705671635270	OK	 
USER	ServiceTest	START	1705671635335
REQUEST		PATCH /elasticsearch/update	1705671634008	1705671634266	OK	 
REQUEST		PATCH /elasticsearch/update	1705671634170	1705671634267	OK	 
REQUEST		PATCH /elasticsearch/update	1705671634173	1705671634268	OK	 
REQUEST		POST /elasticsearch/workbook	1705671634248	1705671635345	OK	 
REQUEST		POST /elasticsearch/insertDoc	1705671635290	1705671635403	OK	 
REQUEST		POST /auth/getToken	1705671634516	1705671634694	OK	 
REQUEST		POST /auth/getToken	1705671634532	1705671634707	OK	 
REQUEST		PATCH /elasticsearch/update	1705671634120	1705671634221	OK	 
REQUEST		PATCH /elasticsearch/update	1705671633925	1705671634233	OK	 
REQUEST		POST /auth/getToken	1705671634524	1705671634706	OK	 
REQUEST		POST /auth/getToken	1705671634668	1705671634798	OK	 
REQUEST		POST /auth/getToken	1705671634688	1705671634797	OK	 
REQUEST		PATCH /elasticsearch/update	1705671633450	1705671633532	OK	 
REQUEST		PATCH /elasticsearch/update	1705671633865	1705671633980	OK	 
REQUEST		PATCH /elasticsearch/update	1705671634141	1705671634252	OK	 
REQUEST		PATCH /elasticsearch/update	1705671633931	1705671634229	OK	 
REQUEST		PATCH /elasticsearch/update	1705671634111	1705671634224	OK	 
REQUEST		PATCH /elasticsearch/update	1705671634139	1705671634254	OK	 
REQUEST		PATCH /elasticsearch/update	1705671634159	1705671634251	OK	 
REQUEST		PATCH /elasticsearch/update	1705671634145	1705671634252	OK	 
REQUEST		POST /elasticsearch/insertDoc	1705671635363	1705671635527	OK	 
REQUEST		PATCH /elasticsearch/update	1705671634136	1705671634251	OK	 
REQUEST		PATCH /elasticsearch/update	1705671633928	1705671634229	OK	 
REQUEST		PATCH /elasticsearch/update	1705671634109	1705671634222	OK	 
REQUEST		PATCH /elasticsearch/update	1705671634499	1705671634633	OK	 
REQUEST		POST /elasticsearch/sheet/insertDoc	1705671632216	1705671633381	OK	 
REQUEST		PATCH /elasticsearch/update	1705671634496	1705671634625	OK	 
REQUEST		PATCH /elasticsearch/update	1705671634121	1705671634236	OK	 
REQUEST		PATCH /elasticsearch/update	1705671634133	1705671634255	OK	 
REQUEST		PATCH /elasticsearch/update	1705671634134	1705671634239	OK	 
REQUEST		PATCH /elasticsearch/update	1705671634498	1705671634632	OK	 
REQUEST		PATCH /elasticsearch/update	1705671634498	1705671634711	OK	 
REQUEST		PATCH /elasticsearch/update	1705671634506	1705671634721	OK	 
REQUEST		POST /elasticsearch/workbook	1705671634827	1705671635739	OK	 
REQUEST		PATCH /elasticsearch/update	1705671634537	1705671634755	OK	 
REQUEST		PATCH /elasticsearch/update	1705671634518	1705671634724	OK	 
REQUEST		PATCH /elasticsearch/update	1705671634599	1705671634755	OK	 
REQUEST		PATCH /elasticsearch/update	1705671634610	1705671634754	OK	 
REQUEST		PATCH /elasticsearch/update	1705671634591	1705671634756	OK	 
REQUEST		PATCH /elasticsearch/update	1705671634592	1705671634755	OK	 
REQUEST		PATCH /elasticsearch/update	1705671634642	1705671634768	OK	 
REQUEST		PATCH /elasticsearch/update	1705671634516	1705671634720	OK	 
REQUEST		PATCH /elasticsearch/update	1705671634506	1705671634723	OK	 
REQUEST		PATCH /elasticsearch/update	1705671634533	1705671634736	OK	 
REQUEST		PATCH /elasticsearch/update	1705671634566	1705671634753	OK	 
REQUEST		PATCH /elasticsearch/update	1705671634518	1705671634737	OK	 
REQUEST		POST /elasticsearch/workbook	1705671634764	1705671635713	OK	 
REQUEST		POST /elasticsearch/workbook	1705671634823	1705671635739	OK	 
REQUEST		PATCH /elasticsearch/update	1705671634647	1705671634769	OK	 
REQUEST		PATCH /elasticsearch/update	1705671634668	1705671634769	OK	 
REQUEST		PATCH /elasticsearch/update	1705671634566	1705671634755	OK	 
REQUEST		PATCH /elasticsearch/update	1705671634569	1705671634767	OK	 
REQUEST		PATCH /elasticsearch/update	1705671634569	1705671634756	OK	 
REQUEST		PATCH /elasticsearch/update	1705671634672	1705671634787	OK	 
REQUEST		POST /elasticsearch/workbook	1705671634806	1705671635696	OK	 
REQUEST		POST /elasticsearch/workbook	1705671634723	1705671635675	OK	 
REQUEST		POST /elasticsearch/sheet/insertDoc	1705671633816	1705671634937	OK	 
REQUEST		POST /elasticsearch/insertDoc	1705671635768	1705671635918	OK	 
REQUEST		POST /elasticsearch/insertDoc	1705671635712	1705671636152	OK	 
REQUEST		POST /elasticsearch/insertDoc	1705671635761	1705671636054	OK	 
REQUEST		POST /elasticsearch/sheet/insertDoc	1705671634004	1705671635233	OK	 
REQUEST		POST /elasticsearch/sheet/insertDoc	1705671634129	1705671635266	OK	 
REQUEST		PATCH /elasticsearch/update	1705671634614	1705671634767	OK	 
REQUEST		POST /elasticsearch/sheet/insertDoc	1705671634126	1705671635246	OK	 
REQUEST		POST /elasticsearch/sheet/insertDoc	1705671633987	1705671635283	OK	 
REQUEST		POST /elasticsearch/sheet/insertDoc	1705671634068	1705671635237	OK	 
REQUEST		POST /auth/getToken	1705671634734	1705671634980	OK	 
REQUEST		PATCH /elasticsearch/update	1705671634641	1705671634768	OK	 
REQUEST		PATCH /elasticsearch/update	1705671635086	1705671635282	OK	 
REQUEST		POST /auth/getToken	1705671634838	1705671634964	OK	 
REQUEST		POST /elasticsearch/insertDoc	1705671635762	1705671636059	OK	 
REQUEST		POST /elasticsearch/sheet/insertDoc	1705671634129	1705671635363	OK	 
REQUEST		PATCH /elasticsearch/update	1705671635187	1705671635395	OK	 
REQUEST		POST /elasticsearch/sheet/insertDoc	1705671634066	1705671635363	OK	 
REQUEST		PATCH /elasticsearch/update	1705671635183	1705671635342	OK	 
REQUEST		PATCH /elasticsearch/update	1705671635142	1705671635321	OK	 
REQUEST		POST /elasticsearch/sheet/insertDoc	1705671634190	1705671635310	OK	 
REQUEST		POST /elasticsearch/sheet/insertDoc	1705671634329	1705671635463	OK	 
REQUEST		POST /elasticsearch/sheet/insertDoc	1705671634326	1705671635465	OK	 
REQUEST		POST /auth/getToken	1705671635110	1705671635224	OK	 
REQUEST		PATCH /elasticsearch/update	1705671635428	1705671635546	OK	 
REQUEST		POST /auth/getToken	1705671635138	1705671635287	OK	 
REQUEST		POST /auth/getToken	1705671635459	1705671635546	OK	 
REQUEST		POST /elasticsearch/workbook	1705671635264	1705671636749	OK	 
REQUEST		POST /elasticsearch/sheet/insertDoc	1705671634324	1705671635421	OK	 
REQUEST		POST /auth/getToken	1705671635124	1705671635240	OK	 
REQUEST		POST /elasticsearch/sheet/insertDoc	1705671634497	1705671635708	OK	 
REQUEST		POST /elasticsearch/workbook	1705671635011	1705671636543	OK	 
REQUEST		POST /elasticsearch/workbook	1705671635315	1705671636822	OK	 
REQUEST		POST /elasticsearch/sheet/insertDoc	1705671635308	1705671636505	OK	 
REQUEST		POST /elasticsearch/sheet/insertDoc	1705671635303	1705671636451	OK	 
REQUEST		POST /elasticsearch/sheet/insertDoc	1705671635316	1705671636506	OK	 
REQUEST		POST /elasticsearch/sheet/insertDoc	1705671634999	1705671636222	OK	 
REQUEST		POST /elasticsearch/sheet/insertDoc	1705671635384	1705671636628	OK	 
REQUEST		POST /elasticsearch/sheet/insertDoc	1705671635412	1705671636619	OK	 
REQUEST		POST /elasticsearch/sheet/insertDoc	1705671635502	1705671636646	OK	 
REQUEST		POST /elasticsearch/sheet/insertDoc	1705671635507	1705671636646	OK	 
REQUEST		POST /elasticsearch/sheet/insertDoc	1705671635312	1705671636501	OK	 
REQUEST		POST /elasticsearch/sheet/insertDoc	1705671635399	1705671636623	OK	 
REQUEST		POST /elasticsearch/sheet/insertDoc	1705671634519	1705671635771	OK	 
REQUEST		POST /elasticsearch/sheet/insertDoc	1705671635307	1705671636520	OK	 
REQUEST		POST /elasticsearch/sheet/insertDoc	1705671635456	1705671636880	OK	 
REQUEST		POST /elasticsearch/workbook	1705671635571	1705671636848	OK	 
REQUEST		POST /auth/getToken	1705671635095	1705671635222	OK	 
REQUEST		POST /elasticsearch/sheet/insertDoc	1705671634514	1705671635714	OK	 
REQUEST		POST /elasticsearch/workbook	1705671635268	1705671636889	OK	 
REQUEST		POST /elasticsearch/insertDoc	1705671636763	1705671636880	OK	 
REQUEST		POST /elasticsearch/sheet/insertDoc	1705671634536	1705671635763	OK	 
REQUEST		POST /elasticsearch/sheet/insertDoc	1705671634517	1705671635750	OK	 
REQUEST		POST /elasticsearch/sheet/insertDoc	1705671634535	1705671635760	OK	 
REQUEST		POST /elasticsearch/sheet/insertDoc	1705671634537	1705671635768	OK	 
REQUEST		POST /elasticsearch/sheet/insertDoc	1705671634642	1705671635766	OK	 
REQUEST		POST /elasticsearch/sheet/insertDoc	1705671634538	1705671635764	OK	 
REQUEST		POST /elasticsearch/sheet/insertDoc	1705671634533	1705671635753	OK	 
REQUEST		POST /elasticsearch/sheet/insertDoc	1705671634532	1705671635755	OK	 
REQUEST		POST /elasticsearch/sheet/insertDoc	1705671634658	1705671635768	OK	 
REQUEST		POST /elasticsearch/sheet/insertDoc	1705671634536	1705671635765	OK	 
REQUEST		POST /elasticsearch/sheet/insertDoc	1705671634538	1705671635775	OK	 
REQUEST		PATCH /elasticsearch/update	1705671635559	1705671635765	OK	 
REQUEST		POST /elasticsearch/sheet/insertDoc	1705671634530	1705671635773	OK	 
REQUEST		POST /elasticsearch/sheet/insertDoc	1705671634568	1705671635766	OK	 
REQUEST		POST /elasticsearch/sheet/insertDoc	1705671634535	1705671635756	OK	 
REQUEST		POST /elasticsearch/sheet/insertDoc	1705671635780	1705671636913	OK	 
REQUEST		POST /auth/getToken	1705671634826	1705671634965	OK	 
REQUEST		POST /elasticsearch/sheet/insertDoc	1705671634688	1705671635842	OK	 
REQUEST		POST /auth/getToken	1705671634881	1705671635057	OK	 
REQUEST		POST /elasticsearch/sheet/insertDoc	1705671634651	1705671635772	OK	 
REQUEST		POST /elasticsearch/sheet/insertDoc	1705671634522	1705671635777	OK	 
REQUEST		POST /auth/getToken	1705671634915	1705671635025	OK	 
REQUEST		POST /auth/getToken	1705671635194	1705671635344	OK	 
REQUEST		POST /elasticsearch/insertDoc	1705671636564	1705671636951	OK	 
REQUEST		POST /auth/getToken	1705671635216	1705671635353	OK	 
REQUEST		POST /elasticsearch/sheet/delete	1705671636454	1705671637007	OK	 
REQUEST		POST /auth/getToken	1705671635259	1705671635389	OK	 
REQUEST		POST /elasticsearch/sheet/delete	1705671636509	1705671637007	OK	 
REQUEST		POST /elasticsearch/sheet/delete	1705671636627	1705671637013	OK	 
REQUEST		POST /elasticsearch/sheet/delete	1705671636226	1705671637007	OK	 
REQUEST		POST /elasticsearch/sheet/delete	1705671636634	1705671637014	OK	 
REQUEST		POST /elasticsearch/sheet/delete	1705671636622	1705671637014	OK	 
REQUEST		POST /elasticsearch/sheet/delete	1705671635808	1705671637020	OK	 
REQUEST		POST /elasticsearch/sheet/delete	1705671636649	1705671637014	OK	 
REQUEST		POST /auth/getToken	1705671634990	1705671635107	OK	 
REQUEST		POST /elasticsearch/sheet/delete	1705671636504	1705671637013	OK	 
REQUEST		POST /elasticsearch/sheet/delete	1705671636649	1705671637013	OK	 
REQUEST		POST /elasticsearch/sheet/delete	1705671636524	1705671637020	OK	 
REQUEST		POST /elasticsearch/insertDoc	1705671636843	1705671636977	OK	 
REQUEST		POST /elasticsearch/sheet/delete	1705671636510	1705671637003	OK	 
REQUEST		POST /elasticsearch/sheet/insertDoc	1705671635776	1705671637039	OK	 
REQUEST		PATCH /elasticsearch/workbook/delete	1705671637010	1705671637152	OK	 
REQUEST		POST /elasticsearch/sheet/insertDoc	1705671635789	1705671637049	OK	 
REQUEST		POST /elasticsearch/sheet/delete	1705671636883	1705671637031	OK	 
REQUEST		POST /auth/getToken	1705671634887	1705671635013	OK	 
REQUEST		POST /elasticsearch/sheet/insertDoc	1705671635778	1705671637054	OK	 
REQUEST		POST /elasticsearch/sheet/insertDoc	1705671635799	1705671637055	OK	 
REQUEST		PATCH /elasticsearch/workbook/delete	1705671637009	1705671637166	OK	 
REQUEST		PATCH /elasticsearch/workbook/delete	1705671637016	1705671637183	OK	 
REQUEST		POST /elasticsearch/insertDoc	1705671636873	1705671637037	OK	 
REQUEST		POST /elasticsearch/sheet/insertDoc	1705671634783	1705671635997	OK	 
REQUEST		PATCH /elasticsearch/workbook/delete	1705671637019	1705671637184	OK	 
REQUEST		PATCH /elasticsearch/workbook/delete	1705671637017	1705671637184	OK	 
REQUEST		PATCH /elasticsearch/workbook/delete	1705671637023	1705671637186	OK	 
REQUEST		PATCH /elasticsearch/workbook/delete	1705671637009	1705671637187	OK	 
USER	ServiceTest	END	1705671637250
USER	ServiceTest	END	1705671637250
USER	ServiceTest	END	1705671637250
USER	ServiceTest	END	1705671637251
USER	ServiceTest	END	1705671637251
USER	ServiceTest	END	1705671637251
REQUEST		PATCH /elasticsearch/workbook/delete	1705671637023	1705671637181	OK	 
USER	ServiceTest	END	1705671637251
USER	ServiceTest	END	1705671637254
REQUEST		POST /elasticsearch/sheet/insertDoc	1705671635875	1705671637088	OK	 
REQUEST		POST /elasticsearch/sheet/insertDoc	1705671635818	1705671637095	OK	 
REQUEST		POST /elasticsearch/sheet/insertDoc	1705671635799	1705671637092	OK	 
REQUEST		POST /elasticsearch/workbook	1705671635038	1705671637075	OK	 
REQUEST		POST /elasticsearch/sheet/insertDoc	1705671635799	1705671637062	OK	 
REQUEST		POST /elasticsearch/sheet/insertDoc	1705671635804	1705671637062	OK	 
REQUEST		POST /elasticsearch/sheet/insertDoc	1705671635789	1705671637061	OK	 
REQUEST		POST /elasticsearch/sheet/insertDoc	1705671634790	1705671636045	OK	 
REQUEST		POST /elasticsearch/insertDoc	1705671636899	1705671637043	OK	 
REQUEST		POST /elasticsearch/sheet/insertDoc	1705671634795	1705671636047	OK	 
REQUEST		POST /auth/getToken	1705671634806	1705671634935	OK	 
REQUEST		POST /elasticsearch/sheet/insertDoc	1705671634778	1705671635905	OK	 
REQUEST		POST /elasticsearch/workbook	1705671635085	1705671637087	OK	 
REQUEST		POST /elasticsearch/sheet/insertDoc	1705671634737	1705671635886	OK	 
REQUEST		POST /auth/getToken	1705671634929	1705671635040	OK	 
REQUEST		POST /auth/getToken	1705671635307	1705671635438	OK	 
REQUEST		POST /auth/getToken	1705671635051	1705671635165	OK	 
REQUEST		POST /auth/getToken	1705671635253	1705671635392	OK	 
REQUEST		POST /elasticsearch/sheet/insertDoc	1705671634848	1705671636121	OK	 
REQUEST		POST /elasticsearch/sheet/insertDoc	1705671634782	1705671636044	OK	 
REQUEST		POST /elasticsearch/sheet/insertDoc	1705671634821	1705671636048	OK	 
REQUEST		POST /elasticsearch/sheet/insertDoc	1705671634777	1705671636048	OK	 
REQUEST		POST /elasticsearch/sheet/insertDoc	1705671634776	1705671636044	OK	 
REQUEST		POST /elasticsearch/sheet/insertDoc	1705671634792	1705671636047	OK	 
REQUEST		POST /elasticsearch/sheet/insertDoc	1705671634853	1705671636132	OK	 
REQUEST		POST /elasticsearch/sheet/insertDoc	1705671634883	1705671636127	OK	 
REQUEST		POST /elasticsearch/workbook	1705671635041	1705671637193	OK	 
REQUEST		POST /elasticsearch/sheet/insertDoc	1705671634837	1705671636048	OK	 
REQUEST		POST /elasticsearch/sheet/insertDoc	1705671636029	1705671637243	OK	 
REQUEST		POST /auth/getToken	1705671635185	1705671635347	OK	 
REQUEST		POST /elasticsearch/workbook	1705671635055	1705671637100	OK	 
REQUEST		POST /elasticsearch/sheet/insertDoc	1705671635805	1705671637057	OK	 
REQUEST		POST /elasticsearch/sheet/delete	1705671636915	1705671637064	OK	 
REQUEST		PATCH /elasticsearch/workbook/delete	1705671637018	1705671637169	OK	 
REQUEST		PATCH /elasticsearch/workbook/delete	1705671637010	1705671637170	OK	 
USER	ServiceTest	END	1705671637415
USER	ServiceTest	END	1705671637415
REQUEST		POST /elasticsearch/sheet/insertDoc	1705671635804	1705671637060	OK	 
REQUEST		POST /elasticsearch/sheet/insertDoc	1705671635802	1705671637061	OK	 
REQUEST		POST /auth/getToken	1705671634929	1705671635042	OK	 
REQUEST		POST /elasticsearch/sheet/insertDoc	1705671635789	1705671637060	OK	 
REQUEST		POST /elasticsearch/sheet/insertDoc	1705671635802	1705671637060	OK	 
REQUEST		POST /elasticsearch/sheet/insertDoc	1705671636081	1705671637265	OK	 
REQUEST		POST /elasticsearch/sheet/delete	1705671637079	1705671637263	OK	 
REQUEST		POST /elasticsearch/sheet/delete	1705671637098	1705671637257	OK	 
REQUEST		POST /elasticsearch/insertDoc	1705671637097	1705671637258	OK	 
REQUEST		POST /elasticsearch/workbook	1705671635370	1705671637118	OK	 
REQUEST		POST /elasticsearch/workbook	1705671635207	1705671637314	OK	 
REQUEST		POST /elasticsearch/workbook	1705671635433	1705671637316	OK	 
REQUEST		PATCH /elasticsearch/update	1705671635952	1705671636226	OK	 
REQUEST		POST /elasticsearch/sheet/delete	1705671637077	1705671637258	OK	 
REQUEST		POST /elasticsearch/sheet/insertDoc	1705671635927	1705671637284	OK	 
REQUEST		POST /elasticsearch/sheet/insertDoc	1705671635937	1705671637278	OK	 
REQUEST		POST /elasticsearch/sheet/delete	1705671637095	1705671637257	OK	 
REQUEST		POST /elasticsearch/sheet/delete	1705671637091	1705671637256	OK	 
REQUEST		POST /elasticsearch/sheet/insertDoc	1705671636079	1705671637264	OK	 
REQUEST		POST /elasticsearch/workbook	1705671635261	1705671637037	OK	 
REQUEST		PATCH /elasticsearch/workbook/delete	1705671637033	1705671637195	OK	 
REQUEST		PATCH /elasticsearch/workbook/delete	1705671637019	1705671637180	OK	 
REQUEST		POST /elasticsearch/sheet/insertDoc	1705671635785	1705671637061	OK	 
USER	ServiceTest	END	1705671637486
USER	ServiceTest	END	1705671637486
REQUEST		PATCH /elasticsearch/workbook/delete	1705671637267	1705671637464	OK	 
REQUEST		PATCH /elasticsearch/workbook/delete	1705671637275	1705671637469	OK	 
USER	ServiceTest	END	1705671637488
REQUEST		PATCH /elasticsearch/workbook/delete	1705671637019	1705671637179	OK	 
USER	ServiceTest	END	1705671637492
USER	ServiceTest	END	1705671637493
REQUEST		POST /elasticsearch/sheet/insertDoc	1705671634792	1705671636046	OK	 
REQUEST		POST /elasticsearch/sheet/insertDoc	1705671634785	1705671636044	OK	 
REQUEST		POST /elasticsearch/sheet/insertDoc	1705671635804	1705671637063	OK	 
REQUEST		POST /elasticsearch/sheet/insertDoc	1705671635805	1705671637062	OK	 
REQUEST		PATCH /elasticsearch/workbook/delete	1705671637272	1705671637460	OK	 
REQUEST		POST /elasticsearch/sheet/insertDoc	1705671634788	1705671636045	OK	 
USER	ServiceTest	END	1705671637504
REQUEST		PATCH /elasticsearch/workbook/delete	1705671637261	1705671637474	OK	 
REQUEST		PATCH /elasticsearch/workbook/delete	1705671637259	1705671637474	OK	 
USER	ServiceTest	END	1705671637506
USER	ServiceTest	END	1705671637506
REQUEST		POST /elasticsearch/sheet/delete	1705671637081	1705671637263	OK	 
REQUEST		POST /auth/getToken	1705671634968	1705671635087	OK	 
REQUEST		PATCH /elasticsearch/workbook/delete	1705671637071	1705671637414	OK	 
USER	ServiceTest	END	1705671637524
REQUEST		PATCH /elasticsearch/workbook/delete	1705671637270	1705671637457	OK	 
REQUEST		POST /elasticsearch/sheet/delete	1705671637247	1705671637378	OK	 
REQUEST		POST /elasticsearch/sheet/insertDoc	1705671636169	1705671637362	OK	 
REQUEST		POST /elasticsearch/workbook	1705671635412	1705671637149	OK	 
REQUEST		POST /elasticsearch/sheet/insertDoc	1705671636184	1705671637362	OK	 
REQUEST		PATCH /elasticsearch/update	1705671636175	1705671636347	OK	 
REQUEST		PATCH /elasticsearch/update	1705671636177	1705671636347	OK	 
REQUEST		POST /elasticsearch/sheet/insertDoc	1705671636167	1705671637363	OK	 
REQUEST		POST /elasticsearch/sheet/insertDoc	1705671636162	1705671637362	OK	 
REQUEST		POST /elasticsearch/sheet/insertDoc	1705671636147	1705671637363	OK	 
REQUEST		POST /elasticsearch/sheet/insertDoc	1705671636183	1705671637362	OK	 
REQUEST		POST /elasticsearch/sheet/insertDoc	1705671634855	1705671636126	OK	 
REQUEST		POST /elasticsearch/sheet/insertDoc	1705671636170	1705671637358	OK	 
REQUEST		POST /elasticsearch/sheet/insertDoc	1705671634845	1705671636124	OK	 
REQUEST		PATCH /elasticsearch/workbook/delete	1705671637381	1705671637546	OK	 
REQUEST		POST /elasticsearch/sheet/delete	1705671637074	1705671637416	OK	 
REQUEST		POST /elasticsearch/insertDoc	1705671637240	1705671637369	OK	 
REQUEST		POST /elasticsearch/sheet/delete	1705671637074	1705671637417	OK	 
REQUEST		POST /auth/getToken	1705671635180	1705671635339	OK	 
REQUEST		POST /auth/getToken	1705671635064	1705671635191	OK	 
REQUEST		POST /elasticsearch/sheet/delete	1705671637042	1705671637189	OK	 
REQUEST		POST /elasticsearch/sheet/delete	1705671637074	1705671637426	OK	 
REQUEST		POST /elasticsearch/sheet/delete	1705671637057	1705671637196	OK	 
REQUEST		POST /elasticsearch/sheet/delete	1705671637072	1705671637412	OK	 
REQUEST		POST /elasticsearch/insertDoc	1705671637111	1705671637301	OK	 
REQUEST		POST /elasticsearch/sheet/delete	1705671637054	1705671637195	OK	 
REQUEST		POST /elasticsearch/workbook	1705671635482	1705671637308	OK	 
REQUEST		POST /elasticsearch/sheet/insertDoc	1705671634842	1705671636130	OK	 
REQUEST		PATCH /elasticsearch/workbook/delete	1705671637421	1705671637574	OK	 
USER	ServiceTest	END	1705671637580
REQUEST		POST /auth/getToken	1705671635216	1705671635355	OK	 
REQUEST		POST /elasticsearch/sheet/delete	1705671637059	1705671637197	OK	 
REQUEST		POST /elasticsearch/workbook	1705671635067	1705671637303	OK	 
REQUEST		POST /elasticsearch/workbook	1705671635384	1705671637378	OK	 
REQUEST		POST /elasticsearch/workbook	1705671635133	1705671637181	OK	 
REQUEST		POST /elasticsearch/workbook	1705671635453	1705671637153	OK	 
REQUEST		POST /elasticsearch/insertDoc	1705671635691	1705671636153	OK	 
REQUEST		PATCH /elasticsearch/workbook/delete	1705671637429	1705671637574	OK	 
USER	ServiceTest	END	1705671637621
REQUEST		PATCH /elasticsearch/workbook/delete	1705671637192	1705671637574	OK	 
REQUEST		POST /elasticsearch/sheet/delete	1705671637305	1705671637471	OK	 
REQUEST		POST /elasticsearch/sheet/delete	1705671637282	1705671637470	OK	 
REQUEST		PATCH /elasticsearch/workbook/delete	1705671637202	1705671637604	OK	 
USER	ServiceTest	END	1705671637626
USER	ServiceTest	END	1705671637626
REQUEST		PATCH /elasticsearch/workbook/delete	1705671637199	1705671637597	OK	 
USER	ServiceTest	END	1705671637633
REQUEST		POST /elasticsearch/sheet/insertDoc	1705671635324	1705671636505	OK	 
REQUEST		POST /elasticsearch/sheet/delete	1705671637074	1705671637486	OK	 
REQUEST		POST /elasticsearch/sheet/insertDoc	1705671636079	1705671637494	OK	 
REQUEST		POST /elasticsearch/insertDoc	1705671637354	1705671637468	OK	 
REQUEST		POST /elasticsearch/sheet/delete	1705671637272	1705671637475	OK	 
REQUEST		POST /elasticsearch/sheet/delete	1705671637072	1705671637424	OK	 
REQUEST		POST /elasticsearch/workbook	1705671635067	1705671637416	OK	 
USER	ServiceTest	END	1705671637641
REQUEST		PATCH /elasticsearch/workbook/delete	1705671637419	1705671637576	OK	 
USER	ServiceTest	END	1705671637647
USER	ServiceTest	END	1705671637648
REQUEST		PATCH /elasticsearch/workbook/delete	1705671637415	1705671637598	OK	 
USER	ServiceTest	END	1705671637650
REQUEST		PATCH /elasticsearch/workbook/delete	1705671637202	1705671637612	OK	 
USER	ServiceTest	END	1705671637652
REQUEST		POST /auth/getToken	1705671634846	1705671634985	OK	 
REQUEST		POST /elasticsearch/insertDoc	1705671637057	1705671637427	OK	 
REQUEST		POST /elasticsearch/sheet/delete	1705671637267	1705671637458	OK	 
REQUEST		PATCH /elasticsearch/workbook/delete	1705671637481	1705671637638	OK	 
REQUEST		PATCH /elasticsearch/workbook/delete	1705671637488	1705671637636	OK	 
REQUEST		POST /elasticsearch/sheet/delete	1705671637079	1705671637498	OK	 
REQUEST		POST /elasticsearch/sheet/insertDoc	1705671636081	1705671637505	OK	 
REQUEST		POST /elasticsearch/insertDoc	1705671637140	1705671637466	OK	 
REQUEST		POST /elasticsearch/sheet/delete	1705671637075	1705671637498	OK	 
REQUEST		POST /elasticsearch/sheet/insertDoc	1705671636074	1705671637494	OK	 
REQUEST		POST /elasticsearch/sheet/delete	1705671637372	1705671637546	OK	 
REQUEST		POST /elasticsearch/insertDoc	1705671637127	1705671637408	OK	 
REQUEST		PATCH /elasticsearch/workbook/delete	1705671637511	1705671637668	OK	 
USER	ServiceTest	END	1705671637688
USER	ServiceTest	END	1705671637688
REQUEST		POST /elasticsearch/sheet/delete	1705671637372	1705671637551	OK	 
REQUEST		POST /elasticsearch/workbook	1705671635003	1705671637276	OK	 
REQUEST		POST /elasticsearch/sheet/delete	1705671637364	1705671637554	OK	 
REQUEST		POST /elasticsearch/sheet/delete	1705671637376	1705671637551	OK	 
REQUEST		POST /elasticsearch/sheet/insertDoc	1705671636153	1705671637556	OK	 
REQUEST		POST /elasticsearch/sheet/delete	1705671637368	1705671637556	OK	 
REQUEST		POST /elasticsearch/insertDoc	1705671637351	1705671637467	OK	 
REQUEST		POST /elasticsearch/workbook	1705671635115	1705671637518	OK	 
REQUEST		POST /elasticsearch/sheet/delete	1705671637377	1705671637552	OK	 
REQUEST		POST /elasticsearch/workbook	1705671635367	1705671637575	OK	 
REQUEST		PATCH /elasticsearch/workbook/delete	1705671637549	1705671637689	OK	 
USER	ServiceTest	END	1705671637701
USER	ServiceTest	END	1705671637713
REQUEST		PATCH /elasticsearch/workbook/delete	1705671637480	1705671637661	OK	 
USER	ServiceTest	END	1705671637715
REQUEST		PATCH /elasticsearch/workbook/delete	1705671637482	1705671637639	OK	 
USER	ServiceTest	END	1705671637718
REQUEST		PATCH /elasticsearch/workbook/delete	1705671637553	1705671637693	OK	 
USER	ServiceTest	END	1705671637720
REQUEST		PATCH /elasticsearch/workbook/delete	1705671637558	1705671637700	OK	 
REQUEST		POST /elasticsearch/sheet/delete	1705671637372	1705671637550	OK	 
REQUEST		PATCH /elasticsearch/workbook/delete	1705671637560	1705671637701	OK	 
REQUEST		POST /elasticsearch/sheet/insertDoc	1705671636150	1705671637556	OK	 
USER	ServiceTest	END	1705671637724
USER	ServiceTest	END	1705671637728
REQUEST		PATCH /elasticsearch/workbook/delete	1705671637500	1705671637689	OK	 
USER	ServiceTest	END	1705671637731
REQUEST		PATCH /elasticsearch/workbook/delete	1705671637480	1705671637623	OK	 
USER	ServiceTest	END	1705671637733
REQUEST		PATCH /elasticsearch/workbook/delete	1705671637481	1705671637625	OK	 
REQUEST		POST /auth/getToken	1705671634988	1705671635103	OK	 
REQUEST		POST /elasticsearch/sheet/insertDoc	1705671636185	1705671637605	OK	 
REQUEST		POST /elasticsearch/workbook	1705671635257	1705671637575	OK	 
USER	ServiceTest	END	1705671637734
REQUEST		POST /elasticsearch/insertDoc	1705671637174	1705671637550	OK	 
REQUEST		PATCH /elasticsearch/workbook/delete	1705671637562	1705671637706	OK	 
USER	ServiceTest	END	1705671637746
REQUEST		PATCH /elasticsearch/workbook/delete	1705671637563	1705671637700	OK	 
USER	ServiceTest	END	1705671637748
REQUEST		PATCH /elasticsearch/workbook/delete	1705671637560	1705671637724	OK	 
REQUEST		POST /auth/getToken	1705671635316	1705671635436	OK	 
USER	ServiceTest	END	1705671637750
REQUEST		POST /elasticsearch/sheet/insertDoc	1705671635381	1705671636629	OK	 
REQUEST		POST /elasticsearch/insertDoc	1705671637411	1705671637604	OK	 
REQUEST		POST /elasticsearch/insertDoc	1705671637202	1705671637618	OK	 
REQUEST		POST /elasticsearch/sheet/insertDoc	1705671635368	1705671636626	OK	 
REQUEST		POST /elasticsearch/workbook	1705671635022	1705671636566	OK	 
REQUEST		POST /elasticsearch/sheet/insertDoc	1705671635430	1705671636623	OK	 
REQUEST		POST /auth/getToken	1705671635141	1705671635291	OK	 
REQUEST		POST /auth/getToken	1705671635081	1705671635289	OK	 
REQUEST		POST /elasticsearch/sheet/delete	1705671637508	1705671637669	OK	 
REQUEST		POST /elasticsearch/sheet/delete	1705671637511	1705671637688	OK	 
REQUEST		POST /elasticsearch/workbook	1705671635414	1705671637610	OK	 
REQUEST		POST /elasticsearch/insertDoc	1705671637485	1705671637640	OK	 
REQUEST		POST /elasticsearch/workbook	1705671635011	1705671637656	OK	 
REQUEST		POST /elasticsearch/insertDoc	1705671637300	1705671637696	OK	 
REQUEST		POST /elasticsearch/sheet/delete	1705671637608	1705671637739	OK	 
REQUEST		POST /elasticsearch/insertDoc	1705671637405	1705671637617	OK	 
REQUEST		POST /elasticsearch/workbook	1705671635131	1705671637736	OK	 
REQUEST		POST /elasticsearch/sheet/delete	1705671637563	1705671637700	OK	 
REQUEST		POST /elasticsearch/sheet/delete	1705671637558	1705671637724	OK	 
REQUEST		POST /auth/getToken	1705671635204	1705671635341	OK	 
REQUEST		POST /elasticsearch/insertDoc	1705671637606	1705671637741	OK	 
REQUEST		POST /elasticsearch/workbook	1705671635484	1705671637753	OK	 
REQUEST		POST /elasticsearch/insertDoc	1705671637196	1705671637619	OK	 
REQUEST		POST /elasticsearch/sheet/insertDoc	1705671636660	1705671637808	OK	 
REQUEST		POST /elasticsearch/insertDoc	1705671637536	1705671637704	OK	 
REQUEST		POST /elasticsearch/insertDoc	1705671637595	1705671637707	OK	 
REQUEST		POST /elasticsearch/sheet/insertDoc	1705671636660	1705671637810	OK	 
REQUEST		PATCH /elasticsearch/workbook/delete	1705671637672	1705671637898	OK	 
REQUEST		PATCH /elasticsearch/workbook/delete	1705671637692	1705671637898	OK	 
USER	ServiceTest	END	1705671637923
USER	ServiceTest	END	1705671637923
REQUEST		PATCH /elasticsearch/workbook/delete	1705671637703	1705671637903	OK	 
USER	ServiceTest	END	1705671637924
REQUEST		POST /elasticsearch/sheet/insertDoc	1705671635316	1705671636552	OK	 
REQUEST		POST /elasticsearch/sheet/insertDoc	1705671635324	1705671636552	OK	 
REQUEST		POST /elasticsearch/sheet/insertDoc	1705671636660	1705671637813	OK	 
REQUEST		POST /elasticsearch/insertDoc	1705671636616	1705671637812	OK	 
REQUEST		PATCH /elasticsearch/workbook/delete	1705671637727	1705671637904	OK	 
REQUEST		PATCH /elasticsearch/workbook/delete	1705671637742	1705671637900	OK	 
USER	ServiceTest	END	1705671637934
USER	ServiceTest	END	1705671637935
REQUEST		POST /elasticsearch/workbook	1705671635327	1705671637836	OK	 
REQUEST		POST /elasticsearch/workbook	1705671635333	1705671637853	OK	 
REQUEST		POST /auth/getToken	1705671635216	1705671635350	OK	 
REQUEST		POST /elasticsearch/sheet/insertDoc	1705671635571	1705671636767	OK	 
REQUEST		POST /elasticsearch/sheet/delete	1705671637811	1705671637919	OK	 
REQUEST		POST /elasticsearch/insertDoc	1705671637634	1705671637899	OK	 
REQUEST		POST /elasticsearch/sheet/delete	1705671637815	1705671637922	OK	 
REQUEST		PATCH /elasticsearch/workbook/delete	1705671637922	1705671637998	OK	 
USER	ServiceTest	END	1705671638028
REQUEST		POST /elasticsearch/insertDoc	1705671637752	1705671637902	OK	 
REQUEST		POST /elasticsearch/sheet/insertDoc	1705671636586	1705671637929	OK	 
REQUEST		POST /elasticsearch/sheet/insertDoc	1705671636537	1705671637635	OK	 
REQUEST		POST /elasticsearch/sheet/insertDoc	1705671636586	1705671637929	OK	 
REQUEST		POST /elasticsearch/sheet/delete	1705671637815	1705671637930	OK	 
REQUEST		POST /elasticsearch/insertDoc	1705671637404	1705671637617	OK	 
REQUEST		POST /elasticsearch/workbook	1705671635410	1705671637902	OK	 
REQUEST		POST /elasticsearch/sheet/delete	1705671637497	1705671637637	OK	 
REQUEST		POST /elasticsearch/insertDoc	1705671637770	1705671637919	OK	 
REQUEST		POST /elasticsearch/insertDoc	1705671637688	1705671637899	OK	 
REQUEST		PATCH /elasticsearch/workbook/delete	1705671637924	1705671638016	OK	 
USER	ServiceTest	END	1705671638044
REQUEST		POST /elasticsearch/sheet/insertDoc	1705671636801	1705671637986	OK	 
REQUEST		POST /elasticsearch/insertDoc	1705671637852	1705671637936	OK	 
REQUEST		PATCH /elasticsearch/workbook/delete	1705671637645	1705671638044	OK	 
REQUEST		POST /elasticsearch/workbook	1705671635378	1705671637973	OK	 
REQUEST		POST /elasticsearch/insertDoc	1705671637865	1705671637946	OK	 
REQUEST		POST /auth/getToken	1705671634916	1705671635046	OK	 
USER	ServiceTest	END	1705671638081
REQUEST		PATCH /elasticsearch/workbook/delete	1705671637932	1705671638037	OK	 
USER	ServiceTest	END	1705671638099
REQUEST		POST /elasticsearch/sheet/delete	1705671637933	1705671638036	OK	 
REQUEST		POST /elasticsearch/sheet/delete	1705671637932	1705671638036	OK	 
REQUEST		PATCH /elasticsearch/workbook/delete	1705671638039	1705671638121	OK	 
REQUEST		PATCH /elasticsearch/workbook/delete	1705671638041	1705671638117	OK	 
REQUEST		POST /elasticsearch/sheet/delete	1705671637644	1705671638036	OK	 
USER	ServiceTest	END	1705671638149
USER	ServiceTest	END	1705671638153
REQUEST		POST /elasticsearch/workbook	1705671635071	1705671638081	OK	 
REQUEST		POST /elasticsearch/sheet/delete	1705671637989	1705671638054	OK	 
REQUEST		PATCH /elasticsearch/workbook/delete	1705671638041	1705671638151	OK	 
USER	ServiceTest	END	1705671638179
REQUEST		POST /auth/getToken	1705671635121	1705671635292	OK	 
REQUEST		PATCH /elasticsearch/workbook/delete	1705671638057	1705671638166	OK	 
USER	ServiceTest	END	1705671638195
REQUEST		POST /elasticsearch/insertDoc	1705671637930	1705671638038	OK	 
REQUEST		POST /elasticsearch/insertDoc	1705671637988	1705671638079	OK	 
REQUEST		POST /elasticsearch/workbook	1705671635335	1705671638180	OK	 
REQUEST		PATCH /elasticsearch/update	1705671636905	1705671637051	OK	 
REQUEST		POST /elasticsearch/insertDoc	1705671638097	1705671638166	OK	 
REQUEST		POST /elasticsearch/insertDoc	1705671638191	1705671638240	OK	 
REQUEST		PATCH /elasticsearch/update	1705671637085	1705671637264	OK	 
REQUEST		PATCH /elasticsearch/update	1705671637082	1705671637244	OK	 
REQUEST		PATCH /elasticsearch/update	1705671637020	1705671637187	OK	 
REQUEST		POST /elasticsearch/sheet/insertDoc	1705671635790	1705671637061	OK	 
REQUEST		POST /elasticsearch/sheet/insertDoc	1705671636155	1705671637357	OK	 
REQUEST		POST /elasticsearch/sheet/insertDoc	1705671637128	1705671638450	OK	 
REQUEST		POST /elasticsearch/sheet/delete	1705671637360	1705671638471	OK	 
REQUEST		POST /elasticsearch/sheet/insertDoc	1705671636172	1705671637358	OK	 
REQUEST		PATCH /elasticsearch/workbook/delete	1705671638473	1705671638526	OK	 
USER	ServiceTest	END	1705671638554
REQUEST		POST /elasticsearch/sheet/delete	1705671638453	1705671638508	OK	 
REQUEST		PATCH /elasticsearch/workbook/delete	1705671638510	1705671638578	OK	 
USER	ServiceTest	END	1705671638600
REQUEST		POST /elasticsearch/sheet/delete	1705671637360	1705671638549	OK	 
REQUEST		POST /elasticsearch/sheet/insertDoc	1705671636258	1705671637469	OK	 
REQUEST		PATCH /elasticsearch/update	1705671637294	1705671637464	OK	 
REQUEST		PATCH /elasticsearch/workbook/delete	1705671638553	1705671638608	OK	 
USER	ServiceTest	END	1705671638631
REQUEST		PATCH /elasticsearch/update	1705671636983	1705671637146	OK	 
REQUEST		POST /elasticsearch/sheet/insertDoc	1705671637492	1705671638628	OK	 
REQUEST		POST /elasticsearch/sheet/insertDoc	1705671636382	1705671637550	OK	 
REQUEST		PATCH /elasticsearch/update	1705671637413	1705671637576	OK	 
REQUEST		POST /elasticsearch/sheet/delete	1705671638630	1705671638702	OK	 
REQUEST		POST /elasticsearch/sheet/insertDoc	1705671636382	1705671637550	OK	 
REQUEST		PATCH /elasticsearch/update	1705671637493	1705671637638	OK	 
REQUEST		PATCH /elasticsearch/update	1705671637411	1705671637598	OK	 
REQUEST		PATCH /elasticsearch/workbook/delete	1705671638704	1705671638767	OK	 
USER	ServiceTest	END	1705671638803
REQUEST		POST /elasticsearch/sheet/insertDoc	1705671637596	1705671638741	OK	 
REQUEST		POST /elasticsearch/sheet/insertDoc	1705671637649	1705671638773	OK	 
REQUEST		POST /elasticsearch/sheet/delete	1705671638776	1705671638831	OK	 
REQUEST		POST /elasticsearch/sheet/delete	1705671638743	1705671638817	OK	 
REQUEST		PATCH /elasticsearch/update	1705671636176	1705671636583	OK	 
REQUEST		PATCH /elasticsearch/update	1705671636182	1705671637620	OK	 
REQUEST		PATCH /elasticsearch/workbook/delete	1705671638833	1705671638881	OK	 
REQUEST		PATCH /elasticsearch/workbook/delete	1705671638818	1705671638882	OK	 
USER	ServiceTest	END	1705671638912
USER	ServiceTest	END	1705671638912
REQUEST		PATCH /elasticsearch/update	1705671637596	1705671637745	OK	 
REQUEST		PATCH /elasticsearch/update	1705671637645	1705671637808	OK	 
REQUEST		PATCH /elasticsearch/update	1705671637641	1705671637809	OK	 
REQUEST		PATCH /elasticsearch/update	1705671637722	1705671637899	OK	 
REQUEST		PATCH /elasticsearch/update	1705671637719	1705671637902	OK	 
REQUEST		PATCH /elasticsearch/update	1705671637719	1705671637900	OK	 
REQUEST		PATCH /elasticsearch/update	1705671637730	1705671637920	OK	 
REQUEST		PATCH /elasticsearch/update	1705671637748	1705671637920	OK	 
REQUEST		PATCH /elasticsearch/update	1705671637767	1705671637919	OK	 
REQUEST		PATCH /elasticsearch/update	1705671637643	1705671637919	OK	 
REQUEST		PATCH /elasticsearch/update	1705671637848	1705671637929	OK	 
REQUEST		PATCH /elasticsearch/update	1705671637491	1705671637686	OK	 
REQUEST		PATCH /elasticsearch/update	1705671637493	1705671637702	OK	 
REQUEST		PATCH /elasticsearch/update	1705671637524	1705671637692	OK	 
REQUEST		PATCH /elasticsearch/update	1705671637509	1705671637659	OK	 
REQUEST		PATCH /elasticsearch/update	1705671637927	1705671638015	OK	 
REQUEST		PATCH /elasticsearch/update	1705671637926	1705671638031	OK	 
REQUEST		PATCH /elasticsearch/update	1705671637936	1705671638044	OK	 
REQUEST		PATCH /elasticsearch/update	1705671637967	1705671638057	OK	 
REQUEST		PATCH /elasticsearch/update	1705671637643	1705671638038	OK	 
REQUEST		PATCH /elasticsearch/update	1705671637957	1705671638044	OK	 
REQUEST		PATCH /elasticsearch/update	1705671637989	1705671638079	OK	 
REQUEST		PATCH /elasticsearch/update	1705671638105	1705671638224	OK	 
REQUEST		POST /elasticsearch/sheet/insertDoc	1705671637083	1705671638243	OK	 
REQUEST		PATCH /elasticsearch/update	1705671638103	1705671638229	OK	 
REQUEST		PATCH /elasticsearch/update	1705671638196	1705671638255	OK	 
REQUEST		POST /elasticsearch/sheet/insertDoc	1705671638274	1705671639372	OK	 
REQUEST		PATCH /elasticsearch/update	1705671638275	1705671638354	OK	 
REQUEST		POST /elasticsearch/sheet/delete	1705671639376	1705671639430	OK	 
REQUEST		PATCH /elasticsearch/workbook/delete	1705671639432	1705671639486	OK	 
USER	ServiceTest	END	1705671639521
REQUEST		POST /elasticsearch/sheet/insertDoc	1705671637274	1705671638437	OK	 
REQUEST		POST /elasticsearch/sheet/insertDoc	1705671637253	1705671638437	OK	 
REQUEST		POST /elasticsearch/sheet/insertDoc	1705671637292	1705671638437	OK	 
REQUEST		POST /elasticsearch/sheet/insertDoc	1705671638477	1705671639537	OK	 
REQUEST		POST /elasticsearch/sheet/insertDoc	1705671638477	1705671639537	OK	 
REQUEST		POST /elasticsearch/sheet/insertDoc	1705671638477	1705671639537	OK	 
REQUEST		POST /elasticsearch/sheet/delete	1705671639540	1705671639601	OK	 
REQUEST		POST /elasticsearch/sheet/delete	1705671639540	1705671639604	OK	 
REQUEST		POST /elasticsearch/sheet/delete	1705671639540	1705671639601	OK	 
REQUEST		PATCH /elasticsearch/workbook/delete	1705671639604	1705671639656	OK	 
REQUEST		PATCH /elasticsearch/workbook/delete	1705671639607	1705671639659	OK	 
USER	ServiceTest	END	1705671639690
USER	ServiceTest	END	1705671639690
REQUEST		PATCH /elasticsearch/workbook/delete	1705671639604	1705671639682	OK	 
USER	ServiceTest	END	1705671639706
REQUEST		POST /elasticsearch/sheet/insertDoc	1705671637496	1705671638629	OK	 
REQUEST		POST /elasticsearch/sheet/insertDoc	1705671637499	1705671638654	OK	 
REQUEST		POST /elasticsearch/sheet/insertDoc	1705671638664	1705671639715	OK	 
REQUEST		POST /elasticsearch/sheet/insertDoc	1705671638680	1705671639770	OK	 
REQUEST		POST /elasticsearch/sheet/delete	1705671639717	1705671639802	OK	 
REQUEST		POST /elasticsearch/sheet/insertDoc	1705671637663	1705671638780	OK	 
REQUEST		POST /elasticsearch/sheet/insertDoc	1705671637650	1705671638782	OK	 
REQUEST		PATCH /elasticsearch/workbook/delete	1705671639804	1705671639856	OK	 
USER	ServiceTest	END	1705671639878
REQUEST		POST /elasticsearch/sheet/insertDoc	1705671637609	1705671638767	OK	 
REQUEST		POST /elasticsearch/sheet/delete	1705671639772	1705671639831	OK	 
REQUEST		POST /elasticsearch/sheet/insertDoc	1705671638805	1705671639865	OK	 
REQUEST		POST /elasticsearch/sheet/insertDoc	1705671638805	1705671639865	OK	 
REQUEST		PATCH /elasticsearch/workbook/delete	1705671639834	1705671639909	OK	 
USER	ServiceTest	END	1705671639940
REQUEST		POST /elasticsearch/sheet/insertDoc	1705671638805	1705671639890	OK	 
REQUEST		POST /elasticsearch/sheet/delete	1705671639867	1705671639923	OK	 
REQUEST		POST /elasticsearch/sheet/insertDoc	1705671636618	1705671638898	OK	 
REQUEST		POST /elasticsearch/sheet/insertDoc	1705671637646	1705671638901	OK	 
REQUEST		POST /elasticsearch/sheet/insertDoc	1705671637786	1705671638926	OK	 
REQUEST		PATCH /elasticsearch/workbook/delete	1705671639926	1705671639989	OK	 
USER	ServiceTest	END	1705671640019
REQUEST		POST /elasticsearch/sheet/delete	1705671639867	1705671639923	OK	 
REQUEST		POST /elasticsearch/sheet/insertDoc	1705671637848	1705671638947	OK	 
REQUEST		POST /elasticsearch/sheet/delete	1705671639892	1705671639949	OK	 
REQUEST		PATCH /elasticsearch/workbook/delete	1705671639926	1705671640022	OK	 
USER	ServiceTest	END	1705671640050
REQUEST		POST /elasticsearch/sheet/insertDoc	1705671637846	1705671638947	OK	 
REQUEST		PATCH /elasticsearch/workbook/delete	1705671639952	1705671640033	OK	 
USER	ServiceTest	END	1705671640064
REQUEST		POST /elasticsearch/sheet/insertDoc	1705671638929	1705671640010	OK	 
REQUEST		POST /elasticsearch/sheet/insertDoc	1705671638960	1705671640011	OK	 
REQUEST		POST /elasticsearch/sheet/insertDoc	1705671638929	1705671640008	OK	 
REQUEST		POST /elasticsearch/sheet/insertDoc	1705671638976	1705671640060	OK	 
REQUEST		POST /elasticsearch/sheet/insertDoc	1705671638976	1705671640032	OK	 
REQUEST		POST /elasticsearch/sheet/insertDoc	1705671637936	1705671639045	OK	 
REQUEST		POST /elasticsearch/sheet/insertDoc	1705671637926	1705671639045	OK	 
REQUEST		POST /elasticsearch/sheet/delete	1705671640010	1705671640087	OK	 
REQUEST		POST /elasticsearch/sheet/delete	1705671640013	1705671640068	OK	 
REQUEST		POST /elasticsearch/sheet/insertDoc	1705671637942	1705671639048	OK	 
REQUEST		POST /elasticsearch/sheet/insertDoc	1705671637953	1705671639063	OK	 
REQUEST		POST /elasticsearch/sheet/insertDoc	1705671637952	1705671639050	OK	 
REQUEST		POST /elasticsearch/sheet/delete	1705671640013	1705671640075	OK	 
REQUEST		POST /elasticsearch/sheet/insertDoc	1705671637957	1705671639048	OK	 
REQUEST		PATCH /elasticsearch/workbook/delete	1705671640072	1705671640144	OK	 
REQUEST		PATCH /elasticsearch/workbook/delete	1705671640089	1705671640142	OK	 
USER	ServiceTest	END	1705671640171
USER	ServiceTest	END	1705671640172
REQUEST		POST /elasticsearch/sheet/insertDoc	1705671637967	1705671639084	OK	 
REQUEST		POST /elasticsearch/sheet/insertDoc	1705671637922	1705671639026	OK	 
REQUEST		PATCH /elasticsearch/workbook/delete	1705671640077	1705671640162	OK	 
REQUEST		POST /elasticsearch/sheet/delete	1705671640035	1705671640126	OK	 
USER	ServiceTest	END	1705671640188
REQUEST		POST /elasticsearch/sheet/insertDoc	1705671639069	1705671640132	OK	 
REQUEST		POST /elasticsearch/sheet/delete	1705671640063	1705671640119	OK	 
REQUEST		POST /elasticsearch/sheet/insertDoc	1705671639086	1705671640154	OK	 
REQUEST		POST /elasticsearch/sheet/insertDoc	1705671637733	1705671639123	OK	 
REQUEST		POST /elasticsearch/sheet/insertDoc	1705671639087	1705671640152	OK	 
REQUEST		POST /elasticsearch/sheet/insertDoc	1705671639069	1705671640135	OK	 
REQUEST		PATCH /elasticsearch/workbook/delete	1705671640128	1705671640188	OK	 
USER	ServiceTest	END	1705671640217
REQUEST		POST /elasticsearch/sheet/insertDoc	1705671639087	1705671640162	OK	 
REQUEST		POST /elasticsearch/sheet/insertDoc	1705671639100	1705671640153	OK	 
REQUEST		PATCH /elasticsearch/workbook/delete	1705671640121	1705671640203	OK	 
USER	ServiceTest	END	1705671640235
REQUEST		POST /elasticsearch/sheet/insertDoc	1705671637733	1705671639128	OK	 
REQUEST		POST /elasticsearch/sheet/insertDoc	1705671637750	1705671639126	OK	 
REQUEST		POST /elasticsearch/sheet/insertDoc	1705671637717	1705671639146	OK	 
REQUEST		POST /elasticsearch/sheet/insertDoc	1705671639053	1705671640180	OK	 
REQUEST		POST /elasticsearch/sheet/insertDoc	1705671639116	1705671640178	OK	 
REQUEST		POST /elasticsearch/sheet/insertDoc	1705671638046	1705671639174	OK	 
REQUEST		POST /elasticsearch/sheet/delete	1705671640134	1705671640203	OK	 
REQUEST		POST /elasticsearch/sheet/delete	1705671640154	1705671640213	OK	 
REQUEST		POST /elasticsearch/sheet/delete	1705671640158	1705671640213	OK	 
REQUEST		POST /elasticsearch/sheet/delete	1705671640138	1705671640213	OK	 
REQUEST		PATCH /elasticsearch/workbook/delete	1705671640206	1705671640271	OK	 
USER	ServiceTest	END	1705671640293
REQUEST		POST /elasticsearch/sheet/insertDoc	1705671639148	1705671640213	OK	 
REQUEST		POST /elasticsearch/sheet/insertDoc	1705671639164	1705671640245	OK	 
REQUEST		POST /elasticsearch/sheet/insertDoc	1705671639179	1705671640246	OK	 
REQUEST		POST /elasticsearch/sheet/insertDoc	1705671639164	1705671640245	OK	 
REQUEST		PATCH /elasticsearch/workbook/delete	1705671640215	1705671640274	OK	 
REQUEST		PATCH /elasticsearch/workbook/delete	1705671640215	1705671640274	OK	 
USER	ServiceTest	END	1705671640309
USER	ServiceTest	END	1705671640309
REQUEST		POST /elasticsearch/sheet/delete	1705671640165	1705671640233	OK	 
REQUEST		POST /elasticsearch/sheet/delete	1705671640182	1705671640248	OK	 
REQUEST		POST /elasticsearch/sheet/delete	1705671640157	1705671640235	OK	 
REQUEST		POST /elasticsearch/sheet/delete	1705671640182	1705671640263	OK	 
REQUEST		PATCH /elasticsearch/workbook/delete	1705671640216	1705671640288	OK	 
USER	ServiceTest	END	1705671640323
REQUEST		POST /elasticsearch/sheet/insertDoc	1705671639210	1705671640271	OK	 
REQUEST		POST /elasticsearch/sheet/insertDoc	1705671638100	1705671639231	OK	 
REQUEST		POST /elasticsearch/sheet/insertDoc	1705671638120	1705671639241	OK	 
REQUEST		POST /elasticsearch/sheet/insertDoc	1705671638097	1705671639229	OK	 
REQUEST		PATCH /elasticsearch/workbook/delete	1705671640266	1705671640318	OK	 
USER	ServiceTest	END	1705671640344
REQUEST		PATCH /elasticsearch/workbook/delete	1705671640237	1705671640316	OK	 
USER	ServiceTest	END	1705671640344
REQUEST		PATCH /elasticsearch/workbook/delete	1705671640235	1705671640312	OK	 
USER	ServiceTest	END	1705671640345
REQUEST		PATCH /elasticsearch/workbook/delete	1705671640251	1705671640312	OK	 
USER	ServiceTest	END	1705671640345
REQUEST		POST /elasticsearch/sheet/insertDoc	1705671638102	1705671639241	OK	 
REQUEST		POST /elasticsearch/sheet/insertDoc	1705671638094	1705671639233	OK	 
REQUEST		POST /elasticsearch/sheet/insertDoc	1705671638106	1705671639231	OK	 
REQUEST		POST /elasticsearch/sheet/delete	1705671640250	1705671640303	OK	 
REQUEST		POST /elasticsearch/sheet/delete	1705671640248	1705671640308	OK	 
REQUEST		POST /elasticsearch/sheet/delete	1705671640216	1705671640296	OK	 
REQUEST		POST /elasticsearch/sheet/delete	1705671640249	1705671640302	OK	 
REQUEST		POST /elasticsearch/sheet/delete	1705671640272	1705671640325	OK	 
REQUEST		PATCH /elasticsearch/workbook/delete	1705671640298	1705671640362	OK	 
REQUEST		PATCH /elasticsearch/workbook/delete	1705671640304	1705671640354	OK	 
REQUEST		PATCH /elasticsearch/workbook/delete	1705671640311	1705671640357	OK	 
USER	ServiceTest	END	1705671640384
USER	ServiceTest	END	1705671640384
USER	ServiceTest	END	1705671640385
REQUEST		PATCH /elasticsearch/workbook/delete	1705671640304	1705671640378	OK	 
USER	ServiceTest	END	1705671640400
REQUEST		POST /elasticsearch/sheet/insertDoc	1705671639272	1705671640347	OK	 
REQUEST		POST /elasticsearch/sheet/insertDoc	1705671639257	1705671640338	OK	 
REQUEST		POST /elasticsearch/sheet/insertDoc	1705671639257	1705671640348	OK	 
REQUEST		PATCH /elasticsearch/workbook/delete	1705671640327	1705671640379	OK	 
USER	ServiceTest	END	1705671640416
REQUEST		POST /elasticsearch/sheet/insertDoc	1705671639272	1705671640338	OK	 
REQUEST		POST /elasticsearch/sheet/insertDoc	1705671639257	1705671640349	OK	 
REQUEST		POST /elasticsearch/sheet/insertDoc	1705671639257	1705671640338	OK	 
REQUEST		POST /elasticsearch/sheet/insertDoc	1705671638258	1705671639372	OK	 
REQUEST		POST /elasticsearch/sheet/delete	1705671640351	1705671640415	OK	 
REQUEST		POST /elasticsearch/sheet/delete	1705671640342	1705671640415	OK	 
REQUEST		POST /elasticsearch/sheet/insertDoc	1705671638258	1705671639372	OK	 
REQUEST		POST /elasticsearch/sheet/delete	1705671640341	1705671640427	OK	 
REQUEST		POST /elasticsearch/sheet/delete	1705671640353	1705671640427	OK	 
REQUEST		POST /elasticsearch/sheet/delete	1705671640343	1705671640429	OK	 
REQUEST		POST /elasticsearch/sheet/delete	1705671640353	1705671640415	OK	 
REQUEST		PATCH /elasticsearch/workbook/delete	1705671640429	1705671640480	OK	 
REQUEST		PATCH /elasticsearch/workbook/delete	1705671640420	1705671640474	OK	 
REQUEST		PATCH /elasticsearch/workbook/delete	1705671640420	1705671640474	OK	 
USER	ServiceTest	END	1705671640508
USER	ServiceTest	END	1705671640508
USER	ServiceTest	END	1705671640509
REQUEST		POST /elasticsearch/sheet/insertDoc	1705671638290	1705671639425	OK	 
REQUEST		PATCH /elasticsearch/workbook/delete	1705671640431	1705671640498	OK	 
REQUEST		PATCH /elasticsearch/workbook/delete	1705671640429	1705671640494	OK	 
USER	ServiceTest	END	1705671640523
USER	ServiceTest	END	1705671640523
REQUEST		POST /elasticsearch/sheet/insertDoc	1705671639412	1705671640474	OK	 
REQUEST		PATCH /elasticsearch/workbook/delete	1705671640418	1705671640507	OK	 
USER	ServiceTest	END	1705671640538
REQUEST		POST /elasticsearch/sheet/insertDoc	1705671639412	1705671640476	OK	 
REQUEST		POST /elasticsearch/sheet/insertDoc	1705671639459	1705671640511	OK	 
REQUEST		POST /elasticsearch/sheet/insertDoc	1705671638384	1705671639470	OK	 
REQUEST		POST /elasticsearch/sheet/delete	1705671640477	1705671640528	OK	 
REQUEST		PATCH /elasticsearch/workbook/delete	1705671640531	1705671640584	OK	 
USER	ServiceTest	END	1705671640616
REQUEST		POST /elasticsearch/sheet/delete	1705671640478	1705671640554	OK	 
REQUEST		POST /elasticsearch/sheet/delete	1705671640513	1705671640574	OK	 
REQUEST		POST /elasticsearch/sheet/insertDoc	1705671639507	1705671640575	OK	 
REQUEST		PATCH /elasticsearch/workbook/delete	1705671640557	1705671640626	OK	 
USER	ServiceTest	END	1705671640662
REQUEST		PATCH /elasticsearch/workbook/delete	1705671640579	1705671640645	OK	 
USER	ServiceTest	END	1705671640678
REQUEST		POST /elasticsearch/sheet/delete	1705671640582	1705671640657	OK	 
REQUEST		PATCH /elasticsearch/workbook/delete	1705671640660	1705671640733	OK	 
USER	ServiceTest	END	1705671640756
