RUN	Runner.TDG_UKAF_demo	tdg-ukaf-demo	1705647772582	 	3.7.4
USER	ServiceTest	START	1705647772869
USER	ServiceTest	START	1705647773014
USER	ServiceTest	START	1705647772693
USER	ServiceTest	START	1705647772769
USER	ServiceTest	START	1705647773155
USER	ServiceTest	START	1705647773356
USER	ServiceTest	START	1705647773846
USER	ServiceTest	START	1705647773847
USER	ServiceTest	START	1705647773846
USER	ServiceTest	START	1705647773255
USER	ServiceTest	START	1705647773846
USER	ServiceTest	START	1705647773056
USER	ServiceTest	START	1705647773867
USER	ServiceTest	START	1705647773957
USER	ServiceTest	START	1705647774067
USER	ServiceTest	START	1705647774163
USER	ServiceTest	START	1705647774268
USER	ServiceTest	START	1705647774366
USER	ServiceTest	START	1705647774459
USER	ServiceTest	START	1705647774567
USER	ServiceTest	START	1705647774657
USER	ServiceTest	START	1705647774753
USER	ServiceTest	START	1705647774846
USER	ServiceTest	START	1705647774955
USER	ServiceTest	START	1705647775045
USER	ServiceTest	START	1705647775149
USER	ServiceTest	START	1705647775246
USER	ServiceTest	START	1705647775345
USER	ServiceTest	START	1705647775472
USER	ServiceTest	START	1705647775649
USER	ServiceTest	START	1705647775696
USER	ServiceTest	START	1705647775745
USER	ServiceTest	START	1705647775845
USER	ServiceTest	START	1705647775958
USER	ServiceTest	START	1705647776047
USER	ServiceTest	START	1705647776146
USER	ServiceTest	START	1705647776246
USER	ServiceTest	START	1705647776346
USER	ServiceTest	START	1705647776459
USER	ServiceTest	START	1705647776631
USER	ServiceTest	START	1705647776668
REQUEST		POST /auth/getToken	1705647776227	1705647776522	OK	 
REQUEST		POST /auth/getToken	1705647776227	1705647776464	OK	 
REQUEST		POST /auth/getToken	1705647776227	1705647776464	OK	 
REQUEST		POST /auth/getToken	1705647776227	1705647776464	OK	 
REQUEST		POST /auth/getToken	1705647776227	1705647776464	OK	 
REQUEST		POST /auth/getToken	1705647776227	1705647776464	OK	 
REQUEST		POST /auth/getToken	1705647776227	1705647776522	OK	 
REQUEST		POST /auth/getToken	1705647776227	1705647776522	OK	 
REQUEST		POST /auth/getToken	1705647776227	1705647776561	OK	 
REQUEST		POST /auth/getToken	1705647776227	1705647776464	OK	 
REQUEST		POST /auth/getToken	1705647776227	1705647776464	OK	 
REQUEST		POST /auth/getToken	1705647776227	1705647776464	OK	 
REQUEST		POST /auth/getToken	1705647776227	1705647776567	OK	 
REQUEST		POST /auth/getToken	1705647776227	1705647776522	OK	 
REQUEST		POST /auth/getToken	1705647776227	1705647776566	OK	 
REQUEST		POST /auth/getToken	1705647776227	1705647776570	OK	 
REQUEST		POST /auth/getToken	1705647776227	1705647776578	OK	 
USER	ServiceTest	START	1705647776758
REQUEST		POST /auth/getToken	1705647776227	1705647776579	OK	 
REQUEST		POST /auth/getToken	1705647776227	1705647776589	OK	 
REQUEST		POST /auth/getToken	1705647776227	1705647776581	OK	 
REQUEST		POST /auth/getToken	1705647776227	1705647776581	OK	 
REQUEST		POST /auth/getToken	1705647776227	1705647776580	OK	 
REQUEST		POST /auth/getToken	1705647776227	1705647776581	OK	 
USER	ServiceTest	START	1705647776857
REQUEST		POST /auth/getToken	1705647776227	1705647776581	OK	 
REQUEST		POST /auth/getToken	1705647776227	1705647776579	OK	 
REQUEST		POST /auth/getToken	1705647776227	1705647776581	OK	 
REQUEST		POST /auth/getToken	1705647776227	1705647776575	OK	 
REQUEST		POST /auth/getToken	1705647776227	1705647776579	OK	 
REQUEST		POST /auth/getToken	1705647776227	1705647776579	OK	 
REQUEST		POST /elasticsearch/insertDoc	1705647776656	1705647776783	OK	 
REQUEST		POST /auth/getToken	1705647776281	1705647776574	OK	 
USER	ServiceTest	START	1705647776977
REQUEST		POST /elasticsearch/insertDoc	1705647776661	1705647776762	OK	 
REQUEST		POST /elasticsearch/insertDoc	1705647776618	1705647776744	OK	 
REQUEST		POST /elasticsearch/insertDoc	1705647776599	1705647776735	OK	 
REQUEST		POST /elasticsearch/insertDoc	1705647776610	1705647776734	OK	 
REQUEST		POST /auth/getToken	1705647776545	1705647776730	OK	 
REQUEST		POST /elasticsearch/insertDoc	1705647776613	1705647776760	OK	 
REQUEST		POST /elasticsearch/insertDoc	1705647776609	1705647776732	OK	 
REQUEST		POST /elasticsearch/insertDoc	1705647776767	1705647776898	OK	 
REQUEST		POST /auth/getToken	1705647776227	1705647776726	OK	 
REQUEST		POST /elasticsearch/insertDoc	1705647776534	1705647776725	OK	 
USER	ServiceTest	START	1705647777065
REQUEST		POST /elasticsearch/insertDoc	1705647776549	1705647776683	OK	 
REQUEST		POST /elasticsearch/insertDoc	1705647776538	1705647776679	OK	 
REQUEST		POST /elasticsearch/insertDoc	1705647776544	1705647776723	OK	 
REQUEST		POST /auth/getToken	1705647776425	1705647776640	OK	 
REQUEST		POST /elasticsearch/insertDoc	1705647776534	1705647776683	OK	 
REQUEST		POST /elasticsearch/insertDoc	1705647776534	1705647776681	OK	 
REQUEST		POST /elasticsearch/insertDoc	1705647776604	1705647776730	OK	 
REQUEST		POST /elasticsearch/insertDoc	1705647776526	1705647776685	OK	 
REQUEST		POST /elasticsearch/insertDoc	1705647776540	1705647776684	OK	 
REQUEST		POST /elasticsearch/insertDoc	1705647776558	1705647776722	OK	 
USER	ServiceTest	START	1705647777167
REQUEST		POST /elasticsearch/insertDoc	1705647776754	1705647776861	OK	 
REQUEST		POST /elasticsearch/insertDoc	1705647776534	1705647776726	OK	 
REQUEST		POST /elasticsearch/insertDoc	1705647776757	1705647776858	OK	 
REQUEST		POST /elasticsearch/insertDoc	1705647776702	1705647776817	OK	 
REQUEST		POST /elasticsearch/insertDoc	1705647776942	1705647777057	OK	 
REQUEST		POST /elasticsearch/insertDoc	1705647776707	1705647776819	OK	 
REQUEST		POST /elasticsearch/insertDoc	1705647776777	1705647776867	OK	 
USER	ServiceTest	START	1705647777270
REQUEST		POST /elasticsearch/insertDoc	1705647776920	1705647777044	OK	 
REQUEST		POST /auth/getToken	1705647777088	1705647777216	OK	 
USER	ServiceTest	START	1705647777366
USER	ServiceTest	START	1705647777500
REQUEST		POST /elasticsearch/insertDoc	1705647776845	1705647776973	OK	 
REQUEST		POST /elasticsearch/insertDoc	1705647776843	1705647776929	OK	 
REQUEST		POST /elasticsearch/insertDoc	1705647776808	1705647776945	OK	 
REQUEST		POST /elasticsearch/insertDoc	1705647776781	1705647776937	OK	 
REQUEST		POST /elasticsearch/insertDoc	1705647776814	1705647776947	OK	 
REQUEST		POST /elasticsearch/insertDoc	1705647776830	1705647776950	OK	 
USER	ServiceTest	START	1705647777627
USER	ServiceTest	START	1705647777665
REQUEST		POST /elasticsearch/insertDoc	1705647776993	1705647777101	OK	 
REQUEST		POST /auth/getToken	1705647776227	1705647777525	OK	 
REQUEST		POST /auth/getToken	1705647776227	1705647777526	OK	 
USER	ServiceTest	START	1705647777755
REQUEST		POST /auth/getToken	1705647777470	1705647777643	OK	 
REQUEST		POST /auth/getToken	1705647776227	1705647777631	OK	 
REQUEST		POST /auth/getToken	1705647777473	1705647777641	OK	 
REQUEST		POST /elasticsearch/insertDoc	1705647777245	1705647777369	OK	 
REQUEST		POST /auth/getToken	1705647777477	1705647777641	OK	 
REQUEST		POST /auth/getToken	1705647776227	1705647777616	OK	 
REQUEST		POST /auth/getToken	1705647776227	1705647777527	OK	 
USER	ServiceTest	START	1705647777859
REQUEST		POST /auth/getToken	1705647777433	1705647777656	OK	 
REQUEST		POST /elasticsearch/insertDoc	1705647777550	1705647777723	OK	 
REQUEST		POST /auth/getToken	1705647776227	1705647777615	OK	 
USER	ServiceTest	START	1705647777951
REQUEST		POST /elasticsearch/insertDoc	1705647777659	1705647777761	OK	 
REQUEST		POST /auth/getToken	1705647777647	1705647777777	OK	 
REQUEST		POST /elasticsearch/insertDoc	1705647777694	1705647777836	OK	 
REQUEST		POST /elasticsearch/insertDoc	1705647777693	1705647777836	OK	 
REQUEST		POST /elasticsearch/insertDoc	1705647777689	1705647777833	OK	 
REQUEST		POST /elasticsearch/insertDoc	1705647777691	1705647777843	OK	 
REQUEST		POST /elasticsearch/insertDoc	1705647777706	1705647777846	OK	 
REQUEST		POST /elasticsearch/insertDoc	1705647777731	1705647777850	OK	 
REQUEST		POST /auth/getToken	1705647777696	1705647777863	OK	 
REQUEST		POST /auth/getToken	1705647777704	1705647777863	OK	 
REQUEST		POST /auth/getToken	1705647777715	1705647777869	OK	 
USER	ServiceTest	START	1705647778046
REQUEST		POST /auth/getToken	1705647777811	1705647777932	OK	 
REQUEST		POST /elasticsearch/insertDoc	1705647777735	1705647777941	OK	 
REQUEST		POST /auth/getToken	1705647777796	1705647777957	OK	 
REQUEST		POST /auth/getToken	1705647777813	1705647777941	OK	 
REQUEST		POST /elasticsearch/insertDoc	1705647777794	1705647777942	OK	 
REQUEST		POST /auth/getToken	1705647777801	1705647777958	OK	 
REQUEST		POST /elasticsearch/insertDoc	1705647777824	1705647777960	OK	 
USER	ServiceTest	START	1705647778146
REQUEST		POST /elasticsearch/insertDoc	1705647777912	1705647778030	OK	 
REQUEST		POST /auth/getToken	1705647777895	1705647778022	OK	 
USER	ServiceTest	START	1705647778247
REQUEST		POST /elasticsearch/insertDoc	1705647777962	1705647778068	OK	 
REQUEST		POST /elasticsearch/insertDoc	1705647777904	1705647778033	OK	 
REQUEST		POST /elasticsearch/insertDoc	1705647777902	1705647778036	OK	 
REQUEST		PATCH /elasticsearch/update	1705647776933	1705647777054	OK	 
REQUEST		PATCH /elasticsearch/update	1705647777022	1705647777136	OK	 
REQUEST		PATCH /elasticsearch/update	1705647776917	1705647777057	OK	 
REQUEST		POST /elasticsearch/insertDoc	1705647777995	1705647778120	OK	 
REQUEST		POST /elasticsearch/insertDoc	1705647777979	1705647778122	OK	 
REQUEST		PATCH /elasticsearch/update	1705647776914	1705647777052	OK	 
REQUEST		PATCH /elasticsearch/update	1705647776893	1705647777015	OK	 
REQUEST		POST /elasticsearch/insertDoc	1705647777995	1705647778124	OK	 
REQUEST		PATCH /elasticsearch/update	1705647776874	1705647777044	OK	 
USER	ServiceTest	START	1705647778364
REQUEST		PATCH /elasticsearch/update	1705647776885	1705647777000	OK	 
REQUEST		POST /elasticsearch/insertDoc	1705647778058	1705647778155	OK	 
REQUEST		POST /elasticsearch/sheet/insertDoc	1705647777106	1705647778270	OK	 
REQUEST		POST /auth/getToken	1705647778088	1705647778219	OK	 
REQUEST		POST /elasticsearch/sheet/insertDoc	1705647777109	1705647778260	OK	 
REQUEST		POST /elasticsearch/sheet/insertDoc	1705647777166	1705647778269	OK	 
REQUEST		POST /elasticsearch/sheet/insertDoc	1705647777191	1705647778344	OK	 
REQUEST		POST /elasticsearch/sheet/insertDoc	1705647777178	1705647778343	OK	 
REQUEST		PATCH /elasticsearch/update	1705647776827	1705647776955	OK	 
REQUEST		PATCH /elasticsearch/update	1705647776833	1705647777002	OK	 
REQUEST		PATCH /elasticsearch/update	1705647776841	1705647776999	OK	 
REQUEST		PATCH /elasticsearch/update	1705647777170	1705647777322	OK	 
REQUEST		PATCH /elasticsearch/workbook/delete	1705647778298	1705647778451	OK	 
USER	ServiceTest	START	1705647778447
USER	ServiceTest	END	1705647778486
REQUEST		PATCH /elasticsearch/update	1705647777130	1705647777264	OK	 
REQUEST		POST /elasticsearch/sheet/insertDoc	1705647777182	1705647778352	OK	 
REQUEST		POST /auth/getToken	1705647777988	1705647778136	OK	 
REQUEST		PATCH /elasticsearch/workbook/delete	1705647778380	1705647778465	OK	 
USER	ServiceTest	END	1705647778499
REQUEST		PATCH /elasticsearch/workbook/delete	1705647778379	1705647778464	OK	 
REQUEST		PATCH /elasticsearch/workbook/delete	1705647778298	1705647778458	OK	 
REQUEST		PATCH /elasticsearch/workbook/delete	1705647778298	1705647778463	OK	 
USER	ServiceTest	END	1705647778501
USER	ServiceTest	END	1705647778502
USER	ServiceTest	END	1705647778504
REQUEST		POST /auth/getToken	1705647778213	1705647778401	OK	 
REQUEST		PATCH /elasticsearch/workbook/delete	1705647778397	1705647778490	OK	 
USER	ServiceTest	END	1705647778526
REQUEST		POST /elasticsearch/sheet/insertDoc	1705647777231	1705647778386	OK	 
REQUEST		PATCH /elasticsearch/workbook/delete	1705647778421	1705647778528	OK	 
REQUEST		POST /auth/getToken	1705647778278	1705647778405	OK	 
USER	ServiceTest	END	1705647778561
USER	ServiceTest	START	1705647778562
REQUEST		POST /elasticsearch/sheet/insertDoc	1705647777284	1705647778470	OK	 
REQUEST		POST /elasticsearch/insertDoc	1705647778253	1705647778454	OK	 
REQUEST		POST /elasticsearch/sheet/insertDoc	1705647777346	1705647778480	OK	 
REQUEST		PATCH /elasticsearch/workbook/delete	1705647778513	1705647778601	OK	 
USER	ServiceTest	END	1705647778624
REQUEST		PATCH /elasticsearch/workbook/delete	1705647778495	1705647778599	OK	 
USER	ServiceTest	END	1705647778639
REQUEST		POST /elasticsearch/insertDoc	1705647778163	1705647778490	OK	 
USER	ServiceTest	START	1705647778648
REQUEST		POST /elasticsearch/sheet/insertDoc	1705647777325	1705647778480	OK	 
REQUEST		POST /elasticsearch/sheet/insertDoc	1705647777341	1705647778490	OK	 
REQUEST		POST /elasticsearch/sheet/insertDoc	1705647777291	1705647778472	OK	 
REQUEST		POST /auth/getToken	1705647778397	1705647778518	OK	 
REQUEST		PATCH /elasticsearch/workbook/delete	1705647778515	1705647778653	OK	 
USER	ServiceTest	END	1705647778679
REQUEST		PATCH /elasticsearch/update	1705647777110	1705647777263	OK	 
REQUEST		PATCH /elasticsearch/update	1705647777125	1705647777264	OK	 
REQUEST		PATCH /elasticsearch/update	1705647777128	1705647777263	OK	 
REQUEST		PATCH /elasticsearch/update	1705647777070	1705647777169	OK	 
REQUEST		PATCH /elasticsearch/update	1705647777084	1705647777186	OK	 
REQUEST		POST /elasticsearch/insertDoc	1705647778435	1705647778556	OK	 
REQUEST		PATCH /elasticsearch/update	1705647777068	1705647777172	OK	 
REQUEST		POST /elasticsearch/insertDoc	1705647778435	1705647778519	OK	 
REQUEST		PATCH /elasticsearch/workbook/delete	1705647778526	1705647778657	OK	 
REQUEST		PATCH /elasticsearch/update	1705647777116	1705647777263	OK	 
REQUEST		PATCH /elasticsearch/update	1705647777128	1705647777265	OK	 
USER	ServiceTest	END	1705647778699
REQUEST		PATCH /elasticsearch/workbook/delete	1705647778512	1705647778655	OK	 
USER	ServiceTest	END	1705647778699
REQUEST		PATCH /elasticsearch/update	1705647777009	1705647777124	OK	 
REQUEST		PATCH /elasticsearch/update	1705647776978	1705647777097	OK	 
REQUEST		PATCH /elasticsearch/update	1705647776980	1705647777097	OK	 
REQUEST		PATCH /elasticsearch/update	1705647776995	1705647777101	OK	 
REQUEST		PATCH /elasticsearch/update	1705647776975	1705647777110	OK	 
REQUEST		PATCH /elasticsearch/update	1705647777014	1705647777124	OK	 
USER	ServiceTest	START	1705647778758
REQUEST		POST /auth/getToken	1705647778512	1705647778633	OK	 
REQUEST		POST /elasticsearch/insertDoc	1705647778543	1705647778662	OK	 
REQUEST		PATCH /elasticsearch/update	1705647777419	1705647777581	OK	 
REQUEST		POST /elasticsearch/sheet/insertDoc	1705647777450	1705647778686	OK	 
REQUEST		POST /auth/getToken	1705647778581	1705647778692	OK	 
REQUEST		POST /elasticsearch/sheet/insertDoc	1705647777434	1705647778696	OK	 
REQUEST		POST /elasticsearch/sheet/insertDoc	1705647777447	1705647778685	OK	 
REQUEST		PATCH /elasticsearch/update	1705647777363	1705647777536	OK	 
REQUEST		POST /elasticsearch/sheet/insertDoc	1705647777459	1705647778692	OK	 
REQUEST		POST /elasticsearch/sheet/insertDoc	1705647777452	1705647778685	OK	 
REQUEST		POST /elasticsearch/sheet/insertDoc	1705647777456	1705647778689	OK	 
REQUEST		POST /elasticsearch/sheet/insertDoc	1705647777463	1705647778695	OK	 
USER	ServiceTest	START	1705647778845
REQUEST		POST /elasticsearch/sheet/insertDoc	1705647777578	1705647778739	OK	 
REQUEST		POST /elasticsearch/sheet/insertDoc	1705647777487	1705647778689	OK	 
REQUEST		POST /elasticsearch/sheet/insertDoc	1705647777626	1705647778743	OK	 
REQUEST		POST /elasticsearch/sheet/insertDoc	1705647777624	1705647778742	OK	 
REQUEST		PATCH /elasticsearch/workbook/delete	1705647778727	1705647778836	OK	 
REQUEST		PATCH /elasticsearch/workbook/delete	1705647778725	1705647778832	OK	 
USER	ServiceTest	END	1705647778862
REQUEST		PATCH /elasticsearch/workbook/delete	1705647778710	1705647778827	OK	 
USER	ServiceTest	END	1705647778863
USER	ServiceTest	END	1705647778863
REQUEST		POST /elasticsearch/sheet/insertDoc	1705647777583	1705647778741	OK	 
REQUEST		POST /elasticsearch/sheet/insertDoc	1705647777586	1705647778742	OK	 
REQUEST		PATCH /elasticsearch/workbook/delete	1705647778731	1705647778841	OK	 
REQUEST		PATCH /elasticsearch/workbook/delete	1705647778732	1705647778842	OK	 
REQUEST		PATCH /elasticsearch/workbook/delete	1705647778730	1705647778840	OK	 
USER	ServiceTest	END	1705647778880
REQUEST		PATCH /elasticsearch/workbook/delete	1705647778712	1705647778842	OK	 
USER	ServiceTest	END	1705647778881
USER	ServiceTest	END	1705647778881
REQUEST		PATCH /elasticsearch/workbook/delete	1705647778776	1705647778850	OK	 
REQUEST		PATCH /elasticsearch/workbook/delete	1705647778727	1705647778850	OK	 
USER	ServiceTest	END	1705647778882
USER	ServiceTest	END	1705647778882
REQUEST		PATCH /elasticsearch/workbook/delete	1705647778777	1705647778850	OK	 
USER	ServiceTest	END	1705647778882
USER	ServiceTest	END	1705647778884
REQUEST		PATCH /elasticsearch/workbook/delete	1705647778782	1705647778856	OK	 
REQUEST		PATCH /elasticsearch/workbook/delete	1705647778781	1705647778864	OK	 
USER	ServiceTest	END	1705647778893
USER	ServiceTest	END	1705647778893
REQUEST		POST /elasticsearch/sheet/insertDoc	1705647777547	1705647778741	OK	 
REQUEST		POST /elasticsearch/insertDoc	1705647778667	1705647778783	OK	 
REQUEST		PATCH /elasticsearch/workbook/delete	1705647778781	1705647778871	OK	 
USER	ServiceTest	END	1705647778908
REQUEST		PATCH /elasticsearch/workbook/delete	1705647778774	1705647778894	OK	 
USER	ServiceTest	END	1705647778925
REQUEST		PATCH /elasticsearch/update	1705647777415	1705647777581	OK	 
REQUEST		POST /auth/getToken	1705647778683	1705647778813	OK	 
REQUEST		PATCH /elasticsearch/update	1705647777295	1705647777530	OK	 
REQUEST		POST /elasticsearch/sheet/insertDoc	1705647777716	1705647778827	OK	 
REQUEST		PATCH /elasticsearch/update	1705647777365	1705647777536	OK	 
REQUEST		PATCH /elasticsearch/update	1705647777376	1705647777534	OK	 
USER	ServiceTest	START	1705647778957
REQUEST		PATCH /elasticsearch/workbook/delete	1705647778851	1705647778935	OK	 
REQUEST		POST /elasticsearch/sheet/insertDoc	1705647777731	1705647778840	OK	 
USER	ServiceTest	END	1705647778972
REQUEST		POST /elasticsearch/insertDoc	1705647778716	1705647778829	OK	 
REQUEST		POST /auth/getToken	1705647778779	1705647778868	OK	 
REQUEST		PATCH /elasticsearch/workbook/delete	1705647778879	1705647778969	OK	 
USER	ServiceTest	END	1705647779000
REQUEST		PATCH /elasticsearch/update	1705647777544	1705647777724	OK	 
REQUEST		PATCH /elasticsearch/update	1705647777676	1705647777836	OK	 
REQUEST		POST /elasticsearch/sheet/insertDoc	1705647777739	1705647778932	OK	 
USER	ServiceTest	START	1705647779046
REQUEST		POST /elasticsearch/sheet/insertDoc	1705647777738	1705647778942	OK	 
REQUEST		POST /auth/getToken	1705647778861	1705647778955	OK	 
REQUEST		PATCH /elasticsearch/workbook/delete	1705647778973	1705647779036	OK	 
USER	ServiceTest	END	1705647779064
REQUEST		PATCH /elasticsearch/workbook/delete	1705647778974	1705647779056	OK	 
USER	ServiceTest	END	1705647779092
REQUEST		POST /elasticsearch/sheet/insertDoc	1705647777733	1705647778928	OK	 
REQUEST		POST /elasticsearch/sheet/insertDoc	1705647777741	1705647778935	OK	 
REQUEST		POST /elasticsearch/insertDoc	1705647778848	1705647778933	OK	 
REQUEST		POST /elasticsearch/insertDoc	1705647778893	1705647778988	OK	 
REQUEST		PATCH /elasticsearch/update	1705647777827	1705647777957	OK	 
REQUEST		PATCH /elasticsearch/update	1705647777812	1705647777944	OK	 
REQUEST		PATCH /elasticsearch/workbook/delete	1705647778976	1705647779115	OK	 
REQUEST		PATCH /elasticsearch/workbook/delete	1705647778956	1705647779115	OK	 
USER	ServiceTest	END	1705647779139
USER	ServiceTest	END	1705647779140
REQUEST		POST /elasticsearch/sheet/insertDoc	1705647777893	1705647779016	OK	 
USER	ServiceTest	START	1705647779158
REQUEST		POST /elasticsearch/sheet/insertDoc	1705647777816	1705647779016	OK	 
REQUEST		PATCH /elasticsearch/workbook/delete	1705647779047	1705647779152	OK	 
USER	ServiceTest	END	1705647779186
REQUEST		POST /auth/getToken	1705647778970	1705647779056	OK	 
REQUEST		POST /elasticsearch/insertDoc	1705647778986	1705647779060	OK	 
REQUEST		PATCH /elasticsearch/workbook/delete	1705647779049	1705647779172	OK	 
USER	ServiceTest	END	1705647779204
REQUEST		PATCH /elasticsearch/update	1705647777878	1705647778029	OK	 
REQUEST		PATCH /elasticsearch/update	1705647777883	1705647778028	OK	 
REQUEST		PATCH /elasticsearch/update	1705647777877	1705647778023	OK	 
REQUEST		PATCH /elasticsearch/update	1705647777887	1705647778029	OK	 
REQUEST		PATCH /elasticsearch/update	1705647777892	1705647778022	OK	 
USER	ServiceTest	START	1705647779251
REQUEST		PATCH /elasticsearch/update	1705647777894	1705647778031	OK	 
REQUEST		POST /elasticsearch/sheet/insertDoc	1705647777994	1705647779119	OK	 
REQUEST		POST /elasticsearch/sheet/insertDoc	1705647777984	1705647779122	OK	 
REQUEST		PATCH /elasticsearch/update	1705647777978	1705647778106	OK	 
REQUEST		PATCH /elasticsearch/update	1705647777992	1705647778125	OK	 
REQUEST		PATCH /elasticsearch/workbook/delete	1705647779157	1705647779297	OK	 
REQUEST		PATCH /elasticsearch/workbook/delete	1705647779160	1705647779297	OK	 
USER	ServiceTest	END	1705647779325
USER	ServiceTest	END	1705647779328
USER	ServiceTest	START	1705647779355
REQUEST		PATCH /elasticsearch/update	1705647777983	1705647778123	OK	 
REQUEST		POST /elasticsearch/insertDoc	1705647779093	1705647779199	OK	 
REQUEST		POST /auth/getToken	1705647779059	1705647779200	OK	 
REQUEST		POST /elasticsearch/sheet/insertDoc	1705647778064	1705647779241	OK	 
REQUEST		POST /elasticsearch/sheet/insertDoc	1705647778064	1705647779240	OK	 
REQUEST		POST /elasticsearch/sheet/insertDoc	1705647778091	1705647779244	OK	 
REQUEST		PATCH /elasticsearch/workbook/delete	1705647779281	1705647779374	OK	 
USER	ServiceTest	END	1705647779407
REQUEST		PATCH /elasticsearch/workbook/delete	1705647779272	1705647779373	OK	 
USER	ServiceTest	END	1705647779412
REQUEST		PATCH /elasticsearch/workbook/delete	1705647779283	1705647779402	OK	 
USER	ServiceTest	END	1705647779433
REQUEST		POST /elasticsearch/sheet/insertDoc	1705647778062	1705647779242	OK	 
REQUEST		POST /elasticsearch/sheet/insertDoc	1705647778094	1705647779241	OK	 
REQUEST		PATCH /elasticsearch/update	1705647778060	1705647778155	OK	 
REQUEST		PATCH /elasticsearch/update	1705647778108	1705647778257	OK	 
REQUEST		POST /elasticsearch/sheet/insertDoc	1705647778130	1705647779294	OK	 
REQUEST		POST /auth/getToken	1705647779176	1705647779321	OK	 
REQUEST		PATCH /elasticsearch/update	1705647778146	1705647778269	OK	 
REQUEST		POST /elasticsearch/sheet/insertDoc	1705647778061	1705647779291	OK	 
REQUEST		POST /elasticsearch/sheet/insertDoc	1705647778205	1705647779314	OK	 
REQUEST		PATCH /elasticsearch/update	1705647778114	1705647778257	OK	 
REQUEST		PATCH /elasticsearch/update	1705647778100	1705647778255	OK	 
USER	ServiceTest	START	1705647779456
REQUEST		PATCH /elasticsearch/update	1705647778167	1705647778335	OK	 
REQUEST		PATCH /elasticsearch/workbook/delete	1705647779330	1705647779451	OK	 
REQUEST		PATCH /elasticsearch/workbook/delete	1705647779327	1705647779447	OK	 
REQUEST		PATCH /elasticsearch/workbook/delete	1705647779341	1705647779452	OK	 
USER	ServiceTest	END	1705647779480
REQUEST		PATCH /elasticsearch/workbook/delete	1705647779283	1705647779443	OK	 
USER	ServiceTest	END	1705647779481
USER	ServiceTest	END	1705647779483
USER	ServiceTest	END	1705647779483
REQUEST		PATCH /elasticsearch/workbook/delete	1705647779281	1705647779442	OK	 
USER	ServiceTest	END	1705647779484
REQUEST		POST /elasticsearch/insertDoc	1705647779233	1705647779372	OK	 
REQUEST		POST /auth/getToken	1705647779267	1705647779399	OK	 
REQUEST		PATCH /elasticsearch/update	1705647778201	1705647778351	OK	 
REQUEST		POST /elasticsearch/sheet/insertDoc	1705647778201	1705647779367	OK	 
REQUEST		PATCH /elasticsearch/workbook/delete	1705647779412	1705647779528	OK	 
USER	ServiceTest	END	1705647779558
USER	ServiceTest	START	1705647779558
REQUEST		POST /elasticsearch/sheet/insertDoc	1705647778211	1705647779444	OK	 
REQUEST		PATCH /elasticsearch/workbook/delete	1705647779469	1705647779575	OK	 
USER	ServiceTest	END	1705647779604
REQUEST		POST /elasticsearch/sheet/insertDoc	1705647778284	1705647779452	OK	 
REQUEST		PATCH /elasticsearch/update	1705647778209	1705647778414	OK	 
REQUEST		POST /elasticsearch/insertDoc	1705647779357	1705647779449	OK	 
REQUEST		POST /elasticsearch/sheet/insertDoc	1705647778284	1705647779455	OK	 
REQUEST		POST /elasticsearch/sheet/insertDoc	1705647778282	1705647779444	OK	 
REQUEST		POST /elasticsearch/sheet/insertDoc	1705647778362	1705647779465	OK	 
REQUEST		POST /elasticsearch/sheet/insertDoc	1705647778299	1705647779450	OK	 
REQUEST		PATCH /elasticsearch/workbook/delete	1705647779485	1705647779617	OK	 
USER	ServiceTest	END	1705647779650
REQUEST		PATCH /elasticsearch/workbook/delete	1705647779482	1705647779623	OK	 
REQUEST		PATCH /elasticsearch/workbook/delete	1705647779495	1705647779622	OK	 
USER	ServiceTest	END	1705647779651
USER	ServiceTest	END	1705647779651
REQUEST		PATCH /elasticsearch/workbook/delete	1705647779486	1705647779622	OK	 
USER	ServiceTest	END	1705647779652
REQUEST		PATCH /elasticsearch/workbook/delete	1705647779484	1705647779622	OK	 
USER	ServiceTest	END	1705647779653
USER	ServiceTest	START	1705647779654
REQUEST		POST /elasticsearch/sheet/insertDoc	1705647778393	1705647779526	OK	 
REQUEST		POST /elasticsearch/insertDoc	1705647779434	1705647779526	OK	 
REQUEST		POST /auth/getToken	1705647779377	1705647779524	OK	 
REQUEST		PATCH /elasticsearch/workbook/delete	1705647779560	1705647779666	OK	 
USER	ServiceTest	END	1705647779698
REQUEST		PATCH /elasticsearch/update	1705647778485	1705647778599	OK	 
REQUEST		POST /elasticsearch/sheet/insertDoc	1705647778477	1705647779619	OK	 
USER	ServiceTest	START	1705647779758
REQUEST		PATCH /elasticsearch/workbook/delete	1705647779655	1705647779752	OK	 
USER	ServiceTest	END	1705647779789
REQUEST		POST /elasticsearch/insertDoc	1705647779558	1705647779669	OK	 
REQUEST		POST /auth/getToken	1705647779582	1705647779689	OK	 
REQUEST		POST /auth/getToken	1705647779478	1705647779635	OK	 
REQUEST		POST /elasticsearch/sheet/insertDoc	1705647778634	1705647779734	OK	 
REQUEST		PATCH /elasticsearch/update	1705647778562	1705647778693	OK	 
USER	ServiceTest	START	1705647779851
REQUEST		PATCH /elasticsearch/workbook/delete	1705647779760	1705647779838	OK	 
USER	ServiceTest	END	1705647779859
REQUEST		PATCH /elasticsearch/update	1705647778528	1705647778641	OK	 
REQUEST		PATCH /elasticsearch/update	1705647778589	1705647778691	OK	 
USER	ServiceTest	START	1705647779959
REQUEST		POST /elasticsearch/insertDoc	1705647779684	1705647779805	OK	 
REQUEST		POST /auth/getToken	1705647779690	1705647779790	OK	 
REQUEST		PATCH /elasticsearch/update	1705647778701	1705647778812	OK	 
REQUEST		POST /elasticsearch/insertDoc	1705647779713	1705647779805	OK	 
REQUEST		POST /elasticsearch/sheet/insertDoc	1705647778716	1705647779837	OK	 
REQUEST		PATCH /elasticsearch/workbook/delete	1705647779868	1705647779968	OK	 
USER	ServiceTest	END	1705647780004
USER	ServiceTest	START	1705647780050
REQUEST		PATCH /elasticsearch/update	1705647778819	1705647778900	OK	 
REQUEST		POST /auth/getToken	1705647779767	1705647779891	OK	 
REQUEST		POST /elasticsearch/sheet/insertDoc	1705647778847	1705647779966	OK	 
REQUEST		POST /elasticsearch/sheet/insertDoc	1705647778667	1705647779912	OK	 
REQUEST		PATCH /elasticsearch/update	1705647778863	1705647778976	OK	 
REQUEST		POST /elasticsearch/sheet/insertDoc	1705647778713	1705647779912	OK	 
REQUEST		PATCH /elasticsearch/workbook/delete	1705647779944	1705647780131	OK	 
REQUEST		PATCH /elasticsearch/workbook/delete	1705647779944	1705647780131	OK	 
USER	ServiceTest	END	1705647780159
USER	ServiceTest	END	1705647780160
REQUEST		PATCH /elasticsearch/workbook/delete	1705647779990	1705647780123	OK	 
USER	ServiceTest	END	1705647780162
USER	ServiceTest	START	1705647780160
REQUEST		POST /elasticsearch/insertDoc	1705647779822	1705647779964	OK	 
REQUEST		POST /auth/getToken	1705647779873	1705647780081	OK	 
REQUEST		POST /elasticsearch/sheet/insertDoc	1705647778926	1705647780084	OK	 
REQUEST		POST /auth/getToken	1705647779974	1705647780132	OK	 
REQUEST		PATCH /elasticsearch/workbook/delete	1705647780113	1705647780217	OK	 
USER	ServiceTest	END	1705647780252
USER	ServiceTest	START	1705647780251
REQUEST		POST /elasticsearch/sheet/insertDoc	1705647779002	1705647780131	OK	 
REQUEST		POST /elasticsearch/insertDoc	1705647779932	1705647780114	OK	 
REQUEST		POST /auth/getToken	1705647780064	1705647780141	OK	 
REQUEST		PATCH /elasticsearch/update	1705647778974	1705647779117	OK	 
REQUEST		PATCH /elasticsearch/workbook/delete	1705647780160	1705647780268	OK	 
USER	ServiceTest	END	1705647780303
REQUEST		PATCH /elasticsearch/update	1705647779022	1705647779118	OK	 
REQUEST		POST /elasticsearch/insertDoc	1705647780113	1705647780189	OK	 
USER	ServiceTest	START	1705647780360
REQUEST		POST /elasticsearch/sheet/insertDoc	1705647779141	1705647780275	OK	 
REQUEST		PATCH /elasticsearch/update	1705647779094	1705647779199	OK	 
REQUEST		POST /elasticsearch/insertDoc	1705647780176	1705647780274	OK	 
REQUEST		POST /auth/getToken	1705647780173	1705647780268	OK	 
REQUEST		POST /elasticsearch/insertDoc	1705647780160	1705647780232	OK	 
REQUEST		PATCH /elasticsearch/workbook/delete	1705647780300	1705647780376	OK	 
USER	ServiceTest	END	1705647780406
REQUEST		POST /elasticsearch/sheet/insertDoc	1705647779157	1705647780307	OK	 
USER	ServiceTest	START	1705647780453
REQUEST		PATCH /elasticsearch/workbook/delete	1705647780331	1705647780440	OK	 
USER	ServiceTest	END	1705647780469
REQUEST		POST /elasticsearch/sheet/insertDoc	1705647779233	1705647780382	OK	 
REQUEST		POST /auth/getToken	1705647780288	1705647780394	OK	 
REQUEST		POST /elasticsearch/insertDoc	1705647780301	1705647780395	OK	 
REQUEST		PATCH /elasticsearch/update	1705647779233	1705647779372	OK	 
REQUEST		PATCH /elasticsearch/workbook/delete	1705647780407	1705647780519	OK	 
USER	ServiceTest	END	1705647780550
USER	ServiceTest	START	1705647780561
REQUEST		POST /auth/getToken	1705647780378	1705647780461	OK	 
USER	ServiceTest	START	1705647780654
REQUEST		PATCH /elasticsearch/update	1705647779409	1705647779522	OK	 
REQUEST		POST /elasticsearch/sheet/insertDoc	1705647779414	1705647780532	OK	 
REQUEST		POST /elasticsearch/insertDoc	1705647780485	1705647780564	OK	 
REQUEST		POST /auth/getToken	1705647780467	1705647780546	OK	 
REQUEST		POST /elasticsearch/insertDoc	1705647780425	1705647780519	OK	 
REQUEST		PATCH /elasticsearch/workbook/delete	1705647780563	1705647780676	OK	 
USER	ServiceTest	END	1705647780702
USER	ServiceTest	START	1705647780747
REQUEST		PATCH /elasticsearch/update	1705647779472	1705647779623	OK	 
REQUEST		POST /elasticsearch/sheet/insertDoc	1705647779558	1705647780660	OK	 
REQUEST		POST /auth/getToken	1705647780572	1705647780659	OK	 
REQUEST		PATCH /elasticsearch/update	1705647779558	1705647779667	OK	 
REQUEST		PATCH /elasticsearch/workbook/delete	1705647780689	1705647780774	OK	 
USER	ServiceTest	END	1705647780811
REQUEST		POST /elasticsearch/insertDoc	1705647780580	1705647780681	OK	 
REQUEST		POST /auth/getToken	1705647780663	1705647780741	OK	 
USER	ServiceTest	START	1705647780855
REQUEST		POST /elasticsearch/insertDoc	1705647780690	1705647780774	OK	 
REQUEST		POST /elasticsearch/sheet/insertDoc	1705647779651	1705647780774	OK	 
REQUEST		POST /elasticsearch/sheet/insertDoc	1705647779698	1705647780805	OK	 
REQUEST		PATCH /elasticsearch/workbook/delete	1705647780810	1705647780924	OK	 
USER	ServiceTest	END	1705647780946
USER	ServiceTest	START	1705647780946
REQUEST		PATCH /elasticsearch/update	1705647779697	1705647779792	OK	 
REQUEST		PATCH /elasticsearch/workbook/delete	1705647780839	1705647780927	OK	 
USER	ServiceTest	END	1705647780965
REQUEST		POST /elasticsearch/insertDoc	1705647780780	1705647780850	OK	 
REQUEST		POST /auth/getToken	1705647780771	1705647780850	OK	 
USER	ServiceTest	START	1705647781055
REQUEST		POST /elasticsearch/sheet/insertDoc	1705647779822	1705647780955	OK	 
REQUEST		PATCH /elasticsearch/workbook/delete	1705647780979	1705647781113	OK	 
USER	ServiceTest	END	1705647781147
USER	ServiceTest	START	1705647781147
REQUEST		POST /elasticsearch/insertDoc	1705647780889	1705647781055	OK	 
REQUEST		POST /auth/getToken	1705647780876	1705647781021	OK	 
REQUEST		PATCH /elasticsearch/update	1705647779838	1705647779965	OK	 
REQUEST		PATCH /elasticsearch/update	1705647779838	1705647779967	OK	 
REQUEST		POST /auth/getToken	1705647780964	1705647781112	OK	 
USER	ServiceTest	START	1705647781253
REQUEST		POST /elasticsearch/sheet/insertDoc	1705647779995	1705647781200	OK	 
REQUEST		POST /elasticsearch/insertDoc	1705647781057	1705647781194	OK	 
REQUEST		POST /elasticsearch/sheet/insertDoc	1705647779993	1705647781199	OK	 
REQUEST		PATCH /elasticsearch/update	1705647779996	1705647780182	OK	 
REQUEST		PATCH /elasticsearch/workbook/delete	1705647781224	1705647781297	OK	 
REQUEST		POST /elasticsearch/insertDoc	1705647781148	1705647781213	OK	 
USER	ServiceTest	END	1705647781332
USER	ServiceTest	START	1705647781347
REQUEST		PATCH /elasticsearch/workbook/delete	1705647781240	1705647781326	OK	 
USER	ServiceTest	END	1705647781363
REQUEST		POST /auth/getToken	1705647781109	1705647781220	OK	 
REQUEST		POST /auth/getToken	1705647781161	1705647781238	OK	 
REQUEST		PATCH /elasticsearch/update	1705647780145	1705647780271	OK	 
USER	ServiceTest	START	1705647781455
REQUEST		PATCH /elasticsearch/update	1705647780300	1705647780393	OK	 
REQUEST		PATCH /elasticsearch/update	1705647780280	1705647780393	OK	 
REQUEST		PATCH /elasticsearch/update	1705647780222	1705647780343	OK	 
REQUEST		POST /elasticsearch/sheet/insertDoc	1705647780207	1705647781328	OK	 
REQUEST		POST /elasticsearch/insertDoc	1705647781255	1705647781377	OK	 
REQUEST		POST /auth/getToken	1705647781263	1705647781377	OK	 
REQUEST		POST /elasticsearch/insertDoc	1705647781270	1705647781379	OK	 
USER	ServiceTest	START	1705647781547
REQUEST		POST /elasticsearch/sheet/insertDoc	1705647780303	1705647781422	OK	 
REQUEST		PATCH /elasticsearch/workbook/delete	1705647781363	1705647781534	OK	 
USER	ServiceTest	END	1705647781564
REQUEST		PATCH /elasticsearch/workbook/delete	1705647781457	1705647781562	OK	 
USER	ServiceTest	END	1705647781596
REQUEST		POST /auth/getToken	1705647781357	1705647781495	OK	 
USER	ServiceTest	START	1705647781671
REQUEST		POST /elasticsearch/sheet/insertDoc	1705647780425	1705647781529	OK	 
REQUEST		POST /elasticsearch/sheet/insertDoc	1705647780381	1705647781530	OK	 
REQUEST		PATCH /elasticsearch/workbook/delete	1705647781566	1705647781675	OK	 
REQUEST		PATCH /elasticsearch/workbook/delete	1705647781563	1705647781675	OK	 
USER	ServiceTest	END	1705647781703
USER	ServiceTest	END	1705647781703
USER	ServiceTest	START	1705647781749
REQUEST		PATCH /elasticsearch/update	1705647780424	1705647780522	OK	 
REQUEST		POST /elasticsearch/insertDoc	1705647781410	1705647781548	OK	 
REQUEST		POST /elasticsearch/sheet/insertDoc	1705647780424	1705647781529	OK	 
REQUEST		POST /elasticsearch/insertDoc	1705647781518	1705647781602	OK	 
REQUEST		POST /auth/getToken	1705647781474	1705647781566	OK	 
REQUEST		PATCH /elasticsearch/workbook/delete	1705647781566	1705647781776	OK	 
USER	ServiceTest	END	1705647781811
REQUEST		PATCH /elasticsearch/update	1705647780550	1705647780682	OK	 
REQUEST		PATCH /elasticsearch/update	1705647780593	1705647780676	OK	 
USER	ServiceTest	START	1705647781857
REQUEST		POST /auth/getToken	1705647781560	1705647781776	OK	 
REQUEST		POST /elasticsearch/sheet/insertDoc	1705647780549	1705647781776	OK	 
REQUEST		POST /elasticsearch/insertDoc	1705647781597	1705647781777	OK	 
REQUEST		PATCH /elasticsearch/workbook/delete	1705647781814	1705647781902	OK	 
USER	ServiceTest	END	1705647781935
USER	ServiceTest	START	1705647781949
REQUEST		POST /elasticsearch/sheet/insertDoc	1705647780703	1705647781845	OK	 
REQUEST		PATCH /elasticsearch/workbook/delete	1705647781874	1705647781953	OK	 
USER	ServiceTest	END	1705647781980
REQUEST		POST /elasticsearch/sheet/insertDoc	1705647780719	1705647781843	OK	 
REQUEST		PATCH /elasticsearch/update	1705647780704	1705647780812	OK	 
USER	ServiceTest	START	1705647782059
REQUEST		PATCH /elasticsearch/update	1705647780810	1705647780886	OK	 
REQUEST		PATCH /elasticsearch/workbook/delete	1705647781874	1705647782061	OK	 
USER	ServiceTest	END	1705647782094
REQUEST		POST /auth/getToken	1705647781679	1705647781888	OK	 
REQUEST		POST /auth/getToken	1705647781762	1705647781888	OK	 
REQUEST		POST /elasticsearch/insertDoc	1705647781812	1705647781898	OK	 
USER	ServiceTest	START	1705647782153
REQUEST		PATCH /elasticsearch/update	1705647780872	1705647780982	OK	 
REQUEST		POST /elasticsearch/sheet/insertDoc	1705647780839	1705647782061	OK	 
REQUEST		POST /auth/getToken	1705647781864	1705647782060	OK	 
REQUEST		PATCH /elasticsearch/workbook/delete	1705647782094	1705647782203	OK	 
USER	ServiceTest	END	1705647782231
REQUEST		POST /elasticsearch/insertDoc	1705647781921	1705647782110	OK	 
REQUEST		POST /elasticsearch/sheet/insertDoc	1705647780916	1705647782091	OK	 
REQUEST		POST /elasticsearch/insertDoc	1705647781921	1705647782110	OK	 
USER	ServiceTest	START	1705647782245
REQUEST		PATCH /elasticsearch/workbook/delete	1705647782124	1705647782234	OK	 
USER	ServiceTest	END	1705647782263
REQUEST		POST /auth/getToken	1705647781969	1705647782162	OK	 
REQUEST		POST /auth/getToken	1705647782070	1705647782189	OK	 
REQUEST		POST /elasticsearch/sheet/insertDoc	1705647781010	1705647782203	OK	 
REQUEST		PATCH /elasticsearch/update	1705647781100	1705647781194	OK	 
REQUEST		POST /elasticsearch/insertDoc	1705647782094	1705647782203	OK	 
REQUEST		PATCH /elasticsearch/workbook/delete	1705647782227	1705647782316	OK	 
USER	ServiceTest	END	1705647782337
USER	ServiceTest	START	1705647782354
REQUEST		POST /auth/getToken	1705647782168	1705647782258	OK	 
REQUEST		POST /elasticsearch/insertDoc	1705647782201	1705647782282	OK	 
REQUEST		POST /elasticsearch/insertDoc	1705647782216	1705647782288	OK	 
USER	ServiceTest	START	1705647782453
REQUEST		POST /elasticsearch/sheet/insertDoc	1705647781226	1705647782316	OK	 
REQUEST		POST /elasticsearch/insertDoc	1705647782293	1705647782385	OK	 
REQUEST		PATCH /elasticsearch/workbook/delete	1705647782340	1705647782478	OK	 
USER	ServiceTest	END	1705647782508
REQUEST		PATCH /elasticsearch/update	1705647781224	1705647781302	OK	 
REQUEST		PATCH /elasticsearch/update	1705647781242	1705647781332	OK	 
REQUEST		POST /auth/getToken	1705647782265	1705647782448	OK	 
USER	ServiceTest	START	1705647782553
REQUEST		POST /elasticsearch/sheet/insertDoc	1705647781335	1705647782510	OK	 
REQUEST		POST /auth/getToken	1705647782373	1705647782510	OK	 
REQUEST		PATCH /elasticsearch/workbook/delete	1705647782540	1705647782625	OK	 
USER	ServiceTest	END	1705647782647
REQUEST		PATCH /elasticsearch/update	1705647781409	1705647781547	OK	 
REQUEST		PATCH /elasticsearch/update	1705647781409	1705647781547	OK	 
REQUEST		POST /elasticsearch/sheet/insertDoc	1705647781365	1705647782545	OK	 
REQUEST		POST /elasticsearch/insertDoc	1705647782473	1705647782552	OK	 
REQUEST		PATCH /elasticsearch/workbook/delete	1705647782585	1705647782758	OK	 
USER	ServiceTest	END	1705647782787
REQUEST		POST /auth/getToken	1705647782473	1705647782589	OK	 
REQUEST		POST /elasticsearch/insertDoc	1705647782540	1705647782626	OK	 
REQUEST		POST /auth/getToken	1705647782577	1705647782756	OK	 
REQUEST		POST /elasticsearch/sheet/insertDoc	1705647781579	1705647782756	OK	 
REQUEST		POST /elasticsearch/sheet/insertDoc	1705647781581	1705647782758	OK	 
REQUEST		PATCH /elasticsearch/update	1705647781626	1705647781777	OK	 
REQUEST		PATCH /elasticsearch/workbook/delete	1705647782791	1705647782880	OK	 
USER	ServiceTest	END	1705647782911
REQUEST		PATCH /elasticsearch/update	1705647781579	1705647781776	OK	 
REQUEST		POST /elasticsearch/insertDoc	1705647782617	1705647782808	OK	 
REQUEST		PATCH /elasticsearch/workbook/delete	1705647782789	1705647782905	OK	 
USER	ServiceTest	END	1705647782943
REQUEST		POST /elasticsearch/sheet/insertDoc	1705647781814	1705647782916	OK	 
REQUEST		POST /elasticsearch/insertDoc	1705647782789	1705647782880	OK	 
REQUEST		PATCH /elasticsearch/workbook/delete	1705647782944	1705647783044	OK	 
USER	ServiceTest	END	1705647783067
REQUEST		POST /elasticsearch/sheet/insertDoc	1705647781812	1705647782909	OK	 
REQUEST		PATCH /elasticsearch/workbook/delete	1705647782944	1705647783083	OK	 
USER	ServiceTest	END	1705647783114
REQUEST		PATCH /elasticsearch/update	1705647781815	1705647781907	OK	 
REQUEST		PATCH /elasticsearch/update	1705647781936	1705647782129	OK	 
REQUEST		POST /elasticsearch/sheet/insertDoc	1705647781937	1705647783175	OK	 
REQUEST		PATCH /elasticsearch/workbook/delete	1705647783207	1705647783304	OK	 
USER	ServiceTest	END	1705647783332
REQUEST		PATCH /elasticsearch/update	1705647782141	1705647782234	OK	 
REQUEST		POST /elasticsearch/sheet/insertDoc	1705647782155	1705647783261	OK	 
REQUEST		PATCH /elasticsearch/update	1705647782139	1705647782235	OK	 
REQUEST		PATCH /elasticsearch/workbook/delete	1705647783287	1705647783393	OK	 
USER	ServiceTest	END	1705647783426
REQUEST		POST /elasticsearch/sheet/insertDoc	1705647782267	1705647783393	OK	 
REQUEST		PATCH /elasticsearch/update	1705647782232	1705647782333	OK	 
REQUEST		POST /elasticsearch/sheet/insertDoc	1705647782256	1705647783393	OK	 
REQUEST		PATCH /elasticsearch/workbook/delete	1705647783427	1705647783520	OK	 
USER	ServiceTest	END	1705647783549
REQUEST		PATCH /elasticsearch/workbook/delete	1705647783427	1705647783538	OK	 
USER	ServiceTest	END	1705647783565
REQUEST		PATCH /elasticsearch/update	1705647782324	1705647782448	OK	 
REQUEST		PATCH /elasticsearch/update	1705647782309	1705647782448	OK	 
REQUEST		PATCH /elasticsearch/update	1705647782416	1705647782503	OK	 
REQUEST		POST /elasticsearch/sheet/insertDoc	1705647782373	1705647783538	OK	 
REQUEST		PATCH /elasticsearch/workbook/delete	1705647783566	1705647783671	OK	 
USER	ServiceTest	END	1705647783705
REQUEST		POST /elasticsearch/sheet/insertDoc	1705647782472	1705647783635	OK	 
REQUEST		PATCH /elasticsearch/workbook/delete	1705647783660	1705647783764	OK	 
USER	ServiceTest	END	1705647783799
REQUEST		POST /elasticsearch/sheet/insertDoc	1705647782479	1705647783640	OK	 
REQUEST		POST /elasticsearch/sheet/insertDoc	1705647782540	1705647783642	OK	 
REQUEST		PATCH /elasticsearch/workbook/delete	1705647783674	1705647783805	OK	 
REQUEST		PATCH /elasticsearch/workbook/delete	1705647783674	1705647783803	OK	 
USER	ServiceTest	END	1705647783830
USER	ServiceTest	END	1705647783830
REQUEST		PATCH /elasticsearch/update	1705647782586	1705647782759	OK	 
REQUEST		PATCH /elasticsearch/update	1705647782664	1705647782808	OK	 
REQUEST		POST /elasticsearch/sheet/insertDoc	1705647782789	1705647783900	OK	 
REQUEST		PATCH /elasticsearch/update	1705647782835	1705647782919	OK	 
REQUEST		PATCH /elasticsearch/workbook/delete	1705647783924	1705647784007	OK	 
USER	ServiceTest	END	1705647784032
REQUEST		POST /elasticsearch/sheet/insertDoc	1705647782850	1705647783929	OK	 
REQUEST		PATCH /elasticsearch/workbook/delete	1705647783956	1705647784050	OK	 
USER	ServiceTest	END	1705647784078
REQUEST		POST /elasticsearch/sheet/insertDoc	1705647782944	1705647784028	OK	 
REQUEST		PATCH /elasticsearch/update	1705647782913	1705647783044	OK	 
REQUEST		PATCH /elasticsearch/workbook/delete	1705647784065	1705647784210	OK	 
USER	ServiceTest	END	1705647784233
REQUEST		POST /elasticsearch/sheet/insertDoc	1705647783068	1705647784226	OK	 
REQUEST		PATCH /elasticsearch/workbook/delete	1705647784265	1705647784406	OK	 
USER	ServiceTest	END	1705647784434
