RUN	Runner.TDG_UKAF_demo	tdg-ukaf-demo	1707211989873	 	3.7.4
USER	ServiceTest	START	1707211990543
USER	ServiceTest	START	1707211990447
USER	ServiceTest	START	1707211990232
USER	ServiceTest	START	1707211990238
USER	ServiceTest	START	1707211990753
USER	ServiceTest	START	1707211990206
USER	ServiceTest	START	1707211990656
USER	ServiceTest	START	1707211990360
USER	ServiceTest	START	1707211991785
USER	ServiceTest	START	1707211991786
USER	ServiceTest	START	1707211991795
USER	ServiceTest	START	1707211991785
USER	ServiceTest	START	1707211991786
USER	ServiceTest	START	1707211991785
USER	ServiceTest	START	1707211991786
USER	ServiceTest	START	1707211991785
USER	ServiceTest	START	1707211991785
USER	ServiceTest	START	1707211991833
USER	ServiceTest	START	1707211991870
USER	ServiceTest	START	1707211992053
USER	ServiceTest	START	1707211992233
USER	ServiceTest	START	1707211992274
USER	ServiceTest	START	1707211992274
USER	ServiceTest	START	1707211992338
USER	ServiceTest	START	1707211992431
USER	ServiceTest	START	1707211992539
USER	ServiceTest	START	1707211992629
USER	ServiceTest	START	1707211992752
USER	ServiceTest	START	1707211992874
USER	ServiceTest	START	1707211992949
USER	ServiceTest	START	1707211993058
USER	ServiceTest	START	1707211993171
USER	ServiceTest	START	1707211993300
USER	ServiceTest	START	1707211993328
USER	ServiceTest	START	1707211993438
USER	ServiceTest	START	1707211993548
USER	ServiceTest	START	1707211993639
USER	ServiceTest	START	1707211993730
USER	ServiceTest	START	1707211993836
USER	ServiceTest	START	1707211994077
USER	ServiceTest	START	1707211994125
USER	ServiceTest	START	1707211994148
USER	ServiceTest	START	1707211994224
USER	ServiceTest	START	1707211994376
USER	ServiceTest	START	1707211994443
USER	ServiceTest	START	1707211994524
USER	ServiceTest	START	1707211994624
USER	ServiceTest	START	1707211994725
USER	ServiceTest	START	1707211994842
USER	ServiceTest	START	1707211995022
USER	ServiceTest	START	1707211995339
USER	ServiceTest	START	1707211995345
USER	ServiceTest	START	1707211995349
USER	ServiceTest	START	1707211995359
USER	ServiceTest	START	1707211995455
USER	ServiceTest	START	1707211995555
USER	ServiceTest	START	1707211995660
USER	ServiceTest	START	1707211995755
USER	ServiceTest	START	1707211995873
USER	ServiceTest	START	1707211995951
USER	ServiceTest	START	1707211996056
USER	ServiceTest	START	1707211996186
USER	ServiceTest	START	1707211996443
USER	ServiceTest	START	1707211996508
USER	ServiceTest	START	1707211996512
USER	ServiceTest	START	1707211996524
USER	ServiceTest	START	1707211996625
USER	ServiceTest	START	1707211996724
USER	ServiceTest	START	1707211996905
USER	ServiceTest	START	1707211996998
USER	ServiceTest	START	1707211997067
USER	ServiceTest	START	1707211997687
USER	ServiceTest	START	1707211997688
USER	ServiceTest	START	1707211997692
USER	ServiceTest	START	1707211997696
USER	ServiceTest	START	1707211997750
USER	ServiceTest	START	1707211997687
USER	ServiceTest	START	1707211997850
USER	ServiceTest	START	1707211997851
REQUEST		POST /auth/getToken	1707211996726	1707211996928	OK	 
REQUEST		POST /auth/getToken	1707211996726	1707211996944	OK	 
REQUEST		POST /auth/getToken	1707211996745	1707211996979	OK	 
USER	ServiceTest	START	1707211998076
USER	ServiceTest	START	1707211998176
USER	ServiceTest	START	1707211998277
REQUEST		POST /elasticsearch/workbook	1707211996972	1707211998033	OK	 
REQUEST		POST /elasticsearch/workbook	1707211996970	1707211998035	OK	 
USER	ServiceTest	START	1707211998421
USER	ServiceTest	START	1707211998532
REQUEST		POST /elasticsearch/insertDoc	1707211998264	1707211998378	OK	 
USER	ServiceTest	START	1707211998775
USER	ServiceTest	START	1707211998781
USER	ServiceTest	START	1707211998828
USER	ServiceTest	START	1707211998945
USER	ServiceTest	START	1707211999144
USER	ServiceTest	START	1707211999180
REQUEST		POST /auth/getToken	1707211996726	1707211997576	OK	 
REQUEST		POST /auth/getToken	1707211997092	1707211997517	OK	 
REQUEST		POST /auth/getToken	1707211996726	1707211996915	OK	 
USER	ServiceTest	START	1707211999537
USER	ServiceTest	START	1707211999434
USER	ServiceTest	START	1707211999636
USER	ServiceTest	START	1707211999432
USER	ServiceTest	START	1707211999640
USER	ServiceTest	START	1707211999234
REQUEST		POST /elasticsearch/workbook	1707211996983	1707211998033	OK	 
REQUEST		POST /auth/getToken	1707211996724	1707211997336	OK	 
REQUEST		POST /auth/getToken	1707211996726	1707211997527	OK	 
REQUEST		POST /auth/getToken	1707211996732	1707211998569	OK	 
REQUEST		POST /auth/getToken	1707211996723	1707211997609	OK	 
USER	ServiceTest	START	1707212000449
REQUEST		POST /auth/getToken	1707211996726	1707211998828	OK	 
REQUEST		POST /auth/getToken	1707211996724	1707211997550	OK	 
REQUEST		POST /auth/getToken	1707211996747	1707211997526	OK	 
REQUEST		POST /elasticsearch/workbook	1707211997056	1707211999488	OK	 
REQUEST		POST /auth/getToken	1707211996741	1707211997535	OK	 
REQUEST		POST /auth/getToken	1707211996726	1707211997611	OK	 
REQUEST		POST /auth/getToken	1707211996726	1707211997550	OK	 
REQUEST		POST /auth/getToken	1707211996725	1707211997457	OK	 
REQUEST		POST /auth/getToken	1707211997894	1707211998813	OK	 
REQUEST		POST /auth/getToken	1707211997918	1707211999042	OK	 
REQUEST		POST /auth/getToken	1707211996725	1707211997064	OK	 
REQUEST		POST /auth/getToken	1707211998002	1707211998340	OK	 
REQUEST		PATCH /elasticsearch/update	1707211998411	1707211998573	OK	 
USER	ServiceTest	START	1707212000552
REQUEST		POST /auth/getToken	1707211996724	1707211996943	OK	 
REQUEST		POST /auth/getToken	1707211996745	1707211998879	OK	 
REQUEST		POST /auth/getToken	1707211996730	1707211996896	OK	 
REQUEST		POST /auth/getToken	1707211996741	1707211997512	OK	 
REQUEST		POST /auth/getToken	1707211996726	1707211997565	OK	 
REQUEST		POST /elasticsearch/insertDoc	1707211998315	1707211998447	OK	 
REQUEST		POST /auth/getToken	1707211996726	1707211997573	OK	 
REQUEST		POST /elasticsearch/workbook	1707211997525	1707211999466	OK	 
REQUEST		POST /auth/getToken	1707211998383	1707211999073	OK	 
REQUEST		POST /auth/getToken	1707211996732	1707211999091	OK	 
USER	ServiceTest	START	1707212001141
REQUEST		POST /auth/getToken	1707211996727	1707211997612	OK	 
REQUEST		POST /auth/getToken	1707211996748	1707211997575	OK	 
REQUEST		POST /auth/getToken	1707211996723	1707211997563	OK	 
USER	ServiceTest	START	1707212001203
REQUEST		POST /auth/getToken	1707211996744	1707211997517	OK	 
REQUEST		POST /auth/getToken	1707211997243	1707211998348	OK	 
REQUEST		POST /auth/getToken	1707211996724	1707211997498	OK	 
REQUEST		POST /auth/getToken	1707211996726	1707211996915	OK	 
REQUEST		POST /auth/getToken	1707211996724	1707211997534	OK	 
REQUEST		POST /auth/getToken	1707211996726	1707211997348	OK	 
REQUEST		POST /auth/getToken	1707211996732	1707211997534	OK	 
REQUEST		POST /auth/getToken	1707211996724	1707211997551	OK	 
REQUEST		POST /elasticsearch/workbook	1707211997579	1707211999492	OK	 
REQUEST		POST /auth/getToken	1707211996745	1707211997036	OK	 
REQUEST		POST /elasticsearch/insertDoc	1707211998853	1707212000085	OK	 
REQUEST		POST /auth/getToken	1707211996748	1707211996943	OK	 
REQUEST		POST /auth/getToken	1707211996726	1707211998318	OK	 
REQUEST		POST /auth/getToken	1707211998417	1707211998528	OK	 
REQUEST		POST /auth/getToken	1707211996741	1707211998717	OK	 
REQUEST		POST /elasticsearch/workbook	1707211997534	1707212000366	OK	 
REQUEST		POST /elasticsearch/workbook	1707211997340	1707212000385	OK	 
REQUEST		POST /elasticsearch/workbook	1707211997099	1707212000674	OK	 
REQUEST		POST /auth/getToken	1707211996726	1707211997041	OK	 
REQUEST		POST /auth/getToken	1707211996723	1707211997595	OK	 
REQUEST		POST /auth/getToken	1707211996726	1707211996917	OK	 
REQUEST		POST /auth/getToken	1707211996726	1707211997538	OK	 
REQUEST		POST /auth/getToken	1707211996724	1707211997573	OK	 
REQUEST		POST /auth/getToken	1707211996726	1707211997597	OK	 
REQUEST		POST /auth/getToken	1707211998077	1707211999420	OK	 
REQUEST		POST /auth/getToken	1707211998337	1707211998392	OK	 
REQUEST		POST /auth/getToken	1707211996748	1707211999249	OK	 
REQUEST		POST /auth/getToken	1707211997990	1707211998359	OK	 
REQUEST		POST /auth/getToken	1707211998561	1707211999424	OK	 
REQUEST		POST /auth/getToken	1707211996727	1707211999250	OK	 
REQUEST		POST /auth/getToken	1707211996748	1707211997587	OK	 
REQUEST		POST /auth/getToken	1707211996742	1707211999244	OK	 
REQUEST		POST /auth/getToken	1707211996748	1707211999243	OK	 
REQUEST		POST /auth/getToken	1707211996725	1707211996892	OK	 
REQUEST		POST /auth/getToken	1707211996748	1707211999253	OK	 
REQUEST		POST /auth/getToken	1707211999140	1707211999462	OK	 
REQUEST		POST /auth/getToken	1707211999186	1707211999555	OK	 
REQUEST		POST /elasticsearch/workbook	1707211997552	1707212000588	OK	 
REQUEST		POST /elasticsearch/workbook	1707211997529	1707212000574	OK	 
REQUEST		POST /auth/getToken	1707211997196	1707211999232	OK	 
REQUEST		POST /auth/getToken	1707211998533	1707211999995	OK	 
REQUEST		POST /auth/getToken	1707211996726	1707211996925	OK	 
REQUEST		POST /auth/getToken	1707211996726	1707211996936	OK	 
REQUEST		POST /auth/getToken	1707211996739	1707211996932	OK	 
REQUEST		POST /elasticsearch/workbook	1707211998884	1707212000460	OK	 
REQUEST		POST /elasticsearch/workbook	1707211997612	1707212000445	OK	 
REQUEST		POST /elasticsearch/workbook	1707211998625	1707212000428	OK	 
REQUEST		POST /elasticsearch/workbook	1707211998386	1707212000660	OK	 
REQUEST		POST /auth/getToken	1707211996724	1707211996902	OK	 
REQUEST		POST /elasticsearch/workbook	1707211997576	1707212000757	OK	 
REQUEST		POST /elasticsearch/workbook	1707211997626	1707212001154	OK	 
REQUEST		POST /elasticsearch/workbook	1707211999651	1707212001908	OK	 
REQUEST		POST /elasticsearch/workbook	1707211997461	1707212000594	OK	 
REQUEST		POST /elasticsearch/workbook	1707211998816	1707212000637	OK	 
REQUEST		POST /elasticsearch/workbook	1707211997071	1707212000647	OK	 
REQUEST		POST /elasticsearch/workbook	1707211999046	1707212000642	OK	 
REQUEST		POST /elasticsearch/workbook	1707211997556	1707212000588	OK	 
REQUEST		POST /elasticsearch/workbook	1707211997566	1707212001180	OK	 
REQUEST		POST /auth/getToken	1707211996746	1707211999239	OK	 
REQUEST		POST /elasticsearch/workbook	1707211997554	1707212000569	OK	 
REQUEST		POST /elasticsearch/workbook	1707211999089	1707212000945	OK	 
REQUEST		POST /elasticsearch/workbook	1707211998837	1707212000568	OK	 
REQUEST		POST /elasticsearch/workbook	1707211999644	1707212001854	OK	 
REQUEST		POST /auth/getToken	1707211996726	1707211996893	OK	 
REQUEST		POST /auth/getToken	1707211996725	1707211999249	OK	 
REQUEST		POST /auth/getToken	1707211996744	1707211999248	OK	 
REQUEST		POST /auth/getToken	1707211996728	1707211999253	OK	 
REQUEST		POST /auth/getToken	1707211996723	1707211999239	OK	 
REQUEST		POST /auth/getToken	1707211996745	1707211999235	OK	 
REQUEST		POST /auth/getToken	1707211996726	1707211999238	OK	 
REQUEST		POST /auth/getToken	1707211996741	1707211999248	OK	 
REQUEST		POST /auth/getToken	1707211996748	1707211999236	OK	 
REQUEST		POST /auth/getToken	1707211996725	1707211999243	OK	 
REQUEST		POST /auth/getToken	1707211996726	1707211999253	OK	 
REQUEST		POST /auth/getToken	1707211996726	1707211996898	OK	 
REQUEST		POST /elasticsearch/workbook	1707211997248	1707212002148	OK	 
REQUEST		POST /elasticsearch/workbook	1707211999697	1707212002441	OK	 
REQUEST		POST /auth/getToken	1707211998863	1707212000128	OK	 
REQUEST		POST /auth/getToken	1707211998796	1707212000130	OK	 
REQUEST		POST /auth/getToken	1707211998806	1707212000139	OK	 
REQUEST		POST /auth/getToken	1707211998796	1707212000130	OK	 
REQUEST		POST /auth/getToken	1707211998744	1707212000565	OK	 
REQUEST		POST /elasticsearch/workbook	1707211999720	1707212002424	OK	 
REQUEST		POST /elasticsearch/workbook	1707211999846	1707212002414	OK	 
REQUEST		POST /elasticsearch/workbook	1707211999678	1707212002411	OK	 
REQUEST		POST /elasticsearch/workbook	1707211999849	1707212002392	OK	 
REQUEST		POST /elasticsearch/sheet/insertDoc	1707211998750	1707212000667	OK	 
REQUEST		POST /elasticsearch/workbook	1707211999824	1707212002392	OK	 
REQUEST		POST /elasticsearch/workbook	1707211999835	1707212002392	OK	 
REQUEST		POST /elasticsearch/workbook	1707211999678	1707212002375	OK	 
REQUEST		POST /elasticsearch/workbook	1707211999707	1707212002376	OK	 
REQUEST		POST /elasticsearch/workbook	1707211999695	1707212002376	OK	 
REQUEST		POST /elasticsearch/workbook	1707211997250	1707212002320	OK	 
REQUEST		POST /elasticsearch/workbook	1707211999798	1707212002258	OK	 
REQUEST		POST /elasticsearch/insertDoc	1707212002174	1707212002211	OK	 
REQUEST		POST /elasticsearch/insertDoc	1707212001907	1707212002311	OK	 
REQUEST		POST /elasticsearch/insertDoc	1707212001646	1707212002258	OK	 
REQUEST		POST /elasticsearch/insertDoc	1707212001696	1707212002218	OK	 
REQUEST		POST /elasticsearch/insertDoc	1707212001682	1707212002228	OK	 
REQUEST		POST /elasticsearch/workbook	1707211997243	1707212002173	OK	 
REQUEST		POST /elasticsearch/workbook	1707211997251	1707212002146	OK	 
REQUEST		POST /elasticsearch/insertDoc	1707212000857	1707212002179	OK	 
REQUEST		POST /elasticsearch/insertDoc	1707212000556	1707212002171	OK	 
REQUEST		POST /elasticsearch/insertDoc	1707212000703	1707212002171	OK	 
REQUEST		POST /elasticsearch/insertDoc	1707212000769	1707212002171	OK	 
REQUEST		POST /elasticsearch/workbook	1707211997057	1707212002146	OK	 
REQUEST		POST /elasticsearch/workbook	1707211999998	1707212002131	OK	 
REQUEST		POST /elasticsearch/workbook	1707211999954	1707212002122	OK	 
REQUEST		POST /elasticsearch/workbook	1707211999611	1707212002002	OK	 
REQUEST		POST /elasticsearch/workbook	1707211999634	1707212001993	OK	 
REQUEST		POST /elasticsearch/insertDoc	1707212001740	1707212002005	OK	 
REQUEST		POST /elasticsearch/insertDoc	1707212001725	1707212002005	OK	 
REQUEST		POST /elasticsearch/workbook	1707211999667	1707212001992	OK	 
REQUEST		POST /auth/getToken	1707211999685	1707212002019	OK	 
REQUEST		POST /elasticsearch/workbook	1707211997195	1707212001991	OK	 
REQUEST		POST /elasticsearch/workbook	1707211999788	1707212001954	OK	 
REQUEST		PATCH /elasticsearch/update	1707212003304	1707212003370	OK	 
REQUEST		PATCH /elasticsearch/update	1707212003295	1707212003365	OK	 
REQUEST		PATCH /elasticsearch/update	1707212003304	1707212003363	OK	 
REQUEST		PATCH /elasticsearch/update	1707212003312	1707212003368	OK	 
REQUEST		PATCH /elasticsearch/update	1707212003312	1707212003371	OK	 
REQUEST		POST /elasticsearch/workbook	1707211999771	1707212001948	OK	 
REQUEST		POST /elasticsearch/workbook	1707211997590	1707212001948	OK	 
REQUEST		POST /elasticsearch/workbook	1707211999654	1707212001938	OK	 
REQUEST		POST /elasticsearch/workbook	1707211999642	1707212001928	OK	 
REQUEST		POST /elasticsearch/workbook	1707211998389	1707212001923	OK	 
REQUEST		POST /elasticsearch/workbook	1707211998395	1707212001889	OK	 
REQUEST		POST /elasticsearch/workbook	1707211997600	1707212001753	OK	 
REQUEST		POST /elasticsearch/insertDoc	1707211999621	1707212000579	OK	 
REQUEST		POST /elasticsearch/workbook	1707211997591	1707212001658	OK	 
REQUEST		POST /elasticsearch/workbook	1707211997542	1707212001604	OK	 
REQUEST		POST /elasticsearch/workbook	1707211997054	1707212001599	OK	 
REQUEST		POST /elasticsearch/workbook	1707211997598	1707212001564	OK	 
REQUEST		POST /elasticsearch/workbook	1707211997051	1707212001563	OK	 
REQUEST		POST /elasticsearch/insertDoc	1707212000893	1707212001537	OK	 
REQUEST		POST /elasticsearch/insertDoc	1707212000421	1707212001471	OK	 
REQUEST		POST /elasticsearch/insertDoc	1707212000438	1707212001471	OK	 
REQUEST		POST /elasticsearch/workbook	1707211998729	1707212000941	OK	 
REQUEST		POST /elasticsearch/workbook	1707211998531	1707212001306	OK	 
REQUEST		POST /auth/getToken	1707212000906	1707212001540	OK	 
REQUEST		POST /auth/getToken	1707212000045	1707212001497	OK	 
REQUEST		POST /auth/getToken	1707212000104	1707212001431	OK	 
REQUEST		POST /auth/getToken	1707212000047	1707212001477	OK	 
REQUEST		POST /auth/getToken	1707212000043	1707212001535	OK	 
REQUEST		POST /elasticsearch/workbook	1707211998322	1707212001295	OK	 
REQUEST		POST /auth/getToken	1707211999981	1707212001530	OK	 
REQUEST		POST /auth/getToken	1707211998927	1707212001386	OK	 
REQUEST		POST /elasticsearch/workbook	1707211997229	1707212001295	OK	 
REQUEST		POST /auth/getToken	1707211999780	1707212001385	OK	 
REQUEST		POST /elasticsearch/workbook	1707211997043	1707212001283	OK	 
REQUEST		POST /elasticsearch/workbook	1707211997622	1707212000589	OK	 
REQUEST		POST /elasticsearch/workbook	1707211997565	1707212001272	OK	 
REQUEST		POST /elasticsearch/workbook	1707211997540	1707212001271	OK	 
REQUEST		POST /elasticsearch/workbook	1707211997353	1707212001254	OK	 
REQUEST		POST /elasticsearch/workbook	1707211997538	1707212001252	OK	 
REQUEST		POST /elasticsearch/workbook	1707211997205	1707212001237	OK	 
REQUEST		POST /elasticsearch/workbook	1707211997503	1707212001231	OK	 
REQUEST		POST /elasticsearch/workbook	1707211998352	1707212001208	OK	 
REQUEST		POST /elasticsearch/workbook	1707211997521	1707212001211	OK	 
REQUEST		POST /elasticsearch/workbook	1707211997588	1707212001148	OK	 
REQUEST		POST /elasticsearch/workbook	1707211999097	1707212000962	OK	 
REQUEST		POST /elasticsearch/workbook	1707211997578	1707212000736	OK	 
REQUEST		POST /elasticsearch/workbook	1707211997001	1707212000715	OK	 
REQUEST		POST /elasticsearch/workbook	1707211997515	1707212000721	OK	 
REQUEST		POST /elasticsearch/insertDoc	1707212006446	1707212006473	OK	 
REQUEST		POST /elasticsearch/insertDoc	1707212005895	1707212005934	OK	 
REQUEST		POST /elasticsearch/insertDoc	1707212005915	1707212005945	OK	 
REQUEST		POST /elasticsearch/insertDoc	1707212006080	1707212006120	OK	 
REQUEST		POST /elasticsearch/insertDoc	1707212006112	1707212006147	OK	 
REQUEST		POST /elasticsearch/insertDoc	1707212005960	1707212005996	OK	 
REQUEST		POST /elasticsearch/insertDoc	1707212006196	1707212006230	OK	 
REQUEST		POST /elasticsearch/insertDoc	1707212006153	1707212006221	OK	 
REQUEST		POST /elasticsearch/insertDoc	1707211999611	1707212000830	OK	 
REQUEST		POST /elasticsearch/insertDoc	1707212006234	1707212006268	OK	 
REQUEST		POST /elasticsearch/workbook	1707212005337	1707212005853	OK	 
REQUEST		POST /elasticsearch/workbook	1707212005347	1707212005844	OK	 
REQUEST		POST /elasticsearch/insertDoc	1707211999621	1707212001284	OK	 
REQUEST		PATCH /elasticsearch/update	1707212000113	1707212001292	OK	 
REQUEST		POST /elasticsearch/workbook	1707212005234	1707212005826	OK	 
REQUEST		POST /elasticsearch/insertDoc	1707212005757	1707212005798	OK	 
REQUEST		POST /elasticsearch/workbook	1707212005233	1707212005781	OK	 
REQUEST		POST /elasticsearch/workbook	1707212005237	1707212005771	OK	 
REQUEST		POST /elasticsearch/workbook	1707212005241	1707212005767	OK	 
REQUEST		POST /elasticsearch/workbook	1707212005236	1707212005732	OK	 
REQUEST		POST /elasticsearch/workbook	1707212005220	1707212005721	OK	 
REQUEST		POST /elasticsearch/insertDoc	1707212005043	1707212005078	OK	 
REQUEST		POST /elasticsearch/insertDoc	1707212005142	1707212005186	OK	 
REQUEST		PATCH /elasticsearch/update	1707211998659	1707212000752	OK	 
REQUEST		POST /elasticsearch/insertDoc	1707212005074	1707212005145	OK	 
REQUEST		POST /elasticsearch/insertDoc	1707212004816	1707212004868	OK	 
REQUEST		POST /elasticsearch/insertDoc	1707212004798	1707212004853	OK	 
REQUEST		POST /elasticsearch/insertDoc	1707212005225	1707212005284	OK	 
REQUEST		POST /elasticsearch/insertDoc	1707212005189	1707212005229	OK	 
REQUEST		POST /elasticsearch/insertDoc	1707212005421	1707212005469	OK	 
REQUEST		POST /elasticsearch/insertDoc	1707212004859	1707212004891	OK	 
REQUEST		POST /elasticsearch/insertDoc	1707212004924	1707212004959	OK	 
REQUEST		POST /elasticsearch/insertDoc	1707212004994	1707212005032	OK	 
REQUEST		POST /elasticsearch/insertDoc	1707212004960	1707212004986	OK	 
REQUEST		POST /elasticsearch/workbook	1707212003790	1707212004228	OK	 
REQUEST		POST /elasticsearch/insertDoc	1707212003400	1707212003492	OK	 
REQUEST		POST /elasticsearch/insertDoc	1707212002934	1707212003037	OK	 
REQUEST		POST /elasticsearch/insertDoc	1707212004096	1707212004156	OK	 
REQUEST		POST /elasticsearch/insertDoc	1707212003795	1707212003851	OK	 
REQUEST		POST /elasticsearch/insertDoc	1707212003942	1707212003985	OK	 
REQUEST		POST /elasticsearch/insertDoc	1707212003958	1707212004001	OK	 
REQUEST		POST /elasticsearch/insertDoc	1707212003280	1707212003317	OK	 
REQUEST		POST /elasticsearch/insertDoc	1707212000947	1707212002171	OK	 
REQUEST		POST /elasticsearch/insertDoc	1707212003370	1707212003425	OK	 
REQUEST		POST /auth/getToken	1707212005341	1707212005454	OK	 
REQUEST		POST /elasticsearch/insertDoc	1707212003245	1707212003289	OK	 
REQUEST		POST /elasticsearch/insertDoc	1707212001657	1707212002257	OK	 
REQUEST		POST /elasticsearch/insertDoc	1707212001171	1707212002243	OK	 
REQUEST		POST /elasticsearch/insertDoc	1707212001194	1707212002185	OK	 
REQUEST		POST /elasticsearch/sheet/insertDoc	1707212001580	1707212002971	OK	 
REQUEST		POST /elasticsearch/insertDoc	1707212002909	1707212003035	OK	 
REQUEST		POST /elasticsearch/insertDoc	1707212003192	1707212003232	OK	 
REQUEST		POST /elasticsearch/insertDoc	1707212001374	1707212002310	OK	 
REQUEST		POST /elasticsearch/insertDoc	1707212001874	1707212002311	OK	 
REQUEST		POST /elasticsearch/insertDoc	1707212003127	1707212003202	OK	 
REQUEST		POST /elasticsearch/insertDoc	1707212001709	1707212002257	OK	 
REQUEST		POST /elasticsearch/insertDoc	1707212001871	1707212002310	OK	 
REQUEST		POST /elasticsearch/insertDoc	1707212002961	1707212003076	OK	 
REQUEST		POST /elasticsearch/insertDoc	1707212003764	1707212003850	OK	 
REQUEST		POST /elasticsearch/insertDoc	1707212003780	1707212003850	OK	 
REQUEST		POST /elasticsearch/insertDoc	1707212002701	1707212002733	OK	 
REQUEST		POST /elasticsearch/insertDoc	1707212002801	1707212002872	OK	 
REQUEST		POST /elasticsearch/workbook	1707212001916	1707212002701	OK	 
REQUEST		POST /elasticsearch/sheet/insertDoc	1707212003408	1707212004522	OK	 
REQUEST		PATCH /elasticsearch/update	1707212005276	1707212005373	OK	 
REQUEST		POST /elasticsearch/sheet/insertDoc	1707212003398	1707212004518	OK	 
REQUEST		PATCH /elasticsearch/update	1707212005263	1707212005349	OK	 
REQUEST		PATCH /elasticsearch/update	1707212005264	1707212005352	OK	 
REQUEST		PATCH /elasticsearch/update	1707212005022	1707212005058	OK	 
REQUEST		POST /elasticsearch/workbook	1707212000133	1707212002563	OK	 
REQUEST		POST /elasticsearch/sheet/insertDoc	1707212003399	1707212004504	OK	 
REQUEST		POST /elasticsearch/workbook	1707212000141	1707212002562	OK	 
REQUEST		POST /elasticsearch/workbook	1707212000135	1707212002562	OK	 
REQUEST		POST /elasticsearch/workbook	1707212000131	1707212002546	OK	 
REQUEST		POST /elasticsearch/insertDoc	1707212002476	1707212002513	OK	 
REQUEST		POST /elasticsearch/workbook	1707211997101	1707212002456	OK	 
REQUEST		PATCH /elasticsearch/update	1707212003474	1707212003546	OK	 
REQUEST		PATCH /elasticsearch/update	1707212003474	1707212003530	OK	 
REQUEST		PATCH /elasticsearch/update	1707212003490	1707212003530	OK	 
REQUEST		PATCH /elasticsearch/update	1707212003975	1707212004015	OK	 
REQUEST		PATCH /elasticsearch/update	1707212003464	1707212003531	OK	 
REQUEST		PATCH /elasticsearch/update	1707212003977	1707212004001	OK	 
REQUEST		POST /elasticsearch/insertDoc	1707212002509	1707212002542	OK	 
REQUEST		POST /elasticsearch/sheet/insertDoc	1707212007430	1707212008494	OK	 
REQUEST		POST /elasticsearch/sheet/insertDoc	1707212007566	1707212008616	OK	 
REQUEST		POST /elasticsearch/sheet/insertDoc	1707212007429	1707212008501	OK	 
REQUEST		POST /elasticsearch/insertDoc	1707212008069	1707212008175	OK	 
REQUEST		POST /elasticsearch/insertDoc	1707212008619	1707212008654	OK	 
REQUEST		POST /elasticsearch/workbook	1707212007374	1707212007874	OK	 
REQUEST		POST /elasticsearch/insertDoc	1707212006501	1707212006541	OK	 
REQUEST		POST /elasticsearch/insertDoc	1707212007229	1707212007281	OK	 
REQUEST		POST /elasticsearch/insertDoc	1707212007331	1707212007363	OK	 
REQUEST		POST /elasticsearch/insertDoc	1707212007667	1707212007818	OK	 
REQUEST		POST /elasticsearch/insertDoc	1707212006730	1707212006772	OK	 
REQUEST		POST /elasticsearch/insertDoc	1707212002840	1707212002909	OK	 
REQUEST		POST /elasticsearch/insertDoc	1707212006748	1707212006801	OK	 
REQUEST		POST /elasticsearch/insertDoc	1707212006946	1707212006995	OK	 
REQUEST		POST /elasticsearch/insertDoc	1707212007086	1707212007122	OK	 
REQUEST		POST /elasticsearch/insertDoc	1707212005800	1707212005853	OK	 
REQUEST		POST /elasticsearch/insertDoc	1707212002685	1707212002717	OK	 
REQUEST		POST /elasticsearch/insertDoc	1707212005326	1707212005379	OK	 
REQUEST		POST /elasticsearch/insertDoc	1707212007376	1707212007418	OK	 
REQUEST		POST /elasticsearch/insertDoc	1707212004180	1707212004239	OK	 
REQUEST		POST /elasticsearch/insertDoc	1707212006485	1707212006541	OK	 
REQUEST		POST /elasticsearch/insertDoc	1707212007194	1707212007236	OK	 
REQUEST		POST /elasticsearch/insertDoc	1707212005869	1707212005921	OK	 
REQUEST		POST /elasticsearch/insertDoc	1707212004210	1707212004253	OK	 
REQUEST		POST /elasticsearch/insertDoc	1707212006294	1707212006359	OK	 
REQUEST		POST /elasticsearch/insertDoc	1707212009288	1707212009328	OK	 
REQUEST		POST /elasticsearch/insertDoc	1707212006404	1707212006448	OK	 
REQUEST		POST /elasticsearch/insertDoc	1707212004904	1707212004945	OK	 
REQUEST		POST /elasticsearch/insertDoc	1707212005814	1707212005867	OK	 
REQUEST		POST /elasticsearch/sheet/delete	1707212007699	1707212007911	OK	 
REQUEST		POST /elasticsearch/sheet/insertDoc	1707212007416	1707212008503	OK	 
REQUEST		POST /elasticsearch/sheet/delete	1707212008738	1707212008940	OK	 
REQUEST		POST /elasticsearch/sheet/insertDoc	1707212007417	1707212008503	OK	 
REQUEST		PATCH /elasticsearch/workbook/delete	1707212009782	1707212009816	OK	 
REQUEST		POST /elasticsearch/sheet/delete	1707212008724	1707212008941	OK	 
REQUEST		POST /elasticsearch/sheet/delete	1707212008737	1707212008939	OK	 
REQUEST		POST /elasticsearch/sheet/insertDoc	1707212007432	1707212008520	OK	 
REQUEST		POST /elasticsearch/sheet/insertDoc	1707212008756	1707212009816	OK	 
REQUEST		PATCH /elasticsearch/update	1707212007769	1707212007884	OK	 
REQUEST		PATCH /elasticsearch/update	1707212007770	1707212007884	OK	 
REQUEST		PATCH /elasticsearch/update	1707212007769	1707212007884	OK	 
REQUEST		PATCH /elasticsearch/update	1707212007706	1707212007911	OK	 
REQUEST		PATCH /elasticsearch/update	1707212007714	1707212007911	OK	 
REQUEST		PATCH /elasticsearch/update	1707212007715	1707212007911	OK	 
REQUEST		PATCH /elasticsearch/update	1707212007702	1707212007912	OK	 
REQUEST		PATCH /elasticsearch/update	1707212007706	1707212007911	OK	 
REQUEST		POST /auth/getToken	1707212007666	1707212007869	OK	 
REQUEST		PATCH /elasticsearch/update	1707212007777	1707212007914	OK	 
REQUEST		PATCH /elasticsearch/update	1707212007777	1707212007914	OK	 
REQUEST		PATCH /elasticsearch/update	1707212007753	1707212007914	OK	 
REQUEST		POST /elasticsearch/sheet/insertDoc	1707212007423	1707212008496	OK	 
REQUEST		PATCH /elasticsearch/update	1707212007763	1707212007885	OK	 
REQUEST		PATCH /elasticsearch/update	1707212007771	1707212007912	OK	 
REQUEST		PATCH /elasticsearch/update	1707212007732	1707212007913	OK	 
REQUEST		PATCH /elasticsearch/update	1707212007747	1707212007914	OK	 
REQUEST		PATCH /elasticsearch/update	1707212007706	1707212007913	OK	 
REQUEST		POST /elasticsearch/insertDoc	1707212008559	1707212008601	OK	 
REQUEST		POST /elasticsearch/insertDoc	1707212008716	1707212008899	OK	 
REQUEST		POST /elasticsearch/insertDoc	1707212008642	1707212008677	OK	 
REQUEST		POST /elasticsearch/insertDoc	1707212008675	1707212008751	OK	 
REQUEST		POST /elasticsearch/sheet/insertDoc	1707212008763	1707212009833	OK	 
REQUEST		POST /elasticsearch/sheet/insertDoc	1707212008765	1707212009974	OK	 
USER	ServiceTest	END	1707212009848
REQUEST		PATCH /elasticsearch/workbook/delete	1707212009782	1707212009846	OK	 
USER	ServiceTest	END	1707212010365
REQUEST		PATCH /elasticsearch/workbook/delete	1707212009782	1707212009851	OK	 
REQUEST		PATCH /elasticsearch/workbook/delete	1707212009767	1707212009833	OK	 
USER	ServiceTest	END	1707212010367
USER	ServiceTest	END	1707212010378
REQUEST		POST /auth/getToken	1707212008723	1707212008938	OK	 
REQUEST		POST /elasticsearch/sheet/delete	1707212009819	1707212009876	OK	 
REQUEST		POST /elasticsearch/workbook	1707212009362	1707212009953	OK	 
REQUEST		PATCH /elasticsearch/update	1707212007760	1707212007872	OK	 
REQUEST		POST /elasticsearch/sheet/delete	1707212010227	1707212010277	OK	 
REQUEST		POST /elasticsearch/sheet/insertDoc	1707212008762	1707212009851	OK	 
REQUEST		POST /elasticsearch/sheet/delete	1707212010224	1707212010270	OK	 
REQUEST		PATCH /elasticsearch/workbook/delete	1707212010326	1707212010436	OK	 
USER	ServiceTest	END	1707212010464
REQUEST		PATCH /elasticsearch/workbook/delete	1707212010331	1707212010452	OK	 
USER	ServiceTest	END	1707212010474
REQUEST		POST /elasticsearch/workbook	1707212009767	1707212010396	OK	 
REQUEST		PATCH /elasticsearch/workbook/delete	1707212010315	1707212010422	OK	 
USER	ServiceTest	END	1707212010490
REQUEST		PATCH /elasticsearch/update	1707212007762	1707212007872	OK	 
REQUEST		POST /elasticsearch/sheet/delete	1707212010319	1707212010436	OK	 
REQUEST		PATCH /elasticsearch/update	1707212006573	1707212006616	OK	 
REQUEST		PATCH /elasticsearch/update	1707212006565	1707212006616	OK	 
REQUEST		PATCH /elasticsearch/update	1707212006551	1707212006607	OK	 
REQUEST		PATCH /elasticsearch/update	1707212006549	1707212006607	OK	 
REQUEST		PATCH /elasticsearch/update	1707212006537	1707212006583	OK	 
REQUEST		PATCH /elasticsearch/update	1707212006562	1707212006607	OK	 
REQUEST		POST /elasticsearch/insertDoc	1707212010316	1707212010422	OK	 
REQUEST		PATCH /elasticsearch/workbook/delete	1707212010444	1707212010497	OK	 
USER	ServiceTest	END	1707212010532
REQUEST		PATCH /elasticsearch/update	1707212006542	1707212006583	OK	 
REQUEST		POST /elasticsearch/insertDoc	1707212010450	1707212010489	OK	 
REQUEST		PATCH /elasticsearch/update	1707212006584	1707212006632	OK	 
REQUEST		PATCH /elasticsearch/update	1707212006529	1707212006571	OK	 
REQUEST		PATCH /elasticsearch/update	1707212007556	1707212007602	OK	 
REQUEST		POST /elasticsearch/sheet/insertDoc	1707212005830	1707212006875	OK	 
REQUEST		PATCH /elasticsearch/update	1707212006970	1707212007005	OK	 
REQUEST		PATCH /elasticsearch/update	1707212006585	1707212006632	OK	 
REQUEST		PATCH /elasticsearch/update	1707212006773	1707212006855	OK	 
REQUEST		PATCH /elasticsearch/update	1707212007563	1707212007614	OK	 
REQUEST		PATCH /elasticsearch/update	1707212007565	1707212007630	OK	 
REQUEST		POST /elasticsearch/sheet/insertDoc	1707212009474	1707212010571	OK	 
REQUEST		PATCH /elasticsearch/update	1707212007735	1707212007872	OK	 
REQUEST		PATCH /elasticsearch/update	1707212007552	1707212007608	OK	 
REQUEST		PATCH /elasticsearch/update	1707212007694	1707212007870	OK	 
REQUEST		PATCH /elasticsearch/update	1707212007745	1707212007870	OK	 
REQUEST		PATCH /elasticsearch/update	1707212007734	1707212007872	OK	 
REQUEST		PATCH /elasticsearch/update	1707212007697	1707212007864	OK	 
REQUEST		POST /elasticsearch/sheet/delete	1707212010576	1707212010640	OK	 
REQUEST		POST /elasticsearch/sheet/insertDoc	1707212003411	1707212004503	OK	 
REQUEST		POST /elasticsearch/sheet/insertDoc	1707212003400	1707212004503	OK	 
REQUEST		PATCH /elasticsearch/workbook/delete	1707212010642	1707212010679	OK	 
USER	ServiceTest	END	1707212010727
REQUEST		POST /elasticsearch/sheet/insertDoc	1707212009648	1707212010709	OK	 
REQUEST		POST /elasticsearch/sheet/insertDoc	1707212009648	1707212010709	OK	 
REQUEST		PATCH /elasticsearch/update	1707212007407	1707212007482	OK	 
REQUEST		PATCH /elasticsearch/update	1707212007734	1707212007872	OK	 
REQUEST		PATCH /elasticsearch/update	1707212007694	1707212007846	OK	 
REQUEST		PATCH /elasticsearch/update	1707212007432	1707212007512	OK	 
REQUEST		PATCH /elasticsearch/update	1707212007404	1707212007494	OK	 
REQUEST		PATCH /elasticsearch/update	1707212007424	1707212007514	OK	 
REQUEST		PATCH /elasticsearch/update	1707212007444	1707212007523	OK	 
REQUEST		PATCH /elasticsearch/update	1707212007534	1707212007596	OK	 
REQUEST		PATCH /elasticsearch/update	1707212007430	1707212007514	OK	 
REQUEST		POST /elasticsearch/sheet/insertDoc	1707212006413	1707212007494	OK	 
REQUEST		POST /elasticsearch/sheet/delete	1707212010727	1707212010759	OK	 
REQUEST		POST /elasticsearch/sheet/delete	1707212010727	1707212010761	OK	 
REQUEST		PATCH /elasticsearch/workbook/delete	1707212010763	1707212010802	OK	 
REQUEST		PATCH /elasticsearch/workbook/delete	1707212010762	1707212010801	OK	 
USER	ServiceTest	END	1707212010834
USER	ServiceTest	END	1707212010834
REQUEST		PATCH /elasticsearch/update	1707212007413	1707212007482	OK	 
REQUEST		POST /elasticsearch/sheet/insertDoc	1707212007756	1707212008910	OK	 
REQUEST		POST /elasticsearch/sheet/insertDoc	1707212009680	1707212010800	OK	 
REQUEST		PATCH /elasticsearch/update	1707212009504	1707212009576	OK	 
REQUEST		PATCH /elasticsearch/update	1707212009720	1707212009797	OK	 
REQUEST		PATCH /elasticsearch/update	1707212009660	1707212009796	OK	 
REQUEST		PATCH /elasticsearch/update	1707212009660	1707212009799	OK	 
REQUEST		PATCH /elasticsearch/update	1707212009664	1707212009792	OK	 
REQUEST		PATCH /elasticsearch/update	1707212008942	1707212008998	OK	 
REQUEST		PATCH /elasticsearch/update	1707212009720	1707212009796	OK	 
REQUEST		PATCH /elasticsearch/update	1707212009717	1707212009795	OK	 
REQUEST		PATCH /elasticsearch/update	1707212009721	1707212009795	OK	 
REQUEST		POST /elasticsearch/sheet/insertDoc	1707212007777	1707212008921	OK	 
REQUEST		POST /elasticsearch/sheet/insertDoc	1707212007755	1707212008913	OK	 
REQUEST		PATCH /elasticsearch/update	1707212009705	1707212009799	OK	 
REQUEST		POST /elasticsearch/sheet/insertDoc	1707212007752	1707212008920	OK	 
REQUEST		PATCH /elasticsearch/update	1707212009707	1707212009797	OK	 
REQUEST		PATCH /elasticsearch/update	1707212008864	1707212008935	OK	 
REQUEST		POST /elasticsearch/sheet/insertDoc	1707212007793	1707212008913	OK	 
REQUEST		PATCH /elasticsearch/update	1707212009649	1707212009795	OK	 
REQUEST		PATCH /elasticsearch/update	1707212008769	1707212008946	OK	 
REQUEST		PATCH /elasticsearch/update	1707212009706	1707212009795	OK	 
REQUEST		POST /elasticsearch/sheet/delete	1707212010804	1707212010937	OK	 
REQUEST		POST /elasticsearch/sheet/insertDoc	1707212009821	1707212010875	OK	 
REQUEST		PATCH /elasticsearch/update	1707212009648	1707212009709	OK	 
REQUEST		PATCH /elasticsearch/workbook/delete	1707212010940	1707212011056	OK	 
USER	ServiceTest	END	1707212011090
REQUEST		PATCH /elasticsearch/update	1707212009538	1707212009602	OK	 
REQUEST		PATCH /elasticsearch/update	1707212008749	1707212008801	OK	 
REQUEST		POST /elasticsearch/sheet/insertDoc	1707212009927	1707212010996	OK	 
REQUEST		POST /elasticsearch/sheet/insertDoc	1707212009920	1707212011008	OK	 
REQUEST		POST /elasticsearch/sheet/insertDoc	1707212009929	1707212011000	OK	 
REQUEST		POST /elasticsearch/sheet/insertDoc	1707212009916	1707212011052	OK	 
REQUEST		PATCH /elasticsearch/update	1707212009458	1707212009573	OK	 
REQUEST		PATCH /elasticsearch/update	1707212009532	1707212009574	OK	 
REQUEST		PATCH /elasticsearch/update	1707212009469	1707212009572	OK	 
REQUEST		POST /elasticsearch/sheet/delete	1707212010878	1707212011062	OK	 
REQUEST		POST /elasticsearch/sheet/insertDoc	1707212007745	1707212008905	OK	 
REQUEST		POST /elasticsearch/sheet/delete	1707212011010	1707212011113	OK	 
REQUEST		PATCH /elasticsearch/update	1707212009416	1707212009511	OK	 
REQUEST		PATCH /elasticsearch/update	1707212009462	1707212009575	OK	 
REQUEST		PATCH /elasticsearch/update	1707212009484	1707212009576	OK	 
REQUEST		PATCH /elasticsearch/update	1707212009469	1707212009577	OK	 
REQUEST		PATCH /elasticsearch/update	1707212009469	1707212009580	OK	 
REQUEST		PATCH /elasticsearch/workbook/delete	1707212011064	1707212011157	OK	 
USER	ServiceTest	END	1707212011183
REQUEST		PATCH /elasticsearch/update	1707212009483	1707212009577	OK	 
REQUEST		POST /elasticsearch/sheet/delete	1707212011004	1707212011133	OK	 
REQUEST		POST /elasticsearch/sheet/delete	1707212010998	1707212011113	OK	 
REQUEST		POST /elasticsearch/sheet/delete	1707212011057	1707212011133	OK	 
REQUEST		PATCH /elasticsearch/workbook/delete	1707212011117	1707212011176	OK	 
USER	ServiceTest	END	1707212011214
REQUEST		PATCH /elasticsearch/workbook/delete	1707212011135	1707212011195	OK	 
USER	ServiceTest	END	1707212011224
REQUEST		PATCH /elasticsearch/workbook/delete	1707212011117	1707212011208	OK	 
REQUEST		PATCH /elasticsearch/workbook/delete	1707212011135	1707212011211	OK	 
REQUEST		POST /elasticsearch/sheet/insertDoc	1707212009993	1707212011175	OK	 
USER	ServiceTest	END	1707212011239
USER	ServiceTest	END	1707212011242
REQUEST		POST /elasticsearch/sheet/delete	1707212011178	1707212011238	OK	 
REQUEST		PATCH /elasticsearch/workbook/delete	1707212011240	1707212011315	OK	 
USER	ServiceTest	END	1707212011345
REQUEST		POST /elasticsearch/sheet/insertDoc	1707212008828	1707212009977	OK	 
REQUEST		PATCH /elasticsearch/update	1707212009965	1707212010081	OK	 
REQUEST		POST /elasticsearch/sheet/insertDoc	1707212008839	1707212010074	OK	 
REQUEST		POST /elasticsearch/sheet/insertDoc	1707212008826	1707212009975	OK	 
REQUEST		PATCH /elasticsearch/update	1707212009983	1707212010134	OK	 
REQUEST		PATCH /elasticsearch/update	1707212009988	1707212010134	OK	 
REQUEST		POST /elasticsearch/sheet/insertDoc	1707212008828	1707212010071	OK	 
REQUEST		PATCH /elasticsearch/update	1707212009978	1707212010081	OK	 
REQUEST		POST /elasticsearch/sheet/insertDoc	1707212010266	1707212011360	OK	 
REQUEST		POST /elasticsearch/sheet/insertDoc	1707212010266	1707212011360	OK	 
REQUEST		POST /elasticsearch/sheet/insertDoc	1707212010258	1707212011378	OK	 
REQUEST		POST /elasticsearch/sheet/insertDoc	1707212010256	1707212011360	OK	 
REQUEST		POST /elasticsearch/sheet/insertDoc	1707212008770	1707212009974	OK	 
REQUEST		POST /elasticsearch/sheet/insertDoc	1707212008843	1707212009956	OK	 
REQUEST		POST /elasticsearch/sheet/insertDoc	1707212008817	1707212009936	OK	 
REQUEST		POST /elasticsearch/sheet/insertDoc	1707212008791	1707212009894	OK	 
REQUEST		POST /elasticsearch/sheet/insertDoc	1707212008818	1707212009936	OK	 
REQUEST		POST /elasticsearch/sheet/insertDoc	1707212008805	1707212009937	OK	 
REQUEST		POST /elasticsearch/sheet/insertDoc	1707212008853	1707212009957	OK	 
REQUEST		POST /elasticsearch/sheet/insertDoc	1707212008815	1707212009910	OK	 
REQUEST		POST /elasticsearch/sheet/insertDoc	1707212008842	1707212009957	OK	 
REQUEST		POST /elasticsearch/sheet/insertDoc	1707212008790	1707212009892	OK	 
REQUEST		POST /elasticsearch/sheet/delete	1707212011363	1707212011409	OK	 
REQUEST		POST /elasticsearch/sheet/insertDoc	1707212008803	1707212009895	OK	 
REQUEST		POST /elasticsearch/sheet/insertDoc	1707212008805	1707212009894	OK	 
REQUEST		POST /elasticsearch/sheet/delete	1707212011366	1707212011421	OK	 
REQUEST		POST /elasticsearch/sheet/insertDoc	1707212009318	1707212010436	OK	 
REQUEST		PATCH /elasticsearch/workbook/delete	1707212011423	1707212011520	OK	 
REQUEST		POST /elasticsearch/sheet/delete	1707212011363	1707212011409	OK	 
REQUEST		POST /elasticsearch/sheet/delete	1707212011380	1707212011421	OK	 
USER	ServiceTest	END	1707212011548
REQUEST		PATCH /elasticsearch/workbook/delete	1707212011411	1707212011514	OK	 
USER	ServiceTest	END	1707212011550
REQUEST		POST /elasticsearch/sheet/insertDoc	1707212010356	1707212011440	OK	 
REQUEST		POST /elasticsearch/sheet/insertDoc	1707212010356	1707212011439	OK	 
REQUEST		POST /elasticsearch/sheet/insertDoc	1707212010354	1707212011443	OK	 
REQUEST		POST /elasticsearch/sheet/insertDoc	1707212010275	1707212011438	OK	 
REQUEST		POST /elasticsearch/sheet/insertDoc	1707212010343	1707212011438	OK	 
REQUEST		POST /elasticsearch/sheet/insertDoc	1707212010340	1707212011458	OK	 
REQUEST		POST /elasticsearch/sheet/insertDoc	1707212010334	1707212011458	OK	 
REQUEST		POST /elasticsearch/sheet/insertDoc	1707212010331	1707212011457	OK	 
REQUEST		POST /elasticsearch/sheet/insertDoc	1707212010414	1707212011500	OK	 
REQUEST		POST /elasticsearch/sheet/insertDoc	1707212010341	1707212011443	OK	 
REQUEST		POST /elasticsearch/sheet/insertDoc	1707212010402	1707212011514	OK	 
REQUEST		POST /elasticsearch/sheet/insertDoc	1707212010464	1707212011524	OK	 
REQUEST		POST /elasticsearch/sheet/insertDoc	1707212009422	1707212010511	OK	 
REQUEST		POST /elasticsearch/sheet/insertDoc	1707212009393	1707212010498	OK	 
REQUEST		POST /elasticsearch/sheet/insertDoc	1707212009427	1707212010511	OK	 
REQUEST		POST /elasticsearch/sheet/insertDoc	1707212009431	1707212010513	OK	 
REQUEST		POST /elasticsearch/sheet/insertDoc	1707212010414	1707212011520	OK	 
REQUEST		POST /elasticsearch/sheet/insertDoc	1707212009407	1707212010507	OK	 
REQUEST		POST /elasticsearch/sheet/insertDoc	1707212009414	1707212010507	OK	 
REQUEST		PATCH /elasticsearch/workbook/delete	1707212011423	1707212011547	OK	 
USER	ServiceTest	END	1707212011624
REQUEST		PATCH /elasticsearch/workbook/delete	1707212011411	1707212011546	OK	 
USER	ServiceTest	END	1707212011625
REQUEST		POST /elasticsearch/sheet/delete	1707212011448	1707212011554	OK	 
REQUEST		POST /elasticsearch/sheet/insertDoc	1707212009428	1707212010527	OK	 
REQUEST		POST /elasticsearch/sheet/delete	1707212011448	1707212011554	OK	 
REQUEST		PATCH /elasticsearch/update	1707212010483	1707212010529	OK	 
REQUEST		POST /elasticsearch/sheet/delete	1707212011456	1707212011562	OK	 
REQUEST		POST /elasticsearch/sheet/delete	1707212011460	1707212011560	OK	 
REQUEST		POST /elasticsearch/sheet/delete	1707212011447	1707212011552	OK	 
REQUEST		POST /elasticsearch/sheet/delete	1707212011462	1707212011578	OK	 
REQUEST		POST /elasticsearch/sheet/delete	1707212011469	1707212011573	OK	 
REQUEST		POST /elasticsearch/sheet/insertDoc	1707212009442	1707212010541	OK	 
REQUEST		POST /elasticsearch/sheet/delete	1707212011506	1707212011577	OK	 
REQUEST		POST /elasticsearch/sheet/insertDoc	1707212009442	1707212010570	OK	 
REQUEST		POST /elasticsearch/sheet/insertDoc	1707212010532	1707212011607	OK	 
REQUEST		POST /elasticsearch/sheet/delete	1707212011522	1707212011598	OK	 
REQUEST		POST /elasticsearch/sheet/delete	1707212011495	1707212011575	OK	 
REQUEST		POST /elasticsearch/sheet/insertDoc	1707212010545	1707212011603	OK	 
REQUEST		POST /elasticsearch/sheet/delete	1707212011526	1707212011601	OK	 
REQUEST		POST /elasticsearch/sheet/delete	1707212011471	1707212011576	OK	 
REQUEST		PATCH /elasticsearch/update	1707212010514	1707212010562	OK	 
REQUEST		POST /elasticsearch/sheet/insertDoc	1707212009502	1707212010575	OK	 
REQUEST		POST /elasticsearch/sheet/insertDoc	1707212009447	1707212010570	OK	 
REQUEST		POST /elasticsearch/sheet/insertDoc	1707212009457	1707212010573	OK	 
REQUEST		POST /elasticsearch/sheet/insertDoc	1707212009469	1707212010575	OK	 
REQUEST		POST /elasticsearch/sheet/insertDoc	1707212009478	1707212010573	OK	 
REQUEST		POST /elasticsearch/sheet/insertDoc	1707212009506	1707212010590	OK	 
REQUEST		POST /elasticsearch/sheet/insertDoc	1707212009457	1707212010571	OK	 
REQUEST		POST /elasticsearch/sheet/insertDoc	1707212009548	1707212010650	OK	 
REQUEST		POST /elasticsearch/sheet/insertDoc	1707212009561	1707212010670	OK	 
REQUEST		POST /elasticsearch/sheet/insertDoc	1707212009550	1707212010667	OK	 
REQUEST		POST /elasticsearch/sheet/insertDoc	1707212009549	1707212010659	OK	 
REQUEST		POST /elasticsearch/sheet/insertDoc	1707212009499	1707212010658	OK	 
REQUEST		POST /elasticsearch/sheet/insertDoc	1707212009561	1707212010667	OK	 
REQUEST		POST /elasticsearch/sheet/insertDoc	1707212009666	1707212010776	OK	 
REQUEST		POST /elasticsearch/sheet/insertDoc	1707212009696	1707212010785	OK	 
REQUEST		POST /elasticsearch/sheet/insertDoc	1707212009683	1707212010780	OK	 
REQUEST		POST /elasticsearch/sheet/insertDoc	1707212009694	1707212010800	OK	 
REQUEST		POST /elasticsearch/sheet/insertDoc	1707212009683	1707212010779	OK	 
REQUEST		POST /elasticsearch/sheet/insertDoc	1707212009600	1707212010777	OK	 
REQUEST		POST /elasticsearch/sheet/insertDoc	1707212009696	1707212010786	OK	 
REQUEST		POST /elasticsearch/sheet/insertDoc	1707212009595	1707212010778	OK	 
REQUEST		POST /elasticsearch/sheet/insertDoc	1707212009703	1707212010794	OK	 
REQUEST		POST /elasticsearch/sheet/insertDoc	1707212009680	1707212010853	OK	 
REQUEST		POST /elasticsearch/sheet/insertDoc	1707212010816	1707212011890	OK	 
REQUEST		POST /elasticsearch/sheet/insertDoc	1707212010804	1707212011886	OK	 
REQUEST		POST /elasticsearch/sheet/insertDoc	1707212010816	1707212011889	OK	 
REQUEST		POST /elasticsearch/sheet/insertDoc	1707212010827	1707212011882	OK	 
REQUEST		POST /elasticsearch/sheet/insertDoc	1707212010842	1707212011898	OK	 
REQUEST		POST /elasticsearch/sheet/insertDoc	1707212010546	1707212011617	OK	 
REQUEST		POST /elasticsearch/sheet/insertDoc	1707212010825	1707212011878	OK	 
REQUEST		POST /elasticsearch/sheet/insertDoc	1707212010800	1707212011859	OK	 
REQUEST		POST /elasticsearch/sheet/insertDoc	1707212010702	1707212011768	OK	 
REQUEST		POST /elasticsearch/sheet/insertDoc	1707212010818	1707212011861	OK	 
REQUEST		POST /elasticsearch/sheet/insertDoc	1707212010695	1707212011768	OK	 
REQUEST		POST /elasticsearch/sheet/insertDoc	1707212010831	1707212011882	OK	 
REQUEST		POST /elasticsearch/sheet/insertDoc	1707212010699	1707212011768	OK	 
REQUEST		POST /elasticsearch/sheet/insertDoc	1707212010699	1707212011768	OK	 
REQUEST		POST /elasticsearch/sheet/insertDoc	1707212009822	1707212010964	OK	 
REQUEST		PATCH /elasticsearch/workbook/delete	1707212011590	1707212011663	OK	 
USER	ServiceTest	END	1707212012111
REQUEST		PATCH /elasticsearch/workbook/delete	1707212011602	1707212011660	OK	 
USER	ServiceTest	END	1707212012111
REQUEST		PATCH /elasticsearch/workbook/delete	1707212011590	1707212011660	OK	 
USER	ServiceTest	END	1707212012112
REQUEST		POST /elasticsearch/sheet/insertDoc	1707212010617	1707212011679	OK	 
REQUEST		POST /elasticsearch/sheet/insertDoc	1707212010617	1707212011664	OK	 
REQUEST		POST /elasticsearch/sheet/insertDoc	1707212010613	1707212011674	OK	 
REQUEST		POST /elasticsearch/sheet/insertDoc	1707212010608	1707212011663	OK	 
REQUEST		POST /elasticsearch/sheet/insertDoc	1707212009830	1707212010958	OK	 
REQUEST		POST /elasticsearch/sheet/insertDoc	1707212009853	1707212010961	OK	 
REQUEST		POST /elasticsearch/sheet/insertDoc	1707212009807	1707212010968	OK	 
REQUEST		POST /elasticsearch/sheet/insertDoc	1707212010680	1707212011729	OK	 
REQUEST		POST /elasticsearch/sheet/insertDoc	1707212010695	1707212011745	OK	 
REQUEST		POST /elasticsearch/sheet/insertDoc	1707212010617	1707212011679	OK	 
REQUEST		POST /elasticsearch/sheet/insertDoc	1707212010627	1707212011680	OK	 
REQUEST		POST /elasticsearch/sheet/insertDoc	1707212010609	1707212011664	OK	 
REQUEST		POST /elasticsearch/sheet/insertDoc	1707212009843	1707212010962	OK	 
REQUEST		POST /elasticsearch/sheet/insertDoc	1707212009838	1707212010961	OK	 
REQUEST		POST /elasticsearch/sheet/insertDoc	1707212009871	1707212010996	OK	 
REQUEST		POST /elasticsearch/sheet/insertDoc	1707212009862	1707212010994	OK	 
REQUEST		POST /elasticsearch/sheet/insertDoc	1707212009875	1707212010995	OK	 
REQUEST		POST /elasticsearch/sheet/insertDoc	1707212009881	1707212011006	OK	 
REQUEST		POST /elasticsearch/sheet/insertDoc	1707212009860	1707212011052	OK	 
REQUEST		POST /elasticsearch/sheet/insertDoc	1707212009829	1707212011055	OK	 
REQUEST		POST /elasticsearch/sheet/insertDoc	1707212009890	1707212011055	OK	 
REQUEST		PATCH /elasticsearch/workbook/delete	1707212011600	1707212011660	OK	 
USER	ServiceTest	END	1707212012186
REQUEST		PATCH /elasticsearch/workbook/delete	1707212011586	1707212011649	OK	 
USER	ServiceTest	END	1707212012189
REQUEST		POST /elasticsearch/sheet/insertDoc	1707212009863	1707212011041	OK	 
REQUEST		POST /elasticsearch/sheet/insertDoc	1707212009886	1707212011052	OK	 
REQUEST		PATCH /elasticsearch/workbook/delete	1707212011580	1707212011649	OK	 
REQUEST		PATCH /elasticsearch/workbook/delete	1707212011580	1707212011649	OK	 
USER	ServiceTest	END	1707212012204
USER	ServiceTest	END	1707212012204
REQUEST		PATCH /elasticsearch/workbook/delete	1707212011562	1707212011645	OK	 
REQUEST		PATCH /elasticsearch/workbook/delete	1707212011564	1707212011645	OK	 
USER	ServiceTest	END	1707212012205
USER	ServiceTest	END	1707212012205
REQUEST		PATCH /elasticsearch/workbook/delete	1707212011556	1707212011631	OK	 
REQUEST		PATCH /elasticsearch/workbook/delete	1707212011554	1707212011645	OK	 
USER	ServiceTest	END	1707212012205
USER	ServiceTest	END	1707212012205
REQUEST		POST /elasticsearch/sheet/insertDoc	1707212009965	1707212011110	OK	 
REQUEST		POST /elasticsearch/sheet/insertDoc	1707212009948	1707212011087	OK	 
REQUEST		POST /elasticsearch/sheet/insertDoc	1707212010009	1707212011110	OK	 
REQUEST		PATCH /elasticsearch/workbook/delete	1707212011556	1707212011626	OK	 
USER	ServiceTest	END	1707212012218
REQUEST		POST /elasticsearch/sheet/delete	1707212011608	1707212011651	OK	 
REQUEST		POST /elasticsearch/sheet/insertDoc	1707212010010	1707212011156	OK	 
REQUEST		POST /elasticsearch/sheet/insertDoc	1707212010023	1707212011180	OK	 
REQUEST		POST /elasticsearch/sheet/insertDoc	1707212011073	1707212012192	OK	 
REQUEST		POST /elasticsearch/sheet/insertDoc	1707212010545	1707212011620	OK	 
REQUEST		POST /elasticsearch/sheet/insertDoc	1707212011089	1707212012192	OK	 
REQUEST		POST /elasticsearch/sheet/insertDoc	1707212010018	1707212011154	OK	 
REQUEST		POST /elasticsearch/sheet/insertDoc	1707212010014	1707212011150	OK	 
REQUEST		POST /elasticsearch/sheet/insertDoc	1707212010608	1707212011649	OK	 
REQUEST		POST /elasticsearch/sheet/delete	1707212011605	1707212011660	OK	 
REQUEST		POST /elasticsearch/sheet/insertDoc	1707212010033	1707212011180	OK	 
REQUEST		POST /elasticsearch/sheet/insertDoc	1707212010593	1707212011649	OK	 
REQUEST		POST /elasticsearch/sheet/insertDoc	1707212010022	1707212011180	OK	 
REQUEST		POST /elasticsearch/sheet/insertDoc	1707212010564	1707212011629	OK	 
REQUEST		POST /elasticsearch/sheet/insertDoc	1707212010542	1707212011622	OK	 
REQUEST		POST /elasticsearch/sheet/insertDoc	1707212010545	1707212011620	OK	 
REQUEST		POST /elasticsearch/sheet/delete	1707212011539	1707212011620	OK	 
REQUEST		POST /elasticsearch/sheet/insertDoc	1707212010042	1707212011180	OK	 
REQUEST		POST /elasticsearch/sheet/insertDoc	1707212010008	1707212011177	OK	 
REQUEST		POST /elasticsearch/sheet/insertDoc	1707212010048	1707212011194	OK	 
REQUEST		POST /elasticsearch/sheet/insertDoc	1707212011095	1707212012147	OK	 
REQUEST		POST /elasticsearch/sheet/insertDoc	1707212011033	1707212012140	OK	 
REQUEST		POST /elasticsearch/sheet/insertDoc	1707212011089	1707212012143	OK	 
REQUEST		POST /elasticsearch/sheet/insertDoc	1707212011044	1707212012141	OK	 
REQUEST		POST /elasticsearch/sheet/insertDoc	1707212011091	1707212012147	OK	 
REQUEST		POST /elasticsearch/sheet/delete	1707212012067	1707212012136	OK	 
REQUEST		POST /elasticsearch/sheet/insertDoc	1707212011019	1707212012132	OK	 
REQUEST		POST /elasticsearch/sheet/delete	1707212012088	1707212012136	OK	 
REQUEST		POST /elasticsearch/sheet/delete	1707212012067	1707212012136	OK	 
REQUEST		POST /elasticsearch/sheet/insertDoc	1707212011140	1707212012207	OK	 
REQUEST		POST /elasticsearch/sheet/insertDoc	1707212011030	1707212012139	OK	 
REQUEST		POST /elasticsearch/sheet/insertDoc	1707212011190	1707212012299	OK	 
REQUEST		POST /elasticsearch/sheet/insertDoc	1707212011024	1707212012139	OK	 
REQUEST		POST /elasticsearch/sheet/insertDoc	1707212011039	1707212012139	OK	 
REQUEST		POST /elasticsearch/sheet/insertDoc	1707212011016	1707212012139	OK	 
REQUEST		POST /elasticsearch/sheet/delete	1707212012067	1707212012136	OK	 
REQUEST		POST /elasticsearch/sheet/insertDoc	1707212010244	1707212011360	OK	 
REQUEST		POST /elasticsearch/sheet/insertDoc	1707212010265	1707212011361	OK	 
REQUEST		POST /elasticsearch/sheet/insertDoc	1707212010249	1707212011375	OK	 
REQUEST		POST /elasticsearch/sheet/insertDoc	1707212010258	1707212011390	OK	 
REQUEST		POST /elasticsearch/sheet/insertDoc	1707212010983	1707212012122	OK	 
REQUEST		POST /elasticsearch/sheet/delete	1707212012077	1707212012122	OK	 
REQUEST		POST /elasticsearch/sheet/insertDoc	1707212010998	1707212012132	OK	 
REQUEST		POST /elasticsearch/sheet/delete	1707212012067	1707212012135	OK	 
REQUEST		POST /elasticsearch/sheet/delete	1707212012085	1707212012122	OK	 
REQUEST		POST /elasticsearch/sheet/delete	1707212012079	1707212012116	OK	 
REQUEST		POST /elasticsearch/sheet/insertDoc	1707212011014	1707212012102	OK	 
REQUEST		POST /elasticsearch/sheet/delete	1707212012076	1707212012116	OK	 
REQUEST		PATCH /elasticsearch/workbook/delete	1707212012558	1707212012617	OK	 
USER	ServiceTest	END	1707212012640
REQUEST		PATCH /elasticsearch/workbook/delete	1707212012547	1707212012619	OK	 
REQUEST		PATCH /elasticsearch/workbook/delete	1707212012548	1707212012622	OK	 
USER	ServiceTest	END	1707212012642
USER	ServiceTest	END	1707212012644
REQUEST		POST /elasticsearch/sheet/delete	1707212011972	1707212012026	OK	 
REQUEST		PATCH /elasticsearch/workbook/delete	1707212012562	1707212012636	OK	 
USER	ServiceTest	END	1707212012657
REQUEST		POST /elasticsearch/sheet/delete	1707212011953	1707212012024	OK	 
REQUEST		POST /elasticsearch/sheet/delete	1707212011955	1707212012022	OK	 
REQUEST		POST /elasticsearch/sheet/insertDoc	1707212011432	1707212012597	OK	 
REQUEST		POST /elasticsearch/sheet/delete	1707212011960	1707212012022	OK	 
REQUEST		POST /elasticsearch/sheet/delete	1707212012549	1707212012603	OK	 
REQUEST		POST /elasticsearch/sheet/delete	1707212011953	1707212012011	OK	 
REQUEST		POST /elasticsearch/sheet/delete	1707212011943	1707212012021	OK	 
REQUEST		POST /elasticsearch/sheet/delete	1707212012567	1707212012623	OK	 
REQUEST		POST /elasticsearch/sheet/delete	1707212011962	1707212012022	OK	 
REQUEST		POST /elasticsearch/sheet/delete	1707212011943	1707212012011	OK	 
REQUEST		POST /elasticsearch/sheet/delete	1707212012556	1707212012618	OK	 
REQUEST		PATCH /elasticsearch/workbook/delete	1707212012565	1707212012623	OK	 
USER	ServiceTest	END	1707212012700
REQUEST		POST /elasticsearch/sheet/delete	1707212011943	1707212012021	OK	 
REQUEST		POST /elasticsearch/sheet/delete	1707212011954	1707212012012	OK	 
REQUEST		POST /elasticsearch/sheet/insertDoc	1707212010895	1707212011983	OK	 
REQUEST		POST /elasticsearch/sheet/delete	1707212011947	1707212012003	OK	 
REQUEST		PATCH /elasticsearch/workbook/delete	1707212012578	1707212012647	OK	 
REQUEST		PATCH /elasticsearch/workbook/delete	1707212012654	1707212012736	OK	 
USER	ServiceTest	END	1707212012770
USER	ServiceTest	END	1707212012771
REQUEST		POST /elasticsearch/sheet/delete	1707212011963	1707212012022	OK	 
REQUEST		POST /elasticsearch/sheet/delete	1707212011963	1707212012024	OK	 
REQUEST		POST /elasticsearch/sheet/delete	1707212011976	1707212012025	OK	 
REQUEST		POST /elasticsearch/sheet/insertDoc	1707212011410	1707212012477	OK	 
REQUEST		POST /elasticsearch/sheet/insertDoc	1707212011395	1707212012452	OK	 
REQUEST		POST /elasticsearch/sheet/insertDoc	1707212011393	1707212012452	OK	 
REQUEST		POST /elasticsearch/sheet/delete	1707212012296	1707212012452	OK	 
REQUEST		POST /elasticsearch/sheet/delete	1707212012293	1707212012452	OK	 
REQUEST		PATCH /elasticsearch/workbook/delete	1707212012722	1707212012784	OK	 
REQUEST		PATCH /elasticsearch/workbook/delete	1707212012323	1707212012381	OK	 
USER	ServiceTest	END	1707212012852
USER	ServiceTest	END	1707212012855
REQUEST		POST /elasticsearch/sheet/delete	1707212012306	1707212012452	OK	 
REQUEST		POST /elasticsearch/sheet/delete	1707212012323	1707212012382	OK	 
REQUEST		POST /elasticsearch/sheet/delete	1707212012300	1707212012452	OK	 
REQUEST		POST /elasticsearch/sheet/delete	1707212012291	1707212012451	OK	 
REQUEST		POST /elasticsearch/sheet/delete	1707212012233	1707212012359	OK	 
REQUEST		PATCH /elasticsearch/workbook/delete	1707212012754	1707212012830	OK	 
USER	ServiceTest	END	1707212012878
REQUEST		PATCH /elasticsearch/workbook/delete	1707212012756	1707212012843	OK	 
USER	ServiceTest	END	1707212012879
REQUEST		POST /elasticsearch/sheet/delete	1707212012229	1707212012342	OK	 
REQUEST		PATCH /elasticsearch/workbook/delete	1707212012750	1707212012858	OK	 
USER	ServiceTest	END	1707212012892
REQUEST		POST /elasticsearch/sheet/insertDoc	1707212011221	1707212012341	OK	 
REQUEST		POST /elasticsearch/sheet/delete	1707212012229	1707212012350	OK	 
REQUEST		POST /elasticsearch/sheet/insertDoc	1707212011226	1707212012342	OK	 
REQUEST		POST /elasticsearch/sheet/delete	1707212012249	1707212012343	OK	 
REQUEST		PATCH /elasticsearch/workbook/delete	1707212012168	1707212012330	OK	 
USER	ServiceTest	END	1707212012909
REQUEST		POST /elasticsearch/sheet/insertDoc	1707212011212	1707212012333	OK	 
REQUEST		PATCH /elasticsearch/workbook/delete	1707212012825	1707212012889	OK	 
USER	ServiceTest	END	1707212012932
REQUEST		POST /elasticsearch/sheet/delete	1707212012193	1707212012333	OK	 
REQUEST		POST /elasticsearch/sheet/insertDoc	1707212011213	1707212012341	OK	 
REQUEST		PATCH /elasticsearch/workbook/delete	1707212012167	1707212012222	OK	 
REQUEST		PATCH /elasticsearch/workbook/delete	1707212012836	1707212012905	OK	 
USER	ServiceTest	END	1707212012946
USER	ServiceTest	END	1707212012946
REQUEST		PATCH /elasticsearch/workbook/delete	1707212012825	1707212012905	OK	 
USER	ServiceTest	END	1707212012947
REQUEST		POST /elasticsearch/sheet/delete	1707212012221	1707212012273	OK	 
REQUEST		POST /elasticsearch/sheet/delete	1707212012196	1707212012333	OK	 
REQUEST		POST /elasticsearch/sheet/delete	1707212012195	1707212012333	OK	 
REQUEST		POST /elasticsearch/sheet/delete	1707212012841	1707212012904	OK	 
REQUEST		POST /elasticsearch/sheet/delete	1707212012220	1707212012273	OK	 
REQUEST		POST /elasticsearch/sheet/insertDoc	1707212011220	1707212012268	OK	 
REQUEST		PATCH /elasticsearch/workbook/delete	1707212012870	1707212012934	OK	 
USER	ServiceTest	END	1707212012972
REQUEST		PATCH /elasticsearch/workbook/delete	1707212012862	1707212012950	OK	 
USER	ServiceTest	END	1707212012982
REQUEST		PATCH /elasticsearch/workbook/delete	1707212012857	1707212012951	OK	 
REQUEST		PATCH /elasticsearch/workbook/delete	1707212012897	1707212012949	OK	 
USER	ServiceTest	END	1707212012982
USER	ServiceTest	END	1707212012983
REQUEST		PATCH /elasticsearch/workbook/delete	1707212012906	1707212012965	OK	 
REQUEST		POST /elasticsearch/sheet/delete	1707212012245	1707212012359	OK	 
USER	ServiceTest	END	1707212012995
REQUEST		POST /elasticsearch/sheet/delete	1707212012734	1707212012807	OK	 
REQUEST		POST /elasticsearch/sheet/delete	1707212012735	1707212012807	OK	 
REQUEST		PATCH /elasticsearch/workbook/delete	1707212012309	1707212012452	OK	 
USER	ServiceTest	END	1707212013009
REQUEST		PATCH /elasticsearch/workbook/delete	1707212012897	1707212012965	OK	 
REQUEST		PATCH /elasticsearch/workbook/delete	1707212012625	1707212012706	OK	 
USER	ServiceTest	END	1707212013010
USER	ServiceTest	END	1707212013010
REQUEST		POST /elasticsearch/sheet/insertDoc	1707212011212	1707212012332	OK	 
REQUEST		POST /elasticsearch/sheet/delete	1707212012178	1707212012330	OK	 
REQUEST		PATCH /elasticsearch/workbook/delete	1707212012319	1707212012384	OK	 
REQUEST		PATCH /elasticsearch/workbook/delete	1707212012310	1707212012384	OK	 
USER	ServiceTest	END	1707212013017
USER	ServiceTest	END	1707212013017
REQUEST		PATCH /elasticsearch/workbook/delete	1707212012203	1707212012337	OK	 
USER	ServiceTest	END	1707212013018
REQUEST		PATCH /elasticsearch/workbook/delete	1707212012816	1707212012873	OK	 
USER	ServiceTest	END	1707212013019
REQUEST		PATCH /elasticsearch/workbook/delete	1707212012780	1707212012874	OK	 
REQUEST		PATCH /elasticsearch/workbook/delete	1707212012947	1707212012995	OK	 
REQUEST		PATCH /elasticsearch/workbook/delete	1707212012959	1707212013001	OK	 
USER	ServiceTest	END	1707212013031
USER	ServiceTest	END	1707212013032
REQUEST		PATCH /elasticsearch/workbook/delete	1707212012949	1707212012998	OK	 
USER	ServiceTest	END	1707212013033
REQUEST		POST /elasticsearch/sheet/insertDoc	1707212011188	1707212012281	OK	 
REQUEST		PATCH /elasticsearch/workbook/delete	1707212012883	1707212013015	OK	 
USER	ServiceTest	END	1707212013038
USER	ServiceTest	END	1707212013049
REQUEST		PATCH /elasticsearch/workbook/delete	1707212012815	1707212012874	OK	 
USER	ServiceTest	END	1707212013050
REQUEST		PATCH /elasticsearch/workbook/delete	1707212012823	1707212012875	OK	 
USER	ServiceTest	END	1707212013051
REQUEST		PATCH /elasticsearch/workbook/delete	1707212012645	1707212012706	OK	 
USER	ServiceTest	END	1707212013056
REQUEST		PATCH /elasticsearch/workbook/delete	1707212012722	1707212012785	OK	 
REQUEST		PATCH /elasticsearch/workbook/delete	1707212012723	1707212012789	OK	 
USER	ServiceTest	END	1707212013067
USER	ServiceTest	END	1707212013067
REQUEST		POST /elasticsearch/sheet/delete	1707212012882	1707212013015	OK	 
REQUEST		POST /elasticsearch/sheet/delete	1707212012884	1707212013034	OK	 
REQUEST		PATCH /elasticsearch/workbook/delete	1707212012579	1707212012661	OK	 
USER	ServiceTest	END	1707212013080
REQUEST		PATCH /elasticsearch/workbook/delete	1707212012589	1707212012668	OK	 
USER	ServiceTest	END	1707212013081
REQUEST		PATCH /elasticsearch/workbook/delete	1707212012615	1707212012696	OK	 
USER	ServiceTest	END	1707212013082
REQUEST		PATCH /elasticsearch/workbook/delete	1707212012625	1707212012696	OK	 
USER	ServiceTest	END	1707212013082
REQUEST		POST /elasticsearch/sheet/delete	1707212012220	1707212012273	OK	 
REQUEST		POST /elasticsearch/sheet/insertDoc	1707212011186	1707212012268	OK	 
REQUEST		POST /elasticsearch/sheet/delete	1707212012840	1707212012905	OK	 
REQUEST		POST /elasticsearch/sheet/insertDoc	1707212011144	1707212012208	OK	 
REQUEST		POST /elasticsearch/sheet/insertDoc	1707212011125	1707212012208	OK	 
REQUEST		POST /elasticsearch/sheet/delete	1707212012291	1707212012452	OK	 
REQUEST		POST /elasticsearch/sheet/delete	1707212012179	1707212012332	OK	 
REQUEST		POST /elasticsearch/sheet/delete	1707212012863	1707212012922	OK	 
REQUEST		POST /elasticsearch/sheet/delete	1707212012849	1707212012935	OK	 
REQUEST		PATCH /elasticsearch/workbook/delete	1707212013037	1707212013079	OK	 
REQUEST		PATCH /elasticsearch/workbook/delete	1707212013018	1707212013078	OK	 
USER	ServiceTest	END	1707212013101
USER	ServiceTest	END	1707212013102
REQUEST		PATCH /elasticsearch/workbook/delete	1707212012626	1707212012693	OK	 
USER	ServiceTest	END	1707212013107
REQUEST		PATCH /elasticsearch/workbook/delete	1707212012608	1707212012693	OK	 
USER	ServiceTest	END	1707212013108
REQUEST		PATCH /elasticsearch/workbook/delete	1707212012599	1707212012683	OK	 
USER	ServiceTest	END	1707212013109
REQUEST		PATCH /elasticsearch/workbook/delete	1707212012590	1707212012683	OK	 
USER	ServiceTest	END	1707212013109
REQUEST		POST /elasticsearch/sheet/delete	1707212012734	1707212012804	OK	 
REQUEST		PATCH /elasticsearch/workbook/delete	1707212012915	1707212013086	OK	 
REQUEST		PATCH /elasticsearch/workbook/delete	1707212012892	1707212013084	OK	 
USER	ServiceTest	END	1707212013117
USER	ServiceTest	END	1707212013117
REQUEST		PATCH /elasticsearch/workbook/delete	1707212012932	1707212013098	OK	 
USER	ServiceTest	END	1707212013120
REQUEST		POST /elasticsearch/sheet/delete	1707212012901	1707212012966	OK	 
REQUEST		POST /elasticsearch/sheet/delete	1707212012639	1707212012706	OK	 
REQUEST		POST /elasticsearch/sheet/delete	1707212012599	1707212012669	OK	 
REQUEST		PATCH /elasticsearch/workbook/delete	1707212012605	1707212012670	OK	 
REQUEST		PATCH /elasticsearch/workbook/delete	1707212012936	1707212013100	OK	 
USER	ServiceTest	END	1707212013132
REQUEST		PATCH /elasticsearch/workbook/delete	1707212012936	1707212013098	OK	 
REQUEST		PATCH /elasticsearch/workbook/delete	1707212012924	1707212013099	OK	 
USER	ServiceTest	END	1707212013132
USER	ServiceTest	END	1707212013133
USER	ServiceTest	END	1707212013136
REQUEST		PATCH /elasticsearch/workbook/delete	1707212012589	1707212012670	OK	 
USER	ServiceTest	END	1707212013137
REQUEST		POST /elasticsearch/sheet/delete	1707212012912	1707212013086	OK	 
REQUEST		PATCH /elasticsearch/workbook/delete	1707212012964	1707212013114	OK	 
REQUEST		PATCH /elasticsearch/workbook/delete	1707212012978	1707212013125	OK	 
USER	ServiceTest	END	1707212013147
USER	ServiceTest	END	1707212013147
REQUEST		PATCH /elasticsearch/workbook/delete	1707212012972	1707212013124	OK	 
REQUEST		PATCH /elasticsearch/workbook/delete	1707212012968	1707212013124	OK	 
USER	ServiceTest	END	1707212013147
USER	ServiceTest	END	1707212013147
REQUEST		POST /elasticsearch/sheet/delete	1707212012915	1707212013088	OK	 
REQUEST		POST /elasticsearch/sheet/delete	1707212012925	1707212013088	OK	 
REQUEST		POST /elasticsearch/sheet/insertDoc	1707212010594	1707212011663	OK	 
REQUEST		PATCH /elasticsearch/workbook/delete	1707212013089	1707212013152	OK	 
REQUEST		PATCH /elasticsearch/workbook/delete	1707212013089	1707212013141	OK	 
USER	ServiceTest	END	1707212013177
USER	ServiceTest	END	1707212013177
REQUEST		PATCH /elasticsearch/workbook/delete	1707212013089	1707212013152	OK	 
USER	ServiceTest	END	1707212013180
REQUEST		POST /elasticsearch/sheet/insertDoc	1707212012109	1707212013162	OK	 
REQUEST		POST /elasticsearch/sheet/insertDoc	1707212010561	1707212011631	OK	 
REQUEST		POST /elasticsearch/sheet/delete	1707212013165	1707212013265	OK	 
REQUEST		POST /elasticsearch/sheet/insertDoc	1707212012206	1707212013343	OK	 
REQUEST		PATCH /elasticsearch/workbook/delete	1707212013268	1707212013353	OK	 
USER	ServiceTest	END	1707212013387
REQUEST		POST /elasticsearch/sheet/delete	1707212013345	1707212013381	OK	 
REQUEST		PATCH /elasticsearch/workbook/delete	1707212013383	1707212013413	OK	 
USER	ServiceTest	END	1707212013448
