RUN	Runner.TDG_UKAF_demo	tdg-ukaf-demo	1707212271702	 	3.7.4
USER	ServiceTest	START	1707212272667
USER	ServiceTest	START	1707212272113
USER	ServiceTest	START	1707212272701
USER	ServiceTest	START	1707212272218
USER	ServiceTest	START	1707212273828
USER	ServiceTest	START	1707212272031
USER	ServiceTest	START	1707212273875
USER	ServiceTest	START	1707212273828
USER	ServiceTest	START	1707212272366
USER	ServiceTest	START	1707212273866
USER	ServiceTest	START	1707212272531
USER	ServiceTest	START	1707212272420
USER	ServiceTest	START	1707212273895
USER	ServiceTest	START	1707212273828
USER	ServiceTest	START	1707212273858
USER	ServiceTest	START	1707212273881
USER	ServiceTest	START	1707212273888
USER	ServiceTest	START	1707212273900
USER	ServiceTest	START	1707212273902
USER	ServiceTest	START	1707212273903
USER	ServiceTest	START	1707212273990
USER	ServiceTest	START	1707212274108
USER	ServiceTest	START	1707212274183
USER	ServiceTest	START	1707212274327
USER	ServiceTest	START	1707212274391
USER	ServiceTest	START	1707212274492
USER	ServiceTest	START	1707212274584
USER	ServiceTest	START	1707212274709
USER	ServiceTest	START	1707212274799
USER	ServiceTest	START	1707212274905
USER	ServiceTest	START	1707212275000
USER	ServiceTest	START	1707212275181
USER	ServiceTest	START	1707212275194
USER	ServiceTest	START	1707212275286
USER	ServiceTest	START	1707212275383
USER	ServiceTest	START	1707212275481
USER	ServiceTest	START	1707212275580
USER	ServiceTest	START	1707212275686
USER	ServiceTest	START	1707212275784
USER	ServiceTest	START	1707212276022
USER	ServiceTest	START	1707212276152
USER	ServiceTest	START	1707212276181
USER	ServiceTest	START	1707212276131
USER	ServiceTest	START	1707212276283
USER	ServiceTest	START	1707212276383
USER	ServiceTest	START	1707212276488
USER	ServiceTest	START	1707212276586
USER	ServiceTest	START	1707212276906
USER	ServiceTest	START	1707212277180
USER	ServiceTest	START	1707212276683
USER	ServiceTest	START	1707212277194
USER	ServiceTest	START	1707212277227
USER	ServiceTest	START	1707212277242
USER	ServiceTest	START	1707212277295
USER	ServiceTest	START	1707212277385
USER	ServiceTest	START	1707212277730
USER	ServiceTest	START	1707212277863
USER	ServiceTest	START	1707212277998
USER	ServiceTest	START	1707212278005
USER	ServiceTest	START	1707212278021
USER	ServiceTest	START	1707212278061
USER	ServiceTest	START	1707212278196
USER	ServiceTest	START	1707212278289
USER	ServiceTest	START	1707212278395
USER	ServiceTest	START	1707212278547
USER	ServiceTest	START	1707212278590
USER	ServiceTest	START	1707212278642
USER	ServiceTest	START	1707212279573
USER	ServiceTest	START	1707212279689
USER	ServiceTest	START	1707212279689
USER	ServiceTest	START	1707212279693
USER	ServiceTest	START	1707212279698
USER	ServiceTest	START	1707212279735
USER	ServiceTest	START	1707212279738
USER	ServiceTest	START	1707212279739
USER	ServiceTest	START	1707212279743
USER	ServiceTest	START	1707212279751
USER	ServiceTest	START	1707212279689
USER	ServiceTest	START	1707212279819
USER	ServiceTest	START	1707212279893
USER	ServiceTest	START	1707212280109
USER	ServiceTest	START	1707212280216
USER	ServiceTest	START	1707212280464
USER	ServiceTest	START	1707212280632
USER	ServiceTest	START	1707212280633
USER	ServiceTest	START	1707212280640
REQUEST		POST /auth/getToken	1707212278651	1707212279162	OK	 
REQUEST		POST /auth/getToken	1707212278653	1707212279143	OK	 
REQUEST		POST /auth/getToken	1707212278649	1707212278808	OK	 
USER	ServiceTest	START	1707212280791
USER	ServiceTest	START	1707212280825
USER	ServiceTest	START	1707212280879
USER	ServiceTest	START	1707212280944
USER	ServiceTest	START	1707212281024
REQUEST		POST /auth/getToken	1707212278652	1707212278982	OK	 
USER	ServiceTest	START	1707212281241
REQUEST		POST /elasticsearch/workbook	1707212279180	1707212280618	OK	 
REQUEST		POST /elasticsearch/workbook	1707212279166	1707212280561	OK	 
REQUEST		POST /auth/getToken	1707212278653	1707212279005	OK	 
USER	ServiceTest	START	1707212281685
USER	ServiceTest	START	1707212281683
USER	ServiceTest	START	1707212281741
USER	ServiceTest	START	1707212281773
USER	ServiceTest	START	1707212281828
USER	ServiceTest	START	1707212281971
REQUEST		POST /elasticsearch/insertDoc	1707212280986	1707212281442	OK	 
USER	ServiceTest	START	1707212282035
USER	ServiceTest	START	1707212282172
REQUEST		POST /auth/getToken	1707212278657	1707212279049	OK	 
REQUEST		POST /auth/getToken	1707212278656	1707212279368	OK	 
REQUEST		POST /auth/getToken	1707212278656	1707212278833	OK	 
REQUEST		POST /auth/getToken	1707212278657	1707212278951	OK	 
REQUEST		POST /auth/getToken	1707212278656	1707212279503	OK	 
REQUEST		POST /auth/getToken	1707212278657	1707212279405	OK	 
REQUEST		POST /elasticsearch/workbook	1707212279146	1707212280646	OK	 
REQUEST		POST /elasticsearch/workbook	1707212278985	1707212281109	OK	 
REQUEST		POST /elasticsearch/workbook	1707212279056	1707212282204	OK	 
REQUEST		POST /elasticsearch/workbook	1707212278967	1707212282228	OK	 
REQUEST		POST /auth/getToken	1707212278657	1707212279232	OK	 
REQUEST		POST /auth/getToken	1707212280679	1707212281360	OK	 
REQUEST		POST /elasticsearch/workbook	1707212279299	1707212282220	OK	 
REQUEST		POST /elasticsearch/workbook	1707212280656	1707212282358	OK	 
REQUEST		POST /elasticsearch/insertDoc	1707212282317	1707212282406	OK	 
REQUEST		POST /elasticsearch/workbook	1707212279238	1707212282445	OK	 
REQUEST		POST /elasticsearch/workbook	1707212281364	1707212282434	OK	 
REQUEST		POST /auth/getToken	1707212278648	1707212279400	OK	 
REQUEST		POST /elasticsearch/insertDoc	1707212282345	1707212282505	OK	 
REQUEST		POST /elasticsearch/workbook	1707212279372	1707212282216	OK	 
REQUEST		POST /elasticsearch/insertDoc	1707212282389	1707212282505	OK	 
REQUEST		POST /auth/getToken	1707212278657	1707212279492	OK	 
REQUEST		POST /elasticsearch/workbook	1707212279057	1707212281580	OK	 
REQUEST		POST /elasticsearch/workbook	1707212280678	1707212282364	OK	 
REQUEST		POST /elasticsearch/insertDoc	1707212281046	1707212282392	OK	 
REQUEST		POST /auth/getToken	1707212278655	1707212278840	OK	 
REQUEST		POST /auth/getToken	1707212278649	1707212278866	OK	 
REQUEST		POST /elasticsearch/insertDoc	1707212282302	1707212282834	OK	 
REQUEST		POST /auth/getToken	1707212278657	1707212279264	OK	 
REQUEST		POST /auth/getToken	1707212278655	1707212279024	OK	 
REQUEST		POST /elasticsearch/insertDoc	1707212282331	1707212282431	OK	 
REQUEST		POST /elasticsearch/workbook	1707212279268	1707212283112	OK	 
REQUEST		POST /elasticsearch/workbook	1707212279029	1707212283135	OK	 
REQUEST		POST /auth/getToken	1707212278656	1707212279523	OK	 
REQUEST		POST /auth/getToken	1707212278657	1707212279427	OK	 
REQUEST		POST /auth/getToken	1707212280419	1707212281196	OK	 
REQUEST		POST /auth/getToken	1707212278657	1707212279294	OK	 
REQUEST		POST /auth/getToken	1707212278652	1707212279049	OK	 
REQUEST		POST /elasticsearch/insertDoc	1707212283171	1707212283365	OK	 
REQUEST		POST /elasticsearch/insertDoc	1707212283148	1707212283361	OK	 
REQUEST		POST /auth/getToken	1707212278651	1707212279307	OK	 
REQUEST		POST /auth/getToken	1707212278657	1707212278936	OK	 
REQUEST		POST /auth/getToken	1707212278657	1707212279510	OK	 
REQUEST		POST /elasticsearch/workbook	1707212280569	1707212283420	OK	 
REQUEST		POST /elasticsearch/insertDoc	1707212281264	1707212282404	OK	 
REQUEST		POST /elasticsearch/workbook	1707212281201	1707212283464	OK	 
REQUEST		POST /auth/getToken	1707212278649	1707212278826	OK	 
REQUEST		POST /auth/getToken	1707212281098	1707212282781	OK	 
REQUEST		POST /auth/getToken	1707212278656	1707212279215	OK	 
REQUEST		POST /auth/getToken	1707212278656	1707212279534	OK	 
REQUEST		POST /auth/getToken	1707212278655	1707212278921	OK	 
REQUEST		POST /elasticsearch/insertDoc	1707212282403	1707212282979	OK	 
REQUEST		POST /elasticsearch/workbook	1707212279179	1707212283033	OK	 
REQUEST		POST /elasticsearch/workbook	1707212279426	1707212282986	OK	 
REQUEST		POST /elasticsearch/insertDoc	1707212281646	1707212282945	OK	 
REQUEST		POST /auth/getToken	1707212278657	1707212278856	OK	 
REQUEST		POST /auth/getToken	1707212280103	1707212280175	OK	 
REQUEST		POST /auth/getToken	1707212280200	1707212280266	OK	 
REQUEST		POST /elasticsearch/workbook	1707212279311	1707212283616	OK	 
REQUEST		POST /elasticsearch/insertDoc	1707212282495	1707212282558	OK	 
REQUEST		POST /auth/getToken	1707212278651	1707212278947	OK	 
REQUEST		POST /elasticsearch/insertDoc	1707212281013	1707212281455	OK	 
REQUEST		POST /elasticsearch/workbook	1707212279924	1707212282578	OK	 
REQUEST		POST /auth/getToken	1707212278649	1707212278952	OK	 
REQUEST		POST /auth/getToken	1707212281714	1707212283096	OK	 
REQUEST		POST /auth/getToken	1707212280263	1707212280451	OK	 
REQUEST		POST /auth/getToken	1707212280122	1707212280192	OK	 
REQUEST		POST /auth/getToken	1707212278657	1707212278820	OK	 
REQUEST		POST /auth/getToken	1707212278657	1707212279597	OK	 
REQUEST		POST /auth/getToken	1707212278652	1707212278980	OK	 
REQUEST		POST /auth/getToken	1707212279968	1707212280083	OK	 
REQUEST		POST /auth/getToken	1707212278648	1707212278924	OK	 
REQUEST		POST /auth/getToken	1707212278657	1707212278850	OK	 
REQUEST		POST /auth/getToken	1707212278656	1707212279024	OK	 
REQUEST		POST /auth/getToken	1707212281062	1707212282793	OK	 
REQUEST		POST /auth/getToken	1707212280108	1707212280176	OK	 
REQUEST		POST /auth/getToken	1707212282193	1707212282793	OK	 
REQUEST		POST /elasticsearch/workbook	1707212278928	1707212283779	OK	 
REQUEST		POST /elasticsearch/insertDoc	1707212283073	1707212283793	OK	 
REQUEST		POST /elasticsearch/insertDoc	1707212283022	1707212283793	OK	 
REQUEST		PATCH /elasticsearch/update	1707212282868	1707212283064	OK	 
REQUEST		POST /auth/getToken	1707212281100	1707212283315	OK	 
REQUEST		POST /auth/getToken	1707212278657	1707212279524	OK	 
REQUEST		POST /auth/getToken	1707212278656	1707212279623	OK	 
REQUEST		POST /auth/getToken	1707212278657	1707212278944	OK	 
REQUEST		POST /elasticsearch/workbook	1707212278975	1707212284031	OK	 
REQUEST		POST /elasticsearch/workbook	1707212280086	1707212284074	OK	 
REQUEST		POST /elasticsearch/workbook	1707212279377	1707212284100	OK	 
REQUEST		POST /elasticsearch/workbook	1707212279029	1707212284110	OK	 
REQUEST		POST /elasticsearch/workbook	1707212278937	1707212284077	OK	 
REQUEST		POST /elasticsearch/insertDoc	1707212283653	1707212283832	OK	 
REQUEST		POST /elasticsearch/workbook	1707212280263	1707212284065	OK	 
REQUEST		POST /elasticsearch/workbook	1707212279185	1707212284064	OK	 
REQUEST		POST /elasticsearch/workbook	1707212280216	1707212284056	OK	 
REQUEST		POST /elasticsearch/workbook	1707212280456	1707212284051	OK	 
REQUEST		POST /elasticsearch/workbook	1707212282801	1707212284295	OK	 
REQUEST		POST /elasticsearch/workbook	1707212283102	1707212284038	OK	 
REQUEST		POST /auth/getToken	1707212278649	1707212279594	OK	 
REQUEST		PATCH /elasticsearch/update	1707212283391	1707212283557	OK	 
REQUEST		POST /elasticsearch/workbook	1707212280216	1707212284308	OK	 
REQUEST		POST /elasticsearch/workbook	1707212280418	1707212284455	OK	 
REQUEST		POST /auth/getToken	1707212278656	1707212278910	OK	 
REQUEST		POST /auth/getToken	1707212278656	1707212279187	OK	 
REQUEST		POST /elasticsearch/insertDoc	1707212284232	1707212284643	OK	 
REQUEST		POST /elasticsearch/workbook	1707212280302	1707212284672	OK	 
REQUEST		POST /elasticsearch/insertDoc	1707212284278	1707212284665	OK	 
REQUEST		POST /elasticsearch/workbook	1707212280277	1707212284521	OK	 
REQUEST		POST /elasticsearch/insertDoc	1707212284342	1707212284687	OK	 
REQUEST		POST /elasticsearch/insertDoc	1707212284294	1707212284674	OK	 
REQUEST		POST /auth/getToken	1707212278657	1707212278904	OK	 
REQUEST		POST /auth/getToken	1707212278653	1707212279578	OK	 
REQUEST		POST /auth/getToken	1707212278657	1707212278847	OK	 
REQUEST		POST /auth/getToken	1707212278656	1707212279449	OK	 
REQUEST		POST /elasticsearch/insertDoc	1707212284504	1707212284725	OK	 
REQUEST		POST /auth/getToken	1707212278657	1707212279322	OK	 
REQUEST		POST /auth/getToken	1707212278649	1707212279521	OK	 
REQUEST		POST /elasticsearch/workbook	1707212280678	1707212283464	OK	 
REQUEST		POST /elasticsearch/workbook	1707212279061	1707212283535	OK	 
REQUEST		POST /auth/getToken	1707212282080	1707212283937	OK	 
REQUEST		POST /elasticsearch/workbook	1707212278955	1707212283617	OK	 
REQUEST		POST /elasticsearch/workbook	1707212279298	1707212283479	OK	 
REQUEST		POST /elasticsearch/workbook	1707212280644	1707212283657	OK	 
REQUEST		POST /auth/getToken	1707212278647	1707212279478	OK	 
REQUEST		PATCH /elasticsearch/update	1707212282562	1707212282701	OK	 
REQUEST		POST /elasticsearch/workbook	1707212279388	1707212284821	OK	 
REQUEST		PATCH /elasticsearch/update	1707212282562	1707212282877	OK	 
REQUEST		PATCH /elasticsearch/update	1707212281480	1707212282014	OK	 
REQUEST		PATCH /elasticsearch/update	1707212282425	1707212282982	OK	 
REQUEST		PATCH /elasticsearch/update	1707212282456	1707212283177	OK	 
REQUEST		POST /elasticsearch/workbook	1707212280307	1707212284816	OK	 
REQUEST		POST /elasticsearch/workbook	1707212279327	1707212284857	OK	 
REQUEST		POST /elasticsearch/workbook	1707212278918	1707212284811	OK	 
REQUEST		POST /auth/getToken	1707212278655	1707212279033	OK	 
REQUEST		POST /auth/getToken	1707212278656	1707212279147	OK	 
REQUEST		POST /auth/getToken	1707212280228	1707212280327	OK	 
REQUEST		POST /elasticsearch/insertDoc	1707212283505	1707212283692	OK	 
REQUEST		POST /auth/getToken	1707212278657	1707212279222	OK	 
REQUEST		POST /elasticsearch/insertDoc	1707212283491	1707212283674	OK	 
REQUEST		PATCH /elasticsearch/update	1707212283204	1707212283795	OK	 
REQUEST		POST /elasticsearch/insertDoc	1707212282542	1707212282570	OK	 
REQUEST		POST /elasticsearch/workbook	1707212279436	1707212283749	OK	 
REQUEST		POST /elasticsearch/workbook	1707212278955	1707212283872	OK	 
REQUEST		POST /elasticsearch/workbook	1707212280339	1707212283775	OK	 
REQUEST		POST /elasticsearch/workbook	1707212279349	1707212283796	OK	 
REQUEST		POST /elasticsearch/workbook	1707212280660	1707212284989	OK	 
REQUEST		POST /elasticsearch/insertDoc	1707212284910	1707212285064	OK	 
REQUEST		POST /elasticsearch/insertDoc	1707212284878	1707212285063	OK	 
REQUEST		POST /elasticsearch/workbook	1707212279039	1707212285152	OK	 
REQUEST		PATCH /elasticsearch/update	1707212283390	1707212283554	OK	 
REQUEST		POST /elasticsearch/workbook	1707212279226	1707212285324	OK	 
REQUEST		POST /elasticsearch/insertDoc	1707212285160	1707212285407	OK	 
REQUEST		POST /auth/getToken	1707212278657	1707212278860	OK	 
REQUEST		POST /elasticsearch/insertDoc	1707212283813	1707212285368	OK	 
REQUEST		POST /auth/getToken	1707212278656	1707212279461	OK	 
REQUEST		POST /elasticsearch/workbook	1707212280680	1707212285271	OK	 
REQUEST		POST /elasticsearch/insertDoc	1707212285183	1707212285423	OK	 
REQUEST		POST /auth/getToken	1707212280151	1707212280219	OK	 
REQUEST		POST /auth/getToken	1707212280164	1707212280234	OK	 
REQUEST		POST /elasticsearch/workbook	1707212282783	1707212283751	OK	 
REQUEST		POST /elasticsearch/workbook	1707212279260	1707212283773	OK	 
REQUEST		POST /elasticsearch/workbook	1707212280659	1707212282893	OK	 
REQUEST		POST /elasticsearch/workbook	1707212280290	1707212283819	OK	 
REQUEST		POST /elasticsearch/workbook	1707212280258	1707212283801	OK	 
REQUEST		POST /elasticsearch/insertDoc	1707212282625	1707212283931	OK	 
REQUEST		POST /elasticsearch/workbook	1707212279009	1707212284066	OK	 
REQUEST		POST /elasticsearch/workbook	1707212282800	1707212284336	OK	 
REQUEST		POST /elasticsearch/workbook	1707212283325	1707212284455	OK	 
REQUEST		POST /elasticsearch/insertDoc	1707212283877	1707212284368	OK	 
REQUEST		POST /auth/getToken	1707212280652	1707212284676	OK	 
REQUEST		POST /elasticsearch/workbook	1707212278957	1707212284525	OK	 
REQUEST		POST /elasticsearch/insertDoc	1707212284327	1707212284672	OK	 
REQUEST		POST /elasticsearch/insertDoc	1707212284185	1707212284594	OK	 
REQUEST		POST /elasticsearch/insertDoc	1707212284171	1707212284566	OK	 
REQUEST		PATCH /elasticsearch/update	1707212284185	1707212284611	OK	 
REQUEST		POST /elasticsearch/sheet/insertDoc	1707212283588	1707212284686	OK	 
REQUEST		PATCH /elasticsearch/update	1707212283894	1707212284370	OK	 
REQUEST		POST /elasticsearch/insertDoc	1707212284263	1707212284656	OK	 
REQUEST		POST /elasticsearch/insertDoc	1707212284248	1707212284647	OK	 
REQUEST		POST /elasticsearch/insertDoc	1707212284106	1707212284540	OK	 
REQUEST		POST /elasticsearch/insertDoc	1707212284158	1707212284593	OK	 
REQUEST		POST /elasticsearch/workbook	1707212278971	1707212284743	OK	 
REQUEST		POST /elasticsearch/insertDoc	1707212284086	1707212284539	OK	 
REQUEST		POST /elasticsearch/workbook	1707212280233	1707212285683	OK	 
REQUEST		POST /elasticsearch/workbook	1707212280661	1707212285614	OK	 
REQUEST		POST /auth/getToken	1707212280087	1707212280144	OK	 
REQUEST		POST /elasticsearch/workbook	1707212279193	1707212284785	OK	 
REQUEST		POST /elasticsearch/workbook	1707212280672	1707212284831	OK	 
REQUEST		POST /elasticsearch/workbook	1707212280239	1707212285757	OK	 
REQUEST		POST /auth/getToken	1707212278656	1707212278889	OK	 
REQUEST		POST /elasticsearch/workbook	1707212280603	1707212284935	OK	 
REQUEST		POST /elasticsearch/insertDoc	1707212283573	1707212284961	OK	 
REQUEST		POST /elasticsearch/workbook	1707212284039	1707212284976	OK	 
REQUEST		POST /elasticsearch/insertDoc	1707212284892	1707212285080	OK	 
REQUEST		POST /auth/getToken	1707212281844	1707212284456	OK	 
REQUEST		POST /elasticsearch/insertDoc	1707212283520	1707212284958	OK	 
REQUEST		POST /elasticsearch/insertDoc	1707212283671	1707212284983	OK	 
REQUEST		POST /elasticsearch/insertDoc	1707212284860	1707212285020	OK	 
REQUEST		PATCH /elasticsearch/update	1707212282496	1707212283692	OK	 
REQUEST		POST /auth/getToken	1707212280700	1707212285307	OK	 
REQUEST		PATCH /elasticsearch/update	1707212282482	1707212282555	OK	 
REQUEST		POST /elasticsearch/insertDoc	1707212284030	1707212285788	OK	 
REQUEST		POST /elasticsearch/insertDoc	1707212282982	1707212285802	OK	 
REQUEST		POST /elasticsearch/insertDoc	1707212284486	1707212285816	OK	 
REQUEST		POST /elasticsearch/insertDoc	1707212284785	1707212285924	OK	 
REQUEST		POST /elasticsearch/insertDoc	1707212284464	1707212285815	OK	 
REQUEST		POST /elasticsearch/insertDoc	1707212284143	1707212285812	OK	 
REQUEST		POST /elasticsearch/insertDoc	1707212284197	1707212285815	OK	 
REQUEST		POST /elasticsearch/insertDoc	1707212284581	1707212285863	OK	 
REQUEST		POST /auth/getToken	1707212280292	1707212281121	OK	 
REQUEST		POST /auth/getToken	1707212281328	1707212282435	OK	 
REQUEST		POST /elasticsearch/insertDoc	1707212285802	1707212286011	OK	 
REQUEST		POST /elasticsearch/workbook	1707212279152	1707212285264	OK	 
REQUEST		POST /elasticsearch/insertDoc	1707212283944	1707212285370	OK	 
REQUEST		POST /elasticsearch/insertDoc	1707212283853	1707212285369	OK	 
REQUEST		POST /elasticsearch/insertDoc	1707212283912	1707212285369	OK	 
REQUEST		POST /elasticsearch/insertDoc	1707212285361	1707212285550	OK	 
REQUEST		POST /auth/getToken	1707212278655	1707212279559	OK	 
REQUEST		POST /auth/getToken	1707212278650	1707212279564	OK	 
REQUEST		POST /auth/getToken	1707212281761	1707212282727	OK	 
REQUEST		POST /elasticsearch/workbook	1707212279286	1707212285562	OK	 
REQUEST		POST /elasticsearch/insertDoc	1707212284704	1707212284799	OK	 
REQUEST		POST /auth/getToken	1707212281916	1707212282945	OK	 
REQUEST		POST /auth/getToken	1707212278649	1707212279491	OK	 
REQUEST		POST /elasticsearch/insertDoc	1707212284022	1707212285789	OK	 
REQUEST		POST /elasticsearch/workbook	1707212284679	1707212285825	OK	 
REQUEST		POST /elasticsearch/workbook	1707212280259	1707212285943	OK	 
REQUEST		POST /auth/getToken	1707212278655	1707212279353	OK	 
REQUEST		POST /auth/getToken	1707212278648	1707212278920	OK	 
REQUEST		POST /auth/getToken	1707212279726	1707212279811	OK	 
REQUEST		POST /elasticsearch/workbook	1707212284512	1707212286036	OK	 
REQUEST		POST /elasticsearch/workbook	1707212278965	1707212286010	OK	 
REQUEST		POST /elasticsearch/insertDoc	1707212285719	1707212285940	OK	 
REQUEST		POST /elasticsearch/insertDoc	1707212284130	1707212285804	OK	 
REQUEST		POST /elasticsearch/insertDoc	1707212285736	1707212285940	OK	 
REQUEST		POST /elasticsearch/sheet/insertDoc	1707212283900	1707212285350	OK	 
REQUEST		PATCH /elasticsearch/update	1707212285176	1707212285413	OK	 
REQUEST		PATCH /elasticsearch/update	1707212283730	1707212285328	OK	 
REQUEST		PATCH /elasticsearch/update	1707212285164	1707212285411	OK	 
REQUEST		PATCH /elasticsearch/update	1707212283195	1707212283793	OK	 
REQUEST		POST /elasticsearch/workbook	1707212278963	1707212286320	OK	 
REQUEST		PATCH /elasticsearch/update	1707212281516	1707212283886	OK	 
REQUEST		PATCH /elasticsearch/update	1707212282617	1707212283859	OK	 
REQUEST		POST /elasticsearch/insertDoc	1707212285343	1707212285640	OK	 
REQUEST		POST /elasticsearch/insertDoc	1707212286458	1707212286540	OK	 
REQUEST		POST /elasticsearch/sheet/insertDoc	1707212283107	1707212284371	OK	 
REQUEST		POST /elasticsearch/sheet/insertDoc	1707212284720	1707212285876	OK	 
REQUEST		PATCH /elasticsearch/update	1707212283879	1707212284369	OK	 
REQUEST		POST /elasticsearch/insertDoc	1707212284551	1707212284802	OK	 
REQUEST		POST /auth/getToken	1707212278651	1707212278842	OK	 
REQUEST		POST /auth/getToken	1707212278657	1707212279339	OK	 
REQUEST		POST /elasticsearch/insertDoc	1707212283542	1707212284986	OK	 
REQUEST		POST /elasticsearch/insertDoc	1707212284845	1707212285999	OK	 
REQUEST		POST /elasticsearch/workbook	1707212285356	1707212286075	OK	 
REQUEST		POST /elasticsearch/insertDoc	1707212284927	1707212286006	OK	 
REQUEST		POST /elasticsearch/insertDoc	1707212283694	1707212284987	OK	 
REQUEST		PATCH /elasticsearch/update	1707212284763	1707212284834	OK	 
REQUEST		PATCH /elasticsearch/update	1707212284673	1707212284799	OK	 
REQUEST		POST /elasticsearch/workbook	1707212279962	1707212286335	OK	 
REQUEST		POST /auth/getToken	1707212281714	1707212284686	OK	 
REQUEST		POST /auth/getToken	1707212280338	1707212281930	OK	 
REQUEST		POST /auth/getToken	1707212282004	1707212282961	OK	 
REQUEST		POST /elasticsearch/insertDoc	1707212285087	1707212286029	OK	 
REQUEST		PATCH /elasticsearch/update	1707212284715	1707212284800	OK	 
REQUEST		POST /elasticsearch/sheet/insertDoc	1707212284544	1707212285877	OK	 
REQUEST		PATCH /elasticsearch/update	1707212284599	1707212285876	OK	 
REQUEST		POST /elasticsearch/sheet/insertDoc	1707212284643	1707212285876	OK	 
REQUEST		POST /auth/getToken	1707212278656	1707212279512	OK	 
REQUEST		PATCH /elasticsearch/update	1707212284624	1707212285938	OK	 
REQUEST		PATCH /elasticsearch/update	1707212284194	1707212285815	OK	 
REQUEST		PATCH /elasticsearch/update	1707212284498	1707212285817	OK	 
REQUEST		PATCH /elasticsearch/update	1707212284691	1707212285919	OK	 
REQUEST		POST /elasticsearch/sheet/insertDoc	1707212283588	1707212285500	OK	 
REQUEST		PATCH /elasticsearch/update	1707212285439	1707212285550	OK	 
REQUEST		PATCH /elasticsearch/update	1707212282630	1707212285366	OK	 
REQUEST		PATCH /elasticsearch/update	1707212284687	1707212285918	OK	 
REQUEST		POST /elasticsearch/workbook	1707212282953	1707212286299	OK	 
REQUEST		PATCH /elasticsearch/update	1707212284628	1707212285863	OK	 
REQUEST		POST /auth/getToken	1707212280831	1707212285100	OK	 
REQUEST		POST /elasticsearch/workbook	1707212279358	1707212286320	OK	 
REQUEST		POST /elasticsearch/workbook	1707212280668	1707212286298	OK	 
REQUEST		POST /auth/getToken	1707212280232	1707212280327	OK	 
REQUEST		POST /auth/getToken	1707212280714	1707212285265	OK	 
REQUEST		POST /elasticsearch/workbook	1707212281132	1707212286234	OK	 
REQUEST		POST /auth/getToken	1707212280634	1707212285455	OK	 
REQUEST		POST /elasticsearch/insertDoc	1707212284974	1707212286028	OK	 
REQUEST		POST /elasticsearch/workbook	1707212285104	1707212287170	OK	 
REQUEST		POST /auth/getToken	1707212280912	1707212285023	OK	 
REQUEST		POST /elasticsearch/workbook	1707212280330	1707212287278	OK	 
REQUEST		POST /elasticsearch/sheet/insertDoc	1707212285531	1707212287126	OK	 
REQUEST		PATCH /elasticsearch/update	1707212284702	1707212285863	OK	 
REQUEST		PATCH /elasticsearch/update	1707212284631	1707212285923	OK	 
REQUEST		PATCH /elasticsearch/update	1707212285459	1707212285677	OK	 
REQUEST		POST /elasticsearch/workbook	1707212282733	1707212286284	OK	 
REQUEST		PATCH /elasticsearch/update	1707212284582	1707212285922	OK	 
REQUEST		POST /elasticsearch/workbook	1707212280320	1707212286272	OK	 
REQUEST		POST /elasticsearch/workbook	1707212280314	1707212286273	OK	 
REQUEST		POST /elasticsearch/insertDoc	1707212287088	1707212287158	OK	 
REQUEST		POST /elasticsearch/insertDoc	1707212285300	1707212286100	OK	 
REQUEST		POST /elasticsearch/insertDoc	1707212285667	1707212286296	OK	 
REQUEST		POST /elasticsearch/insertDoc	1707212287303	1707212287356	OK	 
REQUEST		POST /elasticsearch/workbook	1707212285269	1707212287308	OK	 
REQUEST		POST /elasticsearch/workbook	1707212282445	1707212286236	OK	 
REQUEST		POST /elasticsearch/sheet/insertDoc	1707212282752	1707212284992	OK	 
REQUEST		POST /elasticsearch/insertDoc	1707212285867	1707212286117	OK	 
REQUEST		POST /auth/getToken	1707212280669	1707212285411	OK	 
REQUEST		POST /elasticsearch/insertDoc	1707212286003	1707212286117	OK	 
REQUEST		PATCH /elasticsearch/update	1707212284702	1707212284808	OK	 
REQUEST		POST /elasticsearch/workbook	1707212285201	1707212287369	OK	 
REQUEST		PATCH /elasticsearch/update	1707212285143	1707212286043	OK	 
REQUEST		POST /elasticsearch/workbook	1707212280607	1707212287106	OK	 
REQUEST		PATCH /elasticsearch/update	1707212285396	1707212285577	OK	 
REQUEST		POST /elasticsearch/sheet/insertDoc	1707212285913	1707212287100	OK	 
REQUEST		POST /elasticsearch/insertDoc	1707212287516	1707212287566	OK	 
REQUEST		PATCH /elasticsearch/update	1707212284733	1707212284800	OK	 
REQUEST		POST /elasticsearch/sheet/insertDoc	1707212285908	1707212287098	OK	 
REQUEST		POST /elasticsearch/sheet/insertDoc	1707212283196	1707212285023	OK	 
REQUEST		POST /elasticsearch/insertDoc	1707212287552	1707212287610	OK	 
REQUEST		POST /elasticsearch/sheet/insertDoc	1707212283221	1707212285024	OK	 
REQUEST		POST /elasticsearch/sheet/insertDoc	1707212282963	1707212285021	OK	 
REQUEST		POST /elasticsearch/sheet/insertDoc	1707212282049	1707212285022	OK	 
REQUEST		POST /elasticsearch/workbook	1707212282975	1707212286971	OK	 
REQUEST		POST /elasticsearch/workbook	1707212281934	1707212286941	OK	 
REQUEST		PATCH /elasticsearch/update	1707212285110	1707212286034	OK	 
REQUEST		POST /elasticsearch/workbook	1707212284699	1707212286937	OK	 
REQUEST		POST /elasticsearch/workbook	1707212279342	1707212286750	OK	 
REQUEST		POST /elasticsearch/sheet/delete	1707212286220	1707212286635	OK	 
REQUEST		POST /elasticsearch/workbook	1707212279415	1707212286639	OK	 
REQUEST		POST /elasticsearch/insertDoc	1707212287699	1707212287745	OK	 
REQUEST		POST /elasticsearch/sheet/insertDoc	1707212285385	1707212286573	OK	 
REQUEST		POST /elasticsearch/sheet/insertDoc	1707212284555	1707212286633	OK	 
REQUEST		PATCH /elasticsearch/workbook/delete	1707212287769	1707212287837	OK	 
REQUEST		POST /elasticsearch/sheet/insertDoc	1707212282628	1707212286092	OK	 
REQUEST		PATCH /elasticsearch/update	1707212284997	1707212286028	OK	 
REQUEST		PATCH /elasticsearch/update	1707212283720	1707212285309	OK	 
REQUEST		POST /elasticsearch/sheet/insertDoc	1707212286397	1707212287718	OK	 
REQUEST		POST /elasticsearch/sheet/delete	1707212287782	1707212287840	OK	 
REQUEST		POST /elasticsearch/sheet/delete	1707212287789	1707212287840	OK	 
REQUEST		POST /elasticsearch/sheet/insertDoc	1707212286420	1707212287720	OK	 
REQUEST		POST /elasticsearch/sheet/insertDoc	1707212286416	1707212287719	OK	 
REQUEST		POST /elasticsearch/sheet/insertDoc	1707212286804	1707212287893	OK	 
REQUEST		POST /elasticsearch/insertDoc	1707212287773	1707212287837	OK	 
REQUEST		PATCH /elasticsearch/workbook/delete	1707212287862	1707212287942	OK	 
USER	ServiceTest	END	1707212287916
REQUEST		PATCH /elasticsearch/workbook/delete	1707212287844	1707212287944	OK	 
USER	ServiceTest	END	1707212287972
USER	ServiceTest	END	1707212287973
REQUEST		PATCH /elasticsearch/update	1707212285151	1707212286042	OK	 
REQUEST		POST /elasticsearch/sheet/delete	1707212287803	1707212287917	OK	 
REQUEST		POST /elasticsearch/sheet/delete	1707212287803	1707212287949	OK	 
REQUEST		POST /elasticsearch/sheet/delete	1707212287806	1707212287947	OK	 
REQUEST		PATCH /elasticsearch/workbook/delete	1707212287921	1707212287990	OK	 
USER	ServiceTest	END	1707212288012
REQUEST		PATCH /elasticsearch/update	1707212285898	1707212286140	OK	 
REQUEST		PATCH /elasticsearch/workbook/delete	1707212287952	1707212288005	OK	 
USER	ServiceTest	END	1707212288030
REQUEST		POST /elasticsearch/sheet/delete	1707212287896	1707212287960	OK	 
REQUEST		POST /elasticsearch/insertDoc	1707212286542	1707212286616	OK	 
REQUEST		PATCH /elasticsearch/workbook/delete	1707212287963	1707212288032	OK	 
REQUEST		POST /elasticsearch/insertDoc	1707212287738	1707212287793	OK	 
USER	ServiceTest	END	1707212288067
REQUEST		POST /elasticsearch/sheet/insertDoc	1707212286202	1707212287643	OK	 
REQUEST		PATCH /elasticsearch/update	1707212285821	1707212286110	OK	 
REQUEST		PATCH /elasticsearch/update	1707212285881	1707212286117	OK	 
REQUEST		PATCH /elasticsearch/update	1707212285838	1707212286115	OK	 
REQUEST		POST /elasticsearch/insertDoc	1707212287757	1707212287808	OK	 
REQUEST		POST /elasticsearch/sheet/delete	1707212287589	1707212287642	OK	 
REQUEST		POST /elasticsearch/sheet/delete	1707212287582	1707212287642	OK	 
REQUEST		POST /elasticsearch/workbook	1707212285413	1707212287505	OK	 
REQUEST		POST /elasticsearch/sheet/insertDoc	1707212286436	1707212287478	OK	 
REQUEST		POST /elasticsearch/workbook	1707212285459	1707212287325	OK	 
REQUEST		POST /elasticsearch/sheet/delete	1707212287330	1707212287385	OK	 
REQUEST		PATCH /elasticsearch/workbook/delete	1707212288058	1707212288171	OK	 
REQUEST		PATCH /elasticsearch/workbook/delete	1707212288070	1707212288169	OK	 
USER	ServiceTest	END	1707212288308
USER	ServiceTest	END	1707212288308
REQUEST		POST /elasticsearch/sheet/delete	1707212288090	1707212288183	OK	 
REQUEST		PATCH /elasticsearch/update	1707212285482	1707212286101	OK	 
REQUEST		PATCH /elasticsearch/update	1707212285398	1707212286101	OK	 
REQUEST		POST /elasticsearch/insertDoc	1707212288099	1707212288173	OK	 
REQUEST		PATCH /elasticsearch/update	1707212285433	1707212286101	OK	 
REQUEST		PATCH /elasticsearch/workbook/delete	1707212288185	1707212288307	OK	 
USER	ServiceTest	END	1707212288349
REQUEST		PATCH /elasticsearch/update	1707212285245	1707212286086	OK	 
REQUEST		POST /elasticsearch/insertDoc	1707212287326	1707212287385	OK	 
REQUEST		POST /elasticsearch/insertDoc	1707212287157	1707212287411	OK	 
REQUEST		PATCH /elasticsearch/update	1707212285850	1707212286114	OK	 
REQUEST		POST /elasticsearch/insertDoc	1707212287224	1707212287326	OK	 
REQUEST		POST /elasticsearch/sheet/insertDoc	1707212285590	1707212287129	OK	 
REQUEST		POST /elasticsearch/sheet/insertDoc	1707212285992	1707212287132	OK	 
REQUEST		POST /elasticsearch/insertDoc	1707212287188	1707212287416	OK	 
REQUEST		POST /elasticsearch/insertDoc	1707212287032	1707212287249	OK	 
REQUEST		PATCH /elasticsearch/update	1707212285579	1707212286102	OK	 
REQUEST		PATCH /elasticsearch/update	1707212285868	1707212286075	OK	 
REQUEST		POST /elasticsearch/sheet/insertDoc	1707212285893	1707212287170	OK	 
REQUEST		POST /elasticsearch/sheet/insertDoc	1707212285404	1707212287141	OK	 
REQUEST		POST /elasticsearch/sheet/insertDoc	1707212283720	1707212286086	OK	 
REQUEST		PATCH /elasticsearch/update	1707212286203	1707212286253	OK	 
REQUEST		POST /elasticsearch/insertDoc	1707212287011	1707212287248	OK	 
REQUEST		POST /elasticsearch/sheet/insertDoc	1707212287343	1707212288412	OK	 
REQUEST		POST /elasticsearch/sheet/insertDoc	1707212287344	1707212288415	OK	 
REQUEST		POST /elasticsearch/insertDoc	1707212287355	1707212287451	OK	 
REQUEST		POST /elasticsearch/sheet/insertDoc	1707212287366	1707212288458	OK	 
REQUEST		PATCH /elasticsearch/update	1707212285703	1707212286107	OK	 
REQUEST		PATCH /elasticsearch/update	1707212285955	1707212286115	OK	 
REQUEST		PATCH /elasticsearch/update	1707212285822	1707212286110	OK	 
REQUEST		PATCH /elasticsearch/update	1707212285833	1707212286114	OK	 
REQUEST		POST /elasticsearch/sheet/insertDoc	1707212287346	1707212288458	OK	 
REQUEST		POST /elasticsearch/sheet/insertDoc	1707212287269	1707212288458	OK	 
REQUEST		POST /elasticsearch/sheet/delete	1707212288416	1707212288495	OK	 
REQUEST		POST /elasticsearch/sheet/delete	1707212288417	1707212288498	OK	 
REQUEST		POST /elasticsearch/insertDoc	1707212287208	1707212287451	OK	 
REQUEST		POST /elasticsearch/sheet/delete	1707212288474	1707212288518	OK	 
REQUEST		PATCH /elasticsearch/workbook/delete	1707212288521	1707212288599	OK	 
REQUEST		PATCH /elasticsearch/workbook/delete	1707212288498	1707212288597	OK	 
REQUEST		PATCH /elasticsearch/workbook/delete	1707212288500	1707212288598	OK	 
USER	ServiceTest	END	1707212288637
USER	ServiceTest	END	1707212288638
USER	ServiceTest	END	1707212288638
REQUEST		POST /elasticsearch/sheet/delete	1707212288471	1707212288584	OK	 
REQUEST		POST /elasticsearch/sheet/delete	1707212288472	1707212288592	OK	 
REQUEST		PATCH /elasticsearch/workbook/delete	1707212288588	1707212288656	OK	 
REQUEST		POST /elasticsearch/sheet/insertDoc	1707212285873	1707212287114	OK	 
REQUEST		POST /elasticsearch/sheet/insertDoc	1707212286454	1707212287581	OK	 
USER	ServiceTest	END	1707212288687
REQUEST		POST /elasticsearch/sheet/insertDoc	1707212286026	1707212287555	OK	 
REQUEST		PATCH /elasticsearch/workbook/delete	1707212288595	1707212288666	OK	 
USER	ServiceTest	END	1707212288706
REQUEST		POST /elasticsearch/sheet/insertDoc	1707212285993	1707212287113	OK	 
REQUEST		POST /elasticsearch/sheet/delete	1707212288024	1707212288073	OK	 
REQUEST		POST /elasticsearch/sheet/insertDoc	1707212285904	1707212287100	OK	 
REQUEST		POST /elasticsearch/sheet/insertDoc	1707212287611	1707212288684	OK	 
REQUEST		PATCH /elasticsearch/workbook/delete	1707212288666	1707212288714	OK	 
USER	ServiceTest	END	1707212288752
REQUEST		POST /elasticsearch/sheet/insertDoc	1707212287629	1707212288684	OK	 
REQUEST		POST /elasticsearch/sheet/insertDoc	1707212287609	1707212288703	OK	 
REQUEST		POST /elasticsearch/sheet/insertDoc	1707212287609	1707212288711	OK	 
REQUEST		POST /elasticsearch/sheet/insertDoc	1707212287609	1707212288726	OK	 
REQUEST		POST /elasticsearch/sheet/delete	1707212288687	1707212288741	OK	 
REQUEST		POST /elasticsearch/sheet/delete	1707212288694	1707212288756	OK	 
REQUEST		POST /elasticsearch/sheet/delete	1707212288715	1707212288770	OK	 
REQUEST		POST /elasticsearch/sheet/delete	1707212288705	1707212288763	OK	 
REQUEST		POST /elasticsearch/sheet/delete	1707212288730	1707212288776	OK	 
REQUEST		PATCH /elasticsearch/workbook/delete	1707212288743	1707212288804	OK	 
REQUEST		POST /elasticsearch/insertDoc	1707212286456	1707212286555	OK	 
USER	ServiceTest	END	1707212288847
REQUEST		PATCH /elasticsearch/workbook/delete	1707212288774	1707212288820	OK	 
USER	ServiceTest	END	1707212288856
REQUEST		PATCH /elasticsearch/workbook/delete	1707212288763	1707212288817	OK	 
USER	ServiceTest	END	1707212288856
REQUEST		PATCH /elasticsearch/workbook/delete	1707212288780	1707212288841	OK	 
USER	ServiceTest	END	1707212288864
REQUEST		PATCH /elasticsearch/workbook/delete	1707212288766	1707212288838	OK	 
USER	ServiceTest	END	1707212288865
REQUEST		POST /elasticsearch/insertDoc	1707212286364	1707212286818	OK	 
REQUEST		PATCH /elasticsearch/update	1707212287784	1707212287838	OK	 
REQUEST		POST /elasticsearch/insertDoc	1707212286503	1707212286919	OK	 
REQUEST		POST /elasticsearch/sheet/insertDoc	1707212285378	1707212286577	OK	 
REQUEST		POST /elasticsearch/sheet/insertDoc	1707212285447	1707212286578	OK	 
REQUEST		POST /elasticsearch/sheet/insertDoc	1707212286513	1707212287912	OK	 
REQUEST		PATCH /elasticsearch/workbook/delete	1707212288146	1707212288304	OK	 
REQUEST		POST /elasticsearch/sheet/insertDoc	1707212287829	1707212288984	OK	 
REQUEST		POST /elasticsearch/sheet/insertDoc	1707212283869	1707212286599	OK	 
REQUEST		POST /elasticsearch/sheet/insertDoc	1707212287936	1707212288997	OK	 
REQUEST		POST /elasticsearch/sheet/insertDoc	1707212287829	1707212288997	OK	 
REQUEST		POST /elasticsearch/sheet/insertDoc	1707212284188	1707212286625	OK	 
REQUEST		POST /elasticsearch/sheet/insertDoc	1707212284194	1707212286625	OK	 
REQUEST		PATCH /elasticsearch/update	1707212287893	1707212287962	OK	 
REQUEST		POST /elasticsearch/sheet/insertDoc	1707212286875	1707212287987	OK	 
REQUEST		POST /elasticsearch/sheet/insertDoc	1707212286466	1707212287792	OK	 
REQUEST		POST /elasticsearch/sheet/insertDoc	1707212285436	1707212286574	OK	 
REQUEST		POST /elasticsearch/sheet/insertDoc	1707212286911	1707212288020	OK	 
REQUEST		POST /elasticsearch/sheet/delete	1707212289001	1707212289032	OK	 
REQUEST		PATCH /elasticsearch/update	1707212286553	1707212286629	OK	 
USER	ServiceTest	END	1707212289119
REQUEST		POST /elasticsearch/sheet/insertDoc	1707212287984	1707212289060	OK	 
REQUEST		POST /elasticsearch/sheet/delete	1707212288989	1707212289030	OK	 
REQUEST		POST /elasticsearch/sheet/insertDoc	1707212287983	1707212289071	OK	 
REQUEST		POST /elasticsearch/sheet/delete	1707212289003	1707212289035	OK	 
REQUEST		POST /elasticsearch/sheet/insertDoc	1707212287933	1707212289030	OK	 
REQUEST		PATCH /elasticsearch/workbook/delete	1707212289036	1707212289107	OK	 
REQUEST		POST /elasticsearch/sheet/insertDoc	1707212288008	1707212289082	OK	 
REQUEST		POST /elasticsearch/sheet/insertDoc	1707212288011	1707212289079	OK	 
REQUEST		POST /elasticsearch/sheet/insertDoc	1707212288028	1707212289096	OK	 
REQUEST		POST /elasticsearch/sheet/insertDoc	1707212288048	1707212289105	OK	 
USER	ServiceTest	END	1707212289155
REQUEST		PATCH /elasticsearch/workbook/delete	1707212289046	1707212289123	OK	 
USER	ServiceTest	END	1707212289155
REQUEST		PATCH /elasticsearch/workbook/delete	1707212289035	1707212289122	OK	 
USER	ServiceTest	END	1707212289156
REQUEST		PATCH /elasticsearch/update	1707212287935	1707212288035	OK	 
REQUEST		PATCH /elasticsearch/update	1707212288008	1707212288065	OK	 
REQUEST		POST /elasticsearch/sheet/delete	1707212289074	1707212289122	OK	 
REQUEST		POST /elasticsearch/sheet/delete	1707212289064	1707212289121	OK	 
REQUEST		POST /elasticsearch/sheet/delete	1707212289060	1707212289124	OK	 
REQUEST		POST /elasticsearch/sheet/delete	1707212289087	1707212289136	OK	 
REQUEST		POST /elasticsearch/sheet/delete	1707212289108	1707212289152	OK	 
REQUEST		POST /elasticsearch/sheet/insertDoc	1707212287042	1707212288112	OK	 
REQUEST		POST /elasticsearch/sheet/delete	1707212289098	1707212289152	OK	 
REQUEST		POST /elasticsearch/sheet/delete	1707212289083	1707212289136	OK	 
REQUEST		PATCH /elasticsearch/workbook/delete	1707212289124	1707212289167	OK	 
USER	ServiceTest	END	1707212289200
REQUEST		PATCH /elasticsearch/workbook/delete	1707212289122	1707212289167	OK	 
USER	ServiceTest	END	1707212289201
REQUEST		PATCH /elasticsearch/workbook/delete	1707212289125	1707212289167	OK	 
USER	ServiceTest	END	1707212289206
REQUEST		POST /elasticsearch/insertDoc	1707212288171	1707212288304	OK	 
REQUEST		PATCH /elasticsearch/workbook/delete	1707212289154	1707212289186	OK	 
REQUEST		PATCH /elasticsearch/workbook/delete	1707212289138	1707212289181	OK	 
USER	ServiceTest	END	1707212289215
USER	ServiceTest	END	1707212289215
REQUEST		PATCH /elasticsearch/workbook/delete	1707212289154	1707212289190	OK	 
USER	ServiceTest	END	1707212289230
REQUEST		PATCH /elasticsearch/workbook/delete	1707212289138	1707212289197	OK	 
USER	ServiceTest	END	1707212289231
REQUEST		POST /elasticsearch/sheet/insertDoc	1707212288139	1707212289187	OK	 
REQUEST		PATCH /elasticsearch/update	1707212287403	1707212287444	OK	 
REQUEST		PATCH /elasticsearch/update	1707212287463	1707212287514	OK	 
REQUEST		POST /elasticsearch/sheet/insertDoc	1707212287054	1707212288124	OK	 
REQUEST		PATCH /elasticsearch/update	1707212287456	1707212287490	OK	 
REQUEST		POST /elasticsearch/sheet/delete	1707212289190	1707212289241	OK	 
REQUEST		POST /elasticsearch/sheet/insertDoc	1707212288180	1707212289249	OK	 
REQUEST		POST /elasticsearch/sheet/insertDoc	1707212285966	1707212287408	OK	 
REQUEST		PATCH /elasticsearch/workbook/delete	1707212287949	1707212288005	OK	 
USER	ServiceTest	END	1707212289331
REQUEST		PATCH /elasticsearch/workbook/delete	1707212289244	1707212289304	OK	 
USER	ServiceTest	END	1707212289333
REQUEST		POST /elasticsearch/sheet/delete	1707212289253	1707212289305	OK	 
REQUEST		POST /elasticsearch/sheet/insertDoc	1707212285701	1707212287399	OK	 
REQUEST		POST /elasticsearch/insertDoc	1707212287132	1707212287408	OK	 
REQUEST		POST /elasticsearch/sheet/insertDoc	1707212285902	1707212287399	OK	 
REQUEST		POST /elasticsearch/sheet/insertDoc	1707212288186	1707212289318	OK	 
REQUEST		POST /elasticsearch/sheet/insertDoc	1707212285840	1707212287115	OK	 
REQUEST		POST /elasticsearch/insertDoc	1707212287676	1707212287731	OK	 
REQUEST		PATCH /elasticsearch/workbook/delete	1707212289306	1707212289342	OK	 
USER	ServiceTest	END	1707212289414
REQUEST		POST /elasticsearch/sheet/insertDoc	1707212288195	1707212289349	OK	 
REQUEST		POST /elasticsearch/sheet/insertDoc	1707212285957	1707212287399	OK	 
REQUEST		POST /elasticsearch/sheet/insertDoc	1707212287220	1707212288337	OK	 
REQUEST		POST /elasticsearch/sheet/insertDoc	1707212287224	1707212288339	OK	 
REQUEST		PATCH /elasticsearch/update	1707212287189	1707212287420	OK	 
REQUEST		PATCH /elasticsearch/update	1707212286967	1707212287339	OK	 
REQUEST		PATCH /elasticsearch/update	1707212287212	1707212287423	OK	 
REQUEST		POST /elasticsearch/sheet/insertDoc	1707212288306	1707212289362	OK	 
REQUEST		POST /elasticsearch/sheet/delete	1707212289321	1707212289377	OK	 
REQUEST		POST /elasticsearch/sheet/insertDoc	1707212285989	1707212287115	OK	 
REQUEST		POST /elasticsearch/sheet/insertDoc	1707212288316	1707212289393	OK	 
REQUEST		POST /elasticsearch/sheet/delete	1707212289352	1707212289422	OK	 
REQUEST		POST /elasticsearch/sheet/insertDoc	1707212285889	1707212287642	OK	 
REQUEST		POST /elasticsearch/sheet/insertDoc	1707212288378	1707212289445	OK	 
REQUEST		POST /elasticsearch/sheet/insertDoc	1707212288361	1707212289445	OK	 
REQUEST		POST /elasticsearch/sheet/insertDoc	1707212288405	1707212289481	OK	 
REQUEST		POST /elasticsearch/sheet/insertDoc	1707212288343	1707212289442	OK	 
REQUEST		PATCH /elasticsearch/update	1707212288344	1707212288415	OK	 
REQUEST		POST /elasticsearch/sheet/delete	1707212289397	1707212289495	OK	 
REQUEST		POST /elasticsearch/sheet/insertDoc	1707212288420	1707212289513	OK	 
REQUEST		POST /elasticsearch/sheet/delete	1707212289364	1707212289480	OK	 
REQUEST		PATCH /elasticsearch/workbook/delete	1707212289384	1707212289480	OK	 
REQUEST		POST /elasticsearch/sheet/insertDoc	1707212287230	1707212288340	OK	 
REQUEST		POST /elasticsearch/sheet/delete	1707212289483	1707212289543	OK	 
REQUEST		POST /elasticsearch/sheet/insertDoc	1707212287235	1707212288456	OK	 
REQUEST		PATCH /elasticsearch/update	1707212288356	1707212288425	OK	 
REQUEST		PATCH /elasticsearch/update	1707212287397	1707212287451	OK	 
REQUEST		PATCH /elasticsearch/update	1707212288216	1707212288339	OK	 
REQUEST		POST /elasticsearch/sheet/delete	1707212289466	1707212289544	OK	 
REQUEST		POST /elasticsearch/sheet/insertDoc	1707212287271	1707212288350	OK	 
REQUEST		PATCH /elasticsearch/update	1707212288402	1707212288493	OK	 
REQUEST		POST /elasticsearch/sheet/delete	1707212289462	1707212289529	OK	 
REQUEST		POST /elasticsearch/sheet/delete	1707212289516	1707212289558	OK	 
REQUEST		PATCH /elasticsearch/workbook/delete	1707212289430	1707212289510	OK	 
USER	ServiceTest	END	1707212289572
USER	ServiceTest	END	1707212289647
REQUEST		POST /elasticsearch/sheet/insertDoc	1707212287286	1707212288367	OK	 
REQUEST		POST /elasticsearch/sheet/insertDoc	1707212287070	1707212288153	OK	 
REQUEST		POST /elasticsearch/sheet/insertDoc	1707212287255	1707212288459	OK	 
REQUEST		POST /elasticsearch/sheet/insertDoc	1707212288435	1707212289576	OK	 
REQUEST		PATCH /elasticsearch/update	1707212287597	1707212287642	OK	 
REQUEST		PATCH /elasticsearch/workbook/delete	1707212289487	1707212289559	OK	 
REQUEST		PATCH /elasticsearch/workbook/delete	1707212289498	1707212289558	OK	 
USER	ServiceTest	END	1707212289674
USER	ServiceTest	END	1707212289674
REQUEST		PATCH /elasticsearch/update	1707212285833	1707212286568	OK	 
REQUEST		POST /elasticsearch/sheet/insertDoc	1707212288494	1707212289589	OK	 
REQUEST		POST /elasticsearch/sheet/insertDoc	1707212287482	1707212288581	OK	 
REQUEST		POST /elasticsearch/sheet/insertDoc	1707212287465	1707212288579	OK	 
REQUEST		POST /elasticsearch/sheet/insertDoc	1707212288531	1707212289604	OK	 
REQUEST		PATCH /elasticsearch/update	1707212288431	1707212288598	OK	 
REQUEST		PATCH /elasticsearch/workbook/delete	1707212289548	1707212289588	OK	 
USER	ServiceTest	END	1707212289713
REQUEST		PATCH /elasticsearch/workbook/delete	1707212289548	1707212289603	OK	 
REQUEST		PATCH /elasticsearch/workbook/delete	1707212289551	1707212289619	OK	 
USER	ServiceTest	END	1707212289714
USER	ServiceTest	END	1707212289714
REQUEST		PATCH /elasticsearch/workbook/delete	1707212289563	1707212289631	OK	 
USER	ServiceTest	END	1707212289714
REQUEST		POST /elasticsearch/sheet/insertDoc	1707212288537	1707212289658	OK	 
REQUEST		POST /elasticsearch/sheet/delete	1707212289579	1707212289665	OK	 
REQUEST		POST /elasticsearch/sheet/insertDoc	1707212288559	1707212289662	OK	 
REQUEST		POST /elasticsearch/sheet/insertDoc	1707212288565	1707212289660	OK	 
REQUEST		POST /elasticsearch/sheet/delete	1707212289593	1707212289679	OK	 
REQUEST		POST /elasticsearch/sheet/insertDoc	1707212288607	1707212289680	OK	 
REQUEST		POST /elasticsearch/sheet/insertDoc	1707212288606	1707212289691	OK	 
REQUEST		PATCH /elasticsearch/workbook/delete	1707212289666	1707212289739	OK	 
USER	ServiceTest	END	1707212289772
REQUEST		POST /elasticsearch/sheet/insertDoc	1707212287473	1707212288576	OK	 
REQUEST		PATCH /elasticsearch/update	1707212288423	1707212288515	OK	 
REQUEST		POST /elasticsearch/sheet/delete	1707212289671	1707212289739	OK	 
REQUEST		POST /elasticsearch/sheet/delete	1707212289607	1707212289698	OK	 
REQUEST		PATCH /elasticsearch/workbook/delete	1707212289681	1707212289769	OK	 
REQUEST		POST /elasticsearch/sheet/insertDoc	1707212287487	1707212288579	OK	 
REQUEST		POST /elasticsearch/sheet/delete	1707212289683	1707212289769	OK	 
REQUEST		POST /elasticsearch/sheet/delete	1707212289665	1707212289754	OK	 
REQUEST		POST /elasticsearch/sheet/delete	1707212289698	1707212289769	OK	 
REQUEST		POST /elasticsearch/sheet/delete	1707212289664	1707212289754	OK	 
REQUEST		PATCH /elasticsearch/workbook/delete	1707212289701	1707212289793	OK	 
USER	ServiceTest	END	1707212289810
USER	ServiceTest	END	1707212289821
REQUEST		PATCH /elasticsearch/workbook/delete	1707212289741	1707212289785	OK	 
USER	ServiceTest	END	1707212289822
REQUEST		PATCH /elasticsearch/workbook/delete	1707212289756	1707212289816	OK	 
USER	ServiceTest	END	1707212289839
REQUEST		PATCH /elasticsearch/workbook/delete	1707212289771	1707212289815	OK	 
REQUEST		POST /elasticsearch/sheet/insertDoc	1707212288674	1707212289779	OK	 
REQUEST		PATCH /elasticsearch/workbook/delete	1707212289771	1707212289816	OK	 
USER	ServiceTest	END	1707212289854
USER	ServiceTest	END	1707212289861
REQUEST		PATCH /elasticsearch/update	1707212285976	1707212286570	OK	 
REQUEST		PATCH /elasticsearch/workbook/delete	1707212289756	1707212289816	OK	 
USER	ServiceTest	END	1707212289877
REQUEST		POST /elasticsearch/sheet/insertDoc	1707212288732	1707212289803	OK	 
REQUEST		POST /elasticsearch/sheet/delete	1707212289450	1707212289529	OK	 
REQUEST		POST /elasticsearch/sheet/delete	1707212289782	1707212289846	OK	 
REQUEST		PATCH /elasticsearch/update	1707212286580	1707212286630	OK	 
REQUEST		PATCH /elasticsearch/update	1707212285971	1707212286566	OK	 
REQUEST		PATCH /elasticsearch/workbook/delete	1707212289566	1707212289891	OK	 
USER	ServiceTest	END	1707212289923
REQUEST		POST /elasticsearch/sheet/delete	1707212289806	1707212289887	OK	 
REQUEST		PATCH /elasticsearch/workbook/delete	1707212289850	1707212289907	OK	 
USER	ServiceTest	END	1707212289937
REQUEST		POST /elasticsearch/sheet/insertDoc	1707212284562	1707212286636	OK	 
REQUEST		PATCH /elasticsearch/update	1707212288754	1707212288848	OK	 
REQUEST		PATCH /elasticsearch/workbook/delete	1707212289889	1707212289931	OK	 
USER	ServiceTest	END	1707212289953
REQUEST		POST /elasticsearch/sheet/insertDoc	1707212285388	1707212286890	OK	 
REQUEST		PATCH /elasticsearch/update	1707212285808	1707212286636	OK	 
REQUEST		PATCH /elasticsearch/update	1707212286398	1707212286823	OK	 
REQUEST		PATCH /elasticsearch/update	1707212287642	1707212287717	OK	 
REQUEST		PATCH /elasticsearch/update	1707212286353	1707212286805	OK	 
REQUEST		POST /elasticsearch/sheet/insertDoc	1707212288890	1707212289940	OK	 
REQUEST		POST /elasticsearch/sheet/insertDoc	1707212284860	1707212286854	OK	 
REQUEST		PATCH /elasticsearch/update	1707212286431	1707212286827	OK	 
REQUEST		PATCH /elasticsearch/update	1707212286338	1707212286805	OK	 
REQUEST		POST /elasticsearch/sheet/insertDoc	1707212285781	1707212287009	OK	 
REQUEST		PATCH /elasticsearch/update	1707212286894	1707212286994	OK	 
REQUEST		POST /elasticsearch/sheet/insertDoc	1707212288915	1707212289967	OK	 
REQUEST		PATCH /elasticsearch/update	1707212288824	1707212288924	OK	 
REQUEST		POST /elasticsearch/sheet/insertDoc	1707212287878	1707212288953	OK	 
REQUEST		POST /elasticsearch/sheet/delete	1707212289942	1707212289982	OK	 
REQUEST		POST /elasticsearch/sheet/insertDoc	1707212288919	1707212289982	OK	 
REQUEST		POST /elasticsearch/sheet/insertDoc	1707212288929	1707212290011	OK	 
REQUEST		PATCH /elasticsearch/workbook/delete	1707212289985	1707212290057	OK	 
USER	ServiceTest	END	1707212290079
REQUEST		POST /elasticsearch/sheet/delete	1707212289968	1707212290027	OK	 
REQUEST		PATCH /elasticsearch/update	1707212288907	1707212288966	OK	 
REQUEST		PATCH /elasticsearch/workbook/delete	1707212290031	1707212290093	OK	 
REQUEST		POST /elasticsearch/sheet/insertDoc	1707212288986	1707212290043	OK	 
USER	ServiceTest	END	1707212290121
REQUEST		POST /elasticsearch/sheet/delete	1707212289985	1707212290057	OK	 
REQUEST		POST /elasticsearch/sheet/delete	1707212290014	1707212290073	OK	 
REQUEST		PATCH /elasticsearch/workbook/delete	1707212290060	1707212290127	OK	 
REQUEST		POST /elasticsearch/sheet/delete	1707212290046	1707212290119	OK	 
USER	ServiceTest	END	1707212290151
REQUEST		POST /elasticsearch/sheet/insertDoc	1707212287986	1707212289072	OK	 
REQUEST		PATCH /elasticsearch/workbook/delete	1707212290075	1707212290130	OK	 
USER	ServiceTest	END	1707212290167
REQUEST		PATCH /elasticsearch/workbook/delete	1707212290121	1707212290151	OK	 
USER	ServiceTest	END	1707212290180
REQUEST		POST /elasticsearch/sheet/insertDoc	1707212288058	1707212289108	OK	 
REQUEST		POST /elasticsearch/sheet/insertDoc	1707212289113	1707212290164	OK	 
REQUEST		POST /elasticsearch/sheet/insertDoc	1707212288065	1707212289160	OK	 
REQUEST		POST /elasticsearch/sheet/insertDoc	1707212289142	1707212290191	OK	 
REQUEST		POST /elasticsearch/sheet/insertDoc	1707212288096	1707212289161	OK	 
REQUEST		PATCH /elasticsearch/update	1707212288042	1707212288155	OK	 
REQUEST		POST /elasticsearch/sheet/delete	1707212290167	1707212290209	OK	 
REQUEST		POST /elasticsearch/sheet/insertDoc	1707212289202	1707212290242	OK	 
REQUEST		PATCH /elasticsearch/workbook/delete	1707212290211	1707212290270	OK	 
USER	ServiceTest	END	1707212290301
REQUEST		POST /elasticsearch/sheet/insertDoc	1707212289215	1707212290270	OK	 
REQUEST		POST /elasticsearch/sheet/delete	1707212290193	1707212290255	OK	 
REQUEST		POST /elasticsearch/sheet/delete	1707212290245	1707212290285	OK	 
REQUEST		POST /elasticsearch/sheet/insertDoc	1707212288159	1707212289243	OK	 
REQUEST		POST /elasticsearch/sheet/insertDoc	1707212288129	1707212289246	OK	 
REQUEST		POST /elasticsearch/sheet/delete	1707212290273	1707212290303	OK	 
REQUEST		PATCH /elasticsearch/update	1707212289120	1707212289212	OK	 
REQUEST		PATCH /elasticsearch/workbook/delete	1707212290257	1707212290315	OK	 
USER	ServiceTest	END	1707212290348
REQUEST		POST /elasticsearch/sheet/insertDoc	1707212288128	1707212289253	OK	 
REQUEST		PATCH /elasticsearch/workbook/delete	1707212290305	1707212290336	OK	 
USER	ServiceTest	END	1707212290361
REQUEST		PATCH /elasticsearch/workbook/delete	1707212290287	1707212290328	OK	 
USER	ServiceTest	END	1707212290362
REQUEST		POST /elasticsearch/sheet/insertDoc	1707212289281	1707212290336	OK	 
REQUEST		POST /elasticsearch/sheet/insertDoc	1707212286533	1707212287913	OK	 
REQUEST		POST /elasticsearch/sheet/insertDoc	1707212286544	1707212287641	OK	 
REQUEST		POST /elasticsearch/sheet/insertDoc	1707212289283	1707212290336	OK	 
REQUEST		POST /elasticsearch/sheet/insertDoc	1707212289296	1707212290349	OK	 
REQUEST		POST /elasticsearch/sheet/delete	1707212290339	1707212290376	OK	 
REQUEST		PATCH /elasticsearch/update	1707212288228	1707212288351	OK	 
REQUEST		PATCH /elasticsearch/update	1707212288310	1707212288367	OK	 
REQUEST		POST /elasticsearch/sheet/delete	1707212290339	1707212290377	OK	 
REQUEST		POST /elasticsearch/sheet/insertDoc	1707212289331	1707212290376	OK	 
REQUEST		POST /elasticsearch/sheet/insertDoc	1707212289333	1707212290376	OK	 
REQUEST		PATCH /elasticsearch/workbook/delete	1707212290379	1707212290426	OK	 
REQUEST		POST /elasticsearch/sheet/delete	1707212290352	1707212290396	OK	 
USER	ServiceTest	END	1707212290465
REQUEST		PATCH /elasticsearch/workbook/delete	1707212290379	1707212290449	OK	 
USER	ServiceTest	END	1707212290486
REQUEST		POST /elasticsearch/sheet/delete	1707212290385	1707212290449	OK	 
REQUEST		PATCH /elasticsearch/workbook/delete	1707212290398	1707212290463	OK	 
USER	ServiceTest	END	1707212290500
REQUEST		POST /elasticsearch/sheet/delete	1707212290387	1707212290451	OK	 
REQUEST		PATCH /elasticsearch/update	1707212289331	1707212289392	OK	 
REQUEST		PATCH /elasticsearch/workbook/delete	1707212290456	1707212290497	OK	 
USER	ServiceTest	END	1707212290531
REQUEST		PATCH /elasticsearch/workbook/delete	1707212290454	1707212290512	OK	 
USER	ServiceTest	END	1707212290555
REQUEST		PATCH /elasticsearch/update	1707212289231	1707212289356	OK	 
REQUEST		POST /elasticsearch/sheet/insertDoc	1707212288359	1707212289464	OK	 
REQUEST		POST /elasticsearch/sheet/insertDoc	1707212288357	1707212289462	OK	 
REQUEST		POST /elasticsearch/sheet/insertDoc	1707212289526	1707212290618	OK	 
REQUEST		POST /elasticsearch/sheet/insertDoc	1707212289532	1707212290618	OK	 
REQUEST		POST /elasticsearch/sheet/insertDoc	1707212288513	1707212289596	OK	 
REQUEST		POST /elasticsearch/sheet/insertDoc	1707212288520	1707212289611	OK	 
REQUEST		POST /elasticsearch/sheet/insertDoc	1707212288370	1707212289478	OK	 
REQUEST		POST /elasticsearch/sheet/delete	1707212290621	1707212290663	OK	 
REQUEST		POST /elasticsearch/sheet/delete	1707212290622	1707212290663	OK	 
REQUEST		POST /elasticsearch/sheet/insertDoc	1707212288439	1707212289544	OK	 
REQUEST		POST /elasticsearch/sheet/insertDoc	1707212289622	1707212290679	OK	 
REQUEST		POST /elasticsearch/sheet/insertDoc	1707212288437	1707212289593	OK	 
REQUEST		POST /elasticsearch/sheet/insertDoc	1707212287246	1707212288458	OK	 
REQUEST		POST /elasticsearch/sheet/insertDoc	1707212288459	1707212289591	OK	 
REQUEST		POST /elasticsearch/sheet/insertDoc	1707212289635	1707212290696	OK	 
REQUEST		POST /elasticsearch/sheet/insertDoc	1707212289572	1707212290711	OK	 
REQUEST		POST /elasticsearch/sheet/insertDoc	1707212288623	1707212289704	OK	 
REQUEST		POST /elasticsearch/sheet/insertDoc	1707212288513	1707212289666	OK	 
REQUEST		PATCH /elasticsearch/workbook/delete	1707212290665	1707212290725	OK	 
USER	ServiceTest	END	1707212290811
REQUEST		PATCH /elasticsearch/workbook/delete	1707212290669	1707212290745	OK	 
REQUEST		POST /elasticsearch/sheet/insertDoc	1707212288355	1707212289674	OK	 
USER	ServiceTest	END	1707212290820
REQUEST		POST /elasticsearch/sheet/delete	1707212290699	1707212290777	OK	 
REQUEST		POST /elasticsearch/sheet/insertDoc	1707212289673	1707212290747	OK	 
REQUEST		POST /elasticsearch/sheet/insertDoc	1707212289344	1707212290767	OK	 
REQUEST		POST /elasticsearch/sheet/delete	1707212290681	1707212290754	OK	 
REQUEST		POST /elasticsearch/sheet/insertDoc	1707212289676	1707212290761	OK	 
REQUEST		POST /elasticsearch/sheet/insertDoc	1707212289708	1707212290773	OK	 
REQUEST		POST /elasticsearch/sheet/delete	1707212290714	1707212290788	OK	 
REQUEST		POST /elasticsearch/sheet/insertDoc	1707212289740	1707212290794	OK	 
REQUEST		POST /elasticsearch/sheet/insertDoc	1707212289715	1707212290805	OK	 
REQUEST		PATCH /elasticsearch/update	1707212288196	1707212288350	OK	 
REQUEST		PATCH /elasticsearch/workbook/delete	1707212290758	1707212290833	OK	 
USER	ServiceTest	END	1707212290870
REQUEST		PATCH /elasticsearch/workbook/delete	1707212290779	1707212290830	OK	 
USER	ServiceTest	END	1707212290871
REQUEST		PATCH /elasticsearch/workbook/delete	1707212290790	1707212290845	OK	 
USER	ServiceTest	END	1707212290880
REQUEST		POST /elasticsearch/sheet/delete	1707212290771	1707212290832	OK	 
REQUEST		POST /elasticsearch/sheet/insertDoc	1707212288574	1707212289780	OK	 
REQUEST		POST /elasticsearch/sheet/delete	1707212290797	1707212290847	OK	 
REQUEST		POST /elasticsearch/sheet/delete	1707212290808	1707212290862	OK	 
REQUEST		POST /elasticsearch/sheet/delete	1707212290764	1707212290834	OK	 
REQUEST		POST /elasticsearch/sheet/delete	1707212290751	1707212290831	OK	 
REQUEST		POST /elasticsearch/sheet/delete	1707212290776	1707212290845	OK	 
REQUEST		PATCH /elasticsearch/workbook/delete	1707212290834	1707212290888	OK	 
USER	ServiceTest	END	1707212290927
REQUEST		PATCH /elasticsearch/workbook/delete	1707212290835	1707212290905	OK	 
REQUEST		POST /elasticsearch/sheet/insertDoc	1707212289715	1707212290811	OK	 
USER	ServiceTest	END	1707212290944
REQUEST		PATCH /elasticsearch/workbook/delete	1707212290835	1707212290906	OK	 
USER	ServiceTest	END	1707212290947
REQUEST		PATCH /elasticsearch/workbook/delete	1707212290847	1707212290906	OK	 
REQUEST		PATCH /elasticsearch/workbook/delete	1707212290849	1707212290903	OK	 
USER	ServiceTest	END	1707212290948
USER	ServiceTest	END	1707212290948
REQUEST		PATCH /elasticsearch/workbook/delete	1707212290864	1707212290904	OK	 
USER	ServiceTest	END	1707212290948
REQUEST		POST /elasticsearch/sheet/insertDoc	1707212289824	1707212290892	OK	 
REQUEST		POST /elasticsearch/sheet/insertDoc	1707212288707	1707212289863	OK	 
REQUEST		POST /elasticsearch/sheet/insertDoc	1707212288800	1707212289918	OK	 
REQUEST		POST /elasticsearch/sheet/insertDoc	1707212288797	1707212289918	OK	 
REQUEST		POST /elasticsearch/sheet/delete	1707212290813	1707212290937	OK	 
REQUEST		POST /elasticsearch/sheet/delete	1707212290895	1707212290951	OK	 
REQUEST		POST /elasticsearch/sheet/insertDoc	1707212288881	1707212289940	OK	 
REQUEST		POST /elasticsearch/sheet/insertDoc	1707212289908	1707212290952	OK	 
REQUEST		PATCH /elasticsearch/workbook/delete	1707212290941	1707212290998	OK	 
USER	ServiceTest	END	1707212291021
REQUEST		PATCH /elasticsearch/workbook/delete	1707212290953	1707212290998	OK	 
USER	ServiceTest	END	1707212291031
REQUEST		POST /elasticsearch/sheet/insertDoc	1707212289968	1707212290999	OK	 
REQUEST		POST /elasticsearch/sheet/delete	1707212290955	1707212290998	OK	 
REQUEST		POST /elasticsearch/sheet/insertDoc	1707212288890	1707212289977	OK	 
REQUEST		POST /elasticsearch/sheet/insertDoc	1707212289953	1707212290998	OK	 
REQUEST		POST /elasticsearch/sheet/insertDoc	1707212288926	1707212289982	OK	 
REQUEST		POST /elasticsearch/sheet/insertDoc	1707212288929	1707212289979	OK	 
REQUEST		POST /elasticsearch/sheet/insertDoc	1707212288891	1707212289982	OK	 
REQUEST		POST /elasticsearch/sheet/insertDoc	1707212288919	1707212289977	OK	 
REQUEST		POST /elasticsearch/sheet/insertDoc	1707212289953	1707212290998	OK	 
REQUEST		POST /elasticsearch/sheet/insertDoc	1707212288923	1707212289982	OK	 
REQUEST		POST /elasticsearch/sheet/insertDoc	1707212288957	1707212290028	OK	 
REQUEST		POST /elasticsearch/sheet/insertDoc	1707212288933	1707212290027	OK	 
REQUEST		POST /elasticsearch/sheet/delete	1707212291001	1707212291043	OK	 
REQUEST		PATCH /elasticsearch/workbook/delete	1707212291001	1707212291074	OK	 
USER	ServiceTest	END	1707212291191
REQUEST		POST /elasticsearch/sheet/insertDoc	1707212290024	1707212291113	OK	 
REQUEST		POST /elasticsearch/sheet/insertDoc	1707212289999	1707212291075	OK	 
REQUEST		POST /elasticsearch/sheet/insertDoc	1707212290024	1707212291121	OK	 
REQUEST		POST /elasticsearch/sheet/insertDoc	1707212289012	1707212290113	OK	 
REQUEST		POST /elasticsearch/sheet/insertDoc	1707212290012	1707212291108	OK	 
REQUEST		POST /elasticsearch/sheet/delete	1707212291005	1707212291094	OK	 
REQUEST		POST /elasticsearch/sheet/insertDoc	1707212290022	1707212291123	OK	 
REQUEST		POST /elasticsearch/sheet/insertDoc	1707212290014	1707212291135	OK	 
REQUEST		POST /elasticsearch/sheet/insertDoc	1707212290056	1707212291155	OK	 
REQUEST		POST /elasticsearch/sheet/insertDoc	1707212290056	1707212291148	OK	 
REQUEST		POST /elasticsearch/sheet/delete	1707212291010	1707212291131	OK	 
REQUEST		PATCH /elasticsearch/workbook/delete	1707212291045	1707212291184	OK	 
USER	ServiceTest	END	1707212291273
REQUEST		PATCH /elasticsearch/workbook/delete	1707212291099	1707212291233	OK	 
USER	ServiceTest	END	1707212291273
REQUEST		PATCH /elasticsearch/workbook/delete	1707212291136	1707212291250	OK	 
USER	ServiceTest	END	1707212291286
REQUEST		POST /elasticsearch/sheet/delete	1707212291117	1707212291209	OK	 
REQUEST		POST /elasticsearch/sheet/insertDoc	1707212290151	1707212291228	OK	 
REQUEST		POST /elasticsearch/sheet/delete	1707212291080	1707212291220	OK	 
REQUEST		POST /elasticsearch/sheet/delete	1707212291124	1707212291221	OK	 
REQUEST		POST /elasticsearch/sheet/delete	1707212291113	1707212291231	OK	 
REQUEST		POST /elasticsearch/sheet/delete	1707212291159	1707212291247	OK	 
REQUEST		POST /elasticsearch/sheet/delete	1707212291125	1707212291234	OK	 
REQUEST		POST /elasticsearch/sheet/delete	1707212291137	1707212291237	OK	 
REQUEST		POST /elasticsearch/sheet/insertDoc	1707212289178	1707212290270	OK	 
REQUEST		PATCH /elasticsearch/workbook/delete	1707212291212	1707212291310	OK	 
USER	ServiceTest	END	1707212291355
REQUEST		PATCH /elasticsearch/workbook/delete	1707212291222	1707212291329	OK	 
REQUEST		PATCH /elasticsearch/workbook/delete	1707212291235	1707212291336	OK	 
REQUEST		PATCH /elasticsearch/workbook/delete	1707212291233	1707212291333	OK	 
REQUEST		PATCH /elasticsearch/workbook/delete	1707212291250	1707212291335	OK	 
REQUEST		POST /elasticsearch/sheet/delete	1707212291150	1707212291248	OK	 
REQUEST		PATCH /elasticsearch/workbook/delete	1707212291222	1707212291324	OK	 
USER	ServiceTest	END	1707212291360
USER	ServiceTest	END	1707212291361
USER	ServiceTest	END	1707212291361
USER	ServiceTest	END	1707212291361
USER	ServiceTest	END	1707212291362
REQUEST		POST /elasticsearch/sheet/delete	1707212291230	1707212291313	OK	 
REQUEST		PATCH /elasticsearch/workbook/delete	1707212291239	1707212291337	OK	 
USER	ServiceTest	END	1707212291374
REQUEST		POST /elasticsearch/sheet/insertDoc	1707212290303	1707212291346	OK	 
REQUEST		PATCH /elasticsearch/workbook/delete	1707212291260	1707212291360	OK	 
USER	ServiceTest	END	1707212291391
REQUEST		PATCH /elasticsearch/workbook/delete	1707212291316	1707212291369	OK	 
USER	ServiceTest	END	1707212291404
REQUEST		POST /elasticsearch/sheet/insertDoc	1707212289264	1707212290345	OK	 
REQUEST		POST /elasticsearch/sheet/delete	1707212291349	1707212291384	OK	 
REQUEST		POST /elasticsearch/sheet/insertDoc	1707212290376	1707212291421	OK	 
REQUEST		PATCH /elasticsearch/workbook/delete	1707212291387	1707212291437	OK	 
USER	ServiceTest	END	1707212291467
REQUEST		POST /elasticsearch/sheet/insertDoc	1707212289344	1707212290440	OK	 
REQUEST		POST /elasticsearch/sheet/delete	1707212291424	1707212291464	OK	 
REQUEST		POST /elasticsearch/sheet/insertDoc	1707212289343	1707212290436	OK	 
REQUEST		PATCH /elasticsearch/workbook/delete	1707212291466	1707212291549	OK	 
USER	ServiceTest	END	1707212291594
REQUEST		POST /elasticsearch/sheet/insertDoc	1707212289431	1707212290528	OK	 
REQUEST		POST /elasticsearch/sheet/insertDoc	1707212290479	1707212291551	OK	 
REQUEST		POST /elasticsearch/sheet/insertDoc	1707212290467	1707212291527	OK	 
REQUEST		POST /elasticsearch/sheet/insertDoc	1707212289420	1707212290575	OK	 
REQUEST		POST /elasticsearch/sheet/insertDoc	1707212290560	1707212291601	OK	 
REQUEST		POST /elasticsearch/sheet/delete	1707212291548	1707212291631	OK	 
REQUEST		POST /elasticsearch/sheet/delete	1707212291556	1707212291631	OK	 
REQUEST		POST /elasticsearch/sheet/insertDoc	1707212290604	1707212291661	OK	 
REQUEST		PATCH /elasticsearch/workbook/delete	1707212291634	1707212291686	OK	 
REQUEST		PATCH /elasticsearch/workbook/delete	1707212291634	1707212291685	OK	 
REQUEST		POST /elasticsearch/sheet/delete	1707212291628	1707212291676	OK	 
USER	ServiceTest	END	1707212291708
USER	ServiceTest	END	1707212291708
REQUEST		POST /elasticsearch/sheet/delete	1707212291665	1707212291697	OK	 
REQUEST		PATCH /elasticsearch/workbook/delete	1707212291678	1707212291707	OK	 
USER	ServiceTest	END	1707212291739
REQUEST		PATCH /elasticsearch/workbook/delete	1707212291699	1707212291732	OK	 
USER	ServiceTest	END	1707212291754
REQUEST		POST /elasticsearch/sheet/insertDoc	1707212289722	1707212290866	OK	 
REQUEST		POST /elasticsearch/sheet/insertDoc	1707212290894	1707212291931	OK	 
REQUEST		POST /elasticsearch/sheet/delete	1707212291933	1707212291983	OK	 
REQUEST		PATCH /elasticsearch/workbook/delete	1707212291987	1707212292015	OK	 
USER	ServiceTest	END	1707212292045
Failed due to the 'ko' value exceeded the threshold: 0
