RUN	Runner.TDG_UKAF_demo	tdg-ukaf-demo	1707212640365	 	3.7.4
USER	ServiceTest	START	1707212641172
USER	ServiceTest	START	1707212640771
USER	ServiceTest	START	1707212641064
USER	ServiceTest	START	1707212640578
USER	ServiceTest	START	1707212640971
USER	ServiceTest	START	1707212640673
USER	ServiceTest	START	1707212640497
USER	ServiceTest	START	1707212640864
USER	ServiceTest	START	1707212641784
USER	ServiceTest	START	1707212641784
USER	ServiceTest	START	1707212641776
USER	ServiceTest	START	1707212641782
USER	ServiceTest	START	1707212641790
USER	ServiceTest	START	1707212641783
USER	ServiceTest	START	1707212641870
USER	ServiceTest	START	1707212641964
USER	ServiceTest	START	1707212642085
USER	ServiceTest	START	1707212642167
USER	ServiceTest	START	1707212642270
USER	ServiceTest	START	1707212642393
USER	ServiceTest	START	1707212642470
USER	ServiceTest	START	1707212642555
USER	ServiceTest	START	1707212642655
USER	ServiceTest	START	1707212642942
USER	ServiceTest	START	1707212642944
USER	ServiceTest	START	1707212642967
USER	ServiceTest	START	1707212643065
USER	ServiceTest	START	1707212643157
USER	ServiceTest	START	1707212643309
USER	ServiceTest	START	1707212643492
USER	ServiceTest	START	1707212643555
USER	ServiceTest	START	1707212643655
USER	ServiceTest	START	1707212643508
USER	ServiceTest	START	1707212643756
USER	ServiceTest	START	1707212643872
USER	ServiceTest	START	1707212643955
USER	ServiceTest	START	1707212644055
USER	ServiceTest	START	1707212644227
USER	ServiceTest	START	1707212644436
USER	ServiceTest	START	1707212644395
USER	ServiceTest	START	1707212644603
USER	ServiceTest	START	1707212644616
USER	ServiceTest	START	1707212644661
USER	ServiceTest	START	1707212644754
USER	ServiceTest	START	1707212644857
USER	ServiceTest	START	1707212644955
USER	ServiceTest	START	1707212645070
USER	ServiceTest	START	1707212645160
USER	ServiceTest	START	1707212645255
USER	ServiceTest	START	1707212645355
USER	ServiceTest	START	1707212645457
USER	ServiceTest	START	1707212645655
USER	ServiceTest	START	1707212645757
USER	ServiceTest	START	1707212645893
USER	ServiceTest	START	1707212646014
USER	ServiceTest	START	1707212645688
USER	ServiceTest	START	1707212646070
USER	ServiceTest	START	1707212646157
USER	ServiceTest	START	1707212646324
USER	ServiceTest	START	1707212646562
USER	ServiceTest	START	1707212646722
USER	ServiceTest	START	1707212646708
USER	ServiceTest	START	1707212646742
USER	ServiceTest	START	1707212646756
USER	ServiceTest	START	1707212646882
USER	ServiceTest	START	1707212646964
USER	ServiceTest	START	1707212647071
USER	ServiceTest	START	1707212647355
USER	ServiceTest	START	1707212647404
USER	ServiceTest	START	1707212647422
USER	ServiceTest	START	1707212647480
USER	ServiceTest	START	1707212647557
USER	ServiceTest	START	1707212647665
USER	ServiceTest	START	1707212647770
USER	ServiceTest	START	1707212647864
USER	ServiceTest	START	1707212647957
USER	ServiceTest	START	1707212648065
USER	ServiceTest	START	1707212648159
USER	ServiceTest	START	1707212648266
USER	ServiceTest	START	1707212648360
REQUEST		POST /auth/getToken	1707212645831	1707212646357	OK	 
USER	ServiceTest	START	1707212648558
USER	ServiceTest	START	1707212648466
USER	ServiceTest	START	1707212648663
USER	ServiceTest	START	1707212648769
REQUEST		POST /auth/getToken	1707212646192	1707212646363	OK	 
USER	ServiceTest	START	1707212648872
REQUEST		POST /auth/getToken	1707212646165	1707212646357	OK	 
USER	ServiceTest	START	1707212648965
REQUEST		POST /auth/getToken	1707212646157	1707212646357	OK	 
USER	ServiceTest	START	1707212649057
REQUEST		POST /auth/getToken	1707212646118	1707212646363	OK	 
USER	ServiceTest	START	1707212649167
REQUEST		POST /auth/getToken	1707212646179	1707212646357	OK	 
USER	ServiceTest	START	1707212649268
USER	ServiceTest	START	1707212649360
REQUEST		POST /auth/getToken	1707212645856	1707212646478	OK	 
USER	ServiceTest	START	1707212649470
USER	ServiceTest	START	1707212649560
REQUEST		POST /elasticsearch/workbook	1707212646418	1707212649203	OK	 
REQUEST		POST /elasticsearch/workbook	1707212646426	1707212649081	OK	 
USER	ServiceTest	START	1707212649686
USER	ServiceTest	START	1707212649771
USER	ServiceTest	START	1707212649863
REQUEST		POST /elasticsearch/workbook	1707212646409	1707212648474	OK	 
USER	ServiceTest	START	1707212649967
REQUEST		POST /auth/getToken	1707212646171	1707212646363	OK	 
USER	ServiceTest	START	1707212650087
REQUEST		POST /auth/getToken	1707212645852	1707212646751	OK	 
USER	ServiceTest	START	1707212650160
REQUEST		POST /auth/getToken	1707212645956	1707212646597	OK	 
USER	ServiceTest	START	1707212650261
REQUEST		POST /elasticsearch/workbook	1707212646418	1707212648918	OK	 
REQUEST		POST /elasticsearch/workbook	1707212646432	1707212648823	OK	 
REQUEST		POST /elasticsearch/workbook	1707212646503	1707212648968	OK	 
REQUEST		POST /elasticsearch/workbook	1707212646660	1707212650200	OK	 
USER	ServiceTest	START	1707212650397
REQUEST		POST /elasticsearch/workbook	1707212646512	1707212649456	OK	 
REQUEST		POST /elasticsearch/workbook	1707212646614	1707212650041	OK	 
REQUEST		POST /elasticsearch/workbook	1707212646891	1707212650094	OK	 
REQUEST		POST /auth/getToken	1707212645937	1707212646594	OK	 
REQUEST		POST /auth/getToken	1707212646113	1707212646357	OK	 
REQUEST		POST /elasticsearch/insertDoc	1707212648891	1707212650378	OK	 
REQUEST		POST /elasticsearch/insertDoc	1707212650131	1707212650513	OK	 
REQUEST		POST /elasticsearch/insertDoc	1707212648950	1707212650374	OK	 
REQUEST		POST /auth/getToken	1707212645830	1707212646730	OK	 
REQUEST		POST /elasticsearch/insertDoc	1707212650268	1707212650389	OK	 
REQUEST		POST /elasticsearch/insertDoc	1707212648997	1707212650380	OK	 
REQUEST		POST /elasticsearch/insertDoc	1707212649548	1707212650510	OK	 
REQUEST		POST /auth/getToken	1707212645850	1707212646563	OK	 
REQUEST		POST /elasticsearch/insertDoc	1707212650075	1707212650510	OK	 
REQUEST		POST /auth/getToken	1707212647143	1707212647209	OK	 
REQUEST		POST /auth/getToken	1707212645904	1707212646745	OK	 
REQUEST		POST /elasticsearch/workbook	1707212646651	1707212650592	OK	 
REQUEST		POST /elasticsearch/workbook	1707212646584	1707212650687	OK	 
REQUEST		POST /auth/getToken	1707212646011	1707212646701	OK	 
REQUEST		POST /elasticsearch/insertDoc	1707212649111	1707212649663	OK	 
REQUEST		POST /elasticsearch/insertDoc	1707212649237	1707212649663	OK	 
REQUEST		POST /auth/getToken	1707212647585	1707212647622	OK	 
REQUEST		POST /auth/getToken	1707212647519	1707212647595	OK	 
REQUEST		POST /auth/getToken	1707212645851	1707212646700	OK	 
REQUEST		POST /auth/getToken	1707212645851	1707212646733	OK	 
REQUEST		POST /elasticsearch/workbook	1707212646973	1707212651068	OK	 
REQUEST		POST /elasticsearch/workbook	1707212647223	1707212651254	OK	 
REQUEST		POST /elasticsearch/workbook	1707212647625	1707212651290	OK	 
REQUEST		POST /auth/getToken	1707212646081	1707212646500	OK	 
REQUEST		POST /elasticsearch/insertDoc	1707212650723	1707212651215	OK	 
REQUEST		POST /auth/getToken	1707212647161	1707212647225	OK	 
REQUEST		POST /elasticsearch/insertDoc	1707212651151	1707212651443	OK	 
REQUEST		POST /elasticsearch/workbook	1707212647159	1707212651428	OK	 
REQUEST		POST /auth/getToken	1707212647293	1707212647363	OK	 
REQUEST		POST /auth/getToken	1707212647977	1707212648000	OK	 
REQUEST		POST /auth/getToken	1707212647293	1707212647363	OK	 
REQUEST		POST /auth/getToken	1707212648189	1707212648210	OK	 
REQUEST		POST /auth/getToken	1707212646173	1707212646363	OK	 
REQUEST		POST /auth/getToken	1707212646046	1707212646736	OK	 
REQUEST		POST /elasticsearch/insertDoc	1707212651307	1707212651481	OK	 
REQUEST		POST /auth/getToken	1707212645933	1707212646709	OK	 
REQUEST		POST /elasticsearch/insertDoc	1707212648557	1707212649950	OK	 
REQUEST		POST /auth/getToken	1707212649854	1707212650202	OK	 
REQUEST		POST /auth/getToken	1707212645852	1707212646728	OK	 
REQUEST		POST /auth/getToken	1707212646070	1707212646434	OK	 
REQUEST		POST /auth/getToken	1707212646106	1707212646721	OK	 
REQUEST		POST /elasticsearch/workbook	1707212646512	1707212651495	OK	 
REQUEST		POST /elasticsearch/workbook	1707212647265	1707212650884	OK	 
REQUEST		POST /elasticsearch/insertDoc	1707212651368	1707212651493	OK	 
REQUEST		POST /auth/getToken	1707212646201	1707212646363	OK	 
REQUEST		POST /auth/getToken	1707212647889	1707212647919	OK	 
REQUEST		POST /auth/getToken	1707212649194	1707212649755	OK	 
REQUEST		POST /auth/getToken	1707212645926	1707212646750	OK	 
REQUEST		POST /auth/getToken	1707212647690	1707212647730	OK	 
REQUEST		POST /auth/getToken	1707212647784	1707212647805	OK	 
REQUEST		POST /auth/getToken	1707212648414	1707212648457	OK	 
REQUEST		POST /elasticsearch/workbook	1707212647367	1707212651623	OK	 
REQUEST		POST /elasticsearch/workbook	1707212647231	1707212651503	OK	 
REQUEST		POST /auth/getToken	1707212647404	1707212647461	OK	 
REQUEST		POST /elasticsearch/workbook	1707212648002	1707212651642	OK	 
REQUEST		POST /elasticsearch/workbook	1707212647598	1707212651356	OK	 
REQUEST		POST /elasticsearch/insertDoc	1707212651460	1707212651585	OK	 
REQUEST		POST /elasticsearch/workbook	1707212646733	1707212650825	OK	 
REQUEST		POST /auth/getToken	1707212645850	1707212646722	OK	 
REQUEST		POST /auth/getToken	1707212648686	1707212648822	OK	 
REQUEST		POST /auth/getToken	1707212645852	1707212646732	OK	 
REQUEST		POST /elasticsearch/workbook	1707212648214	1707212651676	OK	 
REQUEST		POST /auth/getToken	1707212647274	1707212647322	OK	 
REQUEST		POST /auth/getToken	1707212646126	1707212646538	OK	 
REQUEST		POST /elasticsearch/workbook	1707212650232	1707212651766	OK	 
REQUEST		POST /auth/getToken	1707212646125	1707212646557	OK	 
REQUEST		POST /auth/getToken	1707212648106	1707212648139	OK	 
REQUEST		POST /auth/getToken	1707212648634	1707212648755	OK	 
REQUEST		PATCH /elasticsearch/update	1707212650404	1707212650698	OK	 
REQUEST		POST /auth/getToken	1707212646058	1707212646747	OK	 
REQUEST		POST /auth/getToken	1707212646201	1707212646357	OK	 
REQUEST		PATCH /elasticsearch/update	1707212650408	1707212650749	OK	 
REQUEST		POST /auth/getToken	1707212645851	1707212646729	OK	 
REQUEST		POST /elasticsearch/workbook	1707212647111	1707212651688	OK	 
REQUEST		POST /elasticsearch/workbook	1707212647466	1707212651914	OK	 
REQUEST		POST /elasticsearch/insertDoc	1707212651388	1707212651925	OK	 
REQUEST		POST /elasticsearch/insertDoc	1707212651675	1707212651924	OK	 
REQUEST		POST /auth/getToken	1707212645890	1707212646749	OK	 
REQUEST		POST /auth/getToken	1707212648307	1707212648365	OK	 
REQUEST		POST /auth/getToken	1707212650299	1707212650714	OK	 
REQUEST		POST /elasticsearch/workbook	1707212647343	1707212651692	OK	 
REQUEST		POST /elasticsearch/workbook	1707212647376	1707212651666	OK	 
REQUEST		POST /auth/getToken	1707212647294	1707212647359	OK	 
REQUEST		POST /auth/getToken	1707212645864	1707212646747	OK	 
REQUEST		PATCH /elasticsearch/update	1707212650546	1707212650844	OK	 
REQUEST		PATCH /elasticsearch/update	1707212650548	1707212650822	OK	 
REQUEST		PATCH /elasticsearch/update	1707212650540	1707212650745	OK	 
REQUEST		POST /auth/getToken	1707212645830	1707212646357	OK	 
REQUEST		POST /elasticsearch/workbook	1707212646398	1707212651688	OK	 
REQUEST		POST /auth/getToken	1707212645849	1707212646715	OK	 
REQUEST		POST /elasticsearch/workbook	1707212646922	1707212651847	OK	 
REQUEST		POST /elasticsearch/insertDoc	1707212650647	1707212651159	OK	 
REQUEST		POST /auth/getToken	1707212646203	1707212646378	OK	 
REQUEST		POST /elasticsearch/insertDoc	1707212651555	1707212651914	OK	 
REQUEST		PATCH /elasticsearch/update	1707212650423	1707212650808	OK	 
REQUEST		PATCH /elasticsearch/update	1707212650428	1707212650810	OK	 
REQUEST		POST /auth/getToken	1707212648600	1707212648698	OK	 
REQUEST		POST /auth/getToken	1707212645910	1707212646749	OK	 
REQUEST		POST /elasticsearch/workbook	1707212647922	1707212651837	OK	 
REQUEST		POST /elasticsearch/workbook	1707212649760	1707212651846	OK	 
REQUEST		POST /auth/getToken	1707212647427	1707212647474	OK	 
REQUEST		POST /elasticsearch/workbook	1707212647192	1707212650794	OK	 
REQUEST		POST /elasticsearch/workbook	1707212648464	1707212651885	OK	 
REQUEST		POST /auth/getToken	1707212646480	1707212646546	OK	 
REQUEST		POST /auth/getToken	1707212645850	1707212646748	OK	 
REQUEST		POST /auth/getToken	1707212645878	1707212646746	OK	 
REQUEST		POST /auth/getToken	1707212647484	1707212647533	OK	 
REQUEST		PATCH /elasticsearch/update	1707212649691	1707212651273	OK	 
REQUEST		PATCH /elasticsearch/update	1707212649696	1707212651262	OK	 
REQUEST		POST /auth/getToken	1707212645850	1707212646649	OK	 
REQUEST		POST /elasticsearch/workbook	1707212647807	1707212651875	OK	 
REQUEST		POST /auth/getToken	1707212645905	1707212646750	OK	 
REQUEST		PATCH /elasticsearch/update	1707212651248	1707212651497	OK	 
REQUEST		POST /auth/getToken	1707212645863	1707212646748	OK	 
REQUEST		POST /elasticsearch/workbook	1707212647734	1707212651864	OK	 
REQUEST		POST /elasticsearch/workbook	1707212646402	1707212652429	OK	 
REQUEST		POST /elasticsearch/workbook	1707212647367	1707212652375	OK	 
REQUEST		POST /elasticsearch/workbook	1707212650717	1707212652346	OK	 
REQUEST		POST /auth/getToken	1707212646191	1707212646363	OK	 
REQUEST		POST /auth/getToken	1707212647392	1707212647484	OK	 
REQUEST		POST /elasticsearch/workbook	1707212646522	1707212651824	OK	 
REQUEST		POST /elasticsearch/workbook	1707212648372	1707212652336	OK	 
REQUEST		POST /elasticsearch/workbook	1707212646449	1707212651802	OK	 
REQUEST		POST /auth/getToken	1707212649298	1707212650567	OK	 
REQUEST		POST /auth/getToken	1707212646460	1707212646539	OK	 
REQUEST		POST /auth/getToken	1707212648790	1707212650820	OK	 
REQUEST		POST /auth/getToken	1707212645852	1707212646741	OK	 
REQUEST		POST /auth/getToken	1707212646126	1707212646718	OK	 
REQUEST		POST /elasticsearch/workbook	1707212647205	1707212651803	OK	 
REQUEST		POST /auth/getToken	1707212649610	1707212651175	OK	 
REQUEST		PATCH /elasticsearch/update	1707212651476	1707212651579	OK	 
REQUEST		POST /elasticsearch/insertDoc	1707212651537	1707212651813	OK	 
REQUEST		POST /elasticsearch/workbook	1707212647193	1707212651794	OK	 
REQUEST		POST /elasticsearch/workbook	1707212646581	1707212652268	OK	 
REQUEST		POST /auth/getToken	1707212646103	1707212646579	OK	 
REQUEST		POST /elasticsearch/insertDoc	1707212652270	1707212652456	OK	 
REQUEST		POST /elasticsearch/workbook	1707212646951	1707212652694	OK	 
REQUEST		POST /elasticsearch/insertDoc	1707212652215	1707212652732	OK	 
REQUEST		POST /elasticsearch/workbook	1707212646789	1707212651413	OK	 
REQUEST		POST /elasticsearch/workbook	1707212647232	1707212652445	OK	 
REQUEST		POST /elasticsearch/workbook	1707212646952	1707212652276	OK	 
REQUEST		POST /elasticsearch/workbook	1707212646977	1707212652391	OK	 
REQUEST		POST /elasticsearch/workbook	1707212646564	1707212652103	OK	 
REQUEST		POST /elasticsearch/workbook	1707212646579	1707212652049	OK	 
REQUEST		POST /elasticsearch/workbook	1707212646937	1707212652320	OK	 
REQUEST		POST /auth/getToken	1707212647267	1707212647332	OK	 
REQUEST		POST /elasticsearch/insertDoc	1707212652089	1707212652572	OK	 
REQUEST		POST /elasticsearch/workbook	1707212647176	1707212652286	OK	 
REQUEST		POST /elasticsearch/workbook	1707212647537	1707212652624	OK	 
REQUEST		POST /auth/getToken	1707212650278	1707212650393	OK	 
REQUEST		POST /auth/getToken	1707212648910	1707212650473	OK	 
REQUEST		POST /auth/getToken	1707212645866	1707212646743	OK	 
REQUEST		POST /auth/getToken	1707212648998	1707212650488	OK	 
REQUEST		POST /elasticsearch/workbook	1707212646650	1707212652938	OK	 
REQUEST		PATCH /elasticsearch/update	1707212651612	1707212651927	OK	 
REQUEST		POST /elasticsearch/workbook	1707212648758	1707212652130	OK	 
REQUEST		POST /elasticsearch/workbook	1707212648144	1707212652119	OK	 
REQUEST		POST /elasticsearch/workbook	1707212650571	1707212652821	OK	 
REQUEST		POST /elasticsearch/workbook	1707212651180	1707212652882	OK	 
REQUEST		POST /elasticsearch/insertDoc	1707212651443	1707212652981	OK	 
REQUEST		POST /elasticsearch/insertDoc	1707212652720	1707212652935	OK	 
REQUEST		POST /elasticsearch/insertDoc	1707212652744	1707212652961	OK	 
REQUEST		POST /elasticsearch/workbook	1707212647341	1707212653095	OK	 
REQUEST		POST /elasticsearch/insertDoc	1707212652513	1707212652981	OK	 
REQUEST		PATCH /elasticsearch/update	1707212651507	1707212651717	OK	 
REQUEST		POST /elasticsearch/insertDoc	1707212651845	1707212652441	OK	 
REQUEST		POST /elasticsearch/workbook	1707212647329	1707212652034	OK	 
REQUEST		POST /elasticsearch/workbook	1707212651048	1707212652857	OK	 
REQUEST		POST /elasticsearch/workbook	1707212647192	1707212651996	OK	 
REQUEST		POST /elasticsearch/workbook	1707212648835	1707212652005	OK	 
REQUEST		POST /elasticsearch/workbook	1707212647117	1707212652020	OK	 
REQUEST		POST /auth/getToken	1707212646190	1707212646363	OK	 
REQUEST		POST /auth/getToken	1707212649114	1707212649651	OK	 
REQUEST		POST /elasticsearch/workbook	1707212646587	1707212652849	OK	 
REQUEST		POST /auth/getToken	1707212649997	1707212650618	OK	 
REQUEST		POST /elasticsearch/insertDoc	1707212652397	1707212652880	OK	 
REQUEST		POST /elasticsearch/insertDoc	1707212651032	1707212651813	OK	 
REQUEST		PATCH /elasticsearch/update	1707212651522	1707212651819	OK	 
REQUEST		PATCH /elasticsearch/update	1707212649984	1707212651737	OK	 
REQUEST		POST /elasticsearch/insertDoc	1707212651775	1707212652356	OK	 
REQUEST		POST /auth/getToken	1707212645852	1707212646470	OK	 
REQUEST		POST /auth/getToken	1707212645971	1707212646527	OK	 
REQUEST		POST /auth/getToken	1707212649721	1707212650331	OK	 
REQUEST		POST /elasticsearch/workbook	1707212647206	1707212652865	OK	 
REQUEST		POST /auth/getToken	1707212646112	1707212646357	OK	 
REQUEST		POST /elasticsearch/workbook	1707212647072	1707212652862	OK	 
REQUEST		POST /elasticsearch/workbook	1707212646981	1707212652600	OK	 
REQUEST		POST /elasticsearch/workbook	1707212647477	1707212652547	OK	 
REQUEST		POST /elasticsearch/workbook	1707212646567	1707212652752	OK	 
REQUEST		POST /elasticsearch/workbook	1707212646658	1707212653356	OK	 
REQUEST		POST /elasticsearch/workbook	1707212647487	1707212652760	OK	 
REQUEST		POST /elasticsearch/workbook	1707212649654	1707212653391	OK	 
REQUEST		POST /elasticsearch/insertDoc	1707212650838	1707212652562	OK	 
REQUEST		POST /elasticsearch/sheet/insertDoc	1707212650737	1707212652184	OK	 
REQUEST		POST /elasticsearch/workbook	1707212648702	1707212652482	OK	 
REQUEST		POST /elasticsearch/workbook	1707212646925	1707212652681	OK	 
REQUEST		POST /elasticsearch/workbook	1707212646933	1707212652486	OK	 
REQUEST		POST /elasticsearch/workbook	1707212646597	1707212652469	OK	 
REQUEST		POST /elasticsearch/insertDoc	1707212651947	1707212652291	OK	 
REQUEST		POST /elasticsearch/insertDoc	1707212651969	1707212652300	OK	 
REQUEST		POST /elasticsearch/insertDoc	1707212653626	1707212653675	OK	 
REQUEST		POST /elasticsearch/insertDoc	1707212651750	1707212652365	OK	 
REQUEST		POST /elasticsearch/workbook	1707212647142	1707212652652	OK	 
REQUEST		POST /elasticsearch/insertDoc	1707212653519	1707212653584	OK	 
REQUEST		POST /elasticsearch/workbook	1707212650334	1707212653495	OK	 
REQUEST		POST /elasticsearch/insertDoc	1707212653684	1707212653738	OK	 
REQUEST		POST /elasticsearch/workbook	1707212646551	1707212653492	OK	 
REQUEST		POST /auth/getToken	1707212650436	1707212650820	OK	 
REQUEST		POST /elasticsearch/insertDoc	1707212653230	1707212653525	OK	 
REQUEST		POST /elasticsearch/workbook	1707212647005	1707212652587	OK	 
REQUEST		POST /elasticsearch/workbook	1707212646598	1707212652570	OK	 
REQUEST		POST /auth/getToken	1707212649627	1707212651398	OK	 
REQUEST		POST /elasticsearch/workbook	1707212650479	1707212653161	OK	 
REQUEST		POST /elasticsearch/workbook	1707212650398	1707212653158	OK	 
REQUEST		POST /elasticsearch/workbook	1707212650879	1707212653857	OK	 
REQUEST		POST /elasticsearch/workbook	1707212646407	1707212653525	OK	 
REQUEST		POST /elasticsearch/insertDoc	1707212653932	1707212654001	OK	 
REQUEST		POST /elasticsearch/insertDoc	1707212653701	1707212653750	OK	 
REQUEST		POST /elasticsearch/workbook	1707212650636	1707212653420	OK	 
REQUEST		POST /elasticsearch/workbook	1707212646474	1707212653483	OK	 
REQUEST		POST /elasticsearch/insertDoc	1707212653770	1707212653829	OK	 
REQUEST		POST /elasticsearch/workbook	1707212647038	1707212653189	OK	 
REQUEST		POST /auth/getToken	1707212645848	1707212646357	OK	 
REQUEST		POST /auth/getToken	1707212646124	1707212646501	OK	 
REQUEST		POST /elasticsearch/insertDoc	1707212652847	1707212653271	OK	 
REQUEST		POST /elasticsearch/insertDoc	1707212653788	1707212653840	OK	 
REQUEST		POST /elasticsearch/workbook	1707212650493	1707212653192	OK	 
REQUEST		POST /elasticsearch/insertDoc	1707212653912	1707212653983	OK	 
REQUEST		PATCH /elasticsearch/update	1707212652760	1707212652965	OK	 
REQUEST		POST /auth/getToken	1707212646104	1707212646357	OK	 
REQUEST		PATCH /elasticsearch/update	1707212652540	1707212652959	OK	 
REQUEST		POST /elasticsearch/insertDoc	1707212653884	1707212654178	OK	 
REQUEST		POST /elasticsearch/insertDoc	1707212650876	1707212651960	OK	 
REQUEST		POST /elasticsearch/insertDoc	1707212652771	1707212652996	OK	 
REQUEST		POST /elasticsearch/insertDoc	1707212651825	1707212652055	OK	 
REQUEST		POST /elasticsearch/insertDoc	1707212653587	1707212653942	OK	 
REQUEST		POST /elasticsearch/workbook	1707212651401	1707212653955	OK	 
REQUEST		POST /elasticsearch/insertDoc	1707212653565	1707212653941	OK	 
REQUEST		POST /elasticsearch/insertDoc	1707212653470	1707212653721	OK	 
REQUEST		POST /elasticsearch/workbook	1707212646428	1707212654247	OK	 
REQUEST		POST /elasticsearch/insertDoc	1707212653008	1707212653209	OK	 
REQUEST		POST /auth/getToken	1707212650148	1707212650331	OK	 
REQUEST		POST /elasticsearch/insertDoc	1707212653492	1707212653812	OK	 
REQUEST		POST /elasticsearch/insertDoc	1707212652529	1707212653002	OK	 
REQUEST		POST /elasticsearch/sheet/insertDoc	1707212650951	1707212652430	OK	 
REQUEST		POST /elasticsearch/insertDoc	1707212652382	1707212652811	OK	 
REQUEST		POST /elasticsearch/insertDoc	1707212653739	1707212654052	OK	 
REQUEST		POST /auth/getToken	1707212649917	1707212650318	OK	 
REQUEST		POST /elasticsearch/workbook	1707212646585	1707212654115	OK	 
REQUEST		POST /auth/getToken	1707212649392	1707212650575	OK	 
REQUEST		POST /elasticsearch/insertDoc	1707212654312	1707212654384	OK	 
REQUEST		POST /elasticsearch/workbook	1707212646551	1707212654131	OK	 
REQUEST		POST /elasticsearch/insertDoc	1707212653808	1707212654112	OK	 
REQUEST		POST /elasticsearch/insertDoc	1707212653898	1707212654115	OK	 
REQUEST		POST /elasticsearch/insertDoc	1707212653953	1707212654022	OK	 
REQUEST		POST /elasticsearch/insertDoc	1707212653831	1707212654097	OK	 
REQUEST		POST /elasticsearch/insertDoc	1707212651652	1707212651891	OK	 
REQUEST		POST /elasticsearch/insertDoc	1707212654009	1707212654368	OK	 
REQUEST		POST /elasticsearch/sheet/insertDoc	1707212652232	1707212653664	OK	 
REQUEST		POST /elasticsearch/insertDoc	1707212651747	1707212652035	OK	 
REQUEST		POST /elasticsearch/insertDoc	1707212652472	1707212652909	OK	 
REQUEST		POST /elasticsearch/sheet/insertDoc	1707212650782	1707212652431	OK	 
REQUEST		POST /elasticsearch/insertDoc	1707212652367	1707212652809	OK	 
REQUEST		POST /elasticsearch/sheet/insertDoc	1707212651312	1707212652648	OK	 
REQUEST		POST /elasticsearch/sheet/insertDoc	1707212652994	1707212654419	OK	 
REQUEST		POST /elasticsearch/sheet/insertDoc	1707212651300	1707212652646	OK	 
REQUEST		POST /elasticsearch/insertDoc	1707212654150	1707212654476	OK	 
REQUEST		POST /elasticsearch/workbook	1707212650321	1707212654443	OK	 
REQUEST		POST /elasticsearch/workbook	1707212650334	1707212654390	OK	 
REQUEST		POST /elasticsearch/insertDoc	1707212652563	1707212652740	OK	 
REQUEST		POST /elasticsearch/sheet/insertDoc	1707212653211	1707212654521	OK	 
REQUEST		POST /elasticsearch/sheet/delete	1707212653732	1707212654503	OK	 
REQUEST		POST /elasticsearch/workbook	1707212650582	1707212654484	OK	 
REQUEST		POST /elasticsearch/sheet/insertDoc	1707212651859	1707212653465	OK	 
REQUEST		POST /elasticsearch/sheet/insertDoc	1707212653522	1707212654579	OK	 
REQUEST		POST /elasticsearch/insertDoc	1707212654171	1707212654489	OK	 
REQUEST		POST /elasticsearch/sheet/insertDoc	1707212653528	1707212654608	OK	 
REQUEST		POST /elasticsearch/insertDoc	1707212652585	1707212652743	OK	 
REQUEST		POST /elasticsearch/sheet/delete	1707212654429	1707212654596	OK	 
REQUEST		POST /elasticsearch/insertDoc	1707212652543	1707212652735	OK	 
REQUEST		PATCH /elasticsearch/workbook/delete	1707212654600	1707212654706	OK	 
REQUEST		POST /elasticsearch/insertDoc	1707212654434	1707212654618	OK	 
REQUEST		POST /elasticsearch/insertDoc	1707212652318	1707212652509	OK	 
REQUEST		POST /elasticsearch/insertDoc	1707212652336	1707212652501	OK	 
REQUEST		PATCH /elasticsearch/update	1707212651987	1707212652307	OK	 
REQUEST		POST /elasticsearch/insertDoc	1707212654490	1707212654617	OK	 
REQUEST		POST /elasticsearch/sheet/delete	1707212654581	1707212654679	OK	 
REQUEST		PATCH /elasticsearch/workbook/delete	1707212654520	1707212654671	OK	 
USER	ServiceTest	END	1707212654771
USER	ServiceTest	END	1707212654771
REQUEST		POST /elasticsearch/sheet/insertDoc	1707212653512	1707212654679	OK	 
REQUEST		POST /elasticsearch/sheet/delete	1707212654524	1707212654669	OK	 
REQUEST		POST /elasticsearch/insertDoc	1707212654523	1707212654672	OK	 
REQUEST		POST /elasticsearch/sheet/delete	1707212654610	1707212654695	OK	 
REQUEST		PATCH /elasticsearch/workbook/delete	1707212654671	1707212654776	OK	 
REQUEST		PATCH /elasticsearch/workbook/delete	1707212654681	1707212654770	OK	 
USER	ServiceTest	END	1707212654810
USER	ServiceTest	END	1707212654810
REQUEST		POST /elasticsearch/sheet/delete	1707212654684	1707212654775	OK	 
REQUEST		PATCH /elasticsearch/update	1707212651977	1707212652300	OK	 
REQUEST		POST /elasticsearch/insertDoc	1707212653425	1707212653659	OK	 
REQUEST		POST /elasticsearch/insertDoc	1707212653365	1707212653655	OK	 
REQUEST		POST /elasticsearch/insertDoc	1707212653605	1707212653647	OK	 
REQUEST		POST /elasticsearch/insertDoc	1707212653366	1707212653655	OK	 
REQUEST		POST /elasticsearch/insertDoc	1707212653403	1707212653655	OK	 
REQUEST		PATCH /elasticsearch/update	1707212651198	1707212652471	OK	 
REQUEST		PATCH /elasticsearch/update	1707212653604	1707212653662	OK	 
REQUEST		PATCH /elasticsearch/update	1707212653771	1707212653830	OK	 
REQUEST		POST /elasticsearch/insertDoc	1707212653250	1707212653535	OK	 
REQUEST		PATCH /elasticsearch/update	1707212653559	1707212653902	OK	 
REQUEST		POST /elasticsearch/insertDoc	1707212652171	1707212652675	OK	 
REQUEST		PATCH /elasticsearch/workbook/delete	1707212654698	1707212654793	OK	 
USER	ServiceTest	END	1707212655065
REQUEST		PATCH /elasticsearch/workbook/delete	1707212654780	1707212654850	OK	 
USER	ServiceTest	END	1707212655067
REQUEST		PATCH /elasticsearch/update	1707212653653	1707212653750	OK	 
REQUEST		POST /elasticsearch/insertDoc	1707212653027	1707212653340	OK	 
REQUEST		POST /elasticsearch/insertDoc	1707212653263	1707212653340	OK	 
REQUEST		POST /elasticsearch/insertDoc	1707212653080	1707212653341	OK	 
REQUEST		POST /elasticsearch/insertDoc	1707212653061	1707212653342	OK	 
REQUEST		POST /elasticsearch/insertDoc	1707212653041	1707212653345	OK	 
REQUEST		POST /elasticsearch/sheet/insertDoc	1707212651978	1707212653267	OK	 
REQUEST		PATCH /elasticsearch/update	1707212653548	1707212653751	OK	 
REQUEST		PATCH /elasticsearch/update	1707212653724	1707212653795	OK	 
REQUEST		PATCH /elasticsearch/update	1707212653447	1707212653796	OK	 
REQUEST		POST /elasticsearch/insertDoc	1707212653286	1707212653420	OK	 
REQUEST		PATCH /elasticsearch/update	1707212654017	1707212654097	OK	 
REQUEST		PATCH /elasticsearch/update	1707212654026	1707212654068	OK	 
REQUEST		POST /elasticsearch/sheet/insertDoc	1707212654078	1707212655166	OK	 
REQUEST		PATCH /elasticsearch/update	1707212654065	1707212654158	OK	 
REQUEST		POST /elasticsearch/sheet/delete	1707212655174	1707212655241	OK	 
REQUEST		POST /elasticsearch/insertDoc	1707212652624	1707212653110	OK	 
REQUEST		PATCH /elasticsearch/workbook/delete	1707212655244	1707212655313	OK	 
USER	ServiceTest	END	1707212655347
REQUEST		POST /elasticsearch/sheet/insertDoc	1707212651612	1707212652908	OK	 
REQUEST		POST /elasticsearch/insertDoc	1707212652958	1707212653089	OK	 
REQUEST		POST /elasticsearch/insertDoc	1707212652605	1707212653094	OK	 
REQUEST		PATCH /elasticsearch/update	1707212652457	1707212652908	OK	 
REQUEST		POST /elasticsearch/insertDoc	1707212652924	1707212653089	OK	 
REQUEST		POST /elasticsearch/insertDoc	1707212653134	1707212653278	OK	 
REQUEST		PATCH /elasticsearch/update	1707212654236	1707212654287	OK	 
REQUEST		PATCH /elasticsearch/update	1707212654117	1707212654158	OK	 
REQUEST		PATCH /elasticsearch/update	1707212654244	1707212654293	OK	 
REQUEST		PATCH /elasticsearch/update	1707212653867	1707212654114	OK	 
REQUEST		POST /elasticsearch/insertDoc	1707212652348	1707212652782	OK	 
REQUEST		POST /elasticsearch/insertDoc	1707212652897	1707212653273	OK	 
REQUEST		POST /elasticsearch/insertDoc	1707212653111	1707212653276	OK	 
REQUEST		PATCH /elasticsearch/update	1707212654102	1707212654217	OK	 
REQUEST		POST /elasticsearch/insertDoc	1707212652677	1707212653159	OK	 
REQUEST		PATCH /elasticsearch/update	1707212654244	1707212654292	OK	 
REQUEST		POST /elasticsearch/insertDoc	1707212652808	1707212653268	OK	 
REQUEST		POST /elasticsearch/sheet/insertDoc	1707212654288	1707212655364	OK	 
REQUEST		PATCH /elasticsearch/update	1707212653759	1707212653817	OK	 
REQUEST		PATCH /elasticsearch/update	1707212654006	1707212654374	OK	 
REQUEST		POST /elasticsearch/sheet/insertDoc	1707212653142	1707212654250	OK	 
REQUEST		PATCH /elasticsearch/update	1707212654078	1707212654389	OK	 
REQUEST		PATCH /elasticsearch/update	1707212654360	1707212654435	OK	 
REQUEST		POST /elasticsearch/sheet/delete	1707212655366	1707212655451	OK	 
REQUEST		PATCH /elasticsearch/workbook/delete	1707212655458	1707212655544	OK	 
REQUEST		POST /elasticsearch/sheet/insertDoc	1707212654280	1707212655499	OK	 
USER	ServiceTest	END	1707212655581
REQUEST		PATCH /elasticsearch/update	1707212654090	1707212654402	OK	 
REQUEST		PATCH /elasticsearch/update	1707212654318	1707212654415	OK	 
REQUEST		PATCH /elasticsearch/update	1707212654103	1707212654445	OK	 
REQUEST		PATCH /elasticsearch/update	1707212653852	1707212654353	OK	 
REQUEST		PATCH /elasticsearch/update	1707212653991	1707212654369	OK	 
REQUEST		PATCH /elasticsearch/update	1707212653981	1707212654366	OK	 
REQUEST		PATCH /elasticsearch/update	1707212654416	1707212654488	OK	 
REQUEST		POST /elasticsearch/sheet/delete	1707212655502	1707212655574	OK	 
REQUEST		PATCH /elasticsearch/update	1707212653850	1707212654496	OK	 
REQUEST		PATCH /elasticsearch/update	1707212654409	1707212654503	OK	 
REQUEST		PATCH /elasticsearch/update	1707212654269	1707212654504	OK	 
REQUEST		PATCH /elasticsearch/update	1707212654195	1707212654491	OK	 
REQUEST		POST /elasticsearch/sheet/insertDoc	1707212650782	1707212652287	OK	 
REQUEST		PATCH /elasticsearch/update	1707212654181	1707212654492	OK	 
REQUEST		PATCH /elasticsearch/update	1707212654532	1707212654610	OK	 
REQUEST		PATCH /elasticsearch/update	1707212654216	1707212654494	OK	 
REQUEST		PATCH /elasticsearch/update	1707212654184	1707212654495	OK	 
REQUEST		PATCH /elasticsearch/workbook/delete	1707212655577	1707212655663	OK	 
REQUEST		PATCH /elasticsearch/update	1707212654278	1707212654507	OK	 
USER	ServiceTest	END	1707212655694
REQUEST		POST /elasticsearch/sheet/insertDoc	1707212654639	1707212655678	OK	 
REQUEST		PATCH /elasticsearch/update	1707212654360	1707212654565	OK	 
REQUEST		POST /elasticsearch/sheet/delete	1707212655682	1707212655718	OK	 
REQUEST		POST /elasticsearch/sheet/insertDoc	1707212651087	1707212652429	OK	 
REQUEST		PATCH /elasticsearch/workbook/delete	1707212655720	1707212655769	OK	 
USER	ServiceTest	END	1707212655801
REQUEST		POST /elasticsearch/sheet/insertDoc	1707212654647	1707212655799	OK	 
REQUEST		POST /elasticsearch/sheet/insertDoc	1707212653638	1707212654765	OK	 
REQUEST		PATCH /elasticsearch/update	1707212654648	1707212654760	OK	 
REQUEST		PATCH /elasticsearch/update	1707212654379	1707212654699	OK	 
REQUEST		PATCH /elasticsearch/update	1707212654661	1707212654769	OK	 
REQUEST		POST /elasticsearch/sheet/delete	1707212655802	1707212655830	OK	 
REQUEST		POST /elasticsearch/sheet/insertDoc	1707212654791	1707212655858	OK	 
REQUEST		PATCH /elasticsearch/workbook/delete	1707212655833	1707212655889	OK	 
USER	ServiceTest	END	1707212655926
REQUEST		PATCH /elasticsearch/update	1707212654650	1707212654761	OK	 
REQUEST		PATCH /elasticsearch/update	1707212652268	1707212652482	OK	 
REQUEST		POST /elasticsearch/sheet/insertDoc	1707212651103	1707212652485	OK	 
REQUEST		POST /elasticsearch/sheet/insertDoc	1707212651115	1707212652484	OK	 
REQUEST		PATCH /elasticsearch/update	1707212654712	1707212654793	OK	 
REQUEST		PATCH /elasticsearch/update	1707212654575	1707212654680	OK	 
REQUEST		POST /elasticsearch/sheet/insertDoc	1707212651524	1707212652691	OK	 
REQUEST		PATCH /elasticsearch/update	1707212654378	1707212654668	OK	 
REQUEST		PATCH /elasticsearch/update	1707212653288	1707212653465	OK	 
REQUEST		POST /elasticsearch/sheet/delete	1707212655862	1707212655903	OK	 
REQUEST		POST /elasticsearch/sheet/insertDoc	1707212654829	1707212655934	OK	 
REQUEST		POST /elasticsearch/sheet/insertDoc	1707212654869	1707212655948	OK	 
REQUEST		PATCH /elasticsearch/workbook/delete	1707212655906	1707212655959	OK	 
USER	ServiceTest	END	1707212655993
REQUEST		PATCH /elasticsearch/update	1707212653184	1707212653451	OK	 
REQUEST		POST /elasticsearch/sheet/insertDoc	1707212651835	1707212653478	OK	 
REQUEST		POST /elasticsearch/sheet/delete	1707212655936	1707212655973	OK	 
REQUEST		POST /elasticsearch/sheet/delete	1707212655950	1707212655992	OK	 
REQUEST		PATCH /elasticsearch/workbook/delete	1707212655994	1707212656037	OK	 
REQUEST		POST /elasticsearch/sheet/insertDoc	1707212654949	1707212656019	OK	 
USER	ServiceTest	END	1707212656069
REQUEST		PATCH /elasticsearch/workbook/delete	1707212655975	1707212656034	OK	 
USER	ServiceTest	END	1707212656069
REQUEST		POST /elasticsearch/sheet/insertDoc	1707212651770	1707212653294	OK	 
REQUEST		PATCH /elasticsearch/update	1707212653286	1707212653480	OK	 
REQUEST		PATCH /elasticsearch/update	1707212652746	1707212653294	OK	 
REQUEST		PATCH /elasticsearch/update	1707212653149	1707212653278	OK	 
REQUEST		POST /elasticsearch/sheet/delete	1707212656022	1707212656069	OK	 
REQUEST		POST /elasticsearch/sheet/insertDoc	1707212655007	1707212656092	OK	 
REQUEST		PATCH /elasticsearch/workbook/delete	1707212656071	1707212656109	OK	 
USER	ServiceTest	END	1707212656145
REQUEST		POST /elasticsearch/sheet/insertDoc	1707212653868	1707212655003	OK	 
REQUEST		POST /elasticsearch/sheet/delete	1707212656096	1707212656134	OK	 
REQUEST		POST /elasticsearch/sheet/insertDoc	1707212654018	1707212655106	OK	 
REQUEST		POST /elasticsearch/sheet/insertDoc	1707212655095	1707212656162	OK	 
REQUEST		POST /elasticsearch/sheet/insertDoc	1707212655135	1707212656179	OK	 
REQUEST		PATCH /elasticsearch/workbook/delete	1707212656136	1707212656175	OK	 
USER	ServiceTest	END	1707212656207
REQUEST		POST /elasticsearch/sheet/delete	1707212656164	1707212656189	OK	 
REQUEST		PATCH /elasticsearch/update	1707212654864	1707212655002	OK	 
REQUEST		PATCH /elasticsearch/update	1707212654977	1707212655046	OK	 
REQUEST		PATCH /elasticsearch/workbook/delete	1707212656190	1707212656213	OK	 
REQUEST		POST /elasticsearch/sheet/insertDoc	1707212653747	1707212654989	OK	 
REQUEST		PATCH /elasticsearch/update	1707212654855	1707212654934	OK	 
USER	ServiceTest	END	1707212656238
REQUEST		POST /elasticsearch/sheet/insertDoc	1707212653965	1707212655033	OK	 
REQUEST		PATCH /elasticsearch/update	1707212655027	1707212655107	OK	 
REQUEST		POST /elasticsearch/sheet/delete	1707212656181	1707212656204	OK	 
REQUEST		PATCH /elasticsearch/workbook/delete	1707212656206	1707212656249	OK	 
USER	ServiceTest	END	1707212656283
REQUEST		POST /elasticsearch/sheet/insertDoc	1707212655120	1707212656249	OK	 
REQUEST		POST /elasticsearch/sheet/insertDoc	1707212655103	1707212656237	OK	 
REQUEST		POST /elasticsearch/sheet/insertDoc	1707212653759	1707212654986	OK	 
REQUEST		PATCH /elasticsearch/update	1707212654857	1707212654935	OK	 
REQUEST		PATCH /elasticsearch/update	1707212655052	1707212655167	OK	 
REQUEST		PATCH /elasticsearch/update	1707212654842	1707212654941	OK	 
REQUEST		POST /elasticsearch/sheet/insertDoc	1707212654064	1707212655186	OK	 
REQUEST		PATCH /elasticsearch/update	1707212655040	1707212655107	OK	 
REQUEST		POST /elasticsearch/sheet/insertDoc	1707212654048	1707212655184	OK	 
REQUEST		POST /elasticsearch/sheet/insertDoc	1707212654050	1707212655184	OK	 
REQUEST		POST /elasticsearch/sheet/insertDoc	1707212654128	1707212655227	OK	 
REQUEST		PATCH /elasticsearch/update	1707212655039	1707212655106	OK	 
REQUEST		PATCH /elasticsearch/update	1707212655080	1707212655214	OK	 
REQUEST		POST /elasticsearch/sheet/delete	1707212656240	1707212656291	OK	 
REQUEST		POST /elasticsearch/sheet/delete	1707212656251	1707212656291	OK	 
REQUEST		POST /elasticsearch/sheet/insertDoc	1707212655206	1707212656305	OK	 
REQUEST		POST /elasticsearch/sheet/insertDoc	1707212654126	1707212655229	OK	 
REQUEST		POST /elasticsearch/sheet/insertDoc	1707212655220	1707212656316	OK	 
REQUEST		PATCH /elasticsearch/update	1707212654659	1707212654759	OK	 
REQUEST		POST /elasticsearch/sheet/insertDoc	1707212655219	1707212656315	OK	 
REQUEST		POST /elasticsearch/sheet/insertDoc	1707212655212	1707212656313	OK	 
REQUEST		POST /elasticsearch/sheet/insertDoc	1707212655257	1707212656326	OK	 
REQUEST		POST /elasticsearch/sheet/insertDoc	1707212653546	1707212654911	OK	 
REQUEST		PATCH /elasticsearch/update	1707212655023	1707212655106	OK	 
REQUEST		POST /elasticsearch/sheet/insertDoc	1707212653139	1707212654263	OK	 
REQUEST		POST /elasticsearch/sheet/insertDoc	1707212654229	1707212655301	OK	 
REQUEST		PATCH /elasticsearch/update	1707212654634	1707212654742	OK	 
REQUEST		PATCH /elasticsearch/workbook/delete	1707212656294	1707212656349	OK	 
REQUEST		PATCH /elasticsearch/workbook/delete	1707212656295	1707212656347	OK	 
USER	ServiceTest	END	1707212656401
USER	ServiceTest	END	1707212656401
REQUEST		PATCH /elasticsearch/update	1707212652615	1707212653107	OK	 
REQUEST		PATCH /elasticsearch/update	1707212654841	1707212654938	OK	 
REQUEST		PATCH /elasticsearch/update	1707212655119	1707212655317	OK	 
REQUEST		POST /elasticsearch/sheet/insertDoc	1707212655274	1707212656391	OK	 
REQUEST		POST /elasticsearch/sheet/insertDoc	1707212655263	1707212656368	OK	 
REQUEST		POST /elasticsearch/sheet/delete	1707212656329	1707212656380	OK	 
REQUEST		POST /elasticsearch/sheet/delete	1707212656329	1707212656379	OK	 
REQUEST		POST /elasticsearch/sheet/insertDoc	1707212655288	1707212656389	OK	 
REQUEST		POST /elasticsearch/sheet/delete	1707212656307	1707212656368	OK	 
REQUEST		PATCH /elasticsearch/update	1707212653124	1707212653278	OK	 
REQUEST		PATCH /elasticsearch/update	1707212653148	1707212653276	OK	 
REQUEST		PATCH /elasticsearch/update	1707212653140	1707212653278	OK	 
REQUEST		POST /elasticsearch/sheet/delete	1707212656318	1707212656368	OK	 
REQUEST		POST /elasticsearch/sheet/delete	1707212656318	1707212656368	OK	 
REQUEST		POST /elasticsearch/sheet/insertDoc	1707212654287	1707212655378	OK	 
REQUEST		POST /elasticsearch/sheet/insertDoc	1707212655333	1707212656391	OK	 
REQUEST		PATCH /elasticsearch/update	1707212655315	1707212655375	OK	 
REQUEST		PATCH /elasticsearch/update	1707212655320	1707212655371	OK	 
REQUEST		PATCH /elasticsearch/workbook/delete	1707212656371	1707212656473	OK	 
USER	ServiceTest	END	1707212656494
REQUEST		PATCH /elasticsearch/workbook/delete	1707212656381	1707212656464	OK	 
USER	ServiceTest	END	1707212656502
REQUEST		PATCH /elasticsearch/workbook/delete	1707212656382	1707212656452	OK	 
USER	ServiceTest	END	1707212656507
REQUEST		POST /elasticsearch/sheet/delete	1707212656370	1707212656452	OK	 
REQUEST		POST /elasticsearch/sheet/delete	1707212656394	1707212656465	OK	 
REQUEST		POST /elasticsearch/sheet/delete	1707212656393	1707212656450	OK	 
REQUEST		PATCH /elasticsearch/workbook/delete	1707212656379	1707212656465	OK	 
USER	ServiceTest	END	1707212656538
REQUEST		PATCH /elasticsearch/workbook/delete	1707212656372	1707212656473	OK	 
USER	ServiceTest	END	1707212656545
REQUEST		POST /elasticsearch/sheet/insertDoc	1707212654192	1707212655444	OK	 
REQUEST		POST /elasticsearch/sheet/delete	1707212656394	1707212656480	OK	 
REQUEST		POST /elasticsearch/sheet/insertDoc	1707212655411	1707212656473	OK	 
REQUEST		POST /elasticsearch/sheet/insertDoc	1707212654329	1707212655433	OK	 
REQUEST		PATCH /elasticsearch/workbook/delete	1707212656453	1707212656534	OK	 
REQUEST		PATCH /elasticsearch/workbook/delete	1707212656455	1707212656533	OK	 
REQUEST		PATCH /elasticsearch/workbook/delete	1707212656467	1707212656534	OK	 
REQUEST		PATCH /elasticsearch/update	1707212655329	1707212655394	OK	 
USER	ServiceTest	END	1707212656560
USER	ServiceTest	END	1707212656560
USER	ServiceTest	END	1707212656560
REQUEST		POST /elasticsearch/sheet/insertDoc	1707212654225	1707212655437	OK	 
REQUEST		PATCH /elasticsearch/workbook/delete	1707212656482	1707212656547	OK	 
USER	ServiceTest	END	1707212656568
REQUEST		PATCH /elasticsearch/update	1707212655376	1707212655455	OK	 
REQUEST		PATCH /elasticsearch/update	1707212655358	1707212655454	OK	 
REQUEST		POST /elasticsearch/sheet/insertDoc	1707212654341	1707212655441	OK	 
REQUEST		POST /elasticsearch/sheet/insertDoc	1707212654253	1707212655455	OK	 
REQUEST		POST /elasticsearch/sheet/insertDoc	1707212654090	1707212655455	OK	 
REQUEST		PATCH /elasticsearch/update	1707212655330	1707212655395	OK	 
REQUEST		POST /elasticsearch/sheet/insertDoc	1707212655470	1707212656547	OK	 
REQUEST		POST /elasticsearch/sheet/insertDoc	1707212655468	1707212656547	OK	 
REQUEST		PATCH /elasticsearch/update	1707212655355	1707212655455	OK	 
REQUEST		POST /elasticsearch/sheet/insertDoc	1707212654400	1707212655491	OK	 
REQUEST		POST /elasticsearch/sheet/delete	1707212656476	1707212656547	OK	 
REQUEST		POST /elasticsearch/sheet/insertDoc	1707212655504	1707212656571	OK	 
REQUEST		POST /elasticsearch/sheet/insertDoc	1707212655506	1707212656564	OK	 
REQUEST		PATCH /elasticsearch/update	1707212655357	1707212655452	OK	 
REQUEST		PATCH /elasticsearch/workbook/delete	1707212656549	1707212656605	OK	 
REQUEST		POST /elasticsearch/sheet/insertDoc	1707212655521	1707212656574	OK	 
REQUEST		PATCH /elasticsearch/update	1707212655377	1707212655454	OK	 
REQUEST		POST /elasticsearch/sheet/insertDoc	1707212654331	1707212655454	OK	 
REQUEST		POST /elasticsearch/sheet/insertDoc	1707212655518	1707212656575	OK	 
USER	ServiceTest	END	1707212656648
REQUEST		POST /elasticsearch/sheet/delete	1707212656549	1707212656594	OK	 
REQUEST		POST /elasticsearch/sheet/insertDoc	1707212654421	1707212655514	OK	 
REQUEST		POST /elasticsearch/sheet/insertDoc	1707212654468	1707212655542	OK	 
REQUEST		POST /elasticsearch/sheet/delete	1707212656549	1707212656594	OK	 
REQUEST		POST /elasticsearch/sheet/insertDoc	1707212655537	1707212656604	OK	 
REQUEST		POST /elasticsearch/sheet/insertDoc	1707212654453	1707212655587	OK	 
REQUEST		PATCH /elasticsearch/update	1707212654847	1707212654942	OK	 
REQUEST		POST /elasticsearch/sheet/insertDoc	1707212654468	1707212655587	OK	 
REQUEST		POST /elasticsearch/sheet/insertDoc	1707212654487	1707212655592	OK	 
REQUEST		POST /elasticsearch/sheet/delete	1707212656566	1707212656629	OK	 
REQUEST		POST /elasticsearch/sheet/insertDoc	1707212654440	1707212655601	OK	 
REQUEST		POST /elasticsearch/sheet/insertDoc	1707212654386	1707212655597	OK	 
REQUEST		POST /elasticsearch/sheet/insertDoc	1707212654532	1707212655602	OK	 
REQUEST		POST /elasticsearch/sheet/delete	1707212656574	1707212656628	OK	 
REQUEST		POST /elasticsearch/sheet/insertDoc	1707212654438	1707212655598	OK	 
REQUEST		POST /elasticsearch/sheet/delete	1707212656578	1707212656643	OK	 
REQUEST		PATCH /elasticsearch/workbook/delete	1707212656596	1707212656663	OK	 
USER	ServiceTest	END	1707212656720
REQUEST		PATCH /elasticsearch/workbook/delete	1707212656596	1707212656669	OK	 
USER	ServiceTest	END	1707212656722
REQUEST		POST /elasticsearch/sheet/delete	1707212656576	1707212656637	OK	 
REQUEST		POST /elasticsearch/sheet/insertDoc	1707212655480	1707212656639	OK	 
REQUEST		PATCH /elasticsearch/workbook/delete	1707212656631	1707212656696	OK	 
USER	ServiceTest	END	1707212656736
REQUEST		PATCH /elasticsearch/workbook/delete	1707212656630	1707212656704	OK	 
USER	ServiceTest	END	1707212656739
REQUEST		POST /elasticsearch/sheet/insertDoc	1707212655550	1707212656663	OK	 
REQUEST		POST /elasticsearch/sheet/insertDoc	1707212655575	1707212656668	OK	 
REQUEST		PATCH /elasticsearch/workbook/delete	1707212656641	1707212656725	OK	 
REQUEST		PATCH /elasticsearch/workbook/delete	1707212656650	1707212656717	OK	 
USER	ServiceTest	END	1707212656753
USER	ServiceTest	END	1707212656753
REQUEST		POST /elasticsearch/sheet/insertDoc	1707212654544	1707212655678	OK	 
REQUEST		POST /elasticsearch/sheet/insertDoc	1707212655618	1707212656683	OK	 
REQUEST		POST /elasticsearch/sheet/delete	1707212656606	1707212656680	OK	 
REQUEST		POST /elasticsearch/sheet/insertDoc	1707212655618	1707212656688	OK	 
REQUEST		POST /elasticsearch/sheet/insertDoc	1707212654555	1707212655674	OK	 
REQUEST		POST /elasticsearch/sheet/insertDoc	1707212655651	1707212656699	OK	 
REQUEST		POST /elasticsearch/sheet/insertDoc	1707212654544	1707212655678	OK	 
REQUEST		POST /elasticsearch/sheet/insertDoc	1707212655635	1707212656698	OK	 
REQUEST		POST /elasticsearch/sheet/insertDoc	1707212655643	1707212656698	OK	 
REQUEST		POST /elasticsearch/sheet/insertDoc	1707212654550	1707212655674	OK	 
REQUEST		POST /elasticsearch/sheet/insertDoc	1707212655618	1707212656687	OK	 
REQUEST		POST /elasticsearch/sheet/insertDoc	1707212655651	1707212656709	OK	 
REQUEST		POST /elasticsearch/sheet/delete	1707212656641	1707212656726	OK	 
REQUEST		POST /elasticsearch/sheet/insertDoc	1707212654591	1707212655692	OK	 
REQUEST		POST /elasticsearch/sheet/insertDoc	1707212654558	1707212655674	OK	 
REQUEST		PATCH /elasticsearch/workbook/delete	1707212656683	1707212656758	OK	 
USER	ServiceTest	END	1707212656794
REQUEST		POST /elasticsearch/sheet/insertDoc	1707212654639	1707212655692	OK	 
REQUEST		POST /elasticsearch/sheet/delete	1707212656674	1707212656748	OK	 
REQUEST		POST /elasticsearch/sheet/insertDoc	1707212654588	1707212655694	OK	 
REQUEST		POST /elasticsearch/sheet/insertDoc	1707212654550	1707212655692	OK	 
REQUEST		POST /elasticsearch/sheet/delete	1707212656676	1707212656748	OK	 
REQUEST		POST /elasticsearch/sheet/delete	1707212656687	1707212656758	OK	 
REQUEST		PATCH /elasticsearch/workbook/delete	1707212656727	1707212656787	OK	 
USER	ServiceTest	END	1707212656820
REQUEST		POST /elasticsearch/sheet/insertDoc	1707212654629	1707212655740	OK	 
REQUEST		POST /elasticsearch/sheet/delete	1707212656690	1707212656766	OK	 
REQUEST		POST /elasticsearch/sheet/insertDoc	1707212655709	1707212656758	OK	 
REQUEST		PATCH /elasticsearch/workbook/delete	1707212656750	1707212656801	OK	 
USER	ServiceTest	END	1707212656833
REQUEST		POST /elasticsearch/sheet/insertDoc	1707212655713	1707212656766	OK	 
REQUEST		POST /elasticsearch/sheet/delete	1707212656695	1707212656782	OK	 
REQUEST		POST /elasticsearch/sheet/insertDoc	1707212655709	1707212656780	OK	 
REQUEST		POST /elasticsearch/sheet/delete	1707212656710	1707212656776	OK	 
REQUEST		POST /elasticsearch/sheet/delete	1707212656711	1707212656785	OK	 
REQUEST		PATCH /elasticsearch/workbook/delete	1707212656769	1707212656821	OK	 
REQUEST		PATCH /elasticsearch/workbook/delete	1707212656759	1707212656819	OK	 
USER	ServiceTest	END	1707212656849
USER	ServiceTest	END	1707212656850
REQUEST		PATCH /elasticsearch/workbook/delete	1707212656750	1707212656816	OK	 
USER	ServiceTest	END	1707212656850
REQUEST		POST /elasticsearch/sheet/insertDoc	1707212655709	1707212656769	OK	 
REQUEST		POST /elasticsearch/sheet/insertDoc	1707212655741	1707212656787	OK	 
REQUEST		POST /elasticsearch/sheet/insertDoc	1707212655733	1707212656810	OK	 
REQUEST		POST /elasticsearch/sheet/delete	1707212656701	1707212656769	OK	 
REQUEST		POST /elasticsearch/sheet/delete	1707212656700	1707212656776	OK	 
REQUEST		POST /elasticsearch/sheet/insertDoc	1707212655709	1707212656789	OK	 
REQUEST		POST /elasticsearch/sheet/insertDoc	1707212655749	1707212656798	OK	 
REQUEST		POST /elasticsearch/sheet/insertDoc	1707212655751	1707212656814	OK	 
REQUEST		PATCH /elasticsearch/workbook/delete	1707212656784	1707212656842	OK	 
REQUEST		PATCH /elasticsearch/workbook/delete	1707212656779	1707212656843	OK	 
REQUEST		POST /elasticsearch/sheet/insertDoc	1707212655771	1707212656821	OK	 
REQUEST		POST /elasticsearch/sheet/delete	1707212656760	1707212656822	OK	 
REQUEST		POST /elasticsearch/sheet/delete	1707212656769	1707212656834	OK	 
REQUEST		PATCH /elasticsearch/workbook/delete	1707212656770	1707212656854	OK	 
USER	ServiceTest	END	1707212656878
USER	ServiceTest	END	1707212656888
USER	ServiceTest	END	1707212656888
REQUEST		PATCH /elasticsearch/workbook/delete	1707212656787	1707212656845	OK	 
USER	ServiceTest	END	1707212656888
REQUEST		PATCH /elasticsearch/workbook/delete	1707212656778	1707212656854	OK	 
USER	ServiceTest	END	1707212656891
REQUEST		PATCH /elasticsearch/workbook/delete	1707212656823	1707212656881	OK	 
REQUEST		PATCH /elasticsearch/workbook/delete	1707212656836	1707212656884	OK	 
USER	ServiceTest	END	1707212656906
USER	ServiceTest	END	1707212656907
REQUEST		POST /elasticsearch/sheet/delete	1707212656812	1707212656854	OK	 
REQUEST		POST /elasticsearch/sheet/delete	1707212656789	1707212656854	OK	 
REQUEST		POST /elasticsearch/sheet/delete	1707212656782	1707212656842	OK	 
REQUEST		POST /elasticsearch/sheet/delete	1707212656771	1707212656854	OK	 
REQUEST		POST /elasticsearch/sheet/delete	1707212656795	1707212656854	OK	 
REQUEST		POST /elasticsearch/sheet/delete	1707212656801	1707212656854	OK	 
REQUEST		POST /elasticsearch/sheet/delete	1707212656823	1707212656878	OK	 
REQUEST		POST /elasticsearch/sheet/delete	1707212656816	1707212656869	OK	 
REQUEST		PATCH /elasticsearch/workbook/delete	1707212656856	1707212656914	OK	 
REQUEST		PATCH /elasticsearch/workbook/delete	1707212656856	1707212656911	OK	 
USER	ServiceTest	END	1707212656937
USER	ServiceTest	END	1707212656937
REQUEST		PATCH /elasticsearch/workbook/delete	1707212656847	1707212656915	OK	 
USER	ServiceTest	END	1707212656951
REQUEST		PATCH /elasticsearch/workbook/delete	1707212656858	1707212656921	OK	 
REQUEST		PATCH /elasticsearch/workbook/delete	1707212656858	1707212656916	OK	 
USER	ServiceTest	END	1707212656952
USER	ServiceTest	END	1707212656953
REQUEST		POST /elasticsearch/sheet/insertDoc	1707212654756	1707212655874	OK	 
REQUEST		POST /elasticsearch/sheet/insertDoc	1707212654809	1707212655878	OK	 
REQUEST		PATCH /elasticsearch/workbook/delete	1707212656881	1707212656936	OK	 
REQUEST		PATCH /elasticsearch/workbook/delete	1707212656872	1707212656936	OK	 
REQUEST		PATCH /elasticsearch/workbook/delete	1707212656858	1707212656931	OK	 
USER	ServiceTest	END	1707212656965
USER	ServiceTest	END	1707212656965
USER	ServiceTest	END	1707212656965
REQUEST		POST /elasticsearch/sheet/insertDoc	1707212654793	1707212655874	OK	 
REQUEST		POST /elasticsearch/sheet/insertDoc	1707212655914	1707212656953	OK	 
REQUEST		POST /elasticsearch/sheet/insertDoc	1707212655905	1707212656960	OK	 
REQUEST		POST /elasticsearch/sheet/insertDoc	1707212654819	1707212655934	OK	 
REQUEST		POST /elasticsearch/sheet/insertDoc	1707212654800	1707212655931	OK	 
REQUEST		POST /elasticsearch/sheet/insertDoc	1707212655923	1707212656976	OK	 
REQUEST		POST /elasticsearch/sheet/delete	1707212656955	1707212656977	OK	 
REQUEST		POST /elasticsearch/sheet/insertDoc	1707212654783	1707212655932	OK	 
REQUEST		POST /elasticsearch/sheet/delete	1707212656962	1707212656982	OK	 
REQUEST		POST /elasticsearch/sheet/insertDoc	1707212654825	1707212655952	OK	 
REQUEST		POST /elasticsearch/sheet/insertDoc	1707212654816	1707212655937	OK	 
REQUEST		POST /elasticsearch/sheet/insertDoc	1707212654774	1707212655936	OK	 
REQUEST		POST /elasticsearch/sheet/insertDoc	1707212654871	1707212655959	OK	 
REQUEST		PATCH /elasticsearch/workbook/delete	1707212656984	1707212657020	OK	 
REQUEST		POST /elasticsearch/sheet/delete	1707212655939	1707212656999	OK	 
USER	ServiceTest	END	1707212657042
REQUEST		PATCH /elasticsearch/workbook/delete	1707212656978	1707212657019	OK	 
USER	ServiceTest	END	1707212657047
REQUEST		POST /elasticsearch/sheet/insertDoc	1707212655965	1707212657010	OK	 
REQUEST		POST /elasticsearch/sheet/insertDoc	1707212655982	1707212657023	OK	 
REQUEST		PATCH /elasticsearch/workbook/delete	1707212657001	1707212657045	OK	 
REQUEST		POST /elasticsearch/sheet/delete	1707212656978	1707212657012	OK	 
REQUEST		POST /elasticsearch/sheet/insertDoc	1707212655982	1707212657023	OK	 
REQUEST		POST /elasticsearch/sheet/insertDoc	1707212655965	1707212657019	OK	 
REQUEST		POST /elasticsearch/sheet/insertDoc	1707212655979	1707212657023	OK	 
REQUEST		POST /elasticsearch/sheet/insertDoc	1707212655994	1707212657035	OK	 
REQUEST		POST /elasticsearch/sheet/insertDoc	1707212654888	1707212656006	OK	 
USER	ServiceTest	END	1707212657079
REQUEST		PATCH /elasticsearch/workbook/delete	1707212657014	1707212657074	OK	 
USER	ServiceTest	END	1707212657102
REQUEST		POST /elasticsearch/sheet/delete	1707212657012	1707212657062	OK	 
REQUEST		POST /elasticsearch/sheet/delete	1707212657028	1707212657065	OK	 
REQUEST		PATCH /elasticsearch/workbook/delete	1707212657066	1707212657108	OK	 
REQUEST		POST /elasticsearch/sheet/insertDoc	1707212656044	1707212657094	OK	 
USER	ServiceTest	END	1707212657132
REQUEST		POST /elasticsearch/sheet/delete	1707212657021	1707212657077	OK	 
REQUEST		POST /elasticsearch/sheet/delete	1707212657025	1707212657078	OK	 
REQUEST		POST /elasticsearch/sheet/delete	1707212657026	1707212657077	OK	 
REQUEST		POST /elasticsearch/sheet/delete	1707212657037	1707212657089	OK	 
REQUEST		PATCH /elasticsearch/workbook/delete	1707212657068	1707212657114	OK	 
USER	ServiceTest	END	1707212657149
REQUEST		PATCH /elasticsearch/workbook/delete	1707212657080	1707212657138	OK	 
REQUEST		PATCH /elasticsearch/workbook/delete	1707212657091	1707212657139	OK	 
REQUEST		PATCH /elasticsearch/workbook/delete	1707212657080	1707212657139	OK	 
REQUEST		PATCH /elasticsearch/workbook/delete	1707212657081	1707212657137	OK	 
USER	ServiceTest	END	1707212657162
USER	ServiceTest	END	1707212657162
USER	ServiceTest	END	1707212657162
USER	ServiceTest	END	1707212657162
REQUEST		POST /elasticsearch/sheet/delete	1707212657096	1707212657131	OK	 
REQUEST		POST /elasticsearch/sheet/insertDoc	1707212654981	1707212656100	OK	 
REQUEST		POST /elasticsearch/sheet/insertDoc	1707212655022	1707212656103	OK	 
REQUEST		POST /elasticsearch/sheet/insertDoc	1707212654996	1707212656109	OK	 
REQUEST		PATCH /elasticsearch/workbook/delete	1707212657135	1707212657164	OK	 
USER	ServiceTest	END	1707212657192
REQUEST		POST /elasticsearch/sheet/insertDoc	1707212656131	1707212657172	OK	 
REQUEST		POST /elasticsearch/sheet/insertDoc	1707212656131	1707212657174	OK	 
REQUEST		POST /elasticsearch/sheet/insertDoc	1707212656145	1707212657181	OK	 
REQUEST		POST /elasticsearch/sheet/delete	1707212657174	1707212657196	OK	 
REQUEST		POST /elasticsearch/sheet/delete	1707212657177	1707212657204	OK	 
REQUEST		POST /elasticsearch/sheet/delete	1707212657183	1707212657204	OK	 
REQUEST		PATCH /elasticsearch/workbook/delete	1707212657199	1707212657226	OK	 
USER	ServiceTest	END	1707212657253
REQUEST		PATCH /elasticsearch/workbook/delete	1707212657206	1707212657234	OK	 
REQUEST		PATCH /elasticsearch/workbook/delete	1707212657206	1707212657233	OK	 
USER	ServiceTest	END	1707212657269
USER	ServiceTest	END	1707212657269
REQUEST		POST /elasticsearch/sheet/insertDoc	1707212655095	1707212656225	OK	 
REQUEST		POST /elasticsearch/sheet/insertDoc	1707212655095	1707212656221	OK	 
REQUEST		POST /elasticsearch/sheet/insertDoc	1707212655103	1707212656237	OK	 
REQUEST		POST /elasticsearch/sheet/insertDoc	1707212655144	1707212656249	OK	 
REQUEST		POST /elasticsearch/sheet/insertDoc	1707212656271	1707212657311	OK	 
REQUEST		POST /elasticsearch/sheet/insertDoc	1707212656257	1707212657305	OK	 
REQUEST		POST /elasticsearch/sheet/insertDoc	1707212656284	1707212657323	OK	 
REQUEST		POST /elasticsearch/sheet/insertDoc	1707212655189	1707212656305	OK	 
REQUEST		POST /elasticsearch/sheet/insertDoc	1707212655103	1707212656311	OK	 
REQUEST		POST /elasticsearch/sheet/delete	1707212657309	1707212657355	OK	 
REQUEST		POST /elasticsearch/sheet/insertDoc	1707212655241	1707212656314	OK	 
REQUEST		POST /elasticsearch/sheet/insertDoc	1707212655198	1707212656305	OK	 
REQUEST		POST /elasticsearch/sheet/delete	1707212657313	1707212657355	OK	 
REQUEST		POST /elasticsearch/sheet/delete	1707212657329	1707212657361	OK	 
REQUEST		POST /elasticsearch/sheet/insertDoc	1707212655243	1707212656328	OK	 
REQUEST		PATCH /elasticsearch/workbook/delete	1707212657357	1707212657392	OK	 
USER	ServiceTest	END	1707212657414
REQUEST		POST /elasticsearch/sheet/insertDoc	1707212656337	1707212657382	OK	 
REQUEST		POST /elasticsearch/sheet/insertDoc	1707212655231	1707212656326	OK	 
REQUEST		PATCH /elasticsearch/workbook/delete	1707212657357	1707212657387	OK	 
USER	ServiceTest	END	1707212657421
REQUEST		POST /elasticsearch/sheet/insertDoc	1707212656337	1707212657390	OK	 
REQUEST		POST /elasticsearch/sheet/insertDoc	1707212656337	1707212657390	OK	 
REQUEST		POST /elasticsearch/sheet/insertDoc	1707212656347	1707212657387	OK	 
REQUEST		POST /elasticsearch/sheet/insertDoc	1707212656360	1707212657404	OK	 
REQUEST		PATCH /elasticsearch/workbook/delete	1707212657363	1707212657402	OK	 
USER	ServiceTest	END	1707212657442
REQUEST		POST /elasticsearch/sheet/delete	1707212657384	1707212657414	OK	 
REQUEST		POST /elasticsearch/sheet/insertDoc	1707212655253	1707212656389	OK	 
REQUEST		POST /elasticsearch/sheet/insertDoc	1707212656360	1707212657419	OK	 
REQUEST		POST /elasticsearch/sheet/insertDoc	1707212655278	1707212656368	OK	 
REQUEST		POST /elasticsearch/sheet/delete	1707212657393	1707212657425	OK	 
REQUEST		POST /elasticsearch/sheet/delete	1707212657389	1707212657425	OK	 
REQUEST		POST /elasticsearch/sheet/delete	1707212657407	1707212657439	OK	 
REQUEST		POST /elasticsearch/sheet/delete	1707212657392	1707212657425	OK	 
REQUEST		PATCH /elasticsearch/workbook/delete	1707212657416	1707212657454	OK	 
USER	ServiceTest	END	1707212657482
REQUEST		POST /elasticsearch/sheet/insertDoc	1707212655293	1707212656392	OK	 
REQUEST		POST /elasticsearch/sheet/insertDoc	1707212656413	1707212657460	OK	 
REQUEST		PATCH /elasticsearch/workbook/delete	1707212657427	1707212657474	OK	 
USER	ServiceTest	END	1707212657500
REQUEST		PATCH /elasticsearch/workbook/delete	1707212657427	1707212657470	OK	 
USER	ServiceTest	END	1707212657500
REQUEST		POST /elasticsearch/sheet/delete	1707212657420	1707212657461	OK	 
REQUEST		POST /elasticsearch/sheet/insertDoc	1707212656403	1707212657469	OK	 
REQUEST		POST /elasticsearch/sheet/insertDoc	1707212655307	1707212656405	OK	 
REQUEST		PATCH /elasticsearch/workbook/delete	1707212657441	1707212657479	OK	 
REQUEST		PATCH /elasticsearch/workbook/delete	1707212657427	1707212657476	OK	 
USER	ServiceTest	END	1707212657522
USER	ServiceTest	END	1707212657522
REQUEST		PATCH /elasticsearch/workbook/delete	1707212657463	1707212657504	OK	 
USER	ServiceTest	END	1707212657528
REQUEST		POST /elasticsearch/sheet/insertDoc	1707212656438	1707212657507	OK	 
REQUEST		POST /elasticsearch/sheet/insertDoc	1707212656424	1707212657488	OK	 
REQUEST		POST /elasticsearch/sheet/delete	1707212657463	1707212657495	OK	 
REQUEST		POST /elasticsearch/sheet/delete	1707212657472	1707212657506	OK	 
REQUEST		POST /elasticsearch/sheet/insertDoc	1707212655398	1707212656486	OK	 
REQUEST		POST /elasticsearch/sheet/insertDoc	1707212655311	1707212656405	OK	 
REQUEST		POST /elasticsearch/sheet/insertDoc	1707212655408	1707212656485	OK	 
REQUEST		POST /elasticsearch/sheet/insertDoc	1707212655346	1707212656466	OK	 
REQUEST		PATCH /elasticsearch/workbook/delete	1707212657508	1707212657554	OK	 
REQUEST		POST /elasticsearch/sheet/delete	1707212657513	1707212657541	OK	 
USER	ServiceTest	END	1707212657588
REQUEST		PATCH /elasticsearch/workbook/delete	1707212657497	1707212657554	OK	 
USER	ServiceTest	END	1707212657589
REQUEST		POST /elasticsearch/sheet/delete	1707212657491	1707212657542	OK	 
REQUEST		POST /elasticsearch/sheet/insertDoc	1707212655346	1707212656467	OK	 
REQUEST		POST /elasticsearch/sheet/insertDoc	1707212655349	1707212656421	OK	 
REQUEST		POST /elasticsearch/sheet/insertDoc	1707212656512	1707212657564	OK	 
REQUEST		POST /elasticsearch/sheet/insertDoc	1707212656448	1707212657576	OK	 
REQUEST		POST /elasticsearch/sheet/insertDoc	1707212656524	1707212657577	OK	 
REQUEST		PATCH /elasticsearch/workbook/delete	1707212657545	1707212657587	OK	 
USER	ServiceTest	END	1707212657631
REQUEST		POST /elasticsearch/sheet/insertDoc	1707212656537	1707212657585	OK	 
REQUEST		POST /elasticsearch/sheet/insertDoc	1707212655341	1707212656468	OK	 
REQUEST		PATCH /elasticsearch/workbook/delete	1707212657546	1707212657599	OK	 
USER	ServiceTest	END	1707212657640
REQUEST		POST /elasticsearch/sheet/insertDoc	1707212655426	1707212656559	OK	 
REQUEST		POST /elasticsearch/sheet/insertDoc	1707212656478	1707212657610	OK	 
REQUEST		POST /elasticsearch/sheet/insertDoc	1707212655491	1707212656569	OK	 
REQUEST		POST /elasticsearch/sheet/delete	1707212657569	1707212657619	OK	 
REQUEST		POST /elasticsearch/sheet/insertDoc	1707212655423	1707212656585	OK	 
REQUEST		POST /elasticsearch/sheet/delete	1707212657588	1707212657632	OK	 
REQUEST		POST /elasticsearch/sheet/delete	1707212657579	1707212657623	OK	 
REQUEST		POST /elasticsearch/sheet/delete	1707212657579	1707212657619	OK	 
REQUEST		POST /elasticsearch/sheet/insertDoc	1707212655522	1707212656604	OK	 
REQUEST		POST /elasticsearch/sheet/insertDoc	1707212655494	1707212656569	OK	 
REQUEST		PATCH /elasticsearch/workbook/delete	1707212657622	1707212657696	OK	 
REQUEST		POST /elasticsearch/sheet/insertDoc	1707212656508	1707212657635	OK	 
REQUEST		PATCH /elasticsearch/workbook/delete	1707212657625	1707212657716	OK	 
REQUEST		PATCH /elasticsearch/workbook/delete	1707212657628	1707212657714	OK	 
REQUEST		PATCH /elasticsearch/workbook/delete	1707212657636	1707212657713	OK	 
REQUEST		POST /elasticsearch/sheet/insertDoc	1707212655541	1707212656637	OK	 
REQUEST		POST /elasticsearch/sheet/insertDoc	1707212655103	1707212656684	OK	 
REQUEST		POST /elasticsearch/sheet/insertDoc	1707212656535	1707212657599	OK	 
REQUEST		POST /elasticsearch/sheet/insertDoc	1707212655533	1707212656632	OK	 
USER	ServiceTest	END	1707212657785
USER	ServiceTest	END	1707212657785
USER	ServiceTest	END	1707212657795
USER	ServiceTest	END	1707212657796
REQUEST		POST /elasticsearch/sheet/delete	1707212657616	1707212657686	OK	 
REQUEST		POST /elasticsearch/sheet/insertDoc	1707212656606	1707212657687	OK	 
REQUEST		POST /elasticsearch/sheet/insertDoc	1707212656592	1707212657725	OK	 
REQUEST		POST /elasticsearch/sheet/insertDoc	1707212656619	1707212657700	OK	 
REQUEST		POST /elasticsearch/sheet/insertDoc	1707212656635	1707212657718	OK	 
REQUEST		POST /elasticsearch/sheet/delete	1707212657638	1707212657764	OK	 
REQUEST		POST /elasticsearch/sheet/insertDoc	1707212656721	1707212657797	OK	 
REQUEST		POST /elasticsearch/sheet/insertDoc	1707212656710	1707212657794	OK	 
REQUEST		POST /elasticsearch/sheet/insertDoc	1707212656663	1707212657785	OK	 
REQUEST		PATCH /elasticsearch/workbook/delete	1707212657691	1707212657838	OK	 
USER	ServiceTest	END	1707212657875
REQUEST		POST /elasticsearch/sheet/insertDoc	1707212656587	1707212657643	OK	 
REQUEST		PATCH /elasticsearch/workbook/delete	1707212657769	1707212657860	OK	 
USER	ServiceTest	END	1707212657881
REQUEST		POST /elasticsearch/sheet/delete	1707212657728	1707212657843	OK	 
REQUEST		POST /elasticsearch/sheet/delete	1707212657710	1707212657845	OK	 
REQUEST		POST /elasticsearch/sheet/delete	1707212657693	1707212657843	OK	 
REQUEST		POST /elasticsearch/sheet/delete	1707212657603	1707212657650	OK	 
REQUEST		POST /elasticsearch/sheet/delete	1707212657801	1707212657860	OK	 
REQUEST		POST /elasticsearch/sheet/delete	1707212657725	1707212657845	OK	 
REQUEST		POST /elasticsearch/sheet/delete	1707212657790	1707212657873	OK	 
REQUEST		POST /elasticsearch/sheet/delete	1707212657797	1707212657871	OK	 
REQUEST		POST /elasticsearch/sheet/delete	1707212657645	1707212657880	OK	 
REQUEST		PATCH /elasticsearch/workbook/delete	1707212657845	1707212657886	OK	 
REQUEST		PATCH /elasticsearch/workbook/delete	1707212657848	1707212657889	OK	 
USER	ServiceTest	END	1707212657921
REQUEST		PATCH /elasticsearch/workbook/delete	1707212657857	1707212657897	OK	 
USER	ServiceTest	END	1707212657923
USER	ServiceTest	END	1707212657924
REQUEST		PATCH /elasticsearch/workbook/delete	1707212657863	1707212657896	OK	 
USER	ServiceTest	END	1707212657924
REQUEST		PATCH /elasticsearch/workbook/delete	1707212657813	1707212657894	OK	 
REQUEST		PATCH /elasticsearch/workbook/delete	1707212657847	1707212657894	OK	 
USER	ServiceTest	END	1707212657925
USER	ServiceTest	END	1707212657925
REQUEST		PATCH /elasticsearch/workbook/delete	1707212657882	1707212657905	OK	 
REQUEST		PATCH /elasticsearch/workbook/delete	1707212657873	1707212657905	OK	 
USER	ServiceTest	END	1707212657937
USER	ServiceTest	END	1707212657937
REQUEST		PATCH /elasticsearch/workbook/delete	1707212657875	1707212657901	OK	 
USER	ServiceTest	END	1707212657937
REQUEST		POST /elasticsearch/sheet/insertDoc	1707212656256	1707212657300	OK	 
REQUEST		POST /elasticsearch/sheet/delete	1707212657303	1707212658470	OK	 
REQUEST		PATCH /elasticsearch/workbook/delete	1707212658471	1707212658499	OK	 
USER	ServiceTest	END	1707212658526
Failed due to the 'ko' value exceeded the threshold: 0
